#
# There is insufficient memory for the Java Runtime Environment to continue.
# Native memory allocation (malloc) failed to allocate 32744 bytes for ChunkPool::allocate
# Possible reasons:
#   The system is out of physical RAM or swap space
#   The process is running with CompressedOops enabled, and the Java Heap may be blocking the growth of the native heap
# Possible solutions:
#   Reduce memory load on the system
#   Increase physical memory or swap space
#   Check if swap backing store is full
#   Decrease Java heap size (-Xmx/-Xms)
#   Decrease number of Java threads
#   Decrease Java thread stack sizes (-Xss)
#   Set larger code cache with -XX:ReservedCodeCacheSize=
#   JVM is running with Unscaled Compressed Oops mode in which the Java heap is
#     placed in the first 4GB address space. The Java Heap base address is the
#     maximum limit for the native heap growth. Please use -XX:HeapBaseMinAddress
#     to set the Java Heap base and to place the Java Heap above 4GB virtual address.
# This output file may be truncated or incomplete.
#
#  Out of Memory Error (arena.cpp:78), pid=35088, tid=28532
#
# JRE version: Java(TM) SE Runtime Environment (17.0.5+9) (build 17.0.5+9-LTS-191)
# Java VM: Java HotSpot(TM) 64-Bit Server VM (17.0.5+9-LTS-191, mixed mode, sharing, tiered, compressed oops, compressed class ptrs, g1 gc, windows-amd64)
# No core dump will be written. Minidumps are not enabled by default on client versions of Windows
#

---------------  S U M M A R Y ------------

Command Line: -Dfile.encoding=UTF-8 --module-path=C:\Users\Darshan\OneDrive\Documents\NetBeansProjects\Travel Management System\build\classes travel.management.system.ForgetPassword

Host: 11th Gen Intel(R) Core(TM) i5-1135G7 @ 2.40GHz, 8 cores, 7G,  Windows 11 , 64 bit Build 22000 (10.0.22000.708)
Time: Tue Dec  6 20:50:22 2022 India Standard Time elapsed time: 542.242719 seconds (0d 0h 9m 2s)

---------------  T H R E A D  ---------------

Current thread (0x0000021b602ec080):  JavaThread "C1 CompilerThread0" daemon [_thread_in_native, id=28532, stack(0x0000001b6b700000,0x0000001b6b800000)]


Current CompileTask:
C1: 542242 2373       3       jdk.internal.org.objectweb.asm.ClassWriter::toByteArray (1515 bytes)

Stack: [0x0000001b6b700000,0x0000001b6b800000]
Native frames: (J=compiled Java code, j=interpreted, Vv=VM code, C=native code)
V  [jvm.dll+0x672eea]
V  [jvm.dll+0x7d2a04]
V  [jvm.dll+0x7d41ae]
V  [jvm.dll+0x7d4813]
V  [jvm.dll+0x242c15]
V  [jvm.dll+0xaa7c0]
V  [jvm.dll+0xaab0c]
V  [jvm.dll+0x173b54]
V  [jvm.dll+0x173c0d]
V  [jvm.dll+0x173c8d]
V  [jvm.dll+0x176519]
V  [jvm.dll+0x1781b1]
V  [jvm.dll+0x132993]
V  [jvm.dll+0x13228f]
V  [jvm.dll+0x1324c6]
V  [jvm.dll+0x13195a]
V  [jvm.dll+0x133621]
V  [jvm.dll+0x22493a]
V  [jvm.dll+0x222aa5]
V  [jvm.dll+0x7885db]
V  [jvm.dll+0x782b4a]
V  [jvm.dll+0x671d75]
C  [ucrtbase.dll+0x26c0c]
C  [KERNEL32.DLL+0x154e0]
C  [ntdll.dll+0x485b]


---------------  P R O C E S S  ---------------

Threads class SMR info:
_java_thread_list=0x0000021b60d9dc70, length=18, elements={
0x0000021b602d4650, 0x0000021b602d5200, 0x0000021b602e8530, 0x0000021b602e8ee0,
0x0000021b602e9890, 0x0000021b602ea240, 0x0000021b602eb5e0, 0x0000021b602ec080,
0x0000021b602ee630, 0x0000021b60d94220, 0x0000021b60e07570, 0x0000021b61005ae0,
0x0000021b60f208e0, 0x0000021b60fcdfe0, 0x0000021b61c46340, 0x0000021b4234e8b0,
0x0000021b61fb26d0, 0x0000021b61fb2200
}

Java Threads: ( => current thread )
  0x0000021b602d4650 JavaThread "Reference Handler" daemon [_thread_blocked, id=32276, stack(0x0000001b6b000000,0x0000001b6b100000)]
  0x0000021b602d5200 JavaThread "Finalizer" daemon [_thread_blocked, id=26468, stack(0x0000001b6b100000,0x0000001b6b200000)]
  0x0000021b602e8530 JavaThread "Signal Dispatcher" daemon [_thread_blocked, id=20976, stack(0x0000001b6b200000,0x0000001b6b300000)]
  0x0000021b602e8ee0 JavaThread "Attach Listener" daemon [_thread_blocked, id=28192, stack(0x0000001b6b300000,0x0000001b6b400000)]
  0x0000021b602e9890 JavaThread "Service Thread" daemon [_thread_blocked, id=30164, stack(0x0000001b6b400000,0x0000001b6b500000)]
  0x0000021b602ea240 JavaThread "Monitor Deflation Thread" daemon [_thread_blocked, id=35824, stack(0x0000001b6b500000,0x0000001b6b600000)]
  0x0000021b602eb5e0 JavaThread "C2 CompilerThread0" daemon [_thread_blocked, id=30532, stack(0x0000001b6b600000,0x0000001b6b700000)]
=>0x0000021b602ec080 JavaThread "C1 CompilerThread0" daemon [_thread_in_native, id=28532, stack(0x0000001b6b700000,0x0000001b6b800000)]
  0x0000021b602ee630 JavaThread "Sweeper thread" daemon [_thread_blocked, id=29624, stack(0x0000001b6b800000,0x0000001b6b900000)]
  0x0000021b60d94220 JavaThread "Common-Cleaner" daemon [_thread_blocked, id=2116, stack(0x0000001b6b900000,0x0000001b6ba00000)]
  0x0000021b60e07570 JavaThread "Notification Thread" daemon [_thread_blocked, id=29092, stack(0x0000001b6ba00000,0x0000001b6bb00000)]
  0x0000021b61005ae0 JavaThread "Java2D Disposer" daemon [_thread_blocked, id=13976, stack(0x0000001b6bc00000,0x0000001b6bd00000)]
  0x0000021b60f208e0 JavaThread "AWT-Shutdown" [_thread_blocked, id=22864, stack(0x0000001b6bd00000,0x0000001b6be00000)]
  0x0000021b60fcdfe0 JavaThread "AWT-Windows" daemon [_thread_in_native, id=35808, stack(0x0000001b6be00000,0x0000001b6bf00000)]
  0x0000021b61c46340 JavaThread "AWT-EventQueue-0" [_thread_blocked, id=35972, stack(0x0000001b6c100000,0x0000001b6c200000)]
  0x0000021b4234e8b0 JavaThread "DestroyJavaVM" [_thread_blocked, id=32696, stack(0x0000001b6a900000,0x0000001b6aa00000)]
  0x0000021b61fb26d0 JavaThread "TimerQueue" daemon [_thread_blocked, id=32420, stack(0x0000001b6c500000,0x0000001b6c600000)]
  0x0000021b61fb2200 JavaThread "mysql-cj-abandoned-connection-cleanup" daemon [_thread_blocked, id=23180, stack(0x0000001b6c000000,0x0000001b6c100000)]

Other Threads:
  0x0000021b602cf410 VMThread "VM Thread" [stack: 0x0000001b6af00000,0x0000001b6b000000] [id=23760]
  0x0000021b60e09a50 WatcherThread [stack: 0x0000001b6bb00000,0x0000001b6bc00000] [id=23320]
  0x0000021b423a9700 GCTaskThread "GC Thread#0" [stack: 0x0000001b6aa00000,0x0000001b6ab00000] [id=20224]
  0x0000021b60d91670 GCTaskThread "GC Thread#1" [stack: 0x0000001b6c700000,0x0000001b6c800000] [id=35184]
  0x0000021b644af760 GCTaskThread "GC Thread#2" [stack: 0x0000001b6c800000,0x0000001b6c900000] [id=32532]
  0x0000021b644afa10 GCTaskThread "GC Thread#3" [stack: 0x0000001b6c900000,0x0000001b6ca00000] [id=35268]
  0x0000021b6238e470 GCTaskThread "GC Thread#4" [stack: 0x0000001b6ca00000,0x0000001b6cb00000] [id=35288]
  0x0000021b6238e720 GCTaskThread "GC Thread#5" [stack: 0x0000001b6cb00000,0x0000001b6cc00000] [id=32504]
  0x0000021b6207c4c0 GCTaskThread "GC Thread#6" [stack: 0x0000001b6cc00000,0x0000001b6cd00000] [id=35260]
  0x0000021b6207c770 GCTaskThread "GC Thread#7" [stack: 0x0000001b6cd00000,0x0000001b6ce00000] [id=3736]
  0x0000021b423b9ec0 ConcurrentGCThread "G1 Main Marker" [stack: 0x0000001b6ab00000,0x0000001b6ac00000] [id=36244]
  0x0000021b423ba8d0 ConcurrentGCThread "G1 Conc#0" [stack: 0x0000001b6ac00000,0x0000001b6ad00000] [id=25780]
  0x0000021b601840c0 ConcurrentGCThread "G1 Refine#0" [stack: 0x0000001b6ad00000,0x0000001b6ae00000] [id=23264]
  0x0000021b610b9910 ConcurrentGCThread "G1 Refine#1" [stack: 0x0000001b6ce00000,0x0000001b6cf00000] [id=16696]
  0x0000021b610b9bf0 ConcurrentGCThread "G1 Refine#2" [stack: 0x0000001b6cf00000,0x0000001b6d000000] [id=28340]
  0x0000021b620f41f0 ConcurrentGCThread "G1 Refine#3" [stack: 0x0000001b6d000000,0x0000001b6d100000] [id=27776]
  0x0000021b620f44d0 ConcurrentGCThread "G1 Refine#4" [stack: 0x0000001b6d100000,0x0000001b6d200000] [id=28092]
  0x0000021b601858a0 ConcurrentGCThread "G1 Service" [stack: 0x0000001b6ae00000,0x0000001b6af00000] [id=33824]

Threads with active compile tasks:
C1 CompilerThread0   542285 2373       3       jdk.internal.org.objectweb.asm.ClassWriter::toByteArray (1515 bytes)

VM state: not at safepoint (normal execution)

VM Mutex/Monitor currently owned by a thread: None

Heap address: 0x0000000083c00000, size: 1988 MB, Compressed Oops mode: 32-bit

CDS archive(s) mapped at: [0x0000000800000000-0x0000000800bd0000-0x0000000800bd0000), size 12386304, SharedBaseAddress: 0x0000000800000000, ArchiveRelocationMode: 0.
Compressed class space mapped at: 0x0000000800c00000-0x0000000840c00000, reserved size: 1073741824
Narrow klass base: 0x0000000800000000, Narrow klass shift: 0, Narrow klass range: 0x100000000

GC Precious Log:
 CPUs: 8 total, 8 available
 Memory: 7948M
 Large Page Support: Disabled
 NUMA Support: Disabled
 Compressed Oops: Enabled (32-bit)
 Heap Region Size: 1M
 Heap Min Capacity: 8M
 Heap Initial Capacity: 126M
 Heap Max Capacity: 1988M
 Pre-touch: Disabled
 Parallel Workers: 8
 Concurrent Workers: 2
 Concurrent Refinement Workers: 8
 Periodic GC: Disabled

Heap:
 garbage-first heap   total 129024K, used 20516K [0x0000000083c00000, 0x0000000100000000)
  region size 1024K, 13 young (13312K), 3 survivors (3072K)
 Metaspace       used 17491K, committed 17792K, reserved 1064960K
  class space    used 1941K, committed 2112K, reserved 1048576K

Heap Regions: E=young(eden), S=young(survivor), O=old, HS=humongous(starts), HC=humongous(continues), CS=collection set, F=free, OA=open archive, CA=closed archive, TAMS=top-at-mark-start (previous, next)
|   0|0x0000000083c00000, 0x0000000083d00000, 0x0000000083d00000|100%|HS|  |TAMS 0x0000000083c00000, 0x0000000083c00000| Complete 
|   1|0x0000000083d00000, 0x0000000083e00000, 0x0000000083e00000|100%|HC|  |TAMS 0x0000000083d00000, 0x0000000083d00000| Complete 
|   2|0x0000000083e00000, 0x0000000083f00000, 0x0000000083f00000|100%| O|  |TAMS 0x0000000083e00000, 0x0000000083e00000| Untracked 
|   3|0x0000000083f00000, 0x0000000084000000, 0x0000000084000000|100%| O|  |TAMS 0x0000000083f00000, 0x0000000083f00000| Untracked 
|   4|0x0000000084000000, 0x0000000084100000, 0x0000000084100000|100%| O|  |TAMS 0x0000000084000000, 0x0000000084000000| Untracked 
|   5|0x0000000084100000, 0x0000000084109200, 0x0000000084200000|  3%| O|  |TAMS 0x0000000084100000, 0x0000000084100000| Untracked 
|   6|0x0000000084200000, 0x0000000084300000, 0x0000000084300000|100%|HS|  |TAMS 0x0000000084200000, 0x0000000084200000| Complete 
|   7|0x0000000084300000, 0x0000000084400000, 0x0000000084400000|100%|HC|  |TAMS 0x0000000084300000, 0x0000000084300000| Complete 
|   8|0x0000000084400000, 0x0000000084500000, 0x0000000084500000|100%|HC|  |TAMS 0x0000000084400000, 0x0000000084400000| Complete 
|   9|0x0000000084500000, 0x0000000084500000, 0x0000000084600000|  0%| F|  |TAMS 0x0000000084500000, 0x0000000084500000| Untracked 
|  10|0x0000000084600000, 0x0000000084600000, 0x0000000084700000|  0%| F|  |TAMS 0x0000000084600000, 0x0000000084600000| Untracked 
|  11|0x0000000084700000, 0x0000000084700000, 0x0000000084800000|  0%| F|  |TAMS 0x0000000084700000, 0x0000000084700000| Untracked 
|  12|0x0000000084800000, 0x0000000084800000, 0x0000000084900000|  0%| F|  |TAMS 0x0000000084800000, 0x0000000084800000| Untracked 
|  13|0x0000000084900000, 0x0000000084900000, 0x0000000084a00000|  0%| F|  |TAMS 0x0000000084900000, 0x0000000084900000| Untracked 
|  14|0x0000000084a00000, 0x0000000084a00000, 0x0000000084b00000|  0%| F|  |TAMS 0x0000000084a00000, 0x0000000084a00000| Untracked 
|  15|0x0000000084b00000, 0x0000000084b00000, 0x0000000084c00000|  0%| F|  |TAMS 0x0000000084b00000, 0x0000000084b00000| Untracked 
|  16|0x0000000084c00000, 0x0000000084c00000, 0x0000000084d00000|  0%| F|  |TAMS 0x0000000084c00000, 0x0000000084c00000| Untracked 
|  17|0x0000000084d00000, 0x0000000084d00000, 0x0000000084e00000|  0%| F|  |TAMS 0x0000000084d00000, 0x0000000084d00000| Untracked 
|  18|0x0000000084e00000, 0x0000000084e00000, 0x0000000084f00000|  0%| F|  |TAMS 0x0000000084e00000, 0x0000000084e00000| Untracked 
|  19|0x0000000084f00000, 0x0000000084f00000, 0x0000000085000000|  0%| F|  |TAMS 0x0000000084f00000, 0x0000000084f00000| Untracked 
|  20|0x0000000085000000, 0x0000000085000000, 0x0000000085100000|  0%| F|  |TAMS 0x0000000085000000, 0x0000000085000000| Untracked 
|  21|0x0000000085100000, 0x0000000085100000, 0x0000000085200000|  0%| F|  |TAMS 0x0000000085100000, 0x0000000085100000| Untracked 
|  22|0x0000000085200000, 0x0000000085200000, 0x0000000085300000|  0%| F|  |TAMS 0x0000000085200000, 0x0000000085200000| Untracked 
|  23|0x0000000085300000, 0x0000000085300000, 0x0000000085400000|  0%| F|  |TAMS 0x0000000085300000, 0x0000000085300000| Untracked 
|  24|0x0000000085400000, 0x0000000085400000, 0x0000000085500000|  0%| F|  |TAMS 0x0000000085400000, 0x0000000085400000| Untracked 
|  25|0x0000000085500000, 0x0000000085500000, 0x0000000085600000|  0%| F|  |TAMS 0x0000000085500000, 0x0000000085500000| Untracked 
|  26|0x0000000085600000, 0x0000000085600000, 0x0000000085700000|  0%| F|  |TAMS 0x0000000085600000, 0x0000000085600000| Untracked 
|  27|0x0000000085700000, 0x0000000085700000, 0x0000000085800000|  0%| F|  |TAMS 0x0000000085700000, 0x0000000085700000| Untracked 
|  28|0x0000000085800000, 0x0000000085800000, 0x0000000085900000|  0%| F|  |TAMS 0x0000000085800000, 0x0000000085800000| Untracked 
|  29|0x0000000085900000, 0x0000000085900000, 0x0000000085a00000|  0%| F|  |TAMS 0x0000000085900000, 0x0000000085900000| Untracked 
|  30|0x0000000085a00000, 0x0000000085a00000, 0x0000000085b00000|  0%| F|  |TAMS 0x0000000085a00000, 0x0000000085a00000| Untracked 
|  31|0x0000000085b00000, 0x0000000085b00000, 0x0000000085c00000|  0%| F|  |TAMS 0x0000000085b00000, 0x0000000085b00000| Untracked 
|  32|0x0000000085c00000, 0x0000000085c00000, 0x0000000085d00000|  0%| F|  |TAMS 0x0000000085c00000, 0x0000000085c00000| Untracked 
|  33|0x0000000085d00000, 0x0000000085d00000, 0x0000000085e00000|  0%| F|  |TAMS 0x0000000085d00000, 0x0000000085d00000| Untracked 
|  34|0x0000000085e00000, 0x0000000085e00000, 0x0000000085f00000|  0%| F|  |TAMS 0x0000000085e00000, 0x0000000085e00000| Untracked 
|  35|0x0000000085f00000, 0x0000000085f00000, 0x0000000086000000|  0%| F|  |TAMS 0x0000000085f00000, 0x0000000085f00000| Untracked 
|  36|0x0000000086000000, 0x0000000086000000, 0x0000000086100000|  0%| F|  |TAMS 0x0000000086000000, 0x0000000086000000| Untracked 
|  37|0x0000000086100000, 0x0000000086100000, 0x0000000086200000|  0%| F|  |TAMS 0x0000000086100000, 0x0000000086100000| Untracked 
|  38|0x0000000086200000, 0x0000000086200000, 0x0000000086300000|  0%| F|  |TAMS 0x0000000086200000, 0x0000000086200000| Untracked 
|  39|0x0000000086300000, 0x0000000086300000, 0x0000000086400000|  0%| F|  |TAMS 0x0000000086300000, 0x0000000086300000| Untracked 
|  40|0x0000000086400000, 0x0000000086400000, 0x0000000086500000|  0%| F|  |TAMS 0x0000000086400000, 0x0000000086400000| Untracked 
|  41|0x0000000086500000, 0x0000000086500000, 0x0000000086600000|  0%| F|  |TAMS 0x0000000086500000, 0x0000000086500000| Untracked 
|  42|0x0000000086600000, 0x0000000086600000, 0x0000000086700000|  0%| F|  |TAMS 0x0000000086600000, 0x0000000086600000| Untracked 
|  43|0x0000000086700000, 0x0000000086700000, 0x0000000086800000|  0%| F|  |TAMS 0x0000000086700000, 0x0000000086700000| Untracked 
|  44|0x0000000086800000, 0x0000000086800000, 0x0000000086900000|  0%| F|  |TAMS 0x0000000086800000, 0x0000000086800000| Untracked 
|  45|0x0000000086900000, 0x0000000086900000, 0x0000000086a00000|  0%| F|  |TAMS 0x0000000086900000, 0x0000000086900000| Untracked 
|  46|0x0000000086a00000, 0x0000000086a00000, 0x0000000086b00000|  0%| F|  |TAMS 0x0000000086a00000, 0x0000000086a00000| Untracked 
|  47|0x0000000086b00000, 0x0000000086b00000, 0x0000000086c00000|  0%| F|  |TAMS 0x0000000086b00000, 0x0000000086b00000| Untracked 
|  48|0x0000000086c00000, 0x0000000086c00000, 0x0000000086d00000|  0%| F|  |TAMS 0x0000000086c00000, 0x0000000086c00000| Untracked 
|  49|0x0000000086d00000, 0x0000000086d00000, 0x0000000086e00000|  0%| F|  |TAMS 0x0000000086d00000, 0x0000000086d00000| Untracked 
|  50|0x0000000086e00000, 0x0000000086e00000, 0x0000000086f00000|  0%| F|  |TAMS 0x0000000086e00000, 0x0000000086e00000| Untracked 
|  51|0x0000000086f00000, 0x0000000086f00000, 0x0000000087000000|  0%| F|  |TAMS 0x0000000086f00000, 0x0000000086f00000| Untracked 
|  52|0x0000000087000000, 0x0000000087000000, 0x0000000087100000|  0%| F|  |TAMS 0x0000000087000000, 0x0000000087000000| Untracked 
|  53|0x0000000087100000, 0x0000000087100000, 0x0000000087200000|  0%| F|  |TAMS 0x0000000087100000, 0x0000000087100000| Untracked 
|  54|0x0000000087200000, 0x0000000087200000, 0x0000000087300000|  0%| F|  |TAMS 0x0000000087200000, 0x0000000087200000| Untracked 
|  55|0x0000000087300000, 0x0000000087300000, 0x0000000087400000|  0%| F|  |TAMS 0x0000000087300000, 0x0000000087300000| Untracked 
|  56|0x0000000087400000, 0x0000000087400000, 0x0000000087500000|  0%| F|  |TAMS 0x0000000087400000, 0x0000000087400000| Untracked 
|  57|0x0000000087500000, 0x0000000087500000, 0x0000000087600000|  0%| F|  |TAMS 0x0000000087500000, 0x0000000087500000| Untracked 
|  58|0x0000000087600000, 0x0000000087600000, 0x0000000087700000|  0%| F|  |TAMS 0x0000000087600000, 0x0000000087600000| Untracked 
|  59|0x0000000087700000, 0x0000000087700000, 0x0000000087800000|  0%| F|  |TAMS 0x0000000087700000, 0x0000000087700000| Untracked 
|  60|0x0000000087800000, 0x0000000087800000, 0x0000000087900000|  0%| F|  |TAMS 0x0000000087800000, 0x0000000087800000| Untracked 
|  61|0x0000000087900000, 0x0000000087900000, 0x0000000087a00000|  0%| F|  |TAMS 0x0000000087900000, 0x0000000087900000| Untracked 
|  62|0x0000000087a00000, 0x0000000087a00000, 0x0000000087b00000|  0%| F|  |TAMS 0x0000000087a00000, 0x0000000087a00000| Untracked 
|  63|0x0000000087b00000, 0x0000000087b00000, 0x0000000087c00000|  0%| F|  |TAMS 0x0000000087b00000, 0x0000000087b00000| Untracked 
|  64|0x0000000087c00000, 0x0000000087c00000, 0x0000000087d00000|  0%| F|  |TAMS 0x0000000087c00000, 0x0000000087c00000| Untracked 
|  65|0x0000000087d00000, 0x0000000087d00000, 0x0000000087e00000|  0%| F|  |TAMS 0x0000000087d00000, 0x0000000087d00000| Untracked 
|  66|0x0000000087e00000, 0x0000000087e00000, 0x0000000087f00000|  0%| F|  |TAMS 0x0000000087e00000, 0x0000000087e00000| Untracked 
|  67|0x0000000087f00000, 0x0000000087f00000, 0x0000000088000000|  0%| F|  |TAMS 0x0000000087f00000, 0x0000000087f00000| Untracked 
|  68|0x0000000088000000, 0x0000000088000000, 0x0000000088100000|  0%| F|  |TAMS 0x0000000088000000, 0x0000000088000000| Untracked 
|  69|0x0000000088100000, 0x0000000088100000, 0x0000000088200000|  0%| F|  |TAMS 0x0000000088100000, 0x0000000088100000| Untracked 
|  70|0x0000000088200000, 0x0000000088200000, 0x0000000088300000|  0%| F|  |TAMS 0x0000000088200000, 0x0000000088200000| Untracked 
|  71|0x0000000088300000, 0x0000000088300000, 0x0000000088400000|  0%| F|  |TAMS 0x0000000088300000, 0x0000000088300000| Untracked 
|  72|0x0000000088400000, 0x0000000088400000, 0x0000000088500000|  0%| F|  |TAMS 0x0000000088400000, 0x0000000088400000| Untracked 
|  73|0x0000000088500000, 0x0000000088500000, 0x0000000088600000|  0%| F|  |TAMS 0x0000000088500000, 0x0000000088500000| Untracked 
|  74|0x0000000088600000, 0x0000000088600000, 0x0000000088700000|  0%| F|  |TAMS 0x0000000088600000, 0x0000000088600000| Untracked 
|  75|0x0000000088700000, 0x0000000088700000, 0x0000000088800000|  0%| F|  |TAMS 0x0000000088700000, 0x0000000088700000| Untracked 
|  76|0x0000000088800000, 0x0000000088800000, 0x0000000088900000|  0%| F|  |TAMS 0x0000000088800000, 0x0000000088800000| Untracked 
|  77|0x0000000088900000, 0x0000000088900000, 0x0000000088a00000|  0%| F|  |TAMS 0x0000000088900000, 0x0000000088900000| Untracked 
|  78|0x0000000088a00000, 0x0000000088a00000, 0x0000000088b00000|  0%| F|  |TAMS 0x0000000088a00000, 0x0000000088a00000| Untracked 
|  79|0x0000000088b00000, 0x0000000088b00000, 0x0000000088c00000|  0%| F|  |TAMS 0x0000000088b00000, 0x0000000088b00000| Untracked 
|  80|0x0000000088c00000, 0x0000000088c00000, 0x0000000088d00000|  0%| F|  |TAMS 0x0000000088c00000, 0x0000000088c00000| Untracked 
|  81|0x0000000088d00000, 0x0000000088d00000, 0x0000000088e00000|  0%| F|  |TAMS 0x0000000088d00000, 0x0000000088d00000| Untracked 
|  82|0x0000000088e00000, 0x0000000088e00000, 0x0000000088f00000|  0%| F|  |TAMS 0x0000000088e00000, 0x0000000088e00000| Untracked 
|  83|0x0000000088f00000, 0x0000000088f00000, 0x0000000089000000|  0%| F|  |TAMS 0x0000000088f00000, 0x0000000088f00000| Untracked 
|  84|0x0000000089000000, 0x0000000089000000, 0x0000000089100000|  0%| F|  |TAMS 0x0000000089000000, 0x0000000089000000| Untracked 
|  85|0x0000000089100000, 0x0000000089100000, 0x0000000089200000|  0%| F|  |TAMS 0x0000000089100000, 0x0000000089100000| Untracked 
|  86|0x0000000089200000, 0x0000000089200000, 0x0000000089300000|  0%| F|  |TAMS 0x0000000089200000, 0x0000000089200000| Untracked 
|  87|0x0000000089300000, 0x0000000089300000, 0x0000000089400000|  0%| F|  |TAMS 0x0000000089300000, 0x0000000089300000| Untracked 
|  88|0x0000000089400000, 0x0000000089400000, 0x0000000089500000|  0%| F|  |TAMS 0x0000000089400000, 0x0000000089400000| Untracked 
|  89|0x0000000089500000, 0x0000000089500000, 0x0000000089600000|  0%| F|  |TAMS 0x0000000089500000, 0x0000000089500000| Untracked 
|  90|0x0000000089600000, 0x0000000089600000, 0x0000000089700000|  0%| F|  |TAMS 0x0000000089600000, 0x0000000089600000| Untracked 
|  91|0x0000000089700000, 0x0000000089700000, 0x0000000089800000|  0%| F|  |TAMS 0x0000000089700000, 0x0000000089700000| Untracked 
|  92|0x0000000089800000, 0x0000000089800000, 0x0000000089900000|  0%| F|  |TAMS 0x0000000089800000, 0x0000000089800000| Untracked 
|  93|0x0000000089900000, 0x0000000089900000, 0x0000000089a00000|  0%| F|  |TAMS 0x0000000089900000, 0x0000000089900000| Untracked 
|  94|0x0000000089a00000, 0x0000000089a00000, 0x0000000089b00000|  0%| F|  |TAMS 0x0000000089a00000, 0x0000000089a00000| Untracked 
|  95|0x0000000089b00000, 0x0000000089b00000, 0x0000000089c00000|  0%| F|  |TAMS 0x0000000089b00000, 0x0000000089b00000| Untracked 
|  96|0x0000000089c00000, 0x0000000089c00000, 0x0000000089d00000|  0%| F|  |TAMS 0x0000000089c00000, 0x0000000089c00000| Untracked 
|  97|0x0000000089d00000, 0x0000000089d00000, 0x0000000089e00000|  0%| F|  |TAMS 0x0000000089d00000, 0x0000000089d00000| Untracked 
|  98|0x0000000089e00000, 0x0000000089e00000, 0x0000000089f00000|  0%| F|  |TAMS 0x0000000089e00000, 0x0000000089e00000| Untracked 
|  99|0x0000000089f00000, 0x0000000089f00000, 0x000000008a000000|  0%| F|  |TAMS 0x0000000089f00000, 0x0000000089f00000| Untracked 
| 100|0x000000008a000000, 0x000000008a100000, 0x000000008a100000|100%| S|CS|TAMS 0x000000008a000000, 0x000000008a000000| Complete 
| 101|0x000000008a100000, 0x000000008a200000, 0x000000008a200000|100%| S|CS|TAMS 0x000000008a100000, 0x000000008a100000| Complete 
| 102|0x000000008a200000, 0x000000008a300000, 0x000000008a300000|100%| S|CS|TAMS 0x000000008a200000, 0x000000008a200000| Complete 
| 103|0x000000008a300000, 0x000000008a300000, 0x000000008a400000|  0%| F|  |TAMS 0x000000008a300000, 0x000000008a300000| Untracked 
| 104|0x000000008a400000, 0x000000008a400000, 0x000000008a500000|  0%| F|  |TAMS 0x000000008a400000, 0x000000008a400000| Untracked 
| 105|0x000000008a500000, 0x000000008a500000, 0x000000008a600000|  0%| F|  |TAMS 0x000000008a500000, 0x000000008a500000| Untracked 
| 106|0x000000008a600000, 0x000000008a600000, 0x000000008a700000|  0%| F|  |TAMS 0x000000008a600000, 0x000000008a600000| Untracked 
| 107|0x000000008a700000, 0x000000008a700000, 0x000000008a800000|  0%| F|  |TAMS 0x000000008a700000, 0x000000008a700000| Untracked 
| 108|0x000000008a800000, 0x000000008a800000, 0x000000008a900000|  0%| F|  |TAMS 0x000000008a800000, 0x000000008a800000| Untracked 
| 109|0x000000008a900000, 0x000000008a900000, 0x000000008aa00000|  0%| F|  |TAMS 0x000000008a900000, 0x000000008a900000| Untracked 
| 110|0x000000008aa00000, 0x000000008aa00000, 0x000000008ab00000|  0%| F|  |TAMS 0x000000008aa00000, 0x000000008aa00000| Untracked 
| 111|0x000000008ab00000, 0x000000008ab00000, 0x000000008ac00000|  0%| F|  |TAMS 0x000000008ab00000, 0x000000008ab00000| Untracked 
| 112|0x000000008ac00000, 0x000000008ac00000, 0x000000008ad00000|  0%| F|  |TAMS 0x000000008ac00000, 0x000000008ac00000| Untracked 
| 113|0x000000008ad00000, 0x000000008ad00000, 0x000000008ae00000|  0%| F|  |TAMS 0x000000008ad00000, 0x000000008ad00000| Untracked 
| 114|0x000000008ae00000, 0x000000008ae00000, 0x000000008af00000|  0%| F|  |TAMS 0x000000008ae00000, 0x000000008ae00000| Untracked 
| 115|0x000000008af00000, 0x000000008af00000, 0x000000008b000000|  0%| F|  |TAMS 0x000000008af00000, 0x000000008af00000| Untracked 
| 116|0x000000008b000000, 0x000000008b100000, 0x000000008b100000|100%| E|  |TAMS 0x000000008b000000, 0x000000008b000000| Complete 
| 117|0x000000008b100000, 0x000000008b200000, 0x000000008b200000|100%| E|CS|TAMS 0x000000008b100000, 0x000000008b100000| Complete 
| 118|0x000000008b200000, 0x000000008b300000, 0x000000008b300000|100%| E|CS|TAMS 0x000000008b200000, 0x000000008b200000| Complete 
| 119|0x000000008b300000, 0x000000008b400000, 0x000000008b400000|100%| E|CS|TAMS 0x000000008b300000, 0x000000008b300000| Complete 
| 120|0x000000008b400000, 0x000000008b500000, 0x000000008b500000|100%| E|CS|TAMS 0x000000008b400000, 0x000000008b400000| Complete 
| 121|0x000000008b500000, 0x000000008b600000, 0x000000008b600000|100%| E|CS|TAMS 0x000000008b500000, 0x000000008b500000| Complete 
| 122|0x000000008b600000, 0x000000008b700000, 0x000000008b700000|100%| E|CS|TAMS 0x000000008b600000, 0x000000008b600000| Complete 
| 123|0x000000008b700000, 0x000000008b800000, 0x000000008b800000|100%| E|CS|TAMS 0x000000008b700000, 0x000000008b700000| Complete 
| 124|0x000000008b800000, 0x000000008b900000, 0x000000008b900000|100%| E|CS|TAMS 0x000000008b800000, 0x000000008b800000| Complete 
| 125|0x000000008b900000, 0x000000008ba00000, 0x000000008ba00000|100%| E|CS|TAMS 0x000000008b900000, 0x000000008b900000| Complete 

Card table byte_map: [0x0000021b592e0000,0x0000021b596d0000] _byte_map_base: 0x0000021b58ec2000

Marking Bits (Prev, Next): (CMBitMap*) 0x0000021b423a9d10, (CMBitMap*) 0x0000021b423a9d50
 Prev Bits: [0x0000021b59ac0000, 0x0000021b5b9d0000)
 Next Bits: [0x0000021b5b9d0000, 0x0000021b5d8e0000)

Polling page: 0x0000021b402f0000

Metaspace:

Usage:
  Non-class:     15.19 MB used.
      Class:      1.90 MB used.
       Both:     17.08 MB used.

Virtual space:
  Non-class space:       16.00 MB reserved,      15.31 MB ( 96%) committed,  2 nodes.
      Class space:        1.00 GB reserved,       2.06 MB ( <1%) committed,  1 nodes.
             Both:        1.02 GB reserved,      17.38 MB (  2%) committed. 

Chunk freelists:
   Non-Class:  525.00 KB
       Class:  2.00 MB
        Both:  2.51 MB

MaxMetaspaceSize: unlimited
CompressedClassSpaceSize: 1.00 GB
Initial GC threshold: 21.00 MB
Current GC threshold: 21.00 MB
CDS: on
MetaspaceReclaimPolicy: balanced
 - commit_granule_bytes: 65536.
 - commit_granule_words: 8192.
 - virtual_space_node_default_size: 1048576.
 - enlarge_chunks_in_place: 1.
 - new_chunks_are_fully_committed: 0.
 - uncommit_free_chunks: 1.
 - use_allocation_guard: 0.
 - handle_deallocations: 1.


Internal statistics:

num_allocs_failed_limit: 0.
num_arena_births: 158.
num_arena_deaths: 0.
num_vsnodes_births: 3.
num_vsnodes_deaths: 0.
num_space_committed: 278.
num_space_uncommitted: 0.
num_chunks_returned_to_freelist: 0.
num_chunks_taken_from_freelist: 358.
num_chunk_merges: 0.
num_chunk_splits: 213.
num_chunks_enlarged: 119.
num_purges: 0.
num_inconsistent_stats: 0.

CodeHeap 'non-profiled nmethods': size=120000Kb used=773Kb max_used=773Kb free=119226Kb
 bounds [0x0000021b51690000, 0x0000021b51900000, 0x0000021b58bc0000]
CodeHeap 'profiled nmethods': size=120000Kb used=4564Kb max_used=4564Kb free=115435Kb
 bounds [0x0000021b4a160000, 0x0000021b4a5e0000, 0x0000021b51690000]
CodeHeap 'non-nmethods': size=5760Kb used=1367Kb max_used=1408Kb free=4392Kb
 bounds [0x0000021b49bc0000, 0x0000021b49e30000, 0x0000021b4a160000]
 total_blobs=3064 nmethods=2368 adapters=608
 compilation: enabled
              stopped_count=0, restarted_count=0
 full_count=0

Compilation events (20 events):
Event: 371.655 Thread 0x0000021b602ec080 nmethod 2362 0x0000021b4a5c0690 code [0x0000021b4a5c0840, 0x0000021b4a5c0a08]
Event: 381.670 Thread 0x0000021b602ec080 2363       3       java.lang.String::indexOf (18 bytes)
Event: 381.671 Thread 0x0000021b602ec080 nmethod 2363 0x0000021b4a5c0b10 code [0x0000021b4a5c0ce0, 0x0000021b4a5c0fa8]
Event: 381.671 Thread 0x0000021b602ec080 2364       3       java.lang.String::indexOf (113 bytes)
Event: 381.671 Thread 0x0000021b602ec080 nmethod 2364 0x0000021b4a5c1110 code [0x0000021b4a5c1340, 0x0000021b4a5c1968]
Event: 386.680 Thread 0x0000021b602ec080 2365   !   3       jdk.internal.loader.BuiltinClassLoader::findResource (154 bytes)
Event: 386.682 Thread 0x0000021b602ec080 nmethod 2365 0x0000021b4a5c1b10 code [0x0000021b4a5c1e80, 0x0000021b4a5c3348]
Event: 386.682 Thread 0x0000021b602ec080 2366       3       jdk.internal.loader.BuiltinClassLoader::findResourceOnClassPath (41 bytes)
Event: 386.683 Thread 0x0000021b602ec080 nmethod 2366 0x0000021b4a5c3b90 code [0x0000021b4a5c3dc0, 0x0000021b4a5c4698]
Event: 416.722 Thread 0x0000021b602eb5e0 2367       4       java.lang.StringBuilder::toString (35 bytes)
Event: 416.727 Thread 0x0000021b602eb5e0 nmethod 2367 0x0000021b51750890 code [0x0000021b51750a20, 0x0000021b51750eb8]
Event: 481.829 Thread 0x0000021b602eb5e0 2368       4       java.lang.String::hashCode (60 bytes)
Event: 481.839 Thread 0x0000021b602eb5e0 nmethod 2368 0x0000021b51751090 code [0x0000021b51751220, 0x0000021b51751538]
Event: 536.914 Thread 0x0000021b602ec080 2369       3       java.net.URLStreamHandler::parseURL (1201 bytes)
Event: 536.935 Thread 0x0000021b602ec080 nmethod 2369 0x0000021b4a5c4910 code [0x0000021b4a5c5a40, 0x0000021b4a5d0068]
Event: 541.917 Thread 0x0000021b602ec080 2370       3       sun.net.www.protocol.file.Handler::parseURL (18 bytes)
Event: 541.917 Thread 0x0000021b602ec080 nmethod 2370 0x0000021b4a5d3f90 code [0x0000021b4a5d4140, 0x0000021b4a5d42f8]
Event: 542.218 Thread 0x0000021b602ec080 2371       3       jdk.internal.org.objectweb.asm.ClassWriter::visit (160 bytes)
Event: 542.219 Thread 0x0000021b602ec080 nmethod 2371 0x0000021b4a5d4410 code [0x0000021b4a5d4640, 0x0000021b4a5d4e78]
Event: 542.219 Thread 0x0000021b602ec080 2373       3       jdk.internal.org.objectweb.asm.ClassWriter::toByteArray (1515 bytes)

GC Heap History (2 events):
Event: 16.064 GC heap before
{Heap before GC invocations=0 (full 0):
 garbage-first heap   total 129024K, used 25600K [0x0000000083c00000, 0x0000000100000000)
  region size 1024K, 23 young (23552K), 0 survivors (0K)
 Metaspace       used 17178K, committed 17408K, reserved 1064960K
  class space    used 1930K, committed 2048K, reserved 1048576K
}
Event: 16.069 GC heap after
{Heap after GC invocations=1 (full 0):
 garbage-first heap   total 129024K, used 8228K [0x0000000083c00000, 0x0000000100000000)
  region size 1024K, 3 young (3072K), 3 survivors (3072K)
 Metaspace       used 17178K, committed 17408K, reserved 1064960K
  class space    used 1930K, committed 2048K, reserved 1048576K
}

Deoptimization events (20 events):
Event: 16.070 Thread 0x0000021b61c46340 DEOPT PACKING pc=0x0000021b51723348 sp=0x0000001b6c1fdcc0
Event: 16.070 Thread 0x0000021b61c46340 DEOPT UNPACKING pc=0x0000021b49c15ba3 sp=0x0000001b6c1fdc78 mode 2
Event: 16.144 Thread 0x0000021b61c46340 DEOPT PACKING pc=0x0000021b4a28cebe sp=0x0000001b6c1fcf90
Event: 16.144 Thread 0x0000021b61c46340 DEOPT UNPACKING pc=0x0000021b49c166e3 sp=0x0000001b6c1fc408 mode 0
Event: 16.354 Thread 0x0000021b61c46340 Uncommon trap: trap_request=0xffffff45 fr.pc=0x0000021b5169b5b0 relative=0x00000000000001b0
Event: 16.354 Thread 0x0000021b61c46340 Uncommon trap: reason=unstable_if action=reinterpret pc=0x0000021b5169b5b0 method=java.lang.String.isLatin1()Z @ 10 c2
Event: 16.354 Thread 0x0000021b61c46340 DEOPT PACKING pc=0x0000021b5169b5b0 sp=0x0000001b6c1fd2a0
Event: 16.354 Thread 0x0000021b61c46340 DEOPT UNPACKING pc=0x0000021b49c15ba3 sp=0x0000001b6c1fd1d0 mode 2
Event: 16.356 Thread 0x0000021b61c46340 Uncommon trap: trap_request=0xffffff45 fr.pc=0x0000021b51706b10 relative=0x0000000000000090
Event: 16.356 Thread 0x0000021b61c46340 Uncommon trap: reason=unstable_if action=reinterpret pc=0x0000021b51706b10 method=java.lang.CharacterData.of(I)Ljava/lang/CharacterData; @ 4 c2
Event: 16.356 Thread 0x0000021b61c46340 DEOPT PACKING pc=0x0000021b51706b10 sp=0x0000001b6c1fd2d0
Event: 16.356 Thread 0x0000021b61c46340 DEOPT UNPACKING pc=0x0000021b49c15ba3 sp=0x0000001b6c1fd210 mode 2
Event: 16.356 Thread 0x0000021b61c46340 Uncommon trap: trap_request=0xffffff45 fr.pc=0x0000021b516f7cc8 relative=0x0000000000000048
Event: 16.356 Thread 0x0000021b61c46340 Uncommon trap: reason=unstable_if action=reinterpret pc=0x0000021b516f7cc8 method=java.lang.CharacterData.of(I)Ljava/lang/CharacterData; @ 4 c2
Event: 16.356 Thread 0x0000021b61c46340 DEOPT PACKING pc=0x0000021b516f7cc8 sp=0x0000001b6c1fd270
Event: 16.356 Thread 0x0000021b61c46340 DEOPT UNPACKING pc=0x0000021b49c15ba3 sp=0x0000001b6c1fd210 mode 2
Event: 16.361 Thread 0x0000021b61c46340 Uncommon trap: trap_request=0xffffff45 fr.pc=0x0000021b51746cc4 relative=0x0000000000000404
Event: 16.361 Thread 0x0000021b61c46340 Uncommon trap: reason=unstable_if action=reinterpret pc=0x0000021b51746cc4 method=java.lang.Character.isSurrogate(C)Z @ 3 c2
Event: 16.361 Thread 0x0000021b61c46340 DEOPT PACKING pc=0x0000021b51746cc4 sp=0x0000001b6c1fcf60
Event: 16.361 Thread 0x0000021b61c46340 DEOPT UNPACKING pc=0x0000021b49c15ba3 sp=0x0000001b6c1fce88 mode 2

Classes unloaded (0 events):
No events

Classes redefined (0 events):
No events

Internal exceptions (20 events):
Event: 0.124 Thread 0x0000021b4234e8b0 Exception <a 'java/lang/NoSuchMethodError'{0x000000008b633288}: 'void java.lang.invoke.DirectMethodHandle$Holder.invokeSpecial(java.lang.Object, java.lang.Object, java.lang.Object)'> (0x000000008b633288) 
thrown [s\open\src\hotspot\share\interpreter\linkResolver.cpp, line 759]
Event: 0.129 Thread 0x0000021b4234e8b0 Exception <a 'java/lang/NoSuchMethodError'{0x000000008b65d428}: 'java.lang.Object java.lang.invoke.DirectMethodHandle$Holder.newInvokeSpecial(java.lang.Object, java.lang.Object, java.lang.Object, java.lang.Object, java.lang.Object)'> (0x000000008b65d428) 
thrown [s\open\src\hotspot\share\interpreter\linkResolver.cpp, line 759]
Event: 0.131 Thread 0x0000021b4234e8b0 Exception <a 'java/lang/NoSuchMethodError'{0x000000008b668df0}: 'java.lang.Object java.lang.invoke.DirectMethodHandle$Holder.invokeStatic(java.lang.Object, int, java.lang.Object, java.lang.Object, java.lang.Object, java.lang.Object)'> (0x000000008b668df0) 
thrown [s\open\src\hotspot\share\interpreter\linkResolver.cpp, line 759]
Event: 0.134 Thread 0x0000021b4234e8b0 Exception <a 'java/lang/NoSuchMethodError'{0x000000008b68e7f8}: 'java.lang.Object java.lang.invoke.DirectMethodHandle$Holder.invokeStatic(java.lang.Object, int, java.lang.Object)'> (0x000000008b68e7f8) 
thrown [s\open\src\hotspot\share\interpreter\linkResolver.cpp, line 759]
Event: 0.147 Thread 0x0000021b4234e8b0 Exception <a 'java/lang/ClassNotFoundException'{0x000000008b546a18}: com/sun/swing/internal/plaf/metal/resources/spi/metalProvider> (0x000000008b546a18) 
thrown [s\open\src\hotspot\share\classfile\systemDictionary.cpp, line 256]
Event: 0.148 Thread 0x0000021b4234e8b0 Exception <a 'java/lang/ClassNotFoundException'{0x000000008b54a820}: com/sun/swing/internal/plaf/basic/resources/spi/basicProvider> (0x000000008b54a820) 
thrown [s\open\src\hotspot\share\classfile\systemDictionary.cpp, line 256]
Event: 0.183 Thread 0x0000021b6105a260 Exception <a 'java/lang/NoSuchMethodError'{0x000000008b4ef588}: 'java.lang.Object java.lang.invoke.DirectMethodHandle$Holder.newInvokeSpecial(java.lang.Object, java.lang.Object, java.lang.Object, int, int, int, int, int)'> (0x000000008b4ef588) 
thrown [s\open\src\hotspot\share\interpreter\linkResolver.cpp, line 759]
Event: 0.240 Thread 0x0000021b60fcdfe0 Exception <a 'java/lang/NoSuchMethodError'{0x000000008b7fc338}: 'void java.lang.invoke.DirectMethodHandle$Holder.invokeVirtual(java.lang.Object, java.lang.Object)'> (0x000000008b7fc338) 
thrown [s\open\src\hotspot\share\interpreter\linkResolver.cpp, line 759]
Event: 0.250 Thread 0x0000021b4234e8b0 Exception <a 'java/lang/NoSuchMethodError'{0x000000008b2fd150}: 'void java.lang.invoke.DirectMethodHandle$Holder.invokeStaticInit(java.lang.Object)'> (0x000000008b2fd150) 
thrown [s\open\src\hotspot\share\interpreter\linkResolver.cpp, line 759]
Event: 5.024 Thread 0x0000021b61c46340 Exception <a 'java/lang/NoSuchMethodError'{0x000000008af61518}: 'java.lang.Object java.lang.invoke.DirectMethodHandle$Holder.invokeInterface(java.lang.Object, java.lang.Object)'> (0x000000008af61518) 
thrown [s\open\src\hotspot\share\interpreter\linkResolver.cpp, line 759]
Event: 5.039 Thread 0x0000021b61c46340 Exception <a 'java/lang/NoSuchMethodError'{0x000000008afdf858}: 'void java.lang.invoke.DirectMethodHandle$Holder.invokeStatic(java.lang.Object, java.lang.Object, java.lang.Object)'> (0x000000008afdf858) 
thrown [s\open\src\hotspot\share\interpreter\linkResolver.cpp, line 759]
Event: 5.040 Thread 0x0000021b61c46340 Exception <a 'java/lang/NoSuchMethodError'{0x000000008afe99d0}: 'java.lang.Object java.lang.invoke.DirectMethodHandle$Holder.invokeVirtual(java.lang.Object, java.lang.Object, java.lang.Object)'> (0x000000008afe99d0) 
thrown [s\open\src\hotspot\share\interpreter\linkResolver.cpp, line 759]
Event: 5.093 Thread 0x0000021b61c46340 Exception <a 'java/lang/NoSuchMethodError'{0x000000008aceba38}: 'void java.lang.invoke.DirectMethodHandle$Holder.invokeStatic(java.lang.Object, java.lang.Object)'> (0x000000008aceba38) 
thrown [s\open\src\hotspot\share\interpreter\linkResolver.cpp, line 759]
Event: 5.129 Thread 0x0000021b61c46340 Exception <a 'java/lang/NoSuchMethodError'{0x000000008aa82120}: 'void java.lang.invoke.DirectMethodHandle$Holder.invokeStaticInit(java.lang.Object, java.lang.Object)'> (0x000000008aa82120) 
thrown [s\open\src\hotspot\share\interpreter\linkResolver.cpp, line 759]
Event: 5.157 Thread 0x0000021b61c46340 Exception <a 'sun/nio/fs/WindowsException'{0x000000008a9f8ee0}> (0x000000008a9f8ee0) 
thrown [s\open\src\hotspot\share\prims\jni.cpp, line 516]
Event: 5.162 Thread 0x0000021b61c46340 Exception <a 'java/lang/NoSuchMethodError'{0x000000008a820048}: 'int java.lang.invoke.DirectMethodHandle$Holder.invokeStaticInit(java.lang.Object, java.lang.Object, java.lang.Object, java.lang.Object)'> (0x000000008a820048) 
thrown [s\open\src\hotspot\share\interpreter\linkResolver.cpp, line 759]
Event: 5.163 Thread 0x0000021b61c46340 Exception <a 'java/lang/IncompatibleClassChangeError'{0x000000008a8294d8}: Found class java.lang.Object, but interface was expected> (0x000000008a8294d8) 
thrown [s\open\src\hotspot\share\interpreter\linkResolver.cpp, line 826]
Event: 5.163 Thread 0x0000021b61c46340 Exception <a 'java/lang/NoSuchMethodError'{0x000000008a82eb88}: 'int java.lang.invoke.DirectMethodHandle$Holder.invokeStaticInit(java.lang.Object, java.lang.Object)'> (0x000000008a82eb88) 
thrown [s\open\src\hotspot\share\interpreter\linkResolver.cpp, line 759]
Event: 5.187 Thread 0x0000021b61c46340 Exception <a 'java/lang/NoSuchMethodError'{0x000000008a8f0640}: 'java.lang.Object java.lang.invoke.DirectMethodHandle$Holder.invokeStaticInit(java.lang.Object, int, int, int, int)'> (0x000000008a8f0640) 
thrown [s\open\src\hotspot\share\interpreter\linkResolver.cpp, line 759]
Event: 5.221 Thread 0x0000021b61c46340 Exception <a 'java/lang/NoSuchMethodError'{0x000000008a76a128}: 'java.lang.Object java.lang.invoke.DirectMethodHandle$Holder.invokeStaticInit(java.lang.Object, java.lang.Object, int, int, int, int)'> (0x000000008a76a128) 
thrown [s\open\src\hotspot\share\interpreter\linkResolver.cpp, line 759]

VM Operations (20 events):
Event: 7.299 Executing VM operation: Cleanup
Event: 7.300 Executing VM operation: Cleanup done
Event: 8.305 Executing VM operation: Cleanup
Event: 8.305 Executing VM operation: Cleanup done
Event: 9.309 Executing VM operation: Cleanup
Event: 9.309 Executing VM operation: Cleanup done
Event: 12.333 Executing VM operation: Cleanup
Event: 12.333 Executing VM operation: Cleanup done
Event: 13.343 Executing VM operation: Cleanup
Event: 13.343 Executing VM operation: Cleanup done
Event: 14.352 Executing VM operation: Cleanup
Event: 14.352 Executing VM operation: Cleanup done
Event: 16.064 Executing VM operation: G1CollectForAllocation
Event: 16.069 Executing VM operation: G1CollectForAllocation done
Event: 17.077 Executing VM operation: Cleanup
Event: 17.077 Executing VM operation: Cleanup done
Event: 18.086 Executing VM operation: Cleanup
Event: 18.087 Executing VM operation: Cleanup done
Event: 201.715 Executing VM operation: Cleanup
Event: 201.715 Executing VM operation: Cleanup done

Events (20 events):
Event: 16.081 loading class java/awt/geom/Path2D$Iterator done
Event: 16.081 loading class java/awt/geom/Path2D$Float$TxIterator done
Event: 16.109 loading class sun/font/SunFontManager$4
Event: 16.110 loading class sun/font/SunFontManager$4 done
Event: 16.133 loading class sun/font/SunFontManager$9
Event: 16.133 loading class sun/font/SunFontManager$9 done
Event: 16.134 loading class sun/font/SunFontManager$10
Event: 16.134 loading class sun/font/SunFontManager$10 done
Event: 16.341 loading class jdk/internal/access/foreign/MemorySegmentProxy
Event: 16.341 loading class jdk/internal/access/foreign/MemorySegmentProxy done
Event: 16.383 loading class java/awt/LightweightDispatcher$2
Event: 16.383 loading class java/awt/LightweightDispatcher$2 done
Event: 21.054 Thread 0x0000021b61fb2ba0 Thread exited: 0x0000021b61fb2ba0
Event: 21.054 Thread 0x0000021b61fb1860 Thread exited: 0x0000021b61fb1860
Event: 542.219 loading class java/util/WeakHashMap$KeyIterator
Event: 542.219 loading class java/util/WeakHashMap$HashIterator
Event: 542.219 loading class java/util/WeakHashMap$HashIterator done
Event: 542.219 loading class java/util/WeakHashMap$KeyIterator done
Event: 542.219 loading class javax/swing/RepaintManager$DisplayChangedRunnable
Event: 542.219 loading class javax/swing/RepaintManager$DisplayChangedRunnable done


Dynamic libraries:
0x00007ff611b60000 - 0x00007ff611b70000 	C:\Program Files\Java\jdk-17.0.5\bin\java.exe
0x00007ff9b8500000 - 0x00007ff9b8709000 	C:\WINDOWS\SYSTEM32\ntdll.dll
0x00007ff9b6730000 - 0x00007ff9b67ed000 	C:\WINDOWS\System32\KERNEL32.DLL
0x00007ff9b59d0000 - 0x00007ff9b5d4b000 	C:\WINDOWS\System32\KERNELBASE.dll
0x00007ff9b01e0000 - 0x00007ff9b0272000 	C:\WINDOWS\SYSTEM32\apphelp.dll
0x00007ff9b6030000 - 0x00007ff9b6141000 	C:\WINDOWS\System32\ucrtbase.dll
0x00007ff9a63c0000 - 0x00007ff9a63d8000 	C:\Program Files\Java\jdk-17.0.5\bin\jli.dll
0x00007ff9b7a00000 - 0x00007ff9b7aae000 	C:\WINDOWS\System32\ADVAPI32.dll
0x00007ff9b8050000 - 0x00007ff9b80f3000 	C:\WINDOWS\System32\msvcrt.dll
0x00007ff9b67f0000 - 0x00007ff9b688e000 	C:\WINDOWS\System32\sechost.dll
0x00007ff9ae980000 - 0x00007ff9ae99a000 	C:\Program Files\Java\jdk-17.0.5\bin\VCRUNTIME140.dll
0x00007ff9b6a90000 - 0x00007ff9b6bb0000 	C:\WINDOWS\System32\RPCRT4.dll
0x00007ff9b63a0000 - 0x00007ff9b654d000 	C:\WINDOWS\System32\USER32.dll
0x00007ff99c280000 - 0x00007ff99c525000 	C:\WINDOWS\WinSxS\amd64_microsoft.windows.common-controls_6595b64144ccf1df_6.0.22000.120_none_9d947278b86cc467\COMCTL32.dll
0x00007ff9b5dd0000 - 0x00007ff9b5df6000 	C:\WINDOWS\System32\win32u.dll
0x00007ff9b8370000 - 0x00007ff9b8399000 	C:\WINDOWS\System32\GDI32.dll
0x00007ff9b61c0000 - 0x00007ff9b62d8000 	C:\WINDOWS\System32\gdi32full.dll
0x00007ff9b62e0000 - 0x00007ff9b637d000 	C:\WINDOWS\System32\msvcp_win.dll
0x00007ff9ad3c0000 - 0x00007ff9ad3ca000 	C:\WINDOWS\SYSTEM32\VERSION.dll
0x00007ff9b6980000 - 0x00007ff9b69b1000 	C:\WINDOWS\System32\IMM32.DLL
0x00007ff9ae970000 - 0x00007ff9ae97c000 	C:\Program Files\Java\jdk-17.0.5\bin\vcruntime140_1.dll
0x00007ff9a63e0000 - 0x00007ff9a646d000 	C:\Program Files\Java\jdk-17.0.5\bin\msvcp140.dll
0x00007ff965ac0000 - 0x00007ff966682000 	C:\Program Files\Java\jdk-17.0.5\bin\server\jvm.dll
0x00007ff9b8360000 - 0x00007ff9b8368000 	C:\WINDOWS\System32\PSAPI.DLL
0x00007ff9aec40000 - 0x00007ff9aec49000 	C:\WINDOWS\SYSTEM32\WSOCK32.dll
0x00007ff9ae630000 - 0x00007ff9ae663000 	C:\WINDOWS\SYSTEM32\WINMM.dll
0x00007ff9b7930000 - 0x00007ff9b799f000 	C:\WINDOWS\System32\WS2_32.dll
0x00007ff9b4b40000 - 0x00007ff9b4b58000 	C:\WINDOWS\SYSTEM32\kernel.appcore.dll
0x00007ff9ae830000 - 0x00007ff9ae83a000 	C:\Program Files\Java\jdk-17.0.5\bin\jimage.dll
0x00007ff9b34d0000 - 0x00007ff9b36f1000 	C:\WINDOWS\SYSTEM32\DBGHELP.DLL
0x00007ff9a5cb0000 - 0x00007ff9a5ce1000 	C:\WINDOWS\SYSTEM32\dbgcore.DLL
0x00007ff9b5d50000 - 0x00007ff9b5dcf000 	C:\WINDOWS\System32\bcryptPrimitives.dll
0x00007ff9ac280000 - 0x00007ff9ac2a5000 	C:\Program Files\Java\jdk-17.0.5\bin\java.dll
0x00007ff993780000 - 0x00007ff993856000 	C:\Program Files\Java\jdk-17.0.5\bin\jsvml.dll
0x00007ff9b7030000 - 0x00007ff9b77e8000 	C:\WINDOWS\System32\SHELL32.dll
0x00007ff9b3ad0000 - 0x00007ff9b4335000 	C:\WINDOWS\SYSTEM32\windows.storage.dll
0x00007ff9b7ab0000 - 0x00007ff9b7e27000 	C:\WINDOWS\System32\combase.dll
0x00007ff9b3960000 - 0x00007ff9b3ac6000 	C:\WINDOWS\SYSTEM32\wintypes.dll
0x00007ff9b6890000 - 0x00007ff9b697a000 	C:\WINDOWS\System32\SHCORE.dll
0x00007ff9b78d0000 - 0x00007ff9b792d000 	C:\WINDOWS\System32\shlwapi.dll
0x00007ff9b5900000 - 0x00007ff9b5921000 	C:\WINDOWS\SYSTEM32\profapi.dll
0x00007ff9ad980000 - 0x00007ff9ad999000 	C:\Program Files\Java\jdk-17.0.5\bin\net.dll
0x00007ff9aed80000 - 0x00007ff9aee8c000 	C:\WINDOWS\SYSTEM32\WINHTTP.dll
0x00007ff9b4fe0000 - 0x00007ff9b5047000 	C:\WINDOWS\system32\mswsock.dll
0x00007ff9ad580000 - 0x00007ff9ad596000 	C:\Program Files\Java\jdk-17.0.5\bin\nio.dll
0x00007ff9ad1b0000 - 0x00007ff9ad1c8000 	C:\Program Files\Java\jdk-17.0.5\bin\zip.dll
0x00007ff981ce0000 - 0x00007ff981e6f000 	C:\Program Files\Java\jdk-17.0.5\bin\awt.dll
0x00007ff9b77f0000 - 0x00007ff9b78c6000 	C:\WINDOWS\System32\OLEAUT32.dll
0x00007ff9b2d60000 - 0x00007ff9b2d8f000 	C:\WINDOWS\system32\DWMAPI.DLL
0x00007ff9b02d0000 - 0x00007ff9b037c000 	C:\WINDOWS\system32\uxtheme.dll
0x00007ff997e20000 - 0x00007ff997f21000 	C:\WINDOWS\system32\opengl32.dll
0x00007ff9a3310000 - 0x00007ff9a333d000 	C:\WINDOWS\SYSTEM32\GLU32.dll
0x00007ff9b2cf0000 - 0x00007ff9b2d28000 	C:\WINDOWS\SYSTEM32\dxcore.dll
0x00007ff9b83a0000 - 0x00007ff9b84bd000 	C:\WINDOWS\System32\MSCTF.dll
0x00007ff9b7eb0000 - 0x00007ff9b804a000 	C:\WINDOWS\System32\ole32.dll
0x00007ff9a50d0000 - 0x00007ff9a5156000 	C:\Program Files\Java\jdk-17.0.5\bin\freetype.dll
0x00007ff9936b0000 - 0x00007ff993775000 	C:\Program Files\Java\jdk-17.0.5\bin\fontmanager.dll
0x00007ff9b6560000 - 0x00007ff9b6615000 	C:\WINDOWS\System32\clbcatq.dll
0x00007ff992d00000 - 0x00007ff992eae000 	C:\WINDOWS\SYSTEM32\WindowsCodecs.dll
0x00007ff993860000 - 0x00007ff9938bd000 	C:\WINDOWS\system32\dataexchange.dll
0x00007ff9ae3c0000 - 0x00007ff9ae626000 	C:\WINDOWS\system32\twinapi.appcore.dll
0x00007ff996850000 - 0x00007ff99697d000 	C:\WINDOWS\SYSTEM32\textinputframework.dll
0x00007ff9afee0000 - 0x00007ff9b0011000 	C:\WINDOWS\SYSTEM32\CoreMessaging.dll
0x00007ff995520000 - 0x00007ff99588d000 	C:\WINDOWS\SYSTEM32\CoreUIComponents.dll
0x00007ff9b5240000 - 0x00007ff9b524c000 	C:\WINDOWS\SYSTEM32\CRYPTBASE.DLL
0x00007ff9b46a0000 - 0x00007ff9b4788000 	C:\WINDOWS\SYSTEM32\DNSAPI.dll
0x00007ff9b4670000 - 0x00007ff9b469d000 	C:\WINDOWS\SYSTEM32\IPHLPAPI.DLL
0x00007ff9b6bb0000 - 0x00007ff9b6bb9000 	C:\WINDOWS\System32\NSI.dll
0x00007ff9ad550000 - 0x00007ff9ad55a000 	C:\Windows\System32\rasadhlp.dll
0x00007ff9ad880000 - 0x00007ff9ad901000 	C:\WINDOWS\System32\fwpuclnt.dll
0x00007ff9b5220000 - 0x00007ff9b5238000 	C:\WINDOWS\SYSTEM32\CRYPTSP.dll
0x00007ff9b4aa0000 - 0x00007ff9b4ad5000 	C:\WINDOWS\system32\rsaenh.dll
0x00007ff9b50d0000 - 0x00007ff9b50f9000 	C:\WINDOWS\SYSTEM32\USERENV.dll
0x00007ff9b53b0000 - 0x00007ff9b53d7000 	C:\WINDOWS\SYSTEM32\bcrypt.dll
0x00007ff9aed60000 - 0x00007ff9aed79000 	C:\WINDOWS\SYSTEM32\dhcpcsvc6.DLL
0x00007ff9aeef0000 - 0x00007ff9aef0e000 	C:\WINDOWS\SYSTEM32\dhcpcsvc.DLL
0x00007ff9a6c50000 - 0x00007ff9a6c5e000 	C:\Program Files\Java\jdk-17.0.5\bin\sunmscapi.dll
0x00007ff9b5e00000 - 0x00007ff9b5f62000 	C:\WINDOWS\System32\CRYPT32.dll
0x00007ff9b5380000 - 0x00007ff9b53a8000 	C:\WINDOWS\SYSTEM32\ncrypt.dll
0x00007ff9b5340000 - 0x00007ff9b5377000 	C:\WINDOWS\SYSTEM32\NTASN1.dll

dbghelp: loaded successfully - version: 4.0.5 - missing functions: none
symbol engine: initialized successfully - sym options: 0x614 - pdb path: .;C:\Program Files\Java\jdk-17.0.5\bin;C:\WINDOWS\SYSTEM32;C:\WINDOWS\WinSxS\amd64_microsoft.windows.common-controls_6595b64144ccf1df_6.0.22000.120_none_9d947278b86cc467;C:\Program Files\Java\jdk-17.0.5\bin\server

VM Arguments:
jvm_args: -Dfile.encoding=UTF-8 --module-path=C:\Users\Darshan\OneDrive\Documents\NetBeansProjects\Travel Management System\build\classes 
java_command: travel.management.system.ForgetPassword
java_class_path (initial): C:\Users\Darshan\Downloads\mysql-connector-java-8.0.28.jar;C:\Users\Darshan\OneDrive\Documents\NetBeansProjects\Travel Management System\build\classes
Launcher Type: SUN_STANDARD

[Global flags]
     intx CICompilerCount                          = 4                                         {product} {ergonomic}
     uint ConcGCThreads                            = 2                                         {product} {ergonomic}
     uint G1ConcRefinementThreads                  = 8                                         {product} {ergonomic}
   size_t G1HeapRegionSize                         = 1048576                                   {product} {ergonomic}
    uintx GCDrainStackTargetSize                   = 64                                        {product} {ergonomic}
   size_t InitialHeapSize                          = 132120576                                 {product} {ergonomic}
   size_t MarkStackSize                            = 4194304                                   {product} {ergonomic}
   size_t MaxHeapSize                              = 2084569088                                {product} {ergonomic}
   size_t MaxNewSize                               = 1249902592                                {product} {ergonomic}
   size_t MinHeapDeltaBytes                        = 1048576                                   {product} {ergonomic}
   size_t MinHeapSize                              = 8388608                                   {product} {ergonomic}
    uintx NonNMethodCodeHeapSize                   = 5839372                                {pd product} {ergonomic}
    uintx NonProfiledCodeHeapSize                  = 122909434                              {pd product} {ergonomic}
    uintx ProfiledCodeHeapSize                     = 122909434                              {pd product} {ergonomic}
    uintx ReservedCodeCacheSize                    = 251658240                              {pd product} {ergonomic}
     bool SegmentedCodeCache                       = true                                      {product} {ergonomic}
   size_t SoftMaxHeapSize                          = 2084569088                             {manageable} {ergonomic}
     bool UseCompressedClassPointers               = true                           {product lp64_product} {ergonomic}
     bool UseCompressedOops                        = true                           {product lp64_product} {ergonomic}
     bool UseG1GC                                  = true                                      {product} {ergonomic}
     bool UseLargePagesIndividualAllocation        = false                                  {pd product} {ergonomic}

Logging:
Log output configuration:
 #0: stdout all=warning uptime,level,tags
 #1: stderr all=off uptime,level,tags

Environment Variables:
PATH=C:\Program Files\Common Files\Oracle\Java\javapath;C:\Program Files\Eclipse Adoptium\jdk-17.0.4.101-hotspot\bin;C:\windows\system32;C:\windows;C:\windows\System32\Wbem;C:\windows\System32\WindowsPowerShell\v1.0\;C:\windows\System32\OpenSSH\;C:\Program Files (x86)\NVIDIA Corporation\PhysX\Common;C:\WINDOWS\system32;C:\WINDOWS;C:\WINDOWS\System32\Wbem;C:\WINDOWS\System32\WindowsPowerShell\v1.0\;C:\WINDOWS\System32\OpenSSH\;C:\Program Files\Git\cmd;C:\ProgramData\chocolatey\bin;C:\Program Files\nodejs\;C:\Program Files\NVIDIA Corporation\NVIDIA NvDLISR;C:\Program Files\Java\jdk-17.0.5;C:\Users\Darshan\anaconda3;C:\Users\Darshan\anaconda3\Library\mingw-w64\bin;C:\Users\Darshan\anaconda3\Library\usr\bin;C:\Users\Darshan\anaconda3\Library\bin;C:\Users\Darshan\anaconda3\Scripts;C:\Users\Darshan\AppData\Local\Microsoft\WindowsApps;C:\Users\Darshan\AppData\Local\atom\bin;C:\Users\Darshan\AppData\Local\Programs\Microsoft VS Code\bin;C:\Users\Darshan\AppData\Local\Programs\Hyper\resources\bin;C:\Users\Darshan\AppData\Roaming\npm
USERNAME=Darshan
OS=Windows_NT
PROCESSOR_IDENTIFIER=Intel64 Family 6 Model 140 Stepping 1, GenuineIntel



---------------  S Y S T E M  ---------------

OS:
 Windows 11 , 64 bit Build 22000 (10.0.22000.708)
OS uptime: 41 days 23:40 hours

CPU: total 8 (initial active 8) (4 cores per cpu, 2 threads per core) family 6 model 140 stepping 1 microcode 0x86, cx8, cmov, fxsr, ht, mmx, 3dnowpref, sse, sse2, sse3, ssse3, sse4.1, sse4.2, popcnt, lzcnt, tsc, tscinvbit, avx, avx2, aes, erms, clmul, bmi1, bmi2, adx, avx512f, avx512dq, avx512cd, avx512bw, avx512vl, sha, fma, vzeroupper, avx512_vpopcntdq, avx512_vpclmulqdq, avx512_vaes, avx512_vnni, clflush, clflushopt, clwb, avx512_vbmi2, avx512_vbmi

Memory: 4k page, system-wide physical 7948M (389M free)
TotalPageFile size 32524M (AvailPageFile size 0M)
current process WorkingSet (physical memory assigned to process): 112M, peak: 124M
current process commit charge ("private bytes"): 243M, peak: 256M

vm_info: Java HotSpot(TM) 64-Bit Server VM (17.0.5+9-LTS-191) for windows-amd64 JRE (17.0.5+9-LTS-191), built on Sep 13 2022 17:31:43 by "mach5one" with MS VC++ 16.8 / 16.9 (VS2019)

END.
