#
# A fatal error has been detected by the Java Runtime Environment:
#
#  EXCEPTION_ACCESS_VIOLATION (0xc0000005) at pc=0x00007ff981dbace6, pid=20396, tid=16164
#
# JRE version: Java(TM) SE Runtime Environment (17.0.5+9) (build 17.0.5+9-LTS-191)
# Java VM: Java HotSpot(TM) 64-Bit Server VM (17.0.5+9-LTS-191, mixed mode, sharing, tiered, compressed oops, compressed class ptrs, g1 gc, windows-amd64)
# Problematic frame:
# C  [awt.dll+0xdace6]
#
# No core dump will be written. Minidumps are not enabled by default on client versions of Windows
#
# If you would like to submit a bug report, please visit:
#   https://bugreport.java.com/bugreport/crash.jsp
# The crash happened outside the Java Virtual Machine in native code.
# See problematic frame for where to report the bug.
#

---------------  S U M M A R Y ------------

Command Line: -Dfile.encoding=UTF-8 --module-path=C:\Users\Darshan\OneDrive\Documents\NetBeansProjects\Travel Management System\build\classes travel.management.system.Signup

Host: 11th Gen Intel(R) Core(TM) i5-1135G7 @ 2.40GHz, 8 cores, 7G,  Windows 11 , 64 bit Build 22000 (10.0.22000.708)
Time: Tue Dec  6 20:50:23 2022 India Standard Time elapsed time: 26321.915334 seconds (0d 7h 18m 41s)

---------------  T H R E A D  ---------------

Current thread (0x0000021c02deec20):  JavaThread "AWT-EventQueue-0" [_thread_in_native, id=16164, stack(0x00000044ca500000,0x00000044ca600000)]

Stack: [0x00000044ca500000,0x00000044ca600000],  sp=0x00000044ca5fece0,  free space=1019k
Native frames: (J=compiled Java code, j=interpreted, Vv=VM code, C=native code)
C  [awt.dll+0xdace6]

Java frames: (J=compiled Java code, j=interpreted, Vv=VM code)
j  sun.awt.Win32GraphicsDevice.initNativeScale(I)V+0 java.desktop@17.0.5
j  sun.awt.Win32GraphicsDevice.initScaleFactors()V+60 java.desktop@17.0.5
j  sun.awt.Win32GraphicsDevice.displayChanged()V+16 java.desktop@17.0.5
j  sun.awt.Win32GraphicsEnvironment.displayChanged()V+271 java.desktop@17.0.5
j  sun.awt.windows.WToolkit.lambda$displayChanged$4()V+15 java.desktop@17.0.5
j  sun.awt.windows.WToolkit$$Lambda$143+0x0000000800cfe180.run()V+0 java.desktop@17.0.5
j  java.awt.event.InvocationEvent.dispatch()V+47 java.desktop@17.0.5
J 849 c1 java.awt.EventQueue.dispatchEventImpl(Ljava/awt/AWTEvent;Ljava/lang/Object;)V java.desktop@17.0.5 (136 bytes) @ 0x0000021c6bffbab4 [0x0000021c6bff9fe0+0x0000000000001ad4]
J 848 c1 java.awt.EventQueue$4.run()Ljava/lang/Void; java.desktop@17.0.5 (60 bytes) @ 0x0000021c6bff990c [0x0000021c6bff97e0+0x000000000000012c]
J 798 c1 java.awt.EventQueue.dispatchEvent(Ljava/awt/AWTEvent;)V java.desktop@17.0.5 (80 bytes) @ 0x0000021c6bfd050c [0x0000021c6bfcff60+0x00000000000005ac]
J 801 c1 java.awt.EventDispatchThread.pumpOneEventForFilters(I)V java.desktop@17.0.5 (113 bytes) @ 0x0000021c6bfd43a4 [0x0000021c6bfd3d20+0x0000000000000684]
j  java.awt.EventDispatchThread.pumpEventsForFilter(ILjava/awt/Conditional;Ljava/awt/EventFilter;)V+35 java.desktop@17.0.5
j  java.awt.EventDispatchThread.pumpEventsForHierarchy(ILjava/awt/Conditional;Ljava/awt/Component;)V+11 java.desktop@17.0.5
j  java.awt.EventDispatchThread.pumpEvents(ILjava/awt/Conditional;)V+4 java.desktop@17.0.5
j  java.awt.EventDispatchThread.pumpEvents(Ljava/awt/Conditional;)V+3 java.desktop@17.0.5
j  java.awt.EventDispatchThread.run()V+9 java.desktop@17.0.5
v  ~StubRoutines::call_stub

siginfo: EXCEPTION_ACCESS_VIOLATION (0xc0000005), reading address 0x000000010000004e


Register to memory mapping:

RIP=0x00007ff981dbace6 awt.dll
RAX=0x00000000fffffffe is an unallocated location in the heap
RBX=0x0000021c03c53fb0 points into unknown readable memory: 0x0000021c02cd75b0 | b0 75 cd 02 1c 02 00 00
RCX=0x00000000fffffffe is an unallocated location in the heap
RDX=0x0 is NULL
RSP=0x00000044ca5fece0 is pointing into the stack for thread: 0x0000021c02deec20
RBP=0x00000044ca5fedc0 is pointing into the stack for thread: 0x0000021c02deec20
RSI=0x0 is NULL
RDI=0x0 is NULL
R8 =0x0000000000000001 is an unknown value
R9 =0x00000000000000dd is an unknown value
R10=0x0000021c6b92d5f2 is at code_begin+946 in an Interpreter codelet
method entry point (kind = native)  [0x0000021c6b92d240, 0x0000021c6b92dbc0]  2432 bytes
R11=0x0000000000000100 is an unknown value
R12=0x0 is NULL
R13={method} {0x0000021c0262cf38} 'initNativeScale' '(I)V' in 'sun/awt/Win32GraphicsDevice'
R14=0x00000044ca5fede8 is pointing into the stack for thread: 0x0000021c02deec20
R15=0x0000021c02deec20 is a thread


Registers:
RAX=0x00000000fffffffe, RBX=0x0000021c03c53fb0, RCX=0x00000000fffffffe, RDX=0x0000000000000000
RSP=0x00000044ca5fece0, RBP=0x00000044ca5fedc0, RSI=0x0000000000000000, RDI=0x0000000000000000
R8 =0x0000000000000001, R9 =0x00000000000000dd, R10=0x0000021c6b92d5f2, R11=0x0000000000000100
R12=0x0000000000000000, R13=0x0000021c0262cf30, R14=0x00000044ca5fede8, R15=0x0000021c02deec20
RIP=0x00007ff981dbace6, EFLAGS=0x0000000000010202

Top of Stack: (sp=0x00000044ca5fece0)
0x00000044ca5fece0:   0000000000000000 0000000000000007
0x00000044ca5fecf0:   0000021c03c53fb0 0000000000000000
0x00000044ca5fed00:   0000021c03c53fb0 00007ff981dbc532
0x00000044ca5fed10:   00007ff981e1a838 0000021c0262cf30
0x00000044ca5fed20:   0000000800b3db38 0000021c02deec20
0x00000044ca5fed30:   0000021c6b929657 0000021c6b92d621
0x00000044ca5fed40:   0000021c0262cf30 0000021c6b929657
0x00000044ca5fed50:   0000000000000000 00007ff9660ea279
0x00000044ca5fed60:   0000021c02deec20 00007ff9660ea1c7
0x00000044ca5fed70:   0000021c02aa47f0 00000044ca5fed78
0x00000044ca5fed80:   0000000000000000 00000044ca5fede8
0x00000044ca5fed90:   0000021c0262f910 0000000000000000
0x00000044ca5feda0:   000000008b7a6bc8 0000021c0262cf30
0x00000044ca5fedb0:   0000000000000000 00000044ca5fede0
0x00000044ca5fedc0:   00000044ca5fee38 0000021c6b9294fe
0x00000044ca5fedd0:   0000000000000000 0000021c6b92af78 

Instructions: (pc=0x00007ff981dbace6)
0x00007ff981dbabe6:   00 68 00 00 00 0f 11 44 24 34 0f 11 44 24 44 0f
0x00007ff981dbabf6:   11 44 24 54 0f 11 44 24 64 0f 11 44 24 74 0f 11
0x00007ff981dbac06:   84 24 84 00 00 00 89 84 24 94 00 00 00 c7 44 24
0x00007ff981dbac16:   30 68 00 00 00 48 8d 94 24 a0 00 00 00 48 8b cd
0x00007ff981dbac26:   ff 15 24 91 06 00 85 c0 74 40 48 8d 54 24 30 48
0x00007ff981dbac36:   8b ce ff 15 12 91 06 00 85 c0 74 2e 48 8d 54 24
0x00007ff981dbac46:   34 48 8d 8c 24 a4 00 00 00 ff 15 43 8c 06 00 85
0x00007ff981dbac56:   c0 74 17 48 8d 54 24 44 48 8d 8c 24 b4 00 00 00
0x00007ff981dbac66:   ff 15 2c 8c 06 00 85 c0 75 11 ff c7 3b 7b 0c 0f
0x00007ff981dbac76:   8c 15 ff ff ff 8b 3d ef c6 06 00 48 8b cb e8 f7
0x00007ff981dbac86:   d9 f4 ff 90 8b c7 48 8b 8c 24 10 01 00 00 48 33
0x00007ff981dbac96:   cc e8 94 01 01 00 4c 8d 9c 24 20 01 00 00 49 8b
0x00007ff981dbaca6:   5b 18 49 8b 6b 20 49 8b 73 28 49 8b e3 5f c3 cc
0x00007ff981dbacb6:   cc cc cc cc cc cc cc cc cc cc 48 8b 41 08 48 8b
0x00007ff981dbacc6:   80 18 0c 00 00 c3 cc cc cc cc 48 8b 41 08 48 05
0x00007ff981dbacd6:   00 04 00 00 c3 cc cc cc cc cc 40 53 48 83 ec 20
0x00007ff981dbace6:   83 79 50 00 48 8b d9 75 56 48 8b 49 28 4c 8d 44
0x00007ff981dbacf6:   24 38 48 8d 54 24 30 c7 44 24 30 00 00 80 bf c7
0x00007ff981dbad06:   44 24 38 00 00 80 bf e8 fe e0 00 00 f3 0f 10 54
0x00007ff981dbad16:   24 30 0f 57 c0 0f 2f d0 76 25 f3 0f 10 4c 24 38
0x00007ff981dbad26:   0f 2f c8 76 1a f3 0f 5e 15 41 9f 02 00 f3 0f 5e
0x00007ff981dbad36:   0d 39 9f 02 00 f3 0f 11 53 48 f3 0f 11 4b 4c 48
0x00007ff981dbad46:   83 c4 20 5b c3 cc cc cc cc cc 48 89 5c 24 10 48
0x00007ff981dbad56:   89 74 24 18 57 41 56 41 57 48 83 ec 40 48 8b d9
0x00007ff981dbad66:   48 8b 41 18 48 85 c0 75 18 b9 28 04 00 00 e8 b7
0x00007ff981dbad76:   96 00 00 48 89 43 18 c7 00 28 00 00 00 48 8b 43
0x00007ff981dbad86:   18 33 ff 66 89 78 0e 48 8b 4b 28 e8 6a 03 00 00
0x00007ff981dbad96:   48 8b f0 41 bf 01 00 00 00 45 8b c7 41 8b d7 48
0x00007ff981dbada6:   8b c8 ff 15 02 88 06 00 4c 8b f0 89 7c 24 30 48
0x00007ff981dbadb6:   8b 4b 18 48 89 4c 24 28 48 89 7c 24 20 45 8b cf
0x00007ff981dbadc6:   45 33 c0 48 8b d0 48 8b ce ff 15 c3 88 06 00 48
0x00007ff981dbadd6:   8b 0b 48 8b 53 30 83 79 04 08 0f 8e 01 02 00 00 


Stack slot to memory mapping:
stack at sp + 0 slots: 0x0 is NULL
stack at sp + 1 slots: 0x0000000000000007 is an unknown value
stack at sp + 2 slots: 0x0000021c03c53fb0 points into unknown readable memory: 0x0000021c02cd75b0 | b0 75 cd 02 1c 02 00 00
stack at sp + 3 slots: 0x0 is NULL
stack at sp + 4 slots: 0x0000021c03c53fb0 points into unknown readable memory: 0x0000021c02cd75b0 | b0 75 cd 02 1c 02 00 00
stack at sp + 5 slots: 0x00007ff981dbc532 awt.dll
stack at sp + 6 slots: 0x00007ff981e1a838 awt.dll
stack at sp + 7 slots: {method} {0x0000021c0262cf38} 'initNativeScale' '(I)V' in 'sun/awt/Win32GraphicsDevice'


---------------  P R O C E S S  ---------------

Threads class SMR info:
_java_thread_list=0x0000021c03bee770, length=17, elements={
0x0000021c021aefb0, 0x0000021c021afb60, 0x0000021c021c0aa0, 0x0000021c021c1450,
0x0000021c021c4210, 0x0000021c021c4bc0, 0x0000021c021c5f60, 0x0000021c021d2f20,
0x0000021c021d3910, 0x0000021c02197a40, 0x0000021c02d76190, 0x0000021c02ded8e0,
0x0000021c02dee750, 0x0000021c02deddb0, 0x0000021c02deec20, 0x0000021c02ded410,
0x0000021c02dec5a0
}

Java Threads: ( => current thread )
  0x0000021c021aefb0 JavaThread "Reference Handler" daemon [_thread_blocked, id=22752, stack(0x00000044c9500000,0x00000044c9600000)]
  0x0000021c021afb60 JavaThread "Finalizer" daemon [_thread_blocked, id=21584, stack(0x00000044c9600000,0x00000044c9700000)]
  0x0000021c021c0aa0 JavaThread "Signal Dispatcher" daemon [_thread_blocked, id=3468, stack(0x00000044c9700000,0x00000044c9800000)]
  0x0000021c021c1450 JavaThread "Attach Listener" daemon [_thread_blocked, id=27832, stack(0x00000044c9800000,0x00000044c9900000)]
  0x0000021c021c4210 JavaThread "Service Thread" daemon [_thread_blocked, id=9848, stack(0x00000044c9900000,0x00000044c9a00000)]
  0x0000021c021c4bc0 JavaThread "Monitor Deflation Thread" daemon [_thread_blocked, id=12808, stack(0x00000044c9a00000,0x00000044c9b00000)]
  0x0000021c021c5f60 JavaThread "C2 CompilerThread0" daemon [_thread_blocked, id=26972, stack(0x00000044c9b00000,0x00000044c9c00000)]
  0x0000021c021d2f20 JavaThread "C1 CompilerThread0" daemon [_thread_blocked, id=9088, stack(0x00000044c9c00000,0x00000044c9d00000)]
  0x0000021c021d3910 JavaThread "Sweeper thread" daemon [_thread_blocked, id=27700, stack(0x00000044c9d00000,0x00000044c9e00000)]
  0x0000021c02197a40 JavaThread "Common-Cleaner" daemon [_thread_blocked, id=14920, stack(0x00000044c9e00000,0x00000044c9f00000)]
  0x0000021c02d76190 JavaThread "Notification Thread" daemon [_thread_blocked, id=7512, stack(0x00000044ca000000,0x00000044ca100000)]
  0x0000021c02ded8e0 JavaThread "Java2D Disposer" daemon [_thread_blocked, id=25796, stack(0x00000044ca200000,0x00000044ca300000)]
  0x0000021c02dee750 JavaThread "AWT-Shutdown" [_thread_blocked, id=10388, stack(0x00000044ca300000,0x00000044ca400000)]
  0x0000021c02deddb0 JavaThread "AWT-Windows" daemon [_thread_in_native, id=22324, stack(0x00000044ca400000,0x00000044ca500000)]
=>0x0000021c02deec20 JavaThread "AWT-EventQueue-0" [_thread_in_native, id=16164, stack(0x00000044ca500000,0x00000044ca600000)]
  0x0000021c02ded410 JavaThread "DestroyJavaVM" [_thread_blocked, id=23308, stack(0x00000044c8e00000,0x00000044c8f00000)]
  0x0000021c02dec5a0 JavaThread "TimerQueue" daemon [_thread_blocked, id=25268, stack(0x00000044ca900000,0x00000044caa00000)]

Other Threads:
  0x0000021c021aa510 VMThread "VM Thread" [stack: 0x00000044c9400000,0x00000044c9500000] [id=7052]
  0x0000021c02d5f6c0 WatcherThread [stack: 0x00000044ca100000,0x00000044ca200000] [id=24532]
  0x0000021c641092e0 GCTaskThread "GC Thread#0" [stack: 0x00000044c8f00000,0x00000044c9000000] [id=26212]
  0x0000021c64119aa0 ConcurrentGCThread "G1 Main Marker" [stack: 0x00000044c9000000,0x00000044c9100000] [id=15220]
  0x0000021c6411a610 ConcurrentGCThread "G1 Conc#0" [stack: 0x00000044c9100000,0x00000044c9200000] [id=13464]
  0x0000021c02060e40 ConcurrentGCThread "G1 Refine#0" [stack: 0x00000044c9200000,0x00000044c9300000] [id=28552]
  0x0000021c02061770 ConcurrentGCThread "G1 Service" [stack: 0x00000044c9300000,0x00000044c9400000] [id=28172]

Threads with active compile tasks:

VM state: not at safepoint (normal execution)

VM Mutex/Monitor currently owned by a thread: None

Heap address: 0x0000000083c00000, size: 1988 MB, Compressed Oops mode: 32-bit

CDS archive(s) mapped at: [0x0000000800000000-0x0000000800bd0000-0x0000000800bd0000), size 12386304, SharedBaseAddress: 0x0000000800000000, ArchiveRelocationMode: 0.
Compressed class space mapped at: 0x0000000800c00000-0x0000000840c00000, reserved size: 1073741824
Narrow klass base: 0x0000000800000000, Narrow klass shift: 0, Narrow klass range: 0x100000000

GC Precious Log:
 CPUs: 8 total, 8 available
 Memory: 7948M
 Large Page Support: Disabled
 NUMA Support: Disabled
 Compressed Oops: Enabled (32-bit)
 Heap Region Size: 1M
 Heap Min Capacity: 8M
 Heap Initial Capacity: 126M
 Heap Max Capacity: 1988M
 Pre-touch: Disabled
 Parallel Workers: 8
 Concurrent Workers: 2
 Concurrent Refinement Workers: 8
 Periodic GC: Disabled

Heap:
 garbage-first heap   total 129024K, used 8192K [0x0000000083c00000, 0x0000000100000000)
  region size 1024K, 7 young (7168K), 0 survivors (0K)
 Metaspace       used 7640K, committed 7808K, reserved 1056768K
  class space    used 867K, committed 960K, reserved 1048576K

Heap Regions: E=young(eden), S=young(survivor), O=old, HS=humongous(starts), HC=humongous(continues), CS=collection set, F=free, OA=open archive, CA=closed archive, TAMS=top-at-mark-start (previous, next)
|   0|0x0000000083c00000, 0x0000000083d00000, 0x0000000083d00000|100%|HS|  |TAMS 0x0000000083c00000, 0x0000000083c00000| Complete 
|   1|0x0000000083d00000, 0x0000000083e00000, 0x0000000083e00000|100%|HC|  |TAMS 0x0000000083d00000, 0x0000000083d00000| Complete 
|   2|0x0000000083e00000, 0x0000000083e00000, 0x0000000083f00000|  0%| F|  |TAMS 0x0000000083e00000, 0x0000000083e00000| Untracked 
|   3|0x0000000083f00000, 0x0000000083f00000, 0x0000000084000000|  0%| F|  |TAMS 0x0000000083f00000, 0x0000000083f00000| Untracked 
|   4|0x0000000084000000, 0x0000000084000000, 0x0000000084100000|  0%| F|  |TAMS 0x0000000084000000, 0x0000000084000000| Untracked 
|   5|0x0000000084100000, 0x0000000084100000, 0x0000000084200000|  0%| F|  |TAMS 0x0000000084100000, 0x0000000084100000| Untracked 
|   6|0x0000000084200000, 0x0000000084200000, 0x0000000084300000|  0%| F|  |TAMS 0x0000000084200000, 0x0000000084200000| Untracked 
|   7|0x0000000084300000, 0x0000000084300000, 0x0000000084400000|  0%| F|  |TAMS 0x0000000084300000, 0x0000000084300000| Untracked 
|   8|0x0000000084400000, 0x0000000084400000, 0x0000000084500000|  0%| F|  |TAMS 0x0000000084400000, 0x0000000084400000| Untracked 
|   9|0x0000000084500000, 0x0000000084500000, 0x0000000084600000|  0%| F|  |TAMS 0x0000000084500000, 0x0000000084500000| Untracked 
|  10|0x0000000084600000, 0x0000000084600000, 0x0000000084700000|  0%| F|  |TAMS 0x0000000084600000, 0x0000000084600000| Untracked 
|  11|0x0000000084700000, 0x0000000084700000, 0x0000000084800000|  0%| F|  |TAMS 0x0000000084700000, 0x0000000084700000| Untracked 
|  12|0x0000000084800000, 0x0000000084800000, 0x0000000084900000|  0%| F|  |TAMS 0x0000000084800000, 0x0000000084800000| Untracked 
|  13|0x0000000084900000, 0x0000000084900000, 0x0000000084a00000|  0%| F|  |TAMS 0x0000000084900000, 0x0000000084900000| Untracked 
|  14|0x0000000084a00000, 0x0000000084a00000, 0x0000000084b00000|  0%| F|  |TAMS 0x0000000084a00000, 0x0000000084a00000| Untracked 
|  15|0x0000000084b00000, 0x0000000084b00000, 0x0000000084c00000|  0%| F|  |TAMS 0x0000000084b00000, 0x0000000084b00000| Untracked 
|  16|0x0000000084c00000, 0x0000000084c00000, 0x0000000084d00000|  0%| F|  |TAMS 0x0000000084c00000, 0x0000000084c00000| Untracked 
|  17|0x0000000084d00000, 0x0000000084d00000, 0x0000000084e00000|  0%| F|  |TAMS 0x0000000084d00000, 0x0000000084d00000| Untracked 
|  18|0x0000000084e00000, 0x0000000084e00000, 0x0000000084f00000|  0%| F|  |TAMS 0x0000000084e00000, 0x0000000084e00000| Untracked 
|  19|0x0000000084f00000, 0x0000000084f00000, 0x0000000085000000|  0%| F|  |TAMS 0x0000000084f00000, 0x0000000084f00000| Untracked 
|  20|0x0000000085000000, 0x0000000085000000, 0x0000000085100000|  0%| F|  |TAMS 0x0000000085000000, 0x0000000085000000| Untracked 
|  21|0x0000000085100000, 0x0000000085100000, 0x0000000085200000|  0%| F|  |TAMS 0x0000000085100000, 0x0000000085100000| Untracked 
|  22|0x0000000085200000, 0x0000000085200000, 0x0000000085300000|  0%| F|  |TAMS 0x0000000085200000, 0x0000000085200000| Untracked 
|  23|0x0000000085300000, 0x0000000085300000, 0x0000000085400000|  0%| F|  |TAMS 0x0000000085300000, 0x0000000085300000| Untracked 
|  24|0x0000000085400000, 0x0000000085400000, 0x0000000085500000|  0%| F|  |TAMS 0x0000000085400000, 0x0000000085400000| Untracked 
|  25|0x0000000085500000, 0x0000000085500000, 0x0000000085600000|  0%| F|  |TAMS 0x0000000085500000, 0x0000000085500000| Untracked 
|  26|0x0000000085600000, 0x0000000085600000, 0x0000000085700000|  0%| F|  |TAMS 0x0000000085600000, 0x0000000085600000| Untracked 
|  27|0x0000000085700000, 0x0000000085700000, 0x0000000085800000|  0%| F|  |TAMS 0x0000000085700000, 0x0000000085700000| Untracked 
|  28|0x0000000085800000, 0x0000000085800000, 0x0000000085900000|  0%| F|  |TAMS 0x0000000085800000, 0x0000000085800000| Untracked 
|  29|0x0000000085900000, 0x0000000085900000, 0x0000000085a00000|  0%| F|  |TAMS 0x0000000085900000, 0x0000000085900000| Untracked 
|  30|0x0000000085a00000, 0x0000000085a00000, 0x0000000085b00000|  0%| F|  |TAMS 0x0000000085a00000, 0x0000000085a00000| Untracked 
|  31|0x0000000085b00000, 0x0000000085b00000, 0x0000000085c00000|  0%| F|  |TAMS 0x0000000085b00000, 0x0000000085b00000| Untracked 
|  32|0x0000000085c00000, 0x0000000085c00000, 0x0000000085d00000|  0%| F|  |TAMS 0x0000000085c00000, 0x0000000085c00000| Untracked 
|  33|0x0000000085d00000, 0x0000000085d00000, 0x0000000085e00000|  0%| F|  |TAMS 0x0000000085d00000, 0x0000000085d00000| Untracked 
|  34|0x0000000085e00000, 0x0000000085e00000, 0x0000000085f00000|  0%| F|  |TAMS 0x0000000085e00000, 0x0000000085e00000| Untracked 
|  35|0x0000000085f00000, 0x0000000085f00000, 0x0000000086000000|  0%| F|  |TAMS 0x0000000085f00000, 0x0000000085f00000| Untracked 
|  36|0x0000000086000000, 0x0000000086000000, 0x0000000086100000|  0%| F|  |TAMS 0x0000000086000000, 0x0000000086000000| Untracked 
|  37|0x0000000086100000, 0x0000000086100000, 0x0000000086200000|  0%| F|  |TAMS 0x0000000086100000, 0x0000000086100000| Untracked 
|  38|0x0000000086200000, 0x0000000086200000, 0x0000000086300000|  0%| F|  |TAMS 0x0000000086200000, 0x0000000086200000| Untracked 
|  39|0x0000000086300000, 0x0000000086300000, 0x0000000086400000|  0%| F|  |TAMS 0x0000000086300000, 0x0000000086300000| Untracked 
|  40|0x0000000086400000, 0x0000000086400000, 0x0000000086500000|  0%| F|  |TAMS 0x0000000086400000, 0x0000000086400000| Untracked 
|  41|0x0000000086500000, 0x0000000086500000, 0x0000000086600000|  0%| F|  |TAMS 0x0000000086500000, 0x0000000086500000| Untracked 
|  42|0x0000000086600000, 0x0000000086600000, 0x0000000086700000|  0%| F|  |TAMS 0x0000000086600000, 0x0000000086600000| Untracked 
|  43|0x0000000086700000, 0x0000000086700000, 0x0000000086800000|  0%| F|  |TAMS 0x0000000086700000, 0x0000000086700000| Untracked 
|  44|0x0000000086800000, 0x0000000086800000, 0x0000000086900000|  0%| F|  |TAMS 0x0000000086800000, 0x0000000086800000| Untracked 
|  45|0x0000000086900000, 0x0000000086900000, 0x0000000086a00000|  0%| F|  |TAMS 0x0000000086900000, 0x0000000086900000| Untracked 
|  46|0x0000000086a00000, 0x0000000086a00000, 0x0000000086b00000|  0%| F|  |TAMS 0x0000000086a00000, 0x0000000086a00000| Untracked 
|  47|0x0000000086b00000, 0x0000000086b00000, 0x0000000086c00000|  0%| F|  |TAMS 0x0000000086b00000, 0x0000000086b00000| Untracked 
|  48|0x0000000086c00000, 0x0000000086c00000, 0x0000000086d00000|  0%| F|  |TAMS 0x0000000086c00000, 0x0000000086c00000| Untracked 
|  49|0x0000000086d00000, 0x0000000086d00000, 0x0000000086e00000|  0%| F|  |TAMS 0x0000000086d00000, 0x0000000086d00000| Untracked 
|  50|0x0000000086e00000, 0x0000000086e00000, 0x0000000086f00000|  0%| F|  |TAMS 0x0000000086e00000, 0x0000000086e00000| Untracked 
|  51|0x0000000086f00000, 0x0000000086f00000, 0x0000000087000000|  0%| F|  |TAMS 0x0000000086f00000, 0x0000000086f00000| Untracked 
|  52|0x0000000087000000, 0x0000000087000000, 0x0000000087100000|  0%| F|  |TAMS 0x0000000087000000, 0x0000000087000000| Untracked 
|  53|0x0000000087100000, 0x0000000087100000, 0x0000000087200000|  0%| F|  |TAMS 0x0000000087100000, 0x0000000087100000| Untracked 
|  54|0x0000000087200000, 0x0000000087200000, 0x0000000087300000|  0%| F|  |TAMS 0x0000000087200000, 0x0000000087200000| Untracked 
|  55|0x0000000087300000, 0x0000000087300000, 0x0000000087400000|  0%| F|  |TAMS 0x0000000087300000, 0x0000000087300000| Untracked 
|  56|0x0000000087400000, 0x0000000087400000, 0x0000000087500000|  0%| F|  |TAMS 0x0000000087400000, 0x0000000087400000| Untracked 
|  57|0x0000000087500000, 0x0000000087500000, 0x0000000087600000|  0%| F|  |TAMS 0x0000000087500000, 0x0000000087500000| Untracked 
|  58|0x0000000087600000, 0x0000000087600000, 0x0000000087700000|  0%| F|  |TAMS 0x0000000087600000, 0x0000000087600000| Untracked 
|  59|0x0000000087700000, 0x0000000087700000, 0x0000000087800000|  0%| F|  |TAMS 0x0000000087700000, 0x0000000087700000| Untracked 
|  60|0x0000000087800000, 0x0000000087800000, 0x0000000087900000|  0%| F|  |TAMS 0x0000000087800000, 0x0000000087800000| Untracked 
|  61|0x0000000087900000, 0x0000000087900000, 0x0000000087a00000|  0%| F|  |TAMS 0x0000000087900000, 0x0000000087900000| Untracked 
|  62|0x0000000087a00000, 0x0000000087a00000, 0x0000000087b00000|  0%| F|  |TAMS 0x0000000087a00000, 0x0000000087a00000| Untracked 
|  63|0x0000000087b00000, 0x0000000087b00000, 0x0000000087c00000|  0%| F|  |TAMS 0x0000000087b00000, 0x0000000087b00000| Untracked 
|  64|0x0000000087c00000, 0x0000000087c00000, 0x0000000087d00000|  0%| F|  |TAMS 0x0000000087c00000, 0x0000000087c00000| Untracked 
|  65|0x0000000087d00000, 0x0000000087d00000, 0x0000000087e00000|  0%| F|  |TAMS 0x0000000087d00000, 0x0000000087d00000| Untracked 
|  66|0x0000000087e00000, 0x0000000087e00000, 0x0000000087f00000|  0%| F|  |TAMS 0x0000000087e00000, 0x0000000087e00000| Untracked 
|  67|0x0000000087f00000, 0x0000000087f00000, 0x0000000088000000|  0%| F|  |TAMS 0x0000000087f00000, 0x0000000087f00000| Untracked 
|  68|0x0000000088000000, 0x0000000088000000, 0x0000000088100000|  0%| F|  |TAMS 0x0000000088000000, 0x0000000088000000| Untracked 
|  69|0x0000000088100000, 0x0000000088100000, 0x0000000088200000|  0%| F|  |TAMS 0x0000000088100000, 0x0000000088100000| Untracked 
|  70|0x0000000088200000, 0x0000000088200000, 0x0000000088300000|  0%| F|  |TAMS 0x0000000088200000, 0x0000000088200000| Untracked 
|  71|0x0000000088300000, 0x0000000088300000, 0x0000000088400000|  0%| F|  |TAMS 0x0000000088300000, 0x0000000088300000| Untracked 
|  72|0x0000000088400000, 0x0000000088400000, 0x0000000088500000|  0%| F|  |TAMS 0x0000000088400000, 0x0000000088400000| Untracked 
|  73|0x0000000088500000, 0x0000000088500000, 0x0000000088600000|  0%| F|  |TAMS 0x0000000088500000, 0x0000000088500000| Untracked 
|  74|0x0000000088600000, 0x0000000088600000, 0x0000000088700000|  0%| F|  |TAMS 0x0000000088600000, 0x0000000088600000| Untracked 
|  75|0x0000000088700000, 0x0000000088700000, 0x0000000088800000|  0%| F|  |TAMS 0x0000000088700000, 0x0000000088700000| Untracked 
|  76|0x0000000088800000, 0x0000000088800000, 0x0000000088900000|  0%| F|  |TAMS 0x0000000088800000, 0x0000000088800000| Untracked 
|  77|0x0000000088900000, 0x0000000088900000, 0x0000000088a00000|  0%| F|  |TAMS 0x0000000088900000, 0x0000000088900000| Untracked 
|  78|0x0000000088a00000, 0x0000000088a00000, 0x0000000088b00000|  0%| F|  |TAMS 0x0000000088a00000, 0x0000000088a00000| Untracked 
|  79|0x0000000088b00000, 0x0000000088b00000, 0x0000000088c00000|  0%| F|  |TAMS 0x0000000088b00000, 0x0000000088b00000| Untracked 
|  80|0x0000000088c00000, 0x0000000088c00000, 0x0000000088d00000|  0%| F|  |TAMS 0x0000000088c00000, 0x0000000088c00000| Untracked 
|  81|0x0000000088d00000, 0x0000000088d00000, 0x0000000088e00000|  0%| F|  |TAMS 0x0000000088d00000, 0x0000000088d00000| Untracked 
|  82|0x0000000088e00000, 0x0000000088e00000, 0x0000000088f00000|  0%| F|  |TAMS 0x0000000088e00000, 0x0000000088e00000| Untracked 
|  83|0x0000000088f00000, 0x0000000088f00000, 0x0000000089000000|  0%| F|  |TAMS 0x0000000088f00000, 0x0000000088f00000| Untracked 
|  84|0x0000000089000000, 0x0000000089000000, 0x0000000089100000|  0%| F|  |TAMS 0x0000000089000000, 0x0000000089000000| Untracked 
|  85|0x0000000089100000, 0x0000000089100000, 0x0000000089200000|  0%| F|  |TAMS 0x0000000089100000, 0x0000000089100000| Untracked 
|  86|0x0000000089200000, 0x0000000089200000, 0x0000000089300000|  0%| F|  |TAMS 0x0000000089200000, 0x0000000089200000| Untracked 
|  87|0x0000000089300000, 0x0000000089300000, 0x0000000089400000|  0%| F|  |TAMS 0x0000000089300000, 0x0000000089300000| Untracked 
|  88|0x0000000089400000, 0x0000000089400000, 0x0000000089500000|  0%| F|  |TAMS 0x0000000089400000, 0x0000000089400000| Untracked 
|  89|0x0000000089500000, 0x0000000089500000, 0x0000000089600000|  0%| F|  |TAMS 0x0000000089500000, 0x0000000089500000| Untracked 
|  90|0x0000000089600000, 0x0000000089600000, 0x0000000089700000|  0%| F|  |TAMS 0x0000000089600000, 0x0000000089600000| Untracked 
|  91|0x0000000089700000, 0x0000000089700000, 0x0000000089800000|  0%| F|  |TAMS 0x0000000089700000, 0x0000000089700000| Untracked 
|  92|0x0000000089800000, 0x0000000089800000, 0x0000000089900000|  0%| F|  |TAMS 0x0000000089800000, 0x0000000089800000| Untracked 
|  93|0x0000000089900000, 0x0000000089900000, 0x0000000089a00000|  0%| F|  |TAMS 0x0000000089900000, 0x0000000089900000| Untracked 
|  94|0x0000000089a00000, 0x0000000089a00000, 0x0000000089b00000|  0%| F|  |TAMS 0x0000000089a00000, 0x0000000089a00000| Untracked 
|  95|0x0000000089b00000, 0x0000000089b00000, 0x0000000089c00000|  0%| F|  |TAMS 0x0000000089b00000, 0x0000000089b00000| Untracked 
|  96|0x0000000089c00000, 0x0000000089c00000, 0x0000000089d00000|  0%| F|  |TAMS 0x0000000089c00000, 0x0000000089c00000| Untracked 
|  97|0x0000000089d00000, 0x0000000089d00000, 0x0000000089e00000|  0%| F|  |TAMS 0x0000000089d00000, 0x0000000089d00000| Untracked 
|  98|0x0000000089e00000, 0x0000000089e00000, 0x0000000089f00000|  0%| F|  |TAMS 0x0000000089e00000, 0x0000000089e00000| Untracked 
|  99|0x0000000089f00000, 0x0000000089f00000, 0x000000008a000000|  0%| F|  |TAMS 0x0000000089f00000, 0x0000000089f00000| Untracked 
| 100|0x000000008a000000, 0x000000008a000000, 0x000000008a100000|  0%| F|  |TAMS 0x000000008a000000, 0x000000008a000000| Untracked 
| 101|0x000000008a100000, 0x000000008a100000, 0x000000008a200000|  0%| F|  |TAMS 0x000000008a100000, 0x000000008a100000| Untracked 
| 102|0x000000008a200000, 0x000000008a200000, 0x000000008a300000|  0%| F|  |TAMS 0x000000008a200000, 0x000000008a200000| Untracked 
| 103|0x000000008a300000, 0x000000008a300000, 0x000000008a400000|  0%| F|  |TAMS 0x000000008a300000, 0x000000008a300000| Untracked 
| 104|0x000000008a400000, 0x000000008a400000, 0x000000008a500000|  0%| F|  |TAMS 0x000000008a400000, 0x000000008a400000| Untracked 
| 105|0x000000008a500000, 0x000000008a500000, 0x000000008a600000|  0%| F|  |TAMS 0x000000008a500000, 0x000000008a500000| Untracked 
| 106|0x000000008a600000, 0x000000008a600000, 0x000000008a700000|  0%| F|  |TAMS 0x000000008a600000, 0x000000008a600000| Untracked 
| 107|0x000000008a700000, 0x000000008a700000, 0x000000008a800000|  0%| F|  |TAMS 0x000000008a700000, 0x000000008a700000| Untracked 
| 108|0x000000008a800000, 0x000000008a800000, 0x000000008a900000|  0%| F|  |TAMS 0x000000008a800000, 0x000000008a800000| Untracked 
| 109|0x000000008a900000, 0x000000008a900000, 0x000000008aa00000|  0%| F|  |TAMS 0x000000008a900000, 0x000000008a900000| Untracked 
| 110|0x000000008aa00000, 0x000000008aa00000, 0x000000008ab00000|  0%| F|  |TAMS 0x000000008aa00000, 0x000000008aa00000| Untracked 
| 111|0x000000008ab00000, 0x000000008ab00000, 0x000000008ac00000|  0%| F|  |TAMS 0x000000008ab00000, 0x000000008ab00000| Untracked 
| 112|0x000000008ac00000, 0x000000008ac00000, 0x000000008ad00000|  0%| F|  |TAMS 0x000000008ac00000, 0x000000008ac00000| Untracked 
| 113|0x000000008ad00000, 0x000000008ad00000, 0x000000008ae00000|  0%| F|  |TAMS 0x000000008ad00000, 0x000000008ad00000| Untracked 
| 114|0x000000008ae00000, 0x000000008ae00000, 0x000000008af00000|  0%| F|  |TAMS 0x000000008ae00000, 0x000000008ae00000| Untracked 
| 115|0x000000008af00000, 0x000000008af00000, 0x000000008b000000|  0%| F|  |TAMS 0x000000008af00000, 0x000000008af00000| Untracked 
| 116|0x000000008b000000, 0x000000008b000000, 0x000000008b100000|  0%| F|  |TAMS 0x000000008b000000, 0x000000008b000000| Untracked 
| 117|0x000000008b100000, 0x000000008b100000, 0x000000008b200000|  0%| F|  |TAMS 0x000000008b100000, 0x000000008b100000| Untracked 
| 118|0x000000008b200000, 0x000000008b200000, 0x000000008b300000|  0%| F|  |TAMS 0x000000008b200000, 0x000000008b200000| Untracked 
| 119|0x000000008b300000, 0x000000008b376498, 0x000000008b400000| 46%| E|  |TAMS 0x000000008b300000, 0x000000008b300000| Complete 
| 120|0x000000008b400000, 0x000000008b500000, 0x000000008b500000|100%| E|CS|TAMS 0x000000008b400000, 0x000000008b400000| Complete 
| 121|0x000000008b500000, 0x000000008b600000, 0x000000008b600000|100%| E|CS|TAMS 0x000000008b500000, 0x000000008b500000| Complete 
| 122|0x000000008b600000, 0x000000008b700000, 0x000000008b700000|100%| E|CS|TAMS 0x000000008b600000, 0x000000008b600000| Complete 
| 123|0x000000008b700000, 0x000000008b800000, 0x000000008b800000|100%| E|CS|TAMS 0x000000008b700000, 0x000000008b700000| Complete 
| 124|0x000000008b800000, 0x000000008b900000, 0x000000008b900000|100%| E|CS|TAMS 0x000000008b800000, 0x000000008b800000| Complete 
| 125|0x000000008b900000, 0x000000008ba00000, 0x000000008ba00000|100%| E|CS|TAMS 0x000000008b900000, 0x000000008b900000| Complete 

Card table byte_map: [0x0000021c7b040000,0x0000021c7b430000] _byte_map_base: 0x0000021c7ac22000

Marking Bits (Prev, Next): (CMBitMap*) 0x0000021c641098f0, (CMBitMap*) 0x0000021c64109930
 Prev Bits: [0x0000021c7b820000, 0x0000021c7d730000)
 Next Bits: [0x0000021c7d730000, 0x0000021c7f640000)

Polling page: 0x0000021c63880000

Metaspace:

Usage:
  Non-class:      6.61 MB used.
      Class:    867.69 KB used.
       Both:      7.46 MB used.

Virtual space:
  Non-class space:        8.00 MB reserved,       6.69 MB ( 84%) committed,  1 nodes.
      Class space:        1.00 GB reserved,     960.00 KB ( <1%) committed,  1 nodes.
             Both:        1.01 GB reserved,       7.62 MB ( <1%) committed. 

Chunk freelists:
   Non-Class:  1.00 MB
       Class:  3.12 MB
        Both:  4.12 MB

MaxMetaspaceSize: unlimited
CompressedClassSpaceSize: 1.00 GB
Initial GC threshold: 21.00 MB
Current GC threshold: 21.00 MB
CDS: on
MetaspaceReclaimPolicy: balanced
 - commit_granule_bytes: 65536.
 - commit_granule_words: 8192.
 - virtual_space_node_default_size: 1048576.
 - enlarge_chunks_in_place: 1.
 - new_chunks_are_fully_committed: 0.
 - uncommit_free_chunks: 1.
 - use_allocation_guard: 0.
 - handle_deallocations: 1.


Internal statistics:

num_allocs_failed_limit: 0.
num_arena_births: 106.
num_arena_deaths: 0.
num_vsnodes_births: 2.
num_vsnodes_deaths: 0.
num_space_committed: 122.
num_space_uncommitted: 0.
num_chunks_returned_to_freelist: 0.
num_chunks_taken_from_freelist: 153.
num_chunk_merges: 0.
num_chunk_splits: 81.
num_chunks_enlarged: 21.
num_purges: 0.
num_inconsistent_stats: 0.

CodeHeap 'non-profiled nmethods': size=120000Kb used=247Kb max_used=247Kb free=119752Kb
 bounds [0x0000021c733f0000, 0x0000021c73660000, 0x0000021c7a920000]
CodeHeap 'profiled nmethods': size=120000Kb used=1481Kb max_used=1481Kb free=118518Kb
 bounds [0x0000021c6bec0000, 0x0000021c6c130000, 0x0000021c733f0000]
CodeHeap 'non-nmethods': size=5760Kb used=1273Kb max_used=1288Kb free=4486Kb
 bounds [0x0000021c6b920000, 0x0000021c6bb90000, 0x0000021c6bec0000]
 total_blobs=1493 nmethods=907 adapters=499
 compilation: enabled
              stopped_count=0, restarted_count=0
 full_count=0

Compilation events (20 events):
Event: 20360.521 Thread 0x0000021c021c5f60  899       4       java.util.HashMap::hash (20 bytes)
Event: 20360.525 Thread 0x0000021c021c5f60 nmethod 899 0x0000021c7342d310 code [0x0000021c7342d480, 0x0000021c7342d558]
Event: 20360.533 Thread 0x0000021c021d2f20  900       3       java.lang.Integer::equals (29 bytes)
Event: 20360.534 Thread 0x0000021c021d2f20 nmethod 900 0x0000021c6c02f990 code [0x0000021c6c02fb40, 0x0000021c6c02ff38]
Event: 20360.534 Thread 0x0000021c021d2f20  901       3       java.util.IdentityHashMap$IdentityHashMapIterator::nextIndex (72 bytes)
Event: 20360.539 Thread 0x0000021c021d2f20 nmethod 901 0x0000021c6c030010 code [0x0000021c6c0301e0, 0x0000021c6c030568]
Event: 20557.747 Thread 0x0000021c021d2f20  902  s    3       sun.awt.windows.WDesktopProperties::setColorProperty (91 bytes)
Event: 20557.758 Thread 0x0000021c021d2f20 nmethod 902 0x0000021c6c030710 code [0x0000021c6c030920, 0x0000021c6c030fe8]
Event: 20557.900 Thread 0x0000021c021c5f60  903       4       java.lang.String::compareTo (9 bytes)
Event: 20557.900 Thread 0x0000021c021d2f20  905       3       java.util.concurrent.locks.AbstractQueuedSynchronizer$Node::setPrevRelaxed (12 bytes)
Event: 20557.902 Thread 0x0000021c021d2f20 nmethod 905 0x0000021c6c031290 code [0x0000021c6c031420, 0x0000021c6c031578]
Event: 20557.902 Thread 0x0000021c021d2f20  907       3       java.util.concurrent.locks.AbstractQueuedSynchronizer$Node::clearStatus (12 bytes)
Event: 20557.902 Thread 0x0000021c021d2f20 nmethod 907 0x0000021c6c031610 code [0x0000021c6c0317c0, 0x0000021c6c031968]
Event: 20557.902 Thread 0x0000021c021d2f20  906       3       java.util.concurrent.locks.AbstractQueuedSynchronizer::casTail (13 bytes)
Event: 20557.902 Thread 0x0000021c021d2f20 nmethod 906 0x0000021c6c031a10 code [0x0000021c6c031ba0, 0x0000021c6c031d18]
Event: 20557.903 Thread 0x0000021c021c5f60 nmethod 903 0x0000021c7342d610 code [0x0000021c7342d7a0, 0x0000021c7342d9f8]
Event: 20557.903 Thread 0x0000021c021c5f60  904       4       java.lang.String::compareTo (63 bytes)
Event: 20557.904 Thread 0x0000021c021c5f60 nmethod 904 0x0000021c7342db10 code [0x0000021c7342dc80, 0x0000021c7342deb8]
Event: 20571.241 Thread 0x0000021c021d2f20  908       3       java.awt.Color::equals (27 bytes)
Event: 20571.243 Thread 0x0000021c021d2f20 nmethod 908 0x0000021c6c031d90 code [0x0000021c6c031f40, 0x0000021c6c032418]

GC Heap History (0 events):
No events

Deoptimization events (8 events):
Event: 0.171 Thread 0x0000021c640af4f0 Uncommon trap: trap_request=0xffffff45 fr.pc=0x0000021c733fea5c relative=0x000000000000087c
Event: 0.171 Thread 0x0000021c640af4f0 Uncommon trap: reason=unstable_if action=reinterpret pc=0x0000021c733fea5c method=java.util.HashMap.putVal(ILjava/lang/Object;Ljava/lang/Object;ZZ)Ljava/lang/Object; @ 81 c2
Event: 0.171 Thread 0x0000021c640af4f0 DEOPT PACKING pc=0x0000021c733fea5c sp=0x00000044c8efe2e0
Event: 0.171 Thread 0x0000021c640af4f0 DEOPT UNPACKING pc=0x0000021c6b975ba3 sp=0x00000044c8efe280 mode 2
Event: 0.295 Thread 0x0000021c640af4f0 Uncommon trap: trap_request=0xffffff45 fr.pc=0x0000021c73418d70 relative=0x00000000000004b0
Event: 0.295 Thread 0x0000021c640af4f0 Uncommon trap: reason=unstable_if action=reinterpret pc=0x0000021c73418d70 method=java.lang.StringLatin1.replace([BCC)Ljava/lang/String; @ 19 c2
Event: 0.295 Thread 0x0000021c640af4f0 DEOPT PACKING pc=0x0000021c73418d70 sp=0x00000044c8efe630
Event: 0.295 Thread 0x0000021c640af4f0 DEOPT UNPACKING pc=0x0000021c6b975ba3 sp=0x00000044c8efe5b0 mode 2

Classes unloaded (0 events):
No events

Classes redefined (0 events):
No events

Internal exceptions (16 events):
Event: 0.055 Thread 0x0000021c640af4f0 Exception <a 'sun/nio/fs/WindowsException'{0x000000008b83fe10}> (0x000000008b83fe10) 
thrown [s\open\src\hotspot\share\prims\jni.cpp, line 516]
Event: 0.056 Thread 0x0000021c640af4f0 Exception <a 'sun/nio/fs/WindowsException'{0x000000008b8403d0}> (0x000000008b8403d0) 
thrown [s\open\src\hotspot\share\prims\jni.cpp, line 516]
Event: 0.057 Thread 0x0000021c640af4f0 Exception <a 'sun/nio/fs/WindowsException'{0x000000008b842a08}> (0x000000008b842a08) 
thrown [s\open\src\hotspot\share\prims\jni.cpp, line 516]
Event: 0.057 Thread 0x0000021c640af4f0 Exception <a 'sun/nio/fs/WindowsException'{0x000000008b8435b8}> (0x000000008b8435b8) 
thrown [s\open\src\hotspot\share\prims\jni.cpp, line 516]
Event: 0.087 Thread 0x0000021c640af4f0 Exception <a 'java/lang/ClassNotFoundException'{0x000000008b8e3088}: sun/awt/resources/spi/awtProvider> (0x000000008b8e3088) 
thrown [s\open\src\hotspot\share\classfile\systemDictionary.cpp, line 256]
Event: 0.105 Thread 0x0000021c640af4f0 Exception <a 'java/io/FileNotFoundException'{0x000000008b737db8}> (0x000000008b737db8) 
thrown [s\open\src\hotspot\share\prims\jni.cpp, line 516]
Event: 0.111 Thread 0x0000021c640af4f0 Exception <a 'java/io/FileNotFoundException'{0x000000008b764ce8}> (0x000000008b764ce8) 
thrown [s\open\src\hotspot\share\prims\jni.cpp, line 516]
Event: 0.141 Thread 0x0000021c640af4f0 Exception <a 'java/lang/NoSuchMethodError'{0x000000008b7a9400}: 'java.lang.Object java.lang.invoke.DirectMethodHandle$Holder.invokeStaticInit(java.lang.Object)'> (0x000000008b7a9400) 
thrown [s\open\src\hotspot\share\interpreter\linkResolver.cpp, line 759]
Event: 0.173 Thread 0x0000021c640af4f0 Exception <a 'java/lang/NoSuchMethodError'{0x000000008b606c98}: 'void java.lang.invoke.DirectMethodHandle$Holder.invokeSpecial(java.lang.Object, java.lang.Object, java.lang.Object)'> (0x000000008b606c98) 
thrown [s\open\src\hotspot\share\interpreter\linkResolver.cpp, line 759]
Event: 0.180 Thread 0x0000021c640af4f0 Exception <a 'java/lang/NoSuchMethodError'{0x000000008b630e98}: 'java.lang.Object java.lang.invoke.DirectMethodHandle$Holder.newInvokeSpecial(java.lang.Object, java.lang.Object, java.lang.Object, java.lang.Object, java.lang.Object)'> (0x000000008b630e98) 
thrown [s\open\src\hotspot\share\interpreter\linkResolver.cpp, line 759]
Event: 0.181 Thread 0x0000021c640af4f0 Exception <a 'java/lang/NoSuchMethodError'{0x000000008b63c860}: 'java.lang.Object java.lang.invoke.DirectMethodHandle$Holder.invokeStatic(java.lang.Object, int, java.lang.Object, java.lang.Object, java.lang.Object, java.lang.Object)'> (0x000000008b63c860) 
thrown [s\open\src\hotspot\share\interpreter\linkResolver.cpp, line 759]
Event: 0.186 Thread 0x0000021c640af4f0 Exception <a 'java/lang/NoSuchMethodError'{0x000000008b662020}: 'java.lang.Object java.lang.invoke.DirectMethodHandle$Holder.invokeStatic(java.lang.Object, int, java.lang.Object)'> (0x000000008b662020) 
thrown [s\open\src\hotspot\share\interpreter\linkResolver.cpp, line 759]
Event: 0.204 Thread 0x0000021c640af4f0 Exception <a 'java/lang/ClassNotFoundException'{0x000000008b51a5c8}: com/sun/swing/internal/plaf/metal/resources/spi/metalProvider> (0x000000008b51a5c8) 
thrown [s\open\src\hotspot\share\classfile\systemDictionary.cpp, line 256]
Event: 0.204 Thread 0x0000021c640af4f0 Exception <a 'java/lang/ClassNotFoundException'{0x000000008b51e3d0}: com/sun/swing/internal/plaf/basic/resources/spi/basicProvider> (0x000000008b51e3d0) 
thrown [s\open\src\hotspot\share\classfile\systemDictionary.cpp, line 256]
Event: 0.247 Thread 0x0000021c02deddb0 Exception <a 'java/lang/NoSuchMethodError'{0x000000008b7fc2e8}: 'void java.lang.invoke.DirectMethodHandle$Holder.invokeVirtual(java.lang.Object, java.lang.Object)'> (0x000000008b7fc2e8) 
thrown [s\open\src\hotspot\share\interpreter\linkResolver.cpp, line 759]
Event: 0.267 Thread 0x0000021c640af4f0 Exception <a 'java/lang/NoSuchMethodError'{0x000000008b405ca0}: 'void java.lang.invoke.DirectMethodHandle$Holder.invokeStaticInit(java.lang.Object)'> (0x000000008b405ca0) 
thrown [s\open\src\hotspot\share\interpreter\linkResolver.cpp, line 759]

VM Operations (20 events):
Event: 2.434 Executing VM operation: Cleanup
Event: 2.434 Executing VM operation: Cleanup done
Event: 3.435 Executing VM operation: Cleanup
Event: 3.435 Executing VM operation: Cleanup done
Event: 4.446 Executing VM operation: Cleanup
Event: 4.446 Executing VM operation: Cleanup done
Event: 5.460 Executing VM operation: Cleanup
Event: 5.460 Executing VM operation: Cleanup done
Event: 7.482 Executing VM operation: Cleanup
Event: 7.482 Executing VM operation: Cleanup done
Event: 1217.901 Executing VM operation: Cleanup
Event: 1217.901 Executing VM operation: Cleanup done
Event: 5677.903 Executing VM operation: Cleanup
Event: 5677.920 Executing VM operation: Cleanup done
Event: 5678.925 Executing VM operation: Cleanup
Event: 5678.925 Executing VM operation: Cleanup done
Event: 6912.403 Executing VM operation: Cleanup
Event: 6912.403 Executing VM operation: Cleanup done
Event: 26321.314 Executing VM operation: Cleanup
Event: 26321.331 Executing VM operation: Cleanup done

Events (20 events):
Event: 0.435 loading class java/util/concurrent/locks/AbstractQueuedSynchronizer$ExclusiveNode done
Event: 0.435 loading class java/util/concurrent/TimeUnit$1
Event: 0.435 loading class java/util/concurrent/TimeUnit$1 done
Event: 0.940 loading class javax/swing/Timer$1
Event: 0.940 loading class javax/swing/Timer$1 done
Event: 0.941 Thread 0x0000021c02d06c70 Thread exited: 0x0000021c02d06c70
Event: 1.422 loading class java/awt/LightweightDispatcher$2
Event: 1.422 loading class java/awt/LightweightDispatcher$2 done
Event: 2.289 loading class java/awt/Canvas
Event: 2.289 loading class java/awt/Canvas done
Event: 2.289 loading class java/awt/Scrollbar
Event: 2.289 loading class java/awt/Adjustable
Event: 2.289 loading class java/awt/Adjustable done
Event: 2.289 loading class java/awt/Scrollbar done
Event: 2.512 loading class java/awt/Event
Event: 2.513 loading class java/awt/Event done
Event: 7.295 loading class java/awt/KeyboardFocusManager$2
Event: 7.296 loading class java/awt/KeyboardFocusManager$2 done
Event: 7.296 loading class sun/awt/SunToolkit$1
Event: 7.296 loading class sun/awt/SunToolkit$1 done


Dynamic libraries:
0x00007ff611b60000 - 0x00007ff611b70000 	C:\Program Files\Java\jdk-17.0.5\bin\java.exe
0x00007ff9b8500000 - 0x00007ff9b8709000 	C:\WINDOWS\SYSTEM32\ntdll.dll
0x00007ff9b6730000 - 0x00007ff9b67ed000 	C:\WINDOWS\System32\KERNEL32.DLL
0x00007ff9b59d0000 - 0x00007ff9b5d4b000 	C:\WINDOWS\System32\KERNELBASE.dll
0x00007ff9b01e0000 - 0x00007ff9b0272000 	C:\WINDOWS\SYSTEM32\apphelp.dll
0x00007ff9b6030000 - 0x00007ff9b6141000 	C:\WINDOWS\System32\ucrtbase.dll
0x00007ff9a63c0000 - 0x00007ff9a63d8000 	C:\Program Files\Java\jdk-17.0.5\bin\jli.dll
0x00007ff9ae980000 - 0x00007ff9ae99a000 	C:\Program Files\Java\jdk-17.0.5\bin\VCRUNTIME140.dll
0x00007ff9b7a00000 - 0x00007ff9b7aae000 	C:\WINDOWS\System32\ADVAPI32.dll
0x00007ff9b8050000 - 0x00007ff9b80f3000 	C:\WINDOWS\System32\msvcrt.dll
0x00007ff9b67f0000 - 0x00007ff9b688e000 	C:\WINDOWS\System32\sechost.dll
0x00007ff9b6a90000 - 0x00007ff9b6bb0000 	C:\WINDOWS\System32\RPCRT4.dll
0x00007ff9b63a0000 - 0x00007ff9b654d000 	C:\WINDOWS\System32\USER32.dll
0x00007ff9b5dd0000 - 0x00007ff9b5df6000 	C:\WINDOWS\System32\win32u.dll
0x00007ff99c280000 - 0x00007ff99c525000 	C:\WINDOWS\WinSxS\amd64_microsoft.windows.common-controls_6595b64144ccf1df_6.0.22000.120_none_9d947278b86cc467\COMCTL32.dll
0x00007ff9b8370000 - 0x00007ff9b8399000 	C:\WINDOWS\System32\GDI32.dll
0x00007ff9b61c0000 - 0x00007ff9b62d8000 	C:\WINDOWS\System32\gdi32full.dll
0x00007ff9b62e0000 - 0x00007ff9b637d000 	C:\WINDOWS\System32\msvcp_win.dll
0x00007ff9ad3c0000 - 0x00007ff9ad3ca000 	C:\WINDOWS\SYSTEM32\VERSION.dll
0x00007ff9b6980000 - 0x00007ff9b69b1000 	C:\WINDOWS\System32\IMM32.DLL
0x00007ff9ae970000 - 0x00007ff9ae97c000 	C:\Program Files\Java\jdk-17.0.5\bin\vcruntime140_1.dll
0x00007ff9a63e0000 - 0x00007ff9a646d000 	C:\Program Files\Java\jdk-17.0.5\bin\msvcp140.dll
0x00007ff965ac0000 - 0x00007ff966682000 	C:\Program Files\Java\jdk-17.0.5\bin\server\jvm.dll
0x00007ff9b8360000 - 0x00007ff9b8368000 	C:\WINDOWS\System32\PSAPI.DLL
0x00007ff9ae630000 - 0x00007ff9ae663000 	C:\WINDOWS\SYSTEM32\WINMM.dll
0x00007ff9aec40000 - 0x00007ff9aec49000 	C:\WINDOWS\SYSTEM32\WSOCK32.dll
0x00007ff9b7930000 - 0x00007ff9b799f000 	C:\WINDOWS\System32\WS2_32.dll
0x00007ff9b4b40000 - 0x00007ff9b4b58000 	C:\WINDOWS\SYSTEM32\kernel.appcore.dll
0x00007ff9ae830000 - 0x00007ff9ae83a000 	C:\Program Files\Java\jdk-17.0.5\bin\jimage.dll
0x00007ff9b34d0000 - 0x00007ff9b36f1000 	C:\WINDOWS\SYSTEM32\DBGHELP.DLL
0x00007ff9a5cb0000 - 0x00007ff9a5ce1000 	C:\WINDOWS\SYSTEM32\dbgcore.DLL
0x00007ff9b5d50000 - 0x00007ff9b5dcf000 	C:\WINDOWS\System32\bcryptPrimitives.dll
0x00007ff9ac280000 - 0x00007ff9ac2a5000 	C:\Program Files\Java\jdk-17.0.5\bin\java.dll
0x00007ff993780000 - 0x00007ff993856000 	C:\Program Files\Java\jdk-17.0.5\bin\jsvml.dll
0x00007ff9b7030000 - 0x00007ff9b77e8000 	C:\WINDOWS\System32\SHELL32.dll
0x00007ff9b3ad0000 - 0x00007ff9b4335000 	C:\WINDOWS\SYSTEM32\windows.storage.dll
0x00007ff9b7ab0000 - 0x00007ff9b7e27000 	C:\WINDOWS\System32\combase.dll
0x00007ff9b3960000 - 0x00007ff9b3ac6000 	C:\WINDOWS\SYSTEM32\wintypes.dll
0x00007ff9b6890000 - 0x00007ff9b697a000 	C:\WINDOWS\System32\SHCORE.dll
0x00007ff9b78d0000 - 0x00007ff9b792d000 	C:\WINDOWS\System32\shlwapi.dll
0x00007ff9b5900000 - 0x00007ff9b5921000 	C:\WINDOWS\SYSTEM32\profapi.dll
0x00007ff9ad980000 - 0x00007ff9ad999000 	C:\Program Files\Java\jdk-17.0.5\bin\net.dll
0x00007ff9aed80000 - 0x00007ff9aee8c000 	C:\WINDOWS\SYSTEM32\WINHTTP.dll
0x00007ff9b4fe0000 - 0x00007ff9b5047000 	C:\WINDOWS\system32\mswsock.dll
0x00007ff9ad580000 - 0x00007ff9ad596000 	C:\Program Files\Java\jdk-17.0.5\bin\nio.dll
0x00007ff981ce0000 - 0x00007ff981e6f000 	C:\Program Files\Java\jdk-17.0.5\bin\awt.dll
0x00007ff9b77f0000 - 0x00007ff9b78c6000 	C:\WINDOWS\System32\OLEAUT32.dll
0x00007ff9b2d60000 - 0x00007ff9b2d8f000 	C:\WINDOWS\system32\DWMAPI.DLL
0x00007ff9b02d0000 - 0x00007ff9b037c000 	C:\WINDOWS\system32\uxtheme.dll
0x00007ff997e20000 - 0x00007ff997f21000 	C:\WINDOWS\system32\opengl32.dll
0x00007ff9a3310000 - 0x00007ff9a333d000 	C:\WINDOWS\SYSTEM32\GLU32.dll
0x00007ff9b2cf0000 - 0x00007ff9b2d28000 	C:\WINDOWS\SYSTEM32\dxcore.dll
0x00007ff9b83a0000 - 0x00007ff9b84bd000 	C:\WINDOWS\System32\MSCTF.dll
0x00007ff9b7eb0000 - 0x00007ff9b804a000 	C:\WINDOWS\System32\ole32.dll
0x00007ff9a50d0000 - 0x00007ff9a5156000 	C:\Program Files\Java\jdk-17.0.5\bin\freetype.dll
0x00007ff9936b0000 - 0x00007ff993775000 	C:\Program Files\Java\jdk-17.0.5\bin\fontmanager.dll
0x00007ff9b6560000 - 0x00007ff9b6615000 	C:\WINDOWS\System32\clbcatq.dll
0x00007ff992d00000 - 0x00007ff992eae000 	C:\WINDOWS\SYSTEM32\WindowsCodecs.dll
0x00007ff993860000 - 0x00007ff9938bd000 	C:\WINDOWS\system32\dataexchange.dll
0x00007ff9ae3c0000 - 0x00007ff9ae626000 	C:\WINDOWS\system32\twinapi.appcore.dll
0x00007ff996850000 - 0x00007ff99697d000 	C:\WINDOWS\SYSTEM32\textinputframework.dll
0x00007ff9afee0000 - 0x00007ff9b0011000 	C:\WINDOWS\SYSTEM32\CoreMessaging.dll
0x00007ff995520000 - 0x00007ff99588d000 	C:\WINDOWS\SYSTEM32\CoreUIComponents.dll
0x00007ff9b5240000 - 0x00007ff9b524c000 	C:\WINDOWS\SYSTEM32\CRYPTBASE.DLL

dbghelp: loaded successfully - version: 4.0.5 - missing functions: none
symbol engine: initialized successfully - sym options: 0x614 - pdb path: .;C:\Program Files\Java\jdk-17.0.5\bin;C:\WINDOWS\SYSTEM32;C:\WINDOWS\WinSxS\amd64_microsoft.windows.common-controls_6595b64144ccf1df_6.0.22000.120_none_9d947278b86cc467;C:\Program Files\Java\jdk-17.0.5\bin\server

VM Arguments:
jvm_args: -Dfile.encoding=UTF-8 --module-path=C:\Users\Darshan\OneDrive\Documents\NetBeansProjects\Travel Management System\build\classes 
java_command: travel.management.system.Signup
java_class_path (initial): C:\Users\Darshan\OneDrive\Documents\NetBeansProjects\Travel Management System\build\classes
Launcher Type: SUN_STANDARD

[Global flags]
     intx CICompilerCount                          = 4                                         {product} {ergonomic}
     uint ConcGCThreads                            = 2                                         {product} {ergonomic}
     uint G1ConcRefinementThreads                  = 8                                         {product} {ergonomic}
   size_t G1HeapRegionSize                         = 1048576                                   {product} {ergonomic}
    uintx GCDrainStackTargetSize                   = 64                                        {product} {ergonomic}
   size_t InitialHeapSize                          = 132120576                                 {product} {ergonomic}
   size_t MarkStackSize                            = 4194304                                   {product} {ergonomic}
   size_t MaxHeapSize                              = 2084569088                                {product} {ergonomic}
   size_t MaxNewSize                               = 1249902592                                {product} {ergonomic}
   size_t MinHeapDeltaBytes                        = 1048576                                   {product} {ergonomic}
   size_t MinHeapSize                              = 8388608                                   {product} {ergonomic}
    uintx NonNMethodCodeHeapSize                   = 5839372                                {pd product} {ergonomic}
    uintx NonProfiledCodeHeapSize                  = 122909434                              {pd product} {ergonomic}
    uintx ProfiledCodeHeapSize                     = 122909434                              {pd product} {ergonomic}
    uintx ReservedCodeCacheSize                    = 251658240                              {pd product} {ergonomic}
     bool SegmentedCodeCache                       = true                                      {product} {ergonomic}
   size_t SoftMaxHeapSize                          = 2084569088                             {manageable} {ergonomic}
     bool UseCompressedClassPointers               = true                           {product lp64_product} {ergonomic}
     bool UseCompressedOops                        = true                           {product lp64_product} {ergonomic}
     bool UseG1GC                                  = true                                      {product} {ergonomic}
     bool UseLargePagesIndividualAllocation        = false                                  {pd product} {ergonomic}

Logging:
Log output configuration:
 #0: stdout all=warning uptime,level,tags
 #1: stderr all=off uptime,level,tags

Environment Variables:
PATH=C:\Program Files\Common Files\Oracle\Java\javapath;C:\Program Files\Eclipse Adoptium\jdk-17.0.4.101-hotspot\bin;C:\windows\system32;C:\windows;C:\windows\System32\Wbem;C:\windows\System32\WindowsPowerShell\v1.0\;C:\windows\System32\OpenSSH\;C:\Program Files (x86)\NVIDIA Corporation\PhysX\Common;C:\WINDOWS\system32;C:\WINDOWS;C:\WINDOWS\System32\Wbem;C:\WINDOWS\System32\WindowsPowerShell\v1.0\;C:\WINDOWS\System32\OpenSSH\;C:\Program Files\Git\cmd;C:\ProgramData\chocolatey\bin;C:\Program Files\nodejs\;C:\Program Files\NVIDIA Corporation\NVIDIA NvDLISR;C:\Program Files\Java\jdk-17.0.5;C:\Users\Darshan\anaconda3;C:\Users\Darshan\anaconda3\Library\mingw-w64\bin;C:\Users\Darshan\anaconda3\Library\usr\bin;C:\Users\Darshan\anaconda3\Library\bin;C:\Users\Darshan\anaconda3\Scripts;C:\Users\Darshan\AppData\Local\Microsoft\WindowsApps;C:\Users\Darshan\AppData\Local\atom\bin;C:\Users\Darshan\AppData\Local\Programs\Microsoft VS Code\bin;C:\Users\Darshan\AppData\Local\Programs\Hyper\resources\bin;C:\Users\Darshan\AppData\Roaming\npm
USERNAME=Darshan
OS=Windows_NT
PROCESSOR_IDENTIFIER=Intel64 Family 6 Model 140 Stepping 1, GenuineIntel



---------------  S Y S T E M  ---------------

OS:
 Windows 11 , 64 bit Build 22000 (10.0.22000.708)
OS uptime: 41 days 23:41 hours

CPU: total 8 (initial active 8) (4 cores per cpu, 2 threads per core) family 6 model 140 stepping 1 microcode 0x86, cx8, cmov, fxsr, ht, mmx, 3dnowpref, sse, sse2, sse3, ssse3, sse4.1, sse4.2, popcnt, lzcnt, tsc, tscinvbit, avx, avx2, aes, erms, clmul, bmi1, bmi2, adx, avx512f, avx512dq, avx512cd, avx512bw, avx512vl, sha, fma, vzeroupper, avx512_vpopcntdq, avx512_vpclmulqdq, avx512_vaes, avx512_vnni, clflush, clflushopt, clwb, avx512_vbmi2, avx512_vbmi

Memory: 4k page, system-wide physical 7948M (493M free)
TotalPageFile size 32524M (AvailPageFile size 1648M)
current process WorkingSet (physical memory assigned to process): 20M, peak: 67M
current process commit charge ("private bytes"): 223M, peak: 227M

vm_info: Java HotSpot(TM) 64-Bit Server VM (17.0.5+9-LTS-191) for windows-amd64 JRE (17.0.5+9-LTS-191), built on Sep 13 2022 17:31:43 by "mach5one" with MS VC++ 16.8 / 16.9 (VS2019)

END.
