#
# There is insufficient memory for the Java Runtime Environment to continue.
# Native memory allocation (malloc) failed to allocate 32744 bytes for ChunkPool::allocate
# Possible reasons:
#   The system is out of physical RAM or swap space
#   The process is running with CompressedOops enabled, and the Java Heap may be blocking the growth of the native heap
# Possible solutions:
#   Reduce memory load on the system
#   Increase physical memory or swap space
#   Check if swap backing store is full
#   Decrease Java heap size (-Xmx/-Xms)
#   Decrease number of Java threads
#   Decrease Java thread stack sizes (-Xss)
#   Set larger code cache with -XX:ReservedCodeCacheSize=
#   JVM is running with Unscaled Compressed Oops mode in which the Java heap is
#     placed in the first 4GB address space. The Java Heap base address is the
#     maximum limit for the native heap growth. Please use -XX:HeapBaseMinAddress
#     to set the Java Heap base and to place the Java Heap above 4GB virtual address.
# This output file may be truncated or incomplete.
#
#  Out of Memory Error (arena.cpp:78), pid=25548, tid=7528
#
# JRE version: Java(TM) SE Runtime Environment (17.0.5+9) (build 17.0.5+9-LTS-191)
# Java VM: Java HotSpot(TM) 64-Bit Server VM (17.0.5+9-LTS-191, mixed mode, sharing, tiered, compressed oops, compressed class ptrs, g1 gc, windows-amd64)
# No core dump will be written. Minidumps are not enabled by default on client versions of Windows
#

---------------  S U M M A R Y ------------

Command Line: -Dfile.encoding=UTF-8 --module-path=C:\Users\Darshan\OneDrive\Documents\NetBeansProjects\Travel Management System\build\classes travel.management.system.Dashboard

Host: 11th Gen Intel(R) Core(TM) i5-1135G7 @ 2.40GHz, 8 cores, 7G,  Windows 11 , 64 bit Build 22000 (10.0.22000.708)
Time: Wed Dec  7 14:52:58 2022 India Standard Time elapsed time: 12359.110861 seconds (0d 3h 25m 59s)

---------------  T H R E A D  ---------------

Current thread (0x0000014c325b3bd0):  JavaThread "C2 CompilerThread0" daemon [_thread_in_native, id=7528, stack(0x00000035caf00000,0x00000035cb000000)]


Current CompileTask:
C2:12359110  876       4       java.util.Arrays::binarySearch0 (95 bytes)

Stack: [0x00000035caf00000,0x00000035cb000000]
Native frames: (J=compiled Java code, j=interpreted, Vv=VM code, C=native code)
V  [jvm.dll+0x672eea]
V  [jvm.dll+0x7d2a04]
V  [jvm.dll+0x7d41ae]
V  [jvm.dll+0x7d4813]
V  [jvm.dll+0x242c15]
V  [jvm.dll+0xaa7c0]
V  [jvm.dll+0xaab0c]
V  [jvm.dll+0xaa68b]
V  [jvm.dll+0x11dcdf]
V  [jvm.dll+0x6c0b66]
V  [jvm.dll+0x6c12bc]
V  [jvm.dll+0x6bf931]
V  [jvm.dll+0x1b983b]
V  [jvm.dll+0x215e19]
V  [jvm.dll+0x2150e1]
V  [jvm.dll+0x1a18ed]
V  [jvm.dll+0x22493a]
V  [jvm.dll+0x222aa5]
V  [jvm.dll+0x7885db]
V  [jvm.dll+0x782b4a]
V  [jvm.dll+0x671d75]
C  [ucrtbase.dll+0x26c0c]
C  [KERNEL32.DLL+0x154e0]
C  [ntdll.dll+0x485b]


---------------  P R O C E S S  ---------------

Threads class SMR info:
_java_thread_list=0x0000014c333da1c0, length=16, elements={
0x0000014c32591010, 0x0000014c325919c0, 0x0000014c325a79e0, 0x0000014c325a82a0,
0x0000014c325a9470, 0x0000014c325aae30, 0x0000014c325b3bd0, 0x0000014c325c2dc0,
0x0000014c325c6910, 0x0000014c3257cf80, 0x0000014c33135d60, 0x0000014c332f6850,
0x0000014c333415a0, 0x0000014c33344c90, 0x0000014c333ace20, 0x0000014c145bf9d0
}

Java Threads: ( => current thread )
  0x0000014c32591010 JavaThread "Reference Handler" daemon [_thread_blocked, id=29632, stack(0x00000035ca900000,0x00000035caa00000)]
  0x0000014c325919c0 JavaThread "Finalizer" daemon [_thread_blocked, id=928, stack(0x00000035caa00000,0x00000035cab00000)]
  0x0000014c325a79e0 JavaThread "Signal Dispatcher" daemon [_thread_blocked, id=22976, stack(0x00000035cab00000,0x00000035cac00000)]
  0x0000014c325a82a0 JavaThread "Attach Listener" daemon [_thread_blocked, id=32720, stack(0x00000035cac00000,0x00000035cad00000)]
  0x0000014c325a9470 JavaThread "Service Thread" daemon [_thread_blocked, id=35760, stack(0x00000035cad00000,0x00000035cae00000)]
  0x0000014c325aae30 JavaThread "Monitor Deflation Thread" daemon [_thread_blocked, id=34164, stack(0x00000035cae00000,0x00000035caf00000)]
=>0x0000014c325b3bd0 JavaThread "C2 CompilerThread0" daemon [_thread_in_native, id=7528, stack(0x00000035caf00000,0x00000035cb000000)]
  0x0000014c325c2dc0 JavaThread "C1 CompilerThread0" daemon [_thread_blocked, id=28068, stack(0x00000035cb000000,0x00000035cb100000)]
  0x0000014c325c6910 JavaThread "Sweeper thread" daemon [_thread_blocked, id=29656, stack(0x00000035cb100000,0x00000035cb200000)]
  0x0000014c3257cf80 JavaThread "Common-Cleaner" daemon [_thread_blocked, id=23912, stack(0x00000035cb200000,0x00000035cb300000)]
  0x0000014c33135d60 JavaThread "Notification Thread" daemon [_thread_blocked, id=29832, stack(0x00000035cb300000,0x00000035cb400000)]
  0x0000014c332f6850 JavaThread "Java2D Disposer" daemon [_thread_blocked, id=6964, stack(0x00000035cb500000,0x00000035cb600000)]
  0x0000014c333415a0 JavaThread "AWT-Shutdown" [_thread_blocked, id=30476, stack(0x00000035cb600000,0x00000035cb700000)]
  0x0000014c33344c90 JavaThread "AWT-Windows" daemon [_thread_in_native, id=23000, stack(0x00000035cb700000,0x00000035cb800000)]
  0x0000014c333ace20 JavaThread "AWT-EventQueue-0" [_thread_in_Java, id=23508, stack(0x00000035cb800000,0x00000035cb900000)]
  0x0000014c145bf9d0 JavaThread "DestroyJavaVM" [_thread_blocked, id=32856, stack(0x00000035ca200000,0x00000035ca300000)]

Other Threads:
  0x0000014c3258ce60 VMThread "VM Thread" [stack: 0x00000035ca800000,0x00000035ca900000] [id=30008]
  0x0000014c14683880 WatcherThread [stack: 0x00000035cb400000,0x00000035cb500000] [id=25036]
  0x0000014c1461a5c0 GCTaskThread "GC Thread#0" [stack: 0x00000035ca300000,0x00000035ca400000] [id=32312]
  0x0000014c14669010 ConcurrentGCThread "G1 Main Marker" [stack: 0x00000035ca400000,0x00000035ca500000] [id=11768]
  0x0000014c14669920 ConcurrentGCThread "G1 Conc#0" [stack: 0x00000035ca500000,0x00000035ca600000] [id=6512]
  0x0000014c32448550 ConcurrentGCThread "G1 Refine#0" [stack: 0x00000035ca600000,0x00000035ca700000] [id=34820]
  0x0000014c32449c30 ConcurrentGCThread "G1 Service" [stack: 0x00000035ca700000,0x00000035ca800000] [id=19564]

Threads with active compile tasks:
C2 CompilerThread0  12359137  876       4       java.util.Arrays::binarySearch0 (95 bytes)

VM state: not at safepoint (normal execution)

VM Mutex/Monitor currently owned by a thread: None

Heap address: 0x0000000083c00000, size: 1988 MB, Compressed Oops mode: 32-bit

CDS archive(s) mapped at: [0x0000000800000000-0x0000000800bd0000-0x0000000800bd0000), size 12386304, SharedBaseAddress: 0x0000000800000000, ArchiveRelocationMode: 0.
Compressed class space mapped at: 0x0000000800c00000-0x0000000840c00000, reserved size: 1073741824
Narrow klass base: 0x0000000800000000, Narrow klass shift: 0, Narrow klass range: 0x100000000

GC Precious Log:
 CPUs: 8 total, 8 available
 Memory: 7948M
 Large Page Support: Disabled
 NUMA Support: Disabled
 Compressed Oops: Enabled (32-bit)
 Heap Region Size: 1M
 Heap Min Capacity: 8M
 Heap Initial Capacity: 126M
 Heap Max Capacity: 1988M
 Pre-touch: Disabled
 Parallel Workers: 8
 Concurrent Workers: 2
 Concurrent Refinement Workers: 8
 Periodic GC: Disabled

Heap:
 garbage-first heap   total 129024K, used 14336K [0x0000000083c00000, 0x0000000100000000)
  region size 1024K, 7 young (7168K), 0 survivors (0K)
 Metaspace       used 6677K, committed 6848K, reserved 1056768K
  class space    used 724K, committed 832K, reserved 1048576K

Heap Regions: E=young(eden), S=young(survivor), O=old, HS=humongous(starts), HC=humongous(continues), CS=collection set, F=free, OA=open archive, CA=closed archive, TAMS=top-at-mark-start (previous, next)
|   0|0x0000000083c00000, 0x0000000083d00000, 0x0000000083d00000|100%|HS|  |TAMS 0x0000000083c00000, 0x0000000083c00000| Complete 
|   1|0x0000000083d00000, 0x0000000083e00000, 0x0000000083e00000|100%|HC|  |TAMS 0x0000000083d00000, 0x0000000083d00000| Complete 
|   2|0x0000000083e00000, 0x0000000083f00000, 0x0000000083f00000|100%|HC|  |TAMS 0x0000000083e00000, 0x0000000083e00000| Complete 
|   3|0x0000000083f00000, 0x0000000084000000, 0x0000000084000000|100%|HC|  |TAMS 0x0000000083f00000, 0x0000000083f00000| Complete 
|   4|0x0000000084000000, 0x0000000084100000, 0x0000000084100000|100%|HC|  |TAMS 0x0000000084000000, 0x0000000084000000| Complete 
|   5|0x0000000084100000, 0x0000000084200000, 0x0000000084200000|100%|HC|  |TAMS 0x0000000084100000, 0x0000000084100000| Complete 
|   6|0x0000000084200000, 0x0000000084300000, 0x0000000084300000|100%|HC|  |TAMS 0x0000000084200000, 0x0000000084200000| Complete 
|   7|0x0000000084300000, 0x0000000084400000, 0x0000000084400000|100%|HC|  |TAMS 0x0000000084300000, 0x0000000084300000| Complete 
|   8|0x0000000084400000, 0x0000000084400000, 0x0000000084500000|  0%| F|  |TAMS 0x0000000084400000, 0x0000000084400000| Untracked 
|   9|0x0000000084500000, 0x0000000084500000, 0x0000000084600000|  0%| F|  |TAMS 0x0000000084500000, 0x0000000084500000| Untracked 
|  10|0x0000000084600000, 0x0000000084600000, 0x0000000084700000|  0%| F|  |TAMS 0x0000000084600000, 0x0000000084600000| Untracked 
|  11|0x0000000084700000, 0x0000000084700000, 0x0000000084800000|  0%| F|  |TAMS 0x0000000084700000, 0x0000000084700000| Untracked 
|  12|0x0000000084800000, 0x0000000084800000, 0x0000000084900000|  0%| F|  |TAMS 0x0000000084800000, 0x0000000084800000| Untracked 
|  13|0x0000000084900000, 0x0000000084900000, 0x0000000084a00000|  0%| F|  |TAMS 0x0000000084900000, 0x0000000084900000| Untracked 
|  14|0x0000000084a00000, 0x0000000084a00000, 0x0000000084b00000|  0%| F|  |TAMS 0x0000000084a00000, 0x0000000084a00000| Untracked 
|  15|0x0000000084b00000, 0x0000000084b00000, 0x0000000084c00000|  0%| F|  |TAMS 0x0000000084b00000, 0x0000000084b00000| Untracked 
|  16|0x0000000084c00000, 0x0000000084c00000, 0x0000000084d00000|  0%| F|  |TAMS 0x0000000084c00000, 0x0000000084c00000| Untracked 
|  17|0x0000000084d00000, 0x0000000084d00000, 0x0000000084e00000|  0%| F|  |TAMS 0x0000000084d00000, 0x0000000084d00000| Untracked 
|  18|0x0000000084e00000, 0x0000000084e00000, 0x0000000084f00000|  0%| F|  |TAMS 0x0000000084e00000, 0x0000000084e00000| Untracked 
|  19|0x0000000084f00000, 0x0000000084f00000, 0x0000000085000000|  0%| F|  |TAMS 0x0000000084f00000, 0x0000000084f00000| Untracked 
|  20|0x0000000085000000, 0x0000000085000000, 0x0000000085100000|  0%| F|  |TAMS 0x0000000085000000, 0x0000000085000000| Untracked 
|  21|0x0000000085100000, 0x0000000085100000, 0x0000000085200000|  0%| F|  |TAMS 0x0000000085100000, 0x0000000085100000| Untracked 
|  22|0x0000000085200000, 0x0000000085200000, 0x0000000085300000|  0%| F|  |TAMS 0x0000000085200000, 0x0000000085200000| Untracked 
|  23|0x0000000085300000, 0x0000000085300000, 0x0000000085400000|  0%| F|  |TAMS 0x0000000085300000, 0x0000000085300000| Untracked 
|  24|0x0000000085400000, 0x0000000085400000, 0x0000000085500000|  0%| F|  |TAMS 0x0000000085400000, 0x0000000085400000| Untracked 
|  25|0x0000000085500000, 0x0000000085500000, 0x0000000085600000|  0%| F|  |TAMS 0x0000000085500000, 0x0000000085500000| Untracked 
|  26|0x0000000085600000, 0x0000000085600000, 0x0000000085700000|  0%| F|  |TAMS 0x0000000085600000, 0x0000000085600000| Untracked 
|  27|0x0000000085700000, 0x0000000085700000, 0x0000000085800000|  0%| F|  |TAMS 0x0000000085700000, 0x0000000085700000| Untracked 
|  28|0x0000000085800000, 0x0000000085800000, 0x0000000085900000|  0%| F|  |TAMS 0x0000000085800000, 0x0000000085800000| Untracked 
|  29|0x0000000085900000, 0x0000000085900000, 0x0000000085a00000|  0%| F|  |TAMS 0x0000000085900000, 0x0000000085900000| Untracked 
|  30|0x0000000085a00000, 0x0000000085a00000, 0x0000000085b00000|  0%| F|  |TAMS 0x0000000085a00000, 0x0000000085a00000| Untracked 
|  31|0x0000000085b00000, 0x0000000085b00000, 0x0000000085c00000|  0%| F|  |TAMS 0x0000000085b00000, 0x0000000085b00000| Untracked 
|  32|0x0000000085c00000, 0x0000000085c00000, 0x0000000085d00000|  0%| F|  |TAMS 0x0000000085c00000, 0x0000000085c00000| Untracked 
|  33|0x0000000085d00000, 0x0000000085d00000, 0x0000000085e00000|  0%| F|  |TAMS 0x0000000085d00000, 0x0000000085d00000| Untracked 
|  34|0x0000000085e00000, 0x0000000085e00000, 0x0000000085f00000|  0%| F|  |TAMS 0x0000000085e00000, 0x0000000085e00000| Untracked 
|  35|0x0000000085f00000, 0x0000000085f00000, 0x0000000086000000|  0%| F|  |TAMS 0x0000000085f00000, 0x0000000085f00000| Untracked 
|  36|0x0000000086000000, 0x0000000086000000, 0x0000000086100000|  0%| F|  |TAMS 0x0000000086000000, 0x0000000086000000| Untracked 
|  37|0x0000000086100000, 0x0000000086100000, 0x0000000086200000|  0%| F|  |TAMS 0x0000000086100000, 0x0000000086100000| Untracked 
|  38|0x0000000086200000, 0x0000000086200000, 0x0000000086300000|  0%| F|  |TAMS 0x0000000086200000, 0x0000000086200000| Untracked 
|  39|0x0000000086300000, 0x0000000086300000, 0x0000000086400000|  0%| F|  |TAMS 0x0000000086300000, 0x0000000086300000| Untracked 
|  40|0x0000000086400000, 0x0000000086400000, 0x0000000086500000|  0%| F|  |TAMS 0x0000000086400000, 0x0000000086400000| Untracked 
|  41|0x0000000086500000, 0x0000000086500000, 0x0000000086600000|  0%| F|  |TAMS 0x0000000086500000, 0x0000000086500000| Untracked 
|  42|0x0000000086600000, 0x0000000086600000, 0x0000000086700000|  0%| F|  |TAMS 0x0000000086600000, 0x0000000086600000| Untracked 
|  43|0x0000000086700000, 0x0000000086700000, 0x0000000086800000|  0%| F|  |TAMS 0x0000000086700000, 0x0000000086700000| Untracked 
|  44|0x0000000086800000, 0x0000000086800000, 0x0000000086900000|  0%| F|  |TAMS 0x0000000086800000, 0x0000000086800000| Untracked 
|  45|0x0000000086900000, 0x0000000086900000, 0x0000000086a00000|  0%| F|  |TAMS 0x0000000086900000, 0x0000000086900000| Untracked 
|  46|0x0000000086a00000, 0x0000000086a00000, 0x0000000086b00000|  0%| F|  |TAMS 0x0000000086a00000, 0x0000000086a00000| Untracked 
|  47|0x0000000086b00000, 0x0000000086b00000, 0x0000000086c00000|  0%| F|  |TAMS 0x0000000086b00000, 0x0000000086b00000| Untracked 
|  48|0x0000000086c00000, 0x0000000086c00000, 0x0000000086d00000|  0%| F|  |TAMS 0x0000000086c00000, 0x0000000086c00000| Untracked 
|  49|0x0000000086d00000, 0x0000000086d00000, 0x0000000086e00000|  0%| F|  |TAMS 0x0000000086d00000, 0x0000000086d00000| Untracked 
|  50|0x0000000086e00000, 0x0000000086e00000, 0x0000000086f00000|  0%| F|  |TAMS 0x0000000086e00000, 0x0000000086e00000| Untracked 
|  51|0x0000000086f00000, 0x0000000086f00000, 0x0000000087000000|  0%| F|  |TAMS 0x0000000086f00000, 0x0000000086f00000| Untracked 
|  52|0x0000000087000000, 0x0000000087000000, 0x0000000087100000|  0%| F|  |TAMS 0x0000000087000000, 0x0000000087000000| Untracked 
|  53|0x0000000087100000, 0x0000000087100000, 0x0000000087200000|  0%| F|  |TAMS 0x0000000087100000, 0x0000000087100000| Untracked 
|  54|0x0000000087200000, 0x0000000087200000, 0x0000000087300000|  0%| F|  |TAMS 0x0000000087200000, 0x0000000087200000| Untracked 
|  55|0x0000000087300000, 0x0000000087300000, 0x0000000087400000|  0%| F|  |TAMS 0x0000000087300000, 0x0000000087300000| Untracked 
|  56|0x0000000087400000, 0x0000000087400000, 0x0000000087500000|  0%| F|  |TAMS 0x0000000087400000, 0x0000000087400000| Untracked 
|  57|0x0000000087500000, 0x0000000087500000, 0x0000000087600000|  0%| F|  |TAMS 0x0000000087500000, 0x0000000087500000| Untracked 
|  58|0x0000000087600000, 0x0000000087600000, 0x0000000087700000|  0%| F|  |TAMS 0x0000000087600000, 0x0000000087600000| Untracked 
|  59|0x0000000087700000, 0x0000000087700000, 0x0000000087800000|  0%| F|  |TAMS 0x0000000087700000, 0x0000000087700000| Untracked 
|  60|0x0000000087800000, 0x0000000087800000, 0x0000000087900000|  0%| F|  |TAMS 0x0000000087800000, 0x0000000087800000| Untracked 
|  61|0x0000000087900000, 0x0000000087900000, 0x0000000087a00000|  0%| F|  |TAMS 0x0000000087900000, 0x0000000087900000| Untracked 
|  62|0x0000000087a00000, 0x0000000087a00000, 0x0000000087b00000|  0%| F|  |TAMS 0x0000000087a00000, 0x0000000087a00000| Untracked 
|  63|0x0000000087b00000, 0x0000000087b00000, 0x0000000087c00000|  0%| F|  |TAMS 0x0000000087b00000, 0x0000000087b00000| Untracked 
|  64|0x0000000087c00000, 0x0000000087c00000, 0x0000000087d00000|  0%| F|  |TAMS 0x0000000087c00000, 0x0000000087c00000| Untracked 
|  65|0x0000000087d00000, 0x0000000087d00000, 0x0000000087e00000|  0%| F|  |TAMS 0x0000000087d00000, 0x0000000087d00000| Untracked 
|  66|0x0000000087e00000, 0x0000000087e00000, 0x0000000087f00000|  0%| F|  |TAMS 0x0000000087e00000, 0x0000000087e00000| Untracked 
|  67|0x0000000087f00000, 0x0000000087f00000, 0x0000000088000000|  0%| F|  |TAMS 0x0000000087f00000, 0x0000000087f00000| Untracked 
|  68|0x0000000088000000, 0x0000000088000000, 0x0000000088100000|  0%| F|  |TAMS 0x0000000088000000, 0x0000000088000000| Untracked 
|  69|0x0000000088100000, 0x0000000088100000, 0x0000000088200000|  0%| F|  |TAMS 0x0000000088100000, 0x0000000088100000| Untracked 
|  70|0x0000000088200000, 0x0000000088200000, 0x0000000088300000|  0%| F|  |TAMS 0x0000000088200000, 0x0000000088200000| Untracked 
|  71|0x0000000088300000, 0x0000000088300000, 0x0000000088400000|  0%| F|  |TAMS 0x0000000088300000, 0x0000000088300000| Untracked 
|  72|0x0000000088400000, 0x0000000088400000, 0x0000000088500000|  0%| F|  |TAMS 0x0000000088400000, 0x0000000088400000| Untracked 
|  73|0x0000000088500000, 0x0000000088500000, 0x0000000088600000|  0%| F|  |TAMS 0x0000000088500000, 0x0000000088500000| Untracked 
|  74|0x0000000088600000, 0x0000000088600000, 0x0000000088700000|  0%| F|  |TAMS 0x0000000088600000, 0x0000000088600000| Untracked 
|  75|0x0000000088700000, 0x0000000088700000, 0x0000000088800000|  0%| F|  |TAMS 0x0000000088700000, 0x0000000088700000| Untracked 
|  76|0x0000000088800000, 0x0000000088800000, 0x0000000088900000|  0%| F|  |TAMS 0x0000000088800000, 0x0000000088800000| Untracked 
|  77|0x0000000088900000, 0x0000000088900000, 0x0000000088a00000|  0%| F|  |TAMS 0x0000000088900000, 0x0000000088900000| Untracked 
|  78|0x0000000088a00000, 0x0000000088a00000, 0x0000000088b00000|  0%| F|  |TAMS 0x0000000088a00000, 0x0000000088a00000| Untracked 
|  79|0x0000000088b00000, 0x0000000088b00000, 0x0000000088c00000|  0%| F|  |TAMS 0x0000000088b00000, 0x0000000088b00000| Untracked 
|  80|0x0000000088c00000, 0x0000000088c00000, 0x0000000088d00000|  0%| F|  |TAMS 0x0000000088c00000, 0x0000000088c00000| Untracked 
|  81|0x0000000088d00000, 0x0000000088d00000, 0x0000000088e00000|  0%| F|  |TAMS 0x0000000088d00000, 0x0000000088d00000| Untracked 
|  82|0x0000000088e00000, 0x0000000088e00000, 0x0000000088f00000|  0%| F|  |TAMS 0x0000000088e00000, 0x0000000088e00000| Untracked 
|  83|0x0000000088f00000, 0x0000000088f00000, 0x0000000089000000|  0%| F|  |TAMS 0x0000000088f00000, 0x0000000088f00000| Untracked 
|  84|0x0000000089000000, 0x0000000089000000, 0x0000000089100000|  0%| F|  |TAMS 0x0000000089000000, 0x0000000089000000| Untracked 
|  85|0x0000000089100000, 0x0000000089100000, 0x0000000089200000|  0%| F|  |TAMS 0x0000000089100000, 0x0000000089100000| Untracked 
|  86|0x0000000089200000, 0x0000000089200000, 0x0000000089300000|  0%| F|  |TAMS 0x0000000089200000, 0x0000000089200000| Untracked 
|  87|0x0000000089300000, 0x0000000089300000, 0x0000000089400000|  0%| F|  |TAMS 0x0000000089300000, 0x0000000089300000| Untracked 
|  88|0x0000000089400000, 0x0000000089400000, 0x0000000089500000|  0%| F|  |TAMS 0x0000000089400000, 0x0000000089400000| Untracked 
|  89|0x0000000089500000, 0x0000000089500000, 0x0000000089600000|  0%| F|  |TAMS 0x0000000089500000, 0x0000000089500000| Untracked 
|  90|0x0000000089600000, 0x0000000089600000, 0x0000000089700000|  0%| F|  |TAMS 0x0000000089600000, 0x0000000089600000| Untracked 
|  91|0x0000000089700000, 0x0000000089700000, 0x0000000089800000|  0%| F|  |TAMS 0x0000000089700000, 0x0000000089700000| Untracked 
|  92|0x0000000089800000, 0x0000000089800000, 0x0000000089900000|  0%| F|  |TAMS 0x0000000089800000, 0x0000000089800000| Untracked 
|  93|0x0000000089900000, 0x0000000089900000, 0x0000000089a00000|  0%| F|  |TAMS 0x0000000089900000, 0x0000000089900000| Untracked 
|  94|0x0000000089a00000, 0x0000000089a00000, 0x0000000089b00000|  0%| F|  |TAMS 0x0000000089a00000, 0x0000000089a00000| Untracked 
|  95|0x0000000089b00000, 0x0000000089b00000, 0x0000000089c00000|  0%| F|  |TAMS 0x0000000089b00000, 0x0000000089b00000| Untracked 
|  96|0x0000000089c00000, 0x0000000089c00000, 0x0000000089d00000|  0%| F|  |TAMS 0x0000000089c00000, 0x0000000089c00000| Untracked 
|  97|0x0000000089d00000, 0x0000000089d00000, 0x0000000089e00000|  0%| F|  |TAMS 0x0000000089d00000, 0x0000000089d00000| Untracked 
|  98|0x0000000089e00000, 0x0000000089e00000, 0x0000000089f00000|  0%| F|  |TAMS 0x0000000089e00000, 0x0000000089e00000| Untracked 
|  99|0x0000000089f00000, 0x0000000089f00000, 0x000000008a000000|  0%| F|  |TAMS 0x0000000089f00000, 0x0000000089f00000| Untracked 
| 100|0x000000008a000000, 0x000000008a000000, 0x000000008a100000|  0%| F|  |TAMS 0x000000008a000000, 0x000000008a000000| Untracked 
| 101|0x000000008a100000, 0x000000008a100000, 0x000000008a200000|  0%| F|  |TAMS 0x000000008a100000, 0x000000008a100000| Untracked 
| 102|0x000000008a200000, 0x000000008a200000, 0x000000008a300000|  0%| F|  |TAMS 0x000000008a200000, 0x000000008a200000| Untracked 
| 103|0x000000008a300000, 0x000000008a300000, 0x000000008a400000|  0%| F|  |TAMS 0x000000008a300000, 0x000000008a300000| Untracked 
| 104|0x000000008a400000, 0x000000008a400000, 0x000000008a500000|  0%| F|  |TAMS 0x000000008a400000, 0x000000008a400000| Untracked 
| 105|0x000000008a500000, 0x000000008a500000, 0x000000008a600000|  0%| F|  |TAMS 0x000000008a500000, 0x000000008a500000| Untracked 
| 106|0x000000008a600000, 0x000000008a600000, 0x000000008a700000|  0%| F|  |TAMS 0x000000008a600000, 0x000000008a600000| Untracked 
| 107|0x000000008a700000, 0x000000008a700000, 0x000000008a800000|  0%| F|  |TAMS 0x000000008a700000, 0x000000008a700000| Untracked 
| 108|0x000000008a800000, 0x000000008a800000, 0x000000008a900000|  0%| F|  |TAMS 0x000000008a800000, 0x000000008a800000| Untracked 
| 109|0x000000008a900000, 0x000000008a900000, 0x000000008aa00000|  0%| F|  |TAMS 0x000000008a900000, 0x000000008a900000| Untracked 
| 110|0x000000008aa00000, 0x000000008aa00000, 0x000000008ab00000|  0%| F|  |TAMS 0x000000008aa00000, 0x000000008aa00000| Untracked 
| 111|0x000000008ab00000, 0x000000008ab00000, 0x000000008ac00000|  0%| F|  |TAMS 0x000000008ab00000, 0x000000008ab00000| Untracked 
| 112|0x000000008ac00000, 0x000000008ac00000, 0x000000008ad00000|  0%| F|  |TAMS 0x000000008ac00000, 0x000000008ac00000| Untracked 
| 113|0x000000008ad00000, 0x000000008ad00000, 0x000000008ae00000|  0%| F|  |TAMS 0x000000008ad00000, 0x000000008ad00000| Untracked 
| 114|0x000000008ae00000, 0x000000008ae00000, 0x000000008af00000|  0%| F|  |TAMS 0x000000008ae00000, 0x000000008ae00000| Untracked 
| 115|0x000000008af00000, 0x000000008af00000, 0x000000008b000000|  0%| F|  |TAMS 0x000000008af00000, 0x000000008af00000| Untracked 
| 116|0x000000008b000000, 0x000000008b000000, 0x000000008b100000|  0%| F|  |TAMS 0x000000008b000000, 0x000000008b000000| Untracked 
| 117|0x000000008b100000, 0x000000008b100000, 0x000000008b200000|  0%| F|  |TAMS 0x000000008b100000, 0x000000008b100000| Untracked 
| 118|0x000000008b200000, 0x000000008b200000, 0x000000008b300000|  0%| F|  |TAMS 0x000000008b200000, 0x000000008b200000| Untracked 
| 119|0x000000008b300000, 0x000000008b376440, 0x000000008b400000| 46%| E|  |TAMS 0x000000008b300000, 0x000000008b300000| Complete 
| 120|0x000000008b400000, 0x000000008b500000, 0x000000008b500000|100%| E|CS|TAMS 0x000000008b400000, 0x000000008b400000| Complete 
| 121|0x000000008b500000, 0x000000008b600000, 0x000000008b600000|100%| E|CS|TAMS 0x000000008b500000, 0x000000008b500000| Complete 
| 122|0x000000008b600000, 0x000000008b700000, 0x000000008b700000|100%| E|CS|TAMS 0x000000008b600000, 0x000000008b600000| Complete 
| 123|0x000000008b700000, 0x000000008b800000, 0x000000008b800000|100%| E|CS|TAMS 0x000000008b700000, 0x000000008b700000| Complete 
| 124|0x000000008b800000, 0x000000008b900000, 0x000000008b900000|100%| E|CS|TAMS 0x000000008b800000, 0x000000008b800000| Complete 
| 125|0x000000008b900000, 0x000000008ba00000, 0x000000008ba00000|100%| E|CS|TAMS 0x000000008b900000, 0x000000008b900000| Complete 

Card table byte_map: [0x0000014c2b560000,0x0000014c2b950000] _byte_map_base: 0x0000014c2b142000

Marking Bits (Prev, Next): (CMBitMap*) 0x0000014c1461aad0, (CMBitMap*) 0x0000014c1461ab10
 Prev Bits: [0x0000014c2bd40000, 0x0000014c2dc50000)
 Next Bits: [0x0000014c2dc50000, 0x0000014c2fb60000)

Polling page: 0x0000014c12560000

Metaspace:

Usage:
  Non-class:      5.81 MB used.
      Class:    724.53 KB used.
       Both:      6.52 MB used.

Virtual space:
  Non-class space:        8.00 MB reserved,       5.88 MB ( 73%) committed,  1 nodes.
      Class space:        1.00 GB reserved,     832.00 KB ( <1%) committed,  1 nodes.
             Both:        1.01 GB reserved,       6.69 MB ( <1%) committed. 

Chunk freelists:
   Non-Class:  2.14 MB
       Class:  3.25 MB
        Both:  5.39 MB

MaxMetaspaceSize: unlimited
CompressedClassSpaceSize: 1.00 GB
Initial GC threshold: 21.00 MB
Current GC threshold: 21.00 MB
CDS: on
MetaspaceReclaimPolicy: balanced
 - commit_granule_bytes: 65536.
 - commit_granule_words: 8192.
 - virtual_space_node_default_size: 1048576.
 - enlarge_chunks_in_place: 1.
 - new_chunks_are_fully_committed: 0.
 - uncommit_free_chunks: 1.
 - use_allocation_guard: 0.
 - handle_deallocations: 1.


Internal statistics:

num_allocs_failed_limit: 0.
num_arena_births: 106.
num_arena_deaths: 0.
num_vsnodes_births: 2.
num_vsnodes_deaths: 0.
num_space_committed: 107.
num_space_uncommitted: 0.
num_chunks_returned_to_freelist: 0.
num_chunks_taken_from_freelist: 147.
num_chunk_merges: 0.
num_chunk_splits: 79.
num_chunks_enlarged: 21.
num_purges: 0.
num_inconsistent_stats: 0.

CodeHeap 'non-profiled nmethods': size=120000Kb used=239Kb max_used=239Kb free=119760Kb
 bounds [0x0000014c23910000, 0x0000014c23b80000, 0x0000014c2ae40000]
CodeHeap 'profiled nmethods': size=120000Kb used=1366Kb max_used=1366Kb free=118633Kb
 bounds [0x0000014c1c3e0000, 0x0000014c1c650000, 0x0000014c23910000]
CodeHeap 'non-nmethods': size=5760Kb used=1257Kb max_used=1272Kb free=4502Kb
 bounds [0x0000014c1be40000, 0x0000014c1c0b0000, 0x0000014c1c3e0000]
 total_blobs=1441 nmethods=877 adapters=477
 compilation: enabled
              stopped_count=0, restarted_count=0
 full_count=0

Compilation events (20 events):
Event: 3474.329 Thread 0x0000014c325c2dc0  865       3       java.lang.invoke.Invokers$Holder::linkToTargetMethod (9 bytes)
Event: 3474.336 Thread 0x0000014c325c2dc0 nmethod 865 0x0000014c1c531b90 code [0x0000014c1c531d40, 0x0000014c1c532118]
Event: 3474.342 Thread 0x0000014c325c2dc0  866       3       java.lang.StringConcatHelper::initialCoder (14 bytes)
Event: 3474.425 Thread 0x0000014c325c2dc0 nmethod 866 0x0000014c1c532210 code [0x0000014c1c5323a0, 0x0000014c1c5324b8]
Event: 3474.825 Thread 0x0000014c325b3bd0  868       4       java.lang.String::toString (2 bytes)
Event: 3474.838 Thread 0x0000014c325b3bd0 nmethod 868 0x0000014c2394a490 code [0x0000014c2394a600, 0x0000014c2394a678]
Event: 3474.909 Thread 0x0000014c325c2dc0  869       3       java.util.HashMap$EntryIterator::next (5 bytes)
Event: 3474.916 Thread 0x0000014c325c2dc0 nmethod 869 0x0000014c1c532510 code [0x0000014c1c5326c0, 0x0000014c1c532848]
Event: 3474.916 Thread 0x0000014c325c2dc0  870       3       java.util.HashMap$EntryIterator::next (5 bytes)
Event: 3474.916 Thread 0x0000014c325c2dc0 nmethod 870 0x0000014c1c532910 code [0x0000014c1c532aa0, 0x0000014c1c532be8]
Event: 3475.615 Thread 0x0000014c325c2dc0  871       3       java.beans.PropertyChangeSupport::firePropertyChange (35 bytes)
Event: 3475.622 Thread 0x0000014c325c2dc0 nmethod 871 0x0000014c1c532c90 code [0x0000014c1c532e80, 0x0000014c1c533628]
Event: 4356.409 Thread 0x0000014c325b3bd0  873       4       java.util.HashMap::get (19 bytes)
Event: 4356.409 Thread 0x0000014c325c2dc0  872   !   3       java.awt.Toolkit::setDesktopProperty (81 bytes)
Event: 4356.416 Thread 0x0000014c325c2dc0 nmethod 872 0x0000014c1c533890 code [0x0000014c1c533aa0, 0x0000014c1c5342e8]
Event: 4356.439 Thread 0x0000014c325b3bd0 nmethod 873 0x0000014c2394a790 code [0x0000014c2394a960, 0x0000014c2394aed8]
Event: 9916.342 Thread 0x0000014c325c2dc0  875       3       java.lang.ref.ReferenceQueue::reallyPoll (65 bytes)
Event: 9916.351 Thread 0x0000014c325c2dc0 nmethod 875 0x0000014c1c534590 code [0x0000014c1c534760, 0x0000014c1c534c98]
Event: 12358.596 Thread 0x0000014c325b3bd0  876       4       java.util.Arrays::binarySearch0 (95 bytes)
Event: 12358.937 Thread 0x0000014c325c2dc0  877  s    3       java.beans.ChangeListenerMap::get (25 bytes)

GC Heap History (0 events):
No events

Deoptimization events (8 events):
Event: 0.148 Thread 0x0000014c145bf9d0 Uncommon trap: trap_request=0xffffff45 fr.pc=0x0000014c2391e2dc relative=0x000000000000087c
Event: 0.148 Thread 0x0000014c145bf9d0 Uncommon trap: reason=unstable_if action=reinterpret pc=0x0000014c2391e2dc method=java.util.HashMap.putVal(ILjava/lang/Object;Ljava/lang/Object;ZZ)Ljava/lang/Object; @ 81 c2
Event: 0.148 Thread 0x0000014c145bf9d0 DEOPT PACKING pc=0x0000014c2391e2dc sp=0x00000035ca2fe100
Event: 0.148 Thread 0x0000014c145bf9d0 DEOPT UNPACKING pc=0x0000014c1be95ba3 sp=0x00000035ca2fe0a0 mode 2
Event: 0.220 Thread 0x0000014c145bf9d0 Uncommon trap: trap_request=0xffffff45 fr.pc=0x0000014c239384f0 relative=0x00000000000004b0
Event: 0.220 Thread 0x0000014c145bf9d0 Uncommon trap: reason=unstable_if action=reinterpret pc=0x0000014c239384f0 method=java.lang.StringLatin1.replace([BCC)Ljava/lang/String; @ 19 c2
Event: 0.220 Thread 0x0000014c145bf9d0 DEOPT PACKING pc=0x0000014c239384f0 sp=0x00000035ca2fe450
Event: 0.220 Thread 0x0000014c145bf9d0 DEOPT UNPACKING pc=0x0000014c1be95ba3 sp=0x00000035ca2fe3d0 mode 2

Classes unloaded (0 events):
No events

Classes redefined (0 events):
No events

Internal exceptions (16 events):
Event: 0.052 Thread 0x0000014c145bf9d0 Exception <a 'sun/nio/fs/WindowsException'{0x000000008b8403a0}> (0x000000008b8403a0) 
thrown [s\open\src\hotspot\share\prims\jni.cpp, line 516]
Event: 0.052 Thread 0x0000014c145bf9d0 Exception <a 'sun/nio/fs/WindowsException'{0x000000008b840960}> (0x000000008b840960) 
thrown [s\open\src\hotspot\share\prims\jni.cpp, line 516]
Event: 0.053 Thread 0x0000014c145bf9d0 Exception <a 'sun/nio/fs/WindowsException'{0x000000008b842f98}> (0x000000008b842f98) 
thrown [s\open\src\hotspot\share\prims\jni.cpp, line 516]
Event: 0.053 Thread 0x0000014c145bf9d0 Exception <a 'sun/nio/fs/WindowsException'{0x000000008b843b48}> (0x000000008b843b48) 
thrown [s\open\src\hotspot\share\prims\jni.cpp, line 516]
Event: 0.080 Thread 0x0000014c145bf9d0 Exception <a 'java/lang/ClassNotFoundException'{0x000000008b70ffc0}: sun/awt/resources/spi/awtProvider> (0x000000008b70ffc0) 
thrown [s\open\src\hotspot\share\classfile\systemDictionary.cpp, line 256]
Event: 0.099 Thread 0x0000014c145bf9d0 Exception <a 'java/io/FileNotFoundException'{0x000000008b763098}> (0x000000008b763098) 
thrown [s\open\src\hotspot\share\prims\jni.cpp, line 516]
Event: 0.104 Thread 0x0000014c145bf9d0 Exception <a 'java/io/FileNotFoundException'{0x000000008b7901d8}> (0x000000008b7901d8) 
thrown [s\open\src\hotspot\share\prims\jni.cpp, line 516]
Event: 0.128 Thread 0x0000014c145bf9d0 Exception <a 'java/lang/NoSuchMethodError'{0x000000008b7d4408}: 'java.lang.Object java.lang.invoke.DirectMethodHandle$Holder.invokeStaticInit(java.lang.Object)'> (0x000000008b7d4408) 
thrown [s\open\src\hotspot\share\interpreter\linkResolver.cpp, line 759]
Event: 0.149 Thread 0x0000014c145bf9d0 Exception <a 'java/lang/NoSuchMethodError'{0x000000008b632118}: 'void java.lang.invoke.DirectMethodHandle$Holder.invokeSpecial(java.lang.Object, java.lang.Object, java.lang.Object)'> (0x000000008b632118) 
thrown [s\open\src\hotspot\share\interpreter\linkResolver.cpp, line 759]
Event: 0.154 Thread 0x0000014c145bf9d0 Exception <a 'java/lang/NoSuchMethodError'{0x000000008b65c2f0}: 'java.lang.Object java.lang.invoke.DirectMethodHandle$Holder.newInvokeSpecial(java.lang.Object, java.lang.Object, java.lang.Object, java.lang.Object, java.lang.Object)'> (0x000000008b65c2f0) 
thrown [s\open\src\hotspot\share\interpreter\linkResolver.cpp, line 759]
Event: 0.154 Thread 0x0000014c145bf9d0 Exception <a 'java/lang/NoSuchMethodError'{0x000000008b667cb8}: 'java.lang.Object java.lang.invoke.DirectMethodHandle$Holder.invokeStatic(java.lang.Object, int, java.lang.Object, java.lang.Object, java.lang.Object, java.lang.Object)'> (0x000000008b667cb8) 
thrown [s\open\src\hotspot\share\interpreter\linkResolver.cpp, line 759]
Event: 0.157 Thread 0x0000014c145bf9d0 Exception <a 'java/lang/NoSuchMethodError'{0x000000008b68d740}: 'java.lang.Object java.lang.invoke.DirectMethodHandle$Holder.invokeStatic(java.lang.Object, int, java.lang.Object)'> (0x000000008b68d740) 
thrown [s\open\src\hotspot\share\interpreter\linkResolver.cpp, line 759]
Event: 0.174 Thread 0x0000014c145bf9d0 Exception <a 'java/lang/ClassNotFoundException'{0x000000008b545b48}: com/sun/swing/internal/plaf/metal/resources/spi/metalProvider> (0x000000008b545b48) 
thrown [s\open\src\hotspot\share\classfile\systemDictionary.cpp, line 256]
Event: 0.175 Thread 0x0000014c145bf9d0 Exception <a 'java/lang/ClassNotFoundException'{0x000000008b5499d8}: com/sun/swing/internal/plaf/basic/resources/spi/basicProvider> (0x000000008b5499d8) 
thrown [s\open\src\hotspot\share\classfile\systemDictionary.cpp, line 256]
Event: 0.191 Thread 0x0000014c33344c90 Exception <a 'java/lang/NoSuchMethodError'{0x000000008b7fb528}: 'void java.lang.invoke.DirectMethodHandle$Holder.invokeVirtual(java.lang.Object, java.lang.Object)'> (0x000000008b7fb528) 
thrown [s\open\src\hotspot\share\interpreter\linkResolver.cpp, line 759]
Event: 0.202 Thread 0x0000014c145bf9d0 Exception <a 'java/lang/NoSuchMethodError'{0x000000008b41c998}: 'void java.lang.invoke.DirectMethodHandle$Holder.invokeStaticInit(java.lang.Object)'> (0x000000008b41c998) 
thrown [s\open\src\hotspot\share\interpreter\linkResolver.cpp, line 759]

VM Operations (20 events):
Event: 0.054 Executing VM operation: HandshakeAllThreads
Event: 0.054 Executing VM operation: HandshakeAllThreads done
Event: 0.182 Executing VM operation: HandshakeAllThreads
Event: 0.182 Executing VM operation: HandshakeAllThreads done
Event: 0.213 Executing VM operation: HandshakeAllThreads
Event: 0.213 Executing VM operation: HandshakeAllThreads done
Event: 1.213 Executing VM operation: Cleanup
Event: 1.213 Executing VM operation: Cleanup done
Event: 2.227 Executing VM operation: Cleanup
Event: 2.227 Executing VM operation: Cleanup done
Event: 3.238 Executing VM operation: Cleanup
Event: 3.238 Executing VM operation: Cleanup done
Event: 4.247 Executing VM operation: Cleanup
Event: 4.247 Executing VM operation: Cleanup done
Event: 5.254 Executing VM operation: Cleanup
Event: 5.254 Executing VM operation: Cleanup done
Event: 4357.173 Executing VM operation: Cleanup
Event: 4357.177 Executing VM operation: Cleanup done
Event: 12358.231 Executing VM operation: Cleanup
Event: 12358.337 Executing VM operation: Cleanup done

Events (20 events):
Event: 0.309 loading class java/util/concurrent/locks/AbstractQueuedSynchronizer$Node
Event: 0.309 loading class java/util/concurrent/locks/AbstractQueuedSynchronizer$Node done
Event: 0.309 loading class java/util/concurrent/locks/AbstractQueuedSynchronizer$ConditionNode done
Event: 1.142 loading class java/util/concurrent/locks/AbstractQueuedSynchronizer$ExclusiveNode
Event: 1.142 loading class java/util/concurrent/locks/AbstractQueuedSynchronizer$ExclusiveNode done
Event: 1.149 Thread 0x0000014c325c32d0 Thread exited: 0x0000014c325c32d0
Event: 1.792 loading class javax/swing/event/ChangeEvent
Event: 1.792 loading class javax/swing/event/ChangeEvent done
Event: 3.646 loading class java/awt/LightweightDispatcher$2
Event: 3.646 loading class java/awt/LightweightDispatcher$2 done
Event: 4.652 loading class java/awt/KeyboardFocusManager$2
Event: 4.652 loading class java/awt/KeyboardFocusManager$2 done
Event: 4.652 loading class sun/awt/SunToolkit$1
Event: 4.652 loading class sun/awt/SunToolkit$1 done
Event: 12357.977 loading class java/util/WeakHashMap$KeyIterator
Event: 12358.076 loading class java/util/WeakHashMap$HashIterator
Event: 12358.078 loading class java/util/WeakHashMap$HashIterator done
Event: 12358.078 loading class java/util/WeakHashMap$KeyIterator done
Event: 12358.186 loading class javax/swing/RepaintManager$DisplayChangedRunnable
Event: 12358.220 loading class javax/swing/RepaintManager$DisplayChangedRunnable done


Dynamic libraries:
0x00007ff69c660000 - 0x00007ff69c670000 	C:\Program Files\Java\jdk-17.0.5\bin\java.exe
0x00007ff9b8500000 - 0x00007ff9b8709000 	C:\WINDOWS\SYSTEM32\ntdll.dll
0x00007ff9b6730000 - 0x00007ff9b67ed000 	C:\WINDOWS\System32\KERNEL32.DLL
0x00007ff9b59d0000 - 0x00007ff9b5d4b000 	C:\WINDOWS\System32\KERNELBASE.dll
0x00007ff9b6030000 - 0x00007ff9b6141000 	C:\WINDOWS\System32\ucrtbase.dll
0x00007ff9a5a40000 - 0x00007ff9a5a58000 	C:\Program Files\Java\jdk-17.0.5\bin\jli.dll
0x00007ff9b7a00000 - 0x00007ff9b7aae000 	C:\WINDOWS\System32\ADVAPI32.dll
0x00007ff9ae110000 - 0x00007ff9ae12a000 	C:\Program Files\Java\jdk-17.0.5\bin\VCRUNTIME140.dll
0x00007ff9b8050000 - 0x00007ff9b80f3000 	C:\WINDOWS\System32\msvcrt.dll
0x00007ff9b67f0000 - 0x00007ff9b688e000 	C:\WINDOWS\System32\sechost.dll
0x00007ff9b6a90000 - 0x00007ff9b6bb0000 	C:\WINDOWS\System32\RPCRT4.dll
0x00007ff9b63a0000 - 0x00007ff9b654d000 	C:\WINDOWS\System32\USER32.dll
0x00007ff9b5dd0000 - 0x00007ff9b5df6000 	C:\WINDOWS\System32\win32u.dll
0x00007ff99c280000 - 0x00007ff99c525000 	C:\WINDOWS\WinSxS\amd64_microsoft.windows.common-controls_6595b64144ccf1df_6.0.22000.120_none_9d947278b86cc467\COMCTL32.dll
0x00007ff9b8370000 - 0x00007ff9b8399000 	C:\WINDOWS\System32\GDI32.dll
0x00007ff9b61c0000 - 0x00007ff9b62d8000 	C:\WINDOWS\System32\gdi32full.dll
0x00007ff9b62e0000 - 0x00007ff9b637d000 	C:\WINDOWS\System32\msvcp_win.dll
0x00007ff9ad3c0000 - 0x00007ff9ad3ca000 	C:\WINDOWS\SYSTEM32\VERSION.dll
0x00007ff9b6980000 - 0x00007ff9b69b1000 	C:\WINDOWS\System32\IMM32.DLL
0x00007ff99f9e0000 - 0x00007ff99f9ec000 	C:\Program Files\Java\jdk-17.0.5\bin\vcruntime140_1.dll
0x00007ff96b340000 - 0x00007ff96b3cd000 	C:\Program Files\Java\jdk-17.0.5\bin\msvcp140.dll
0x00007ff931790000 - 0x00007ff932352000 	C:\Program Files\Java\jdk-17.0.5\bin\server\jvm.dll
0x00007ff9b8360000 - 0x00007ff9b8368000 	C:\WINDOWS\System32\PSAPI.DLL
0x00007ff9aea60000 - 0x00007ff9aea69000 	C:\WINDOWS\SYSTEM32\WSOCK32.dll
0x00007ff9b7930000 - 0x00007ff9b799f000 	C:\WINDOWS\System32\WS2_32.dll
0x00007ff9ae630000 - 0x00007ff9ae663000 	C:\WINDOWS\SYSTEM32\WINMM.dll
0x00007ff9b4b40000 - 0x00007ff9b4b58000 	C:\WINDOWS\SYSTEM32\kernel.appcore.dll
0x00007ff99cac0000 - 0x00007ff99caca000 	C:\Program Files\Java\jdk-17.0.5\bin\jimage.dll
0x00007ff9b34d0000 - 0x00007ff9b36f1000 	C:\WINDOWS\SYSTEM32\DBGHELP.DLL
0x00007ff9a5cb0000 - 0x00007ff9a5ce1000 	C:\WINDOWS\SYSTEM32\dbgcore.DLL
0x00007ff9b5d50000 - 0x00007ff9b5dcf000 	C:\WINDOWS\System32\bcryptPrimitives.dll
0x00007ff995d00000 - 0x00007ff995d25000 	C:\Program Files\Java\jdk-17.0.5\bin\java.dll
0x00007ff947fb0000 - 0x00007ff948086000 	C:\Program Files\Java\jdk-17.0.5\bin\jsvml.dll
0x00007ff9b7030000 - 0x00007ff9b77e8000 	C:\WINDOWS\System32\SHELL32.dll
0x00007ff9b3ad0000 - 0x00007ff9b4335000 	C:\WINDOWS\SYSTEM32\windows.storage.dll
0x00007ff9b7ab0000 - 0x00007ff9b7e27000 	C:\WINDOWS\System32\combase.dll
0x00007ff9b3960000 - 0x00007ff9b3ac6000 	C:\WINDOWS\SYSTEM32\wintypes.dll
0x00007ff9b6890000 - 0x00007ff9b697a000 	C:\WINDOWS\System32\SHCORE.dll
0x00007ff9b78d0000 - 0x00007ff9b792d000 	C:\WINDOWS\System32\shlwapi.dll
0x00007ff9b5900000 - 0x00007ff9b5921000 	C:\WINDOWS\SYSTEM32\profapi.dll
0x00007ff986c20000 - 0x00007ff986c39000 	C:\Program Files\Java\jdk-17.0.5\bin\net.dll
0x00007ff9aed80000 - 0x00007ff9aee8c000 	C:\WINDOWS\SYSTEM32\WINHTTP.dll
0x00007ff9b4fe0000 - 0x00007ff9b5047000 	C:\WINDOWS\system32\mswsock.dll
0x00007ff986830000 - 0x00007ff986846000 	C:\Program Files\Java\jdk-17.0.5\bin\nio.dll
0x00007ff986810000 - 0x00007ff986828000 	C:\Program Files\Java\jdk-17.0.5\bin\zip.dll
0x00007ff947e20000 - 0x00007ff947faf000 	C:\Program Files\Java\jdk-17.0.5\bin\awt.dll
0x00007ff9b77f0000 - 0x00007ff9b78c6000 	C:\WINDOWS\System32\OLEAUT32.dll
0x00007ff9b01e0000 - 0x00007ff9b0272000 	C:\WINDOWS\SYSTEM32\apphelp.dll
0x00007ff9b2d60000 - 0x00007ff9b2d8f000 	C:\WINDOWS\system32\DWMAPI.DLL
0x00007ff9b02d0000 - 0x00007ff9b037c000 	C:\WINDOWS\system32\uxtheme.dll
0x00007ff9833e0000 - 0x00007ff9834e1000 	C:\WINDOWS\system32\opengl32.dll
0x00007ff99c200000 - 0x00007ff99c22d000 	C:\WINDOWS\SYSTEM32\GLU32.dll
0x00007ff9b2cf0000 - 0x00007ff9b2d28000 	C:\WINDOWS\SYSTEM32\dxcore.dll
0x00007ff9b83a0000 - 0x00007ff9b84bd000 	C:\WINDOWS\System32\MSCTF.dll
0x00007ff9b7eb0000 - 0x00007ff9b804a000 	C:\WINDOWS\System32\ole32.dll
0x00007ff947d90000 - 0x00007ff947e16000 	C:\Program Files\Java\jdk-17.0.5\bin\freetype.dll
0x00007ff941bf0000 - 0x00007ff941cb5000 	C:\Program Files\Java\jdk-17.0.5\bin\fontmanager.dll
0x00007ff996850000 - 0x00007ff99697d000 	C:\WINDOWS\SYSTEM32\textinputframework.dll
0x00007ff9afee0000 - 0x00007ff9b0011000 	C:\WINDOWS\SYSTEM32\CoreMessaging.dll
0x00007ff995520000 - 0x00007ff99588d000 	C:\WINDOWS\SYSTEM32\CoreUIComponents.dll
0x00007ff9b5240000 - 0x00007ff9b524c000 	C:\WINDOWS\SYSTEM32\CRYPTBASE.DLL
0x00007ff992790000 - 0x00007ff9927fa000 	C:\WINDOWS\system32\Ninput.dll

dbghelp: loaded successfully - version: 4.0.5 - missing functions: none
symbol engine: initialized successfully - sym options: 0x614 - pdb path: .;C:\Program Files\Java\jdk-17.0.5\bin;C:\WINDOWS\SYSTEM32;C:\WINDOWS\WinSxS\amd64_microsoft.windows.common-controls_6595b64144ccf1df_6.0.22000.120_none_9d947278b86cc467;C:\Program Files\Java\jdk-17.0.5\bin\server

VM Arguments:
jvm_args: -Dfile.encoding=UTF-8 --module-path=C:\Users\Darshan\OneDrive\Documents\NetBeansProjects\Travel Management System\build\classes 
java_command: travel.management.system.Dashboard
java_class_path (initial): C:\Users\Darshan\Downloads\mysql-connector-java-8.0.28.jar;C:\Users\Darshan\OneDrive\Documents\NetBeansProjects\Travel Management System\build\classes
Launcher Type: SUN_STANDARD

[Global flags]
     intx CICompilerCount                          = 4                                         {product} {ergonomic}
     uint ConcGCThreads                            = 2                                         {product} {ergonomic}
     uint G1ConcRefinementThreads                  = 8                                         {product} {ergonomic}
   size_t G1HeapRegionSize                         = 1048576                                   {product} {ergonomic}
    uintx GCDrainStackTargetSize                   = 64                                        {product} {ergonomic}
   size_t InitialHeapSize                          = 132120576                                 {product} {ergonomic}
   size_t MarkStackSize                            = 4194304                                   {product} {ergonomic}
   size_t MaxHeapSize                              = 2084569088                                {product} {ergonomic}
   size_t MaxNewSize                               = 1249902592                                {product} {ergonomic}
   size_t MinHeapDeltaBytes                        = 1048576                                   {product} {ergonomic}
   size_t MinHeapSize                              = 8388608                                   {product} {ergonomic}
    uintx NonNMethodCodeHeapSize                   = 5839372                                {pd product} {ergonomic}
    uintx NonProfiledCodeHeapSize                  = 122909434                              {pd product} {ergonomic}
    uintx ProfiledCodeHeapSize                     = 122909434                              {pd product} {ergonomic}
    uintx ReservedCodeCacheSize                    = 251658240                              {pd product} {ergonomic}
     bool SegmentedCodeCache                       = true                                      {product} {ergonomic}
   size_t SoftMaxHeapSize                          = 2084569088                             {manageable} {ergonomic}
     bool UseCompressedClassPointers               = true                           {product lp64_product} {ergonomic}
     bool UseCompressedOops                        = true                           {product lp64_product} {ergonomic}
     bool UseG1GC                                  = true                                      {product} {ergonomic}
     bool UseLargePagesIndividualAllocation        = false                                  {pd product} {ergonomic}

Logging:
Log output configuration:
 #0: stdout all=warning uptime,level,tags
 #1: stderr all=off uptime,level,tags

Environment Variables:
PATH=C:\Program Files\Common Files\Oracle\Java\javapath;C:\Program Files\Eclipse Adoptium\jdk-17.0.4.101-hotspot\bin;C:\windows\system32;C:\windows;C:\windows\System32\Wbem;C:\windows\System32\WindowsPowerShell\v1.0\;C:\windows\System32\OpenSSH\;C:\Program Files (x86)\NVIDIA Corporation\PhysX\Common;C:\WINDOWS\system32;C:\WINDOWS;C:\WINDOWS\System32\Wbem;C:\WINDOWS\System32\WindowsPowerShell\v1.0\;C:\WINDOWS\System32\OpenSSH\;C:\Program Files\Git\cmd;C:\ProgramData\chocolatey\bin;C:\Program Files\nodejs\;C:\Program Files\NVIDIA Corporation\NVIDIA NvDLISR;C:\Program Files\Java\jdk-17.0.5;C:\Program Files\MySQL\MySQL Shell 8.0\bin\;C:\Users\Darshan\anaconda3;C:\Users\Darshan\anaconda3\Library\mingw-w64\bin;C:\Users\Darshan\anaconda3\Library\usr\bin;C:\Users\Darshan\anaconda3\Library\bin;C:\Users\Darshan\anaconda3\Scripts;C:\Users\Darshan\AppData\Local\Microsoft\WindowsApps;C:\Users\Darshan\AppData\Local\atom\bin;C:\Users\Darshan\AppData\Local\Programs\Microsoft VS Code\bin;C:\Users\Darshan\AppData\Local\Programs\Hyper\resources\bin;C:\Users\Darshan\AppData\Roaming\npm
USERNAME=Darshan
OS=Windows_NT
PROCESSOR_IDENTIFIER=Intel64 Family 6 Model 140 Stepping 1, GenuineIntel



---------------  S Y S T E M  ---------------

OS:
 Windows 11 , 64 bit Build 22000 (10.0.22000.708)
OS uptime: 42 days 17:43 hours

CPU: total 8 (initial active 8) (4 cores per cpu, 2 threads per core) family 6 model 140 stepping 1 microcode 0x86, cx8, cmov, fxsr, ht, mmx, 3dnowpref, sse, sse2, sse3, ssse3, sse4.1, sse4.2, popcnt, lzcnt, tsc, tscinvbit, avx, avx2, aes, erms, clmul, bmi1, bmi2, adx, avx512f, avx512dq, avx512cd, avx512bw, avx512vl, sha, fma, vzeroupper, avx512_vpopcntdq, avx512_vpclmulqdq, avx512_vaes, avx512_vnni, clflush, clflushopt, clwb, avx512_vbmi2, avx512_vbmi

Memory: 4k page, system-wide physical 7948M (137M free)
TotalPageFile size 32524M (AvailPageFile size 212M)
current process WorkingSet (physical memory assigned to process): 18M, peak: 72M
current process commit charge ("private bytes"): 225M, peak: 229M

vm_info: Java HotSpot(TM) 64-Bit Server VM (17.0.5+9-LTS-191) for windows-amd64 JRE (17.0.5+9-LTS-191), built on Sep 13 2022 17:31:43 by "mach5one" with MS VC++ 16.8 / 16.9 (VS2019)

END.
