#
# There is insufficient memory for the Java Runtime Environment to continue.
# Native memory allocation (malloc) failed to allocate 32744 bytes for ChunkPool::allocate
# Possible reasons:
#   The system is out of physical RAM or swap space
#   The process is running with CompressedOops enabled, and the Java Heap may be blocking the growth of the native heap
# Possible solutions:
#   Reduce memory load on the system
#   Increase physical memory or swap space
#   Check if swap backing store is full
#   Decrease Java heap size (-Xmx/-Xms)
#   Decrease number of Java threads
#   Decrease Java thread stack sizes (-Xss)
#   Set larger code cache with -XX:ReservedCodeCacheSize=
#   JVM is running with Unscaled Compressed Oops mode in which the Java heap is
#     placed in the first 4GB address space. The Java Heap base address is the
#     maximum limit for the native heap growth. Please use -XX:HeapBaseMinAddress
#     to set the Java Heap base and to place the Java Heap above 4GB virtual address.
# This output file may be truncated or incomplete.
#
#  Out of Memory Error (arena.cpp:78), pid=1940, tid=33676
#
# JRE version: Java(TM) SE Runtime Environment (17.0.5+9) (build 17.0.5+9-LTS-191)
# Java VM: Java HotSpot(TM) 64-Bit Server VM (17.0.5+9-LTS-191, mixed mode, sharing, tiered, compressed oops, compressed class ptrs, g1 gc, windows-amd64)
# No core dump will be written. Minidumps are not enabled by default on client versions of Windows
#

---------------  S U M M A R Y ------------

Command Line: -Dfile.encoding=UTF-8 --module-path=C:\Users\Darshan\OneDrive\Documents\NetBeansProjects\Travel Management System\build\classes travel.management.system.ForgetPassword

Host: 11th Gen Intel(R) Core(TM) i5-1135G7 @ 2.40GHz, 8 cores, 7G,  Windows 11 , 64 bit Build 22000 (10.0.22000.708)
Time: Tue Dec  6 20:50:22 2022 India Standard Time elapsed time: 573.421473 seconds (0d 0h 9m 33s)

---------------  T H R E A D  ---------------

Current thread (0x00000153ebc01180):  JavaThread "C2 CompilerThread0" daemon [_thread_in_native, id=33676, stack(0x000000174b700000,0x000000174b800000)]


Current CompileTask:
C2: 573421 2225       4       java.util.HashMap::get (19 bytes)

Stack: [0x000000174b700000,0x000000174b800000]
Native frames: (J=compiled Java code, j=interpreted, Vv=VM code, C=native code)
V  [jvm.dll+0x672eea]
V  [jvm.dll+0x7d2a04]
V  [jvm.dll+0x7d41ae]
V  [jvm.dll+0x7d4813]
V  [jvm.dll+0x242c15]
V  [jvm.dll+0xaa7c0]
V  [jvm.dll+0xaab0c]
V  [jvm.dll+0x11bb88]
V  [jvm.dll+0x69c41b]
V  [jvm.dll+0x1b9bb4]
V  [jvm.dll+0x215e19]
V  [jvm.dll+0x2150e1]
V  [jvm.dll+0x1a18ed]
V  [jvm.dll+0x22493a]
V  [jvm.dll+0x222aa5]
V  [jvm.dll+0x7885db]
V  [jvm.dll+0x782b4a]
V  [jvm.dll+0x671d75]
C  [ucrtbase.dll+0x26c0c]
C  [KERNEL32.DLL+0x154e0]
C  [ntdll.dll+0x485b]


---------------  P R O C E S S  ---------------

Threads class SMR info:
_java_thread_list=0x00000153f0d295b0, length=18, elements={
0x00000153ebbe6880, 0x00000153ebbe7430, 0x00000153ebbfd7a0, 0x00000153ebbfe150,
0x00000153ebbfeb00, 0x00000153ebbffc50, 0x00000153ebc01180, 0x00000153ebc078c0,
0x00000153ebc2d070, 0x00000153ec8b9c60, 0x00000153ec934560, 0x00000153ecade200,
0x00000153ecade6d0, 0x00000153ecadeba0, 0x00000153ed7f8010, 0x00000153cbc82a40,
0x00000153ed867fa0, 0x00000153ed864ab0
}

Java Threads: ( => current thread )
  0x00000153ebbe6880 JavaThread "Reference Handler" daemon [_thread_blocked, id=10896, stack(0x000000174b100000,0x000000174b200000)]
  0x00000153ebbe7430 JavaThread "Finalizer" daemon [_thread_blocked, id=32752, stack(0x000000174b200000,0x000000174b300000)]
  0x00000153ebbfd7a0 JavaThread "Signal Dispatcher" daemon [_thread_blocked, id=32748, stack(0x000000174b300000,0x000000174b400000)]
  0x00000153ebbfe150 JavaThread "Attach Listener" daemon [_thread_blocked, id=33664, stack(0x000000174b400000,0x000000174b500000)]
  0x00000153ebbfeb00 JavaThread "Service Thread" daemon [_thread_blocked, id=33656, stack(0x000000174b500000,0x000000174b600000)]
  0x00000153ebbffc50 JavaThread "Monitor Deflation Thread" daemon [_thread_blocked, id=33668, stack(0x000000174b600000,0x000000174b700000)]
=>0x00000153ebc01180 JavaThread "C2 CompilerThread0" daemon [_thread_in_native, id=33676, stack(0x000000174b700000,0x000000174b800000)]
  0x00000153ebc078c0 JavaThread "C1 CompilerThread0" daemon [_thread_blocked, id=11932, stack(0x000000174b800000,0x000000174b900000)]
  0x00000153ebc2d070 JavaThread "Sweeper thread" daemon [_thread_blocked, id=30156, stack(0x000000174b900000,0x000000174ba00000)]
  0x00000153ec8b9c60 JavaThread "Common-Cleaner" daemon [_thread_blocked, id=12124, stack(0x000000174ba00000,0x000000174bb00000)]
  0x00000153ec934560 JavaThread "Notification Thread" daemon [_thread_blocked, id=35200, stack(0x000000174bb00000,0x000000174bc00000)]
  0x00000153ecade200 JavaThread "Java2D Disposer" daemon [_thread_blocked, id=32680, stack(0x000000174bd00000,0x000000174be00000)]
  0x00000153ecade6d0 JavaThread "AWT-Shutdown" [_thread_blocked, id=32740, stack(0x000000174be00000,0x000000174bf00000)]
  0x00000153ecadeba0 JavaThread "AWT-Windows" daemon [_thread_in_native, id=32756, stack(0x000000174bf00000,0x000000174c000000)]
  0x00000153ed7f8010 JavaThread "AWT-EventQueue-0" [_thread_blocked, id=34676, stack(0x000000174c100000,0x000000174c200000)]
  0x00000153cbc82a40 JavaThread "DestroyJavaVM" [_thread_blocked, id=21012, stack(0x000000174aa00000,0x000000174ab00000)]
  0x00000153ed867fa0 JavaThread "TimerQueue" daemon [_thread_blocked, id=7184, stack(0x000000174c500000,0x000000174c600000)]
  0x00000153ed864ab0 JavaThread "mysql-cj-abandoned-connection-cleanup" daemon [_thread_blocked, id=19048, stack(0x000000174c000000,0x000000174c100000)]

Other Threads:
  0x00000153ebbe1640 VMThread "VM Thread" [stack: 0x000000174b000000,0x000000174b100000] [id=36592]
  0x00000153ec934c40 WatcherThread [stack: 0x000000174bc00000,0x000000174bd00000] [id=26244]
  0x00000153cbcdc760 GCTaskThread "GC Thread#0" [stack: 0x000000174ab00000,0x000000174ac00000] [id=33364]
  0x00000153ec8f21b0 GCTaskThread "GC Thread#1" [stack: 0x000000174c600000,0x000000174c700000] [id=33976]
  0x00000153efa0f330 GCTaskThread "GC Thread#2" [stack: 0x000000174c700000,0x000000174c800000] [id=36240]
  0x00000153edaf3f40 GCTaskThread "GC Thread#3" [stack: 0x000000174c800000,0x000000174c900000] [id=17664]
  0x00000153edaf41f0 GCTaskThread "GC Thread#4" [stack: 0x000000174c900000,0x000000174ca00000] [id=15508]
  0x00000153edb8bc50 GCTaskThread "GC Thread#5" [stack: 0x000000174ca00000,0x000000174cb00000] [id=11952]
  0x00000153ef8be980 GCTaskThread "GC Thread#6" [stack: 0x000000174cb00000,0x000000174cc00000] [id=26764]
  0x00000153edc6f220 GCTaskThread "GC Thread#7" [stack: 0x000000174cc00000,0x000000174cd00000] [id=32424]
  0x00000153cbced080 ConcurrentGCThread "G1 Main Marker" [stack: 0x000000174ac00000,0x000000174ad00000] [id=34156]
  0x00000153cbcee230 ConcurrentGCThread "G1 Conc#0" [stack: 0x000000174ad00000,0x000000174ae00000] [id=32992]
  0x00000153cbd45530 ConcurrentGCThread "G1 Refine#0" [stack: 0x000000174ae00000,0x000000174af00000] [id=31072]
  0x00000153edb18510 ConcurrentGCThread "G1 Refine#1" [stack: 0x000000174cd00000,0x000000174ce00000] [id=3304]
  0x00000153efc7eb20 ConcurrentGCThread "G1 Refine#2" [stack: 0x000000174ce00000,0x000000174cf00000] [id=1424]
  0x00000153efb88a30 ConcurrentGCThread "G1 Refine#3" [stack: 0x000000174cf00000,0x000000174d000000] [id=33188]
  0x00000153ebaa20c0 ConcurrentGCThread "G1 Service" [stack: 0x000000174af00000,0x000000174b000000] [id=14632]

Threads with active compile tasks:
C2 CompilerThread0   573463 2225       4       java.util.HashMap::get (19 bytes)

VM state: not at safepoint (normal execution)

VM Mutex/Monitor currently owned by a thread: None

Heap address: 0x0000000083c00000, size: 1988 MB, Compressed Oops mode: 32-bit

CDS archive(s) mapped at: [0x0000000800000000-0x0000000800bd0000-0x0000000800bd0000), size 12386304, SharedBaseAddress: 0x0000000800000000, ArchiveRelocationMode: 0.
Compressed class space mapped at: 0x0000000800c00000-0x0000000840c00000, reserved size: 1073741824
Narrow klass base: 0x0000000800000000, Narrow klass shift: 0, Narrow klass range: 0x100000000

GC Precious Log:
 CPUs: 8 total, 8 available
 Memory: 7948M
 Large Page Support: Disabled
 NUMA Support: Disabled
 Compressed Oops: Enabled (32-bit)
 Heap Region Size: 1M
 Heap Min Capacity: 8M
 Heap Initial Capacity: 126M
 Heap Max Capacity: 1988M
 Pre-touch: Disabled
 Parallel Workers: 8
 Concurrent Workers: 2
 Concurrent Refinement Workers: 8
 Periodic GC: Disabled

Heap:
 garbage-first heap   total 129024K, used 9787K [0x0000000083c00000, 0x0000000100000000)
  region size 1024K, 6 young (6144K), 3 survivors (3072K)
 Metaspace       used 17572K, committed 17920K, reserved 1064960K
  class space    used 1988K, committed 2176K, reserved 1048576K

Heap Regions: E=young(eden), S=young(survivor), O=old, HS=humongous(starts), HC=humongous(continues), CS=collection set, F=free, OA=open archive, CA=closed archive, TAMS=top-at-mark-start (previous, next)
|   0|0x0000000083c00000, 0x0000000083d00000, 0x0000000083d00000|100%|HS|  |TAMS 0x0000000083c00000, 0x0000000083c00000| Complete 
|   1|0x0000000083d00000, 0x0000000083e00000, 0x0000000083e00000|100%|HC|  |TAMS 0x0000000083d00000, 0x0000000083d00000| Complete 
|   2|0x0000000083e00000, 0x0000000083f00000, 0x0000000083f00000|100%| O|  |TAMS 0x0000000083e00000, 0x0000000083e00000| Untracked 
|   3|0x0000000083f00000, 0x0000000084000000, 0x0000000084000000|100%| O|  |TAMS 0x0000000083f00000, 0x0000000083f00000| Untracked 
|   4|0x0000000084000000, 0x000000008408ec00, 0x0000000084100000| 55%| O|  |TAMS 0x0000000084000000, 0x0000000084000000| Untracked 
|   5|0x0000000084100000, 0x0000000084100000, 0x0000000084200000|  0%| F|  |TAMS 0x0000000084100000, 0x0000000084100000| Untracked 
|   6|0x0000000084200000, 0x0000000084200000, 0x0000000084300000|  0%| F|  |TAMS 0x0000000084200000, 0x0000000084200000| Untracked 
|   7|0x0000000084300000, 0x0000000084300000, 0x0000000084400000|  0%| F|  |TAMS 0x0000000084300000, 0x0000000084300000| Untracked 
|   8|0x0000000084400000, 0x0000000084400000, 0x0000000084500000|  0%| F|  |TAMS 0x0000000084400000, 0x0000000084400000| Untracked 
|   9|0x0000000084500000, 0x0000000084500000, 0x0000000084600000|  0%| F|  |TAMS 0x0000000084500000, 0x0000000084500000| Untracked 
|  10|0x0000000084600000, 0x0000000084600000, 0x0000000084700000|  0%| F|  |TAMS 0x0000000084600000, 0x0000000084600000| Untracked 
|  11|0x0000000084700000, 0x0000000084700000, 0x0000000084800000|  0%| F|  |TAMS 0x0000000084700000, 0x0000000084700000| Untracked 
|  12|0x0000000084800000, 0x0000000084800000, 0x0000000084900000|  0%| F|  |TAMS 0x0000000084800000, 0x0000000084800000| Untracked 
|  13|0x0000000084900000, 0x0000000084900000, 0x0000000084a00000|  0%| F|  |TAMS 0x0000000084900000, 0x0000000084900000| Untracked 
|  14|0x0000000084a00000, 0x0000000084a00000, 0x0000000084b00000|  0%| F|  |TAMS 0x0000000084a00000, 0x0000000084a00000| Untracked 
|  15|0x0000000084b00000, 0x0000000084b00000, 0x0000000084c00000|  0%| F|  |TAMS 0x0000000084b00000, 0x0000000084b00000| Untracked 
|  16|0x0000000084c00000, 0x0000000084c00000, 0x0000000084d00000|  0%| F|  |TAMS 0x0000000084c00000, 0x0000000084c00000| Untracked 
|  17|0x0000000084d00000, 0x0000000084d00000, 0x0000000084e00000|  0%| F|  |TAMS 0x0000000084d00000, 0x0000000084d00000| Untracked 
|  18|0x0000000084e00000, 0x0000000084e00000, 0x0000000084f00000|  0%| F|  |TAMS 0x0000000084e00000, 0x0000000084e00000| Untracked 
|  19|0x0000000084f00000, 0x0000000084f00000, 0x0000000085000000|  0%| F|  |TAMS 0x0000000084f00000, 0x0000000084f00000| Untracked 
|  20|0x0000000085000000, 0x0000000085000000, 0x0000000085100000|  0%| F|  |TAMS 0x0000000085000000, 0x0000000085000000| Untracked 
|  21|0x0000000085100000, 0x0000000085100000, 0x0000000085200000|  0%| F|  |TAMS 0x0000000085100000, 0x0000000085100000| Untracked 
|  22|0x0000000085200000, 0x0000000085200000, 0x0000000085300000|  0%| F|  |TAMS 0x0000000085200000, 0x0000000085200000| Untracked 
|  23|0x0000000085300000, 0x0000000085300000, 0x0000000085400000|  0%| F|  |TAMS 0x0000000085300000, 0x0000000085300000| Untracked 
|  24|0x0000000085400000, 0x0000000085400000, 0x0000000085500000|  0%| F|  |TAMS 0x0000000085400000, 0x0000000085400000| Untracked 
|  25|0x0000000085500000, 0x0000000085500000, 0x0000000085600000|  0%| F|  |TAMS 0x0000000085500000, 0x0000000085500000| Untracked 
|  26|0x0000000085600000, 0x0000000085600000, 0x0000000085700000|  0%| F|  |TAMS 0x0000000085600000, 0x0000000085600000| Untracked 
|  27|0x0000000085700000, 0x0000000085700000, 0x0000000085800000|  0%| F|  |TAMS 0x0000000085700000, 0x0000000085700000| Untracked 
|  28|0x0000000085800000, 0x0000000085800000, 0x0000000085900000|  0%| F|  |TAMS 0x0000000085800000, 0x0000000085800000| Untracked 
|  29|0x0000000085900000, 0x0000000085900000, 0x0000000085a00000|  0%| F|  |TAMS 0x0000000085900000, 0x0000000085900000| Untracked 
|  30|0x0000000085a00000, 0x0000000085a00000, 0x0000000085b00000|  0%| F|  |TAMS 0x0000000085a00000, 0x0000000085a00000| Untracked 
|  31|0x0000000085b00000, 0x0000000085b00000, 0x0000000085c00000|  0%| F|  |TAMS 0x0000000085b00000, 0x0000000085b00000| Untracked 
|  32|0x0000000085c00000, 0x0000000085c00000, 0x0000000085d00000|  0%| F|  |TAMS 0x0000000085c00000, 0x0000000085c00000| Untracked 
|  33|0x0000000085d00000, 0x0000000085d00000, 0x0000000085e00000|  0%| F|  |TAMS 0x0000000085d00000, 0x0000000085d00000| Untracked 
|  34|0x0000000085e00000, 0x0000000085e00000, 0x0000000085f00000|  0%| F|  |TAMS 0x0000000085e00000, 0x0000000085e00000| Untracked 
|  35|0x0000000085f00000, 0x0000000085f00000, 0x0000000086000000|  0%| F|  |TAMS 0x0000000085f00000, 0x0000000085f00000| Untracked 
|  36|0x0000000086000000, 0x0000000086000000, 0x0000000086100000|  0%| F|  |TAMS 0x0000000086000000, 0x0000000086000000| Untracked 
|  37|0x0000000086100000, 0x0000000086100000, 0x0000000086200000|  0%| F|  |TAMS 0x0000000086100000, 0x0000000086100000| Untracked 
|  38|0x0000000086200000, 0x0000000086200000, 0x0000000086300000|  0%| F|  |TAMS 0x0000000086200000, 0x0000000086200000| Untracked 
|  39|0x0000000086300000, 0x0000000086300000, 0x0000000086400000|  0%| F|  |TAMS 0x0000000086300000, 0x0000000086300000| Untracked 
|  40|0x0000000086400000, 0x0000000086400000, 0x0000000086500000|  0%| F|  |TAMS 0x0000000086400000, 0x0000000086400000| Untracked 
|  41|0x0000000086500000, 0x0000000086500000, 0x0000000086600000|  0%| F|  |TAMS 0x0000000086500000, 0x0000000086500000| Untracked 
|  42|0x0000000086600000, 0x0000000086600000, 0x0000000086700000|  0%| F|  |TAMS 0x0000000086600000, 0x0000000086600000| Untracked 
|  43|0x0000000086700000, 0x0000000086700000, 0x0000000086800000|  0%| F|  |TAMS 0x0000000086700000, 0x0000000086700000| Untracked 
|  44|0x0000000086800000, 0x0000000086800000, 0x0000000086900000|  0%| F|  |TAMS 0x0000000086800000, 0x0000000086800000| Untracked 
|  45|0x0000000086900000, 0x0000000086900000, 0x0000000086a00000|  0%| F|  |TAMS 0x0000000086900000, 0x0000000086900000| Untracked 
|  46|0x0000000086a00000, 0x0000000086a00000, 0x0000000086b00000|  0%| F|  |TAMS 0x0000000086a00000, 0x0000000086a00000| Untracked 
|  47|0x0000000086b00000, 0x0000000086b00000, 0x0000000086c00000|  0%| F|  |TAMS 0x0000000086b00000, 0x0000000086b00000| Untracked 
|  48|0x0000000086c00000, 0x0000000086c00000, 0x0000000086d00000|  0%| F|  |TAMS 0x0000000086c00000, 0x0000000086c00000| Untracked 
|  49|0x0000000086d00000, 0x0000000086d00000, 0x0000000086e00000|  0%| F|  |TAMS 0x0000000086d00000, 0x0000000086d00000| Untracked 
|  50|0x0000000086e00000, 0x0000000086e00000, 0x0000000086f00000|  0%| F|  |TAMS 0x0000000086e00000, 0x0000000086e00000| Untracked 
|  51|0x0000000086f00000, 0x0000000086f00000, 0x0000000087000000|  0%| F|  |TAMS 0x0000000086f00000, 0x0000000086f00000| Untracked 
|  52|0x0000000087000000, 0x0000000087000000, 0x0000000087100000|  0%| F|  |TAMS 0x0000000087000000, 0x0000000087000000| Untracked 
|  53|0x0000000087100000, 0x0000000087100000, 0x0000000087200000|  0%| F|  |TAMS 0x0000000087100000, 0x0000000087100000| Untracked 
|  54|0x0000000087200000, 0x0000000087200000, 0x0000000087300000|  0%| F|  |TAMS 0x0000000087200000, 0x0000000087200000| Untracked 
|  55|0x0000000087300000, 0x0000000087300000, 0x0000000087400000|  0%| F|  |TAMS 0x0000000087300000, 0x0000000087300000| Untracked 
|  56|0x0000000087400000, 0x0000000087400000, 0x0000000087500000|  0%| F|  |TAMS 0x0000000087400000, 0x0000000087400000| Untracked 
|  57|0x0000000087500000, 0x0000000087500000, 0x0000000087600000|  0%| F|  |TAMS 0x0000000087500000, 0x0000000087500000| Untracked 
|  58|0x0000000087600000, 0x0000000087600000, 0x0000000087700000|  0%| F|  |TAMS 0x0000000087600000, 0x0000000087600000| Untracked 
|  59|0x0000000087700000, 0x0000000087700000, 0x0000000087800000|  0%| F|  |TAMS 0x0000000087700000, 0x0000000087700000| Untracked 
|  60|0x0000000087800000, 0x0000000087800000, 0x0000000087900000|  0%| F|  |TAMS 0x0000000087800000, 0x0000000087800000| Untracked 
|  61|0x0000000087900000, 0x0000000087900000, 0x0000000087a00000|  0%| F|  |TAMS 0x0000000087900000, 0x0000000087900000| Untracked 
|  62|0x0000000087a00000, 0x0000000087a00000, 0x0000000087b00000|  0%| F|  |TAMS 0x0000000087a00000, 0x0000000087a00000| Untracked 
|  63|0x0000000087b00000, 0x0000000087b00000, 0x0000000087c00000|  0%| F|  |TAMS 0x0000000087b00000, 0x0000000087b00000| Untracked 
|  64|0x0000000087c00000, 0x0000000087c00000, 0x0000000087d00000|  0%| F|  |TAMS 0x0000000087c00000, 0x0000000087c00000| Untracked 
|  65|0x0000000087d00000, 0x0000000087d00000, 0x0000000087e00000|  0%| F|  |TAMS 0x0000000087d00000, 0x0000000087d00000| Untracked 
|  66|0x0000000087e00000, 0x0000000087e00000, 0x0000000087f00000|  0%| F|  |TAMS 0x0000000087e00000, 0x0000000087e00000| Untracked 
|  67|0x0000000087f00000, 0x0000000087f00000, 0x0000000088000000|  0%| F|  |TAMS 0x0000000087f00000, 0x0000000087f00000| Untracked 
|  68|0x0000000088000000, 0x0000000088000000, 0x0000000088100000|  0%| F|  |TAMS 0x0000000088000000, 0x0000000088000000| Untracked 
|  69|0x0000000088100000, 0x0000000088100000, 0x0000000088200000|  0%| F|  |TAMS 0x0000000088100000, 0x0000000088100000| Untracked 
|  70|0x0000000088200000, 0x0000000088200000, 0x0000000088300000|  0%| F|  |TAMS 0x0000000088200000, 0x0000000088200000| Untracked 
|  71|0x0000000088300000, 0x0000000088300000, 0x0000000088400000|  0%| F|  |TAMS 0x0000000088300000, 0x0000000088300000| Untracked 
|  72|0x0000000088400000, 0x0000000088400000, 0x0000000088500000|  0%| F|  |TAMS 0x0000000088400000, 0x0000000088400000| Untracked 
|  73|0x0000000088500000, 0x0000000088500000, 0x0000000088600000|  0%| F|  |TAMS 0x0000000088500000, 0x0000000088500000| Untracked 
|  74|0x0000000088600000, 0x0000000088600000, 0x0000000088700000|  0%| F|  |TAMS 0x0000000088600000, 0x0000000088600000| Untracked 
|  75|0x0000000088700000, 0x0000000088700000, 0x0000000088800000|  0%| F|  |TAMS 0x0000000088700000, 0x0000000088700000| Untracked 
|  76|0x0000000088800000, 0x0000000088800000, 0x0000000088900000|  0%| F|  |TAMS 0x0000000088800000, 0x0000000088800000| Untracked 
|  77|0x0000000088900000, 0x0000000088900000, 0x0000000088a00000|  0%| F|  |TAMS 0x0000000088900000, 0x0000000088900000| Untracked 
|  78|0x0000000088a00000, 0x0000000088a00000, 0x0000000088b00000|  0%| F|  |TAMS 0x0000000088a00000, 0x0000000088a00000| Untracked 
|  79|0x0000000088b00000, 0x0000000088b00000, 0x0000000088c00000|  0%| F|  |TAMS 0x0000000088b00000, 0x0000000088b00000| Untracked 
|  80|0x0000000088c00000, 0x0000000088c00000, 0x0000000088d00000|  0%| F|  |TAMS 0x0000000088c00000, 0x0000000088c00000| Untracked 
|  81|0x0000000088d00000, 0x0000000088d00000, 0x0000000088e00000|  0%| F|  |TAMS 0x0000000088d00000, 0x0000000088d00000| Untracked 
|  82|0x0000000088e00000, 0x0000000088e00000, 0x0000000088f00000|  0%| F|  |TAMS 0x0000000088e00000, 0x0000000088e00000| Untracked 
|  83|0x0000000088f00000, 0x0000000088f00000, 0x0000000089000000|  0%| F|  |TAMS 0x0000000088f00000, 0x0000000088f00000| Untracked 
|  84|0x0000000089000000, 0x0000000089000000, 0x0000000089100000|  0%| F|  |TAMS 0x0000000089000000, 0x0000000089000000| Untracked 
|  85|0x0000000089100000, 0x0000000089100000, 0x0000000089200000|  0%| F|  |TAMS 0x0000000089100000, 0x0000000089100000| Untracked 
|  86|0x0000000089200000, 0x0000000089200000, 0x0000000089300000|  0%| F|  |TAMS 0x0000000089200000, 0x0000000089200000| Untracked 
|  87|0x0000000089300000, 0x0000000089300000, 0x0000000089400000|  0%| F|  |TAMS 0x0000000089300000, 0x0000000089300000| Untracked 
|  88|0x0000000089400000, 0x0000000089400000, 0x0000000089500000|  0%| F|  |TAMS 0x0000000089400000, 0x0000000089400000| Untracked 
|  89|0x0000000089500000, 0x0000000089500000, 0x0000000089600000|  0%| F|  |TAMS 0x0000000089500000, 0x0000000089500000| Untracked 
|  90|0x0000000089600000, 0x0000000089600000, 0x0000000089700000|  0%| F|  |TAMS 0x0000000089600000, 0x0000000089600000| Untracked 
|  91|0x0000000089700000, 0x0000000089700000, 0x0000000089800000|  0%| F|  |TAMS 0x0000000089700000, 0x0000000089700000| Untracked 
|  92|0x0000000089800000, 0x0000000089800000, 0x0000000089900000|  0%| F|  |TAMS 0x0000000089800000, 0x0000000089800000| Untracked 
|  93|0x0000000089900000, 0x0000000089900000, 0x0000000089a00000|  0%| F|  |TAMS 0x0000000089900000, 0x0000000089900000| Untracked 
|  94|0x0000000089a00000, 0x0000000089a00000, 0x0000000089b00000|  0%| F|  |TAMS 0x0000000089a00000, 0x0000000089a00000| Untracked 
|  95|0x0000000089b00000, 0x0000000089b00000, 0x0000000089c00000|  0%| F|  |TAMS 0x0000000089b00000, 0x0000000089b00000| Untracked 
|  96|0x0000000089c00000, 0x0000000089c00000, 0x0000000089d00000|  0%| F|  |TAMS 0x0000000089c00000, 0x0000000089c00000| Untracked 
|  97|0x0000000089d00000, 0x0000000089d00000, 0x0000000089e00000|  0%| F|  |TAMS 0x0000000089d00000, 0x0000000089d00000| Untracked 
|  98|0x0000000089e00000, 0x0000000089e00000, 0x0000000089f00000|  0%| F|  |TAMS 0x0000000089e00000, 0x0000000089e00000| Untracked 
|  99|0x0000000089f00000, 0x0000000089f00000, 0x000000008a000000|  0%| F|  |TAMS 0x0000000089f00000, 0x0000000089f00000| Untracked 
| 100|0x000000008a000000, 0x000000008a100000, 0x000000008a100000|100%| S|CS|TAMS 0x000000008a000000, 0x000000008a000000| Complete 
| 101|0x000000008a100000, 0x000000008a200000, 0x000000008a200000|100%| S|CS|TAMS 0x000000008a100000, 0x000000008a100000| Complete 
| 102|0x000000008a200000, 0x000000008a300000, 0x000000008a300000|100%| S|CS|TAMS 0x000000008a200000, 0x000000008a200000| Complete 
| 103|0x000000008a300000, 0x000000008a300000, 0x000000008a400000|  0%| F|  |TAMS 0x000000008a300000, 0x000000008a300000| Untracked 
| 104|0x000000008a400000, 0x000000008a400000, 0x000000008a500000|  0%| F|  |TAMS 0x000000008a400000, 0x000000008a400000| Untracked 
| 105|0x000000008a500000, 0x000000008a500000, 0x000000008a600000|  0%| F|  |TAMS 0x000000008a500000, 0x000000008a500000| Untracked 
| 106|0x000000008a600000, 0x000000008a600000, 0x000000008a700000|  0%| F|  |TAMS 0x000000008a600000, 0x000000008a600000| Untracked 
| 107|0x000000008a700000, 0x000000008a700000, 0x000000008a800000|  0%| F|  |TAMS 0x000000008a700000, 0x000000008a700000| Untracked 
| 108|0x000000008a800000, 0x000000008a800000, 0x000000008a900000|  0%| F|  |TAMS 0x000000008a800000, 0x000000008a800000| Untracked 
| 109|0x000000008a900000, 0x000000008a900000, 0x000000008aa00000|  0%| F|  |TAMS 0x000000008a900000, 0x000000008a900000| Untracked 
| 110|0x000000008aa00000, 0x000000008aa00000, 0x000000008ab00000|  0%| F|  |TAMS 0x000000008aa00000, 0x000000008aa00000| Untracked 
| 111|0x000000008ab00000, 0x000000008ab00000, 0x000000008ac00000|  0%| F|  |TAMS 0x000000008ab00000, 0x000000008ab00000| Untracked 
| 112|0x000000008ac00000, 0x000000008ac00000, 0x000000008ad00000|  0%| F|  |TAMS 0x000000008ac00000, 0x000000008ac00000| Untracked 
| 113|0x000000008ad00000, 0x000000008ad00000, 0x000000008ae00000|  0%| F|  |TAMS 0x000000008ad00000, 0x000000008ad00000| Untracked 
| 114|0x000000008ae00000, 0x000000008ae00000, 0x000000008af00000|  0%| F|  |TAMS 0x000000008ae00000, 0x000000008ae00000| Untracked 
| 115|0x000000008af00000, 0x000000008af00000, 0x000000008b000000|  0%| F|  |TAMS 0x000000008af00000, 0x000000008af00000| Untracked 
| 116|0x000000008b000000, 0x000000008b000000, 0x000000008b100000|  0%| F|  |TAMS 0x000000008b000000, 0x000000008b000000| Untracked 
| 117|0x000000008b100000, 0x000000008b100000, 0x000000008b200000|  0%| F|  |TAMS 0x000000008b100000, 0x000000008b100000| Untracked 
| 118|0x000000008b200000, 0x000000008b200000, 0x000000008b300000|  0%| F|  |TAMS 0x000000008b200000, 0x000000008b200000| Untracked 
| 119|0x000000008b300000, 0x000000008b300000, 0x000000008b400000|  0%| F|  |TAMS 0x000000008b300000, 0x000000008b300000| Untracked 
| 120|0x000000008b400000, 0x000000008b400000, 0x000000008b500000|  0%| F|  |TAMS 0x000000008b400000, 0x000000008b400000| Untracked 
| 121|0x000000008b500000, 0x000000008b500000, 0x000000008b600000|  0%| F|  |TAMS 0x000000008b500000, 0x000000008b500000| Untracked 
| 122|0x000000008b600000, 0x000000008b600000, 0x000000008b700000|  0%| F|  |TAMS 0x000000008b600000, 0x000000008b600000| Untracked 
| 123|0x000000008b700000, 0x000000008b7f5d18, 0x000000008b800000| 96%| E|  |TAMS 0x000000008b700000, 0x000000008b700000| Complete 
| 124|0x000000008b800000, 0x000000008b900000, 0x000000008b900000|100%| E|CS|TAMS 0x000000008b800000, 0x000000008b800000| Complete 
| 125|0x000000008b900000, 0x000000008ba00000, 0x000000008ba00000|100%| E|CS|TAMS 0x000000008b900000, 0x000000008b900000| Complete 

Card table byte_map: [0x00000153e4b50000,0x00000153e4f40000] _byte_map_base: 0x00000153e4732000

Marking Bits (Prev, Next): (CMBitMap*) 0x00000153cbcdcd70, (CMBitMap*) 0x00000153cbcdcdb0
 Prev Bits: [0x00000153e5330000, 0x00000153e7240000)
 Next Bits: [0x00000153e7240000, 0x00000153e9150000)

Polling page: 0x00000153cbd50000

Metaspace:

Usage:
  Non-class:     15.22 MB used.
      Class:      1.94 MB used.
       Both:     17.16 MB used.

Virtual space:
  Non-class space:       16.00 MB reserved,      15.38 MB ( 96%) committed,  2 nodes.
      Class space:        1.00 GB reserved,       2.12 MB ( <1%) committed,  1 nodes.
             Both:        1.02 GB reserved,      17.50 MB (  2%) committed. 

Chunk freelists:
   Non-Class:  282.00 KB
       Class:  1.92 MB
        Both:  2.19 MB

MaxMetaspaceSize: unlimited
CompressedClassSpaceSize: 1.00 GB
Initial GC threshold: 21.00 MB
Current GC threshold: 21.00 MB
CDS: on
MetaspaceReclaimPolicy: balanced
 - commit_granule_bytes: 65536.
 - commit_granule_words: 8192.
 - virtual_space_node_default_size: 1048576.
 - enlarge_chunks_in_place: 1.
 - new_chunks_are_fully_committed: 0.
 - uncommit_free_chunks: 1.
 - use_allocation_guard: 0.
 - handle_deallocations: 1.


Internal statistics:

num_allocs_failed_limit: 0.
num_arena_births: 388.
num_arena_deaths: 0.
num_vsnodes_births: 3.
num_vsnodes_deaths: 0.
num_space_committed: 280.
num_space_uncommitted: 0.
num_chunks_returned_to_freelist: 0.
num_chunks_taken_from_freelist: 683.
num_chunk_merges: 0.
num_chunk_splits: 399.
num_chunks_enlarged: 169.
num_purges: 0.
num_inconsistent_stats: 0.

CodeHeap 'non-profiled nmethods': size=120000Kb used=786Kb max_used=786Kb free=119213Kb
 bounds [0x00000153dc7c0000, 0x00000153dca30000, 0x00000153e3cf0000]
CodeHeap 'profiled nmethods': size=120000Kb used=4252Kb max_used=4252Kb free=115747Kb
 bounds [0x00000153d5290000, 0x00000153d56c0000, 0x00000153dc7c0000]
CodeHeap 'non-nmethods': size=5760Kb used=1389Kb max_used=1448Kb free=4370Kb
 bounds [0x00000153d4cf0000, 0x00000153d4f60000, 0x00000153d5290000]
 total_blobs=2941 nmethods=2222 adapters=631
 compilation: enabled
              stopped_count=0, restarted_count=0
 full_count=0

Compilation events (20 events):
Event: 551.465 Thread 0x00000153ebc078c0 nmethod 2215 0x00000153d56a3290 code [0x00000153d56a43c0, 0x00000153d56ae9e8]
Event: 556.462 Thread 0x00000153ebc078c0 2216       3       sun.net.www.protocol.file.Handler::parseURL (18 bytes)
Event: 556.462 Thread 0x00000153ebc078c0 nmethod 2216 0x00000153d56b2910 code [0x00000153d56b2ac0, 0x00000153d56b2c78]
Event: 561.464 Thread 0x00000153ebc078c0 2217       3       jdk.internal.loader.Resource::<init> (5 bytes)
Event: 561.464 Thread 0x00000153ebc078c0 nmethod 2217 0x00000153d56b2d90 code [0x00000153d56b2f20, 0x00000153d56b3078]
Event: 573.386 Thread 0x00000153ebc078c0 2218       3       java.lang.Class::privateGetDeclaredConstructors (79 bytes)
Event: 573.387 Thread 0x00000153ebc078c0 nmethod 2218 0x00000153d56b3110 code [0x00000153d56b3300, 0x00000153d56b3848]
Event: 573.387 Thread 0x00000153ebc078c0 2219       3       jdk.internal.reflect.ReflectionFactory::copyConstructor (11 bytes)
Event: 573.387 Thread 0x00000153ebc078c0 nmethod 2219 0x00000153d56b3a10 code [0x00000153d56b3bc0, 0x00000153d56b3da8]
Event: 573.387 Thread 0x00000153ebc078c0 2220       3       java.lang.reflect.ReflectAccess::copyConstructor (5 bytes)
Event: 573.387 Thread 0x00000153ebc078c0 nmethod 2220 0x00000153d56b3f10 code [0x00000153d56b40c0, 0x00000153d56b4208]
Event: 573.388 Thread 0x00000153ebc078c0 2221       3       java.util.HashMap::<init> (98 bytes)
Event: 573.389 Thread 0x00000153ebc078c0 nmethod 2221 0x00000153d56b4310 code [0x00000153d56b4660, 0x00000153d56b5778]
Event: 573.390 Thread 0x00000153ebc078c0 2222  s    3       java.beans.ChangeListenerMap::get (25 bytes)
Event: 573.390 Thread 0x00000153ebc01180 2225       4       java.util.HashMap::get (19 bytes)
Event: 573.390 Thread 0x00000153ebc078c0 nmethod 2222 0x00000153d56b5d10 code [0x00000153d56b5ec0, 0x00000153d56b62a8]
Event: 573.390 Thread 0x00000153ebc078c0 2223       3       java.beans.PropertyChangeSupport::fire (39 bytes)
Event: 573.390 Thread 0x00000153ebc078c0 nmethod 2223 0x00000153d56b6390 code [0x00000153d56b6540, 0x00000153d56b6808]
Event: 573.390 Thread 0x00000153ebc078c0 2224   !   3       java.awt.Component::firePropertyChange (59 bytes)
Event: 573.391 Thread 0x00000153ebc078c0 nmethod 2224 0x00000153d56b6990 code [0x00000153d56b6b60, 0x00000153d56b70b8]

GC Heap History (2 events):
Event: 10.494 GC heap before
{Heap before GC invocations=0 (full 0):
 garbage-first heap   total 129024K, used 24576K [0x0000000083c00000, 0x0000000100000000)
  region size 1024K, 23 young (23552K), 0 survivors (0K)
 Metaspace       used 17316K, committed 17664K, reserved 1064960K
  class space    used 1967K, committed 2112K, reserved 1048576K
}
Event: 10.499 GC heap after
{Heap after GC invocations=1 (full 0):
 garbage-first heap   total 129024K, used 7739K [0x0000000083c00000, 0x0000000100000000)
  region size 1024K, 3 young (3072K), 3 survivors (3072K)
 Metaspace       used 17316K, committed 17664K, reserved 1064960K
  class space    used 1967K, committed 2112K, reserved 1048576K
}

Deoptimization events (20 events):
Event: 5.875 Thread 0x00000153ed7f8010 DEOPT PACKING pc=0x00000153dc80be90 sp=0x000000174c1fc630
Event: 5.875 Thread 0x00000153ed7f8010 DEOPT UNPACKING pc=0x00000153d4d45ba3 sp=0x000000174c1fc538 mode 2
Event: 5.875 Thread 0x00000153ed7f8010 Uncommon trap: trap_request=0xffffffc6 fr.pc=0x00000153dc80be90 relative=0x00000000000002d0
Event: 5.875 Thread 0x00000153ed7f8010 Uncommon trap: reason=bimorphic_or_optimized_type_check action=maybe_recompile pc=0x00000153dc80be90 method=java.util.HashMap.getNode(Ljava/lang/Object;)Ljava/util/HashMap$Node; @ 128 c2
Event: 5.875 Thread 0x00000153ed7f8010 DEOPT PACKING pc=0x00000153dc80be90 sp=0x000000174c1fc630
Event: 5.875 Thread 0x00000153ed7f8010 DEOPT UNPACKING pc=0x00000153d4d45ba3 sp=0x000000174c1fc538 mode 2
Event: 10.501 Thread 0x00000153ed864ab0 Uncommon trap: trap_request=0xffffff45 fr.pc=0x00000153dc859348 relative=0x00000000000000c8
Event: 10.501 Thread 0x00000153ed864ab0 Uncommon trap: reason=unstable_if action=reinterpret pc=0x00000153dc859348 method=java.lang.ref.SoftReference.get()Ljava/lang/Object; @ 17 c2
Event: 10.502 Thread 0x00000153ed864ab0 DEOPT PACKING pc=0x00000153dc859348 sp=0x000000174c0feef0
Event: 10.502 Thread 0x00000153ed864ab0 DEOPT UNPACKING pc=0x00000153d4d45ba3 sp=0x000000174c0feea8 mode 2
Event: 12.695 Thread 0x00000153ed7f8010 DEOPT PACKING pc=0x00000153d5564071 sp=0x000000174c1fce10
Event: 12.695 Thread 0x00000153ed7f8010 DEOPT UNPACKING pc=0x00000153d4d466e3 sp=0x000000174c1fc240 mode 0
Event: 12.701 Thread 0x00000153ed7f8010 DEOPT PACKING pc=0x00000153d5564071 sp=0x000000174c1fcef0
Event: 12.701 Thread 0x00000153ed7f8010 DEOPT UNPACKING pc=0x00000153d4d466e3 sp=0x000000174c1fc320 mode 0
Event: 12.703 Thread 0x00000153ed7f8010 DEOPT PACKING pc=0x00000153d5564071 sp=0x000000174c1fd160
Event: 12.703 Thread 0x00000153ed7f8010 DEOPT UNPACKING pc=0x00000153d4d466e3 sp=0x000000174c1fc590 mode 0
Event: 14.308 Thread 0x00000153ed7f8010 Uncommon trap: trap_request=0xffffff45 fr.pc=0x00000153dc841818 relative=0x0000000000002058
Event: 14.308 Thread 0x00000153ed7f8010 Uncommon trap: reason=unstable_if action=reinterpret pc=0x00000153dc841818 method=java.lang.ref.SoftReference.get()Ljava/lang/Object; @ 17 c2
Event: 14.308 Thread 0x00000153ed7f8010 DEOPT PACKING pc=0x00000153dc841818 sp=0x000000174c1fc820
Event: 14.308 Thread 0x00000153ed7f8010 DEOPT UNPACKING pc=0x00000153d4d45ba3 sp=0x000000174c1fc598 mode 2

Classes unloaded (0 events):
No events

Classes redefined (0 events):
No events

Internal exceptions (20 events):
Event: 0.260 Thread 0x00000153cbc82a40 Exception <a 'java/lang/NoSuchMethodError'{0x000000008b2fd2a0}: 'void java.lang.invoke.DirectMethodHandle$Holder.invokeStaticInit(java.lang.Object)'> (0x000000008b2fd2a0) 
thrown [s\open\src\hotspot\share\interpreter\linkResolver.cpp, line 759]
Event: 5.762 Thread 0x00000153ed7f8010 Exception <a 'java/lang/NoSuchMethodError'{0x000000008af6f5c0}: 'java.lang.Object java.lang.invoke.DirectMethodHandle$Holder.invokeInterface(java.lang.Object, java.lang.Object)'> (0x000000008af6f5c0) 
thrown [s\open\src\hotspot\share\interpreter\linkResolver.cpp, line 759]
Event: 5.778 Thread 0x00000153ed7f8010 Exception <a 'java/lang/NoSuchMethodError'{0x000000008afed510}: 'void java.lang.invoke.DirectMethodHandle$Holder.invokeStatic(java.lang.Object, java.lang.Object, java.lang.Object)'> (0x000000008afed510) 
thrown [s\open\src\hotspot\share\interpreter\linkResolver.cpp, line 759]
Event: 5.778 Thread 0x00000153ed7f8010 Exception <a 'java/lang/NoSuchMethodError'{0x000000008aff78f0}: 'java.lang.Object java.lang.invoke.DirectMethodHandle$Holder.invokeVirtual(java.lang.Object, java.lang.Object, java.lang.Object)'> (0x000000008aff78f0) 
thrown [s\open\src\hotspot\share\interpreter\linkResolver.cpp, line 759]
Event: 5.829 Thread 0x00000153ed7f8010 Exception <a 'java/lang/NoSuchMethodError'{0x000000008acfb2f0}: 'void java.lang.invoke.DirectMethodHandle$Holder.invokeStatic(java.lang.Object, java.lang.Object)'> (0x000000008acfb2f0) 
thrown [s\open\src\hotspot\share\interpreter\linkResolver.cpp, line 759]
Event: 5.863 Thread 0x00000153ed7f8010 Exception <a 'java/lang/NoSuchMethodError'{0x000000008aa8f658}: 'void java.lang.invoke.DirectMethodHandle$Holder.invokeStaticInit(java.lang.Object, java.lang.Object)'> (0x000000008aa8f658) 
thrown [s\open\src\hotspot\share\interpreter\linkResolver.cpp, line 759]
Event: 5.895 Thread 0x00000153ed7f8010 Exception <a 'sun/nio/fs/WindowsException'{0x000000008a828240}> (0x000000008a828240) 
thrown [s\open\src\hotspot\share\prims\jni.cpp, line 516]
Event: 5.901 Thread 0x00000153ed7f8010 Exception <a 'java/lang/NoSuchMethodError'{0x000000008a84e338}: 'int java.lang.invoke.DirectMethodHandle$Holder.invokeStaticInit(java.lang.Object, java.lang.Object, java.lang.Object, java.lang.Object)'> (0x000000008a84e338) 
thrown [s\open\src\hotspot\share\interpreter\linkResolver.cpp, line 759]
Event: 5.901 Thread 0x00000153ed7f8010 Exception <a 'java/lang/IncompatibleClassChangeError'{0x000000008a8577c8}: Found class java.lang.Object, but interface was expected> (0x000000008a8577c8) 
thrown [s\open\src\hotspot\share\interpreter\linkResolver.cpp, line 826]
Event: 5.902 Thread 0x00000153ed7f8010 Exception <a 'java/lang/NoSuchMethodError'{0x000000008a85d0d8}: 'int java.lang.invoke.DirectMethodHandle$Holder.invokeStaticInit(java.lang.Object, java.lang.Object)'> (0x000000008a85d0d8) 
thrown [s\open\src\hotspot\share\interpreter\linkResolver.cpp, line 759]
Event: 5.921 Thread 0x00000153ed7f8010 Exception <a 'java/lang/NoSuchMethodError'{0x000000008a71ec00}: 'java.lang.Object java.lang.invoke.DirectMethodHandle$Holder.invokeStaticInit(java.lang.Object, int, int, int, int)'> (0x000000008a71ec00) 
thrown [s\open\src\hotspot\share\interpreter\linkResolver.cpp, line 759]
Event: 5.954 Thread 0x00000153ed7f8010 Exception <a 'java/lang/NoSuchMethodError'{0x000000008a7980e8}: 'java.lang.Object java.lang.invoke.DirectMethodHandle$Holder.invokeStaticInit(java.lang.Object, java.lang.Object, int, int, int, int)'> (0x000000008a7980e8) 
thrown [s\open\src\hotspot\share\interpreter\linkResolver.cpp, line 759]
Event: 10.484 Thread 0x00000153ed7f8010 Exception <a 'java/lang/NoSuchMethodError'{0x000000008a3241b0}: 'java.lang.Object java.lang.invoke.DirectMethodHandle$Holder.invokeSpecial(java.lang.Object, java.lang.Object, long, java.lang.Object, int, int, int, int, java.lang.Object, java.lang.Object, java.lang.Object)'> (0x000000008a3241b0) 
thrown [s\open\src\hotspot\share\interpreter\linkResolver.cpp, line 759]
Event: 10.484 Thread 0x00000153ed7f8010 Exception <a 'java/lang/NoSuchMethodError'{0x000000008a328448}: 'java.lang.Object java.lang.invoke.DelegatingMethodHandle$Holder.reinvoke_L(java.lang.Object, long, java.lang.Object, int, int, int, int, java.lang.Object, java.lang.Object, java.lang.Object)'> (0x000000008a328448) 
thrown [s\open\src\hotspot\share\interpreter\linkResolver.cpp, line 759]
Event: 10.489 Thread 0x00000153ed7f8010 Exception <a 'java/lang/NoSuchMethodError'{0x000000008a398798}: 'java.lang.Object java.lang.invoke.DirectMethodHandle$Holder.invokeSpecial(java.lang.Object, java.lang.Object, long, java.lang.Object, java.lang.Object, java.lang.Object, java.lang.Object, int, java.lang.Object, java.lang.Object, java.lang.Object)'> (0x000000008a398798) 
thrown [s\open\src\hotspot\share\interpreter\linkResolver.cpp, line 759]
Event: 10.489 Thread 0x00000153ed7f8010 Exception <a 'java/lang/NoSuchMethodError'{0x000000008a39d5a0}: 'java.lang.Object java.lang.invoke.DelegatingMethodHandle$Holder.reinvoke_L(java.lang.Object, long, java.lang.Object, java.lang.Object, java.lang.Object, java.lang.Object, int, java.lang.Object, java.lang.Object, java.lang.Object)'> (0x000000008a39d5a0) 
thrown [s\open\src\hotspot\share\interpreter\linkResolver.cpp, line 759]
Event: 10.502 Thread 0x00000153ed7f8010 Exception <a 'java/lang/NoSuchMethodError'{0x000000008b91b780}: 'java.lang.Object java.lang.invoke.DirectMethodHandle$Holder.invokeSpecial(java.lang.Object, java.lang.Object, long, java.lang.Object, java.lang.Object, java.lang.Object, java.lang.Object, java.lang.Object, java.lang.Object, java.lang.Object)'> (0x000000008b91b780) 
thrown [s\open\src\hotspot\share\interpreter\linkResolver.cpp, line 759]
Event: 10.502 Thread 0x00000153ed7f8010 Exception <a 'java/lang/NoSuchMethodError'{0x000000008b920538}: 'java.lang.Object java.lang.invoke.DelegatingMethodHandle$Holder.reinvoke_L(java.lang.Object, long, java.lang.Object, java.lang.Object, java.lang.Object, java.lang.Object, java.lang.Object, java.lang.Object, java.lang.Object)'> (0x000000008b920538) 
thrown [s\open\src\hotspot\share\interpreter\linkResolver.cpp, line 759]
Event: 10.505 Thread 0x00000153ed7f8010 Exception <a 'java/lang/NoSuchMethodError'{0x000000008b938240}: 'java.lang.Object java.lang.invoke.DirectMethodHandle$Holder.invokeSpecial(java.lang.Object, java.lang.Object, java.lang.Object, java.lang.Object, java.lang.Object, java.lang.Object, java.lang.Object, java.lang.Object, java.lang.Object)'> (0x000000008b938240) 
thrown [s\open\src\hotspot\share\interpreter\linkResolver.cpp, line 759]
Event: 10.505 Thread 0x00000153ed7f8010 Exception <a 'java/lang/NoSuchMethodError'{0x000000008b93cec8}: 'java.lang.Object java.lang.invoke.Invokers$Holder.linkToTargetMethod(java.lang.Object, java.lang.Object, java.lang.Object, java.lang.Object, java.lang.Object, java.lang.Object, java.lang.Object, java.lang.Object)'> (0x000000008b93cec8) 
thrown [s\open\src\hotspot\share\interpreter\linkResolver.cpp, line 759]

VM Operations (20 events):
Event: 9.078 Executing VM operation: Cleanup
Event: 9.078 Executing VM operation: Cleanup done
Event: 10.091 Executing VM operation: Cleanup
Event: 10.091 Executing VM operation: Cleanup done
Event: 10.493 Executing VM operation: G1CollectForAllocation
Event: 10.499 Executing VM operation: G1CollectForAllocation done
Event: 11.502 Executing VM operation: Cleanup
Event: 11.502 Executing VM operation: Cleanup done
Event: 13.519 Executing VM operation: Cleanup
Event: 13.519 Executing VM operation: Cleanup done
Event: 14.525 Executing VM operation: Cleanup
Event: 14.525 Executing VM operation: Cleanup done
Event: 17.556 Executing VM operation: Cleanup
Event: 17.556 Executing VM operation: Cleanup done
Event: 18.563 Executing VM operation: Cleanup
Event: 18.563 Executing VM operation: Cleanup done
Event: 221.301 Executing VM operation: Cleanup
Event: 221.301 Executing VM operation: Cleanup done
Event: 562.209 Executing VM operation: Cleanup
Event: 562.209 Executing VM operation: Cleanup done

Events (20 events):
Event: 10.500 loading class sun/security/ssl/Alert$AlertConsumer
Event: 10.500 loading class sun/security/ssl/Alert$AlertConsumer done
Event: 10.500 loading class sun/security/ssl/Alert$Level
Event: 10.500 loading class sun/security/ssl/Alert$Level done
Event: 10.517 Thread 0x00000153edb17930 Thread added: 0x00000153edb17930
Event: 12.086 Thread 0x00000153edb17930 Thread exited: 0x00000153edb17930
Event: 12.689 Thread 0x00000153edb17930 Thread added: 0x00000153edb17930
Event: 13.133 Thread 0x00000153edb17930 Thread exited: 0x00000153edb17930
Event: 13.670 loading class java/awt/LightweightDispatcher$2
Event: 13.670 loading class java/awt/LightweightDispatcher$2 done
Event: 18.657 loading class java/awt/KeyboardFocusManager$2
Event: 18.657 loading class java/awt/KeyboardFocusManager$2 done
Event: 18.658 loading class sun/awt/SunToolkit$1
Event: 18.658 loading class sun/awt/SunToolkit$1 done
Event: 573.387 loading class java/util/WeakHashMap$KeyIterator
Event: 573.388 loading class java/util/WeakHashMap$HashIterator
Event: 573.388 loading class java/util/WeakHashMap$HashIterator done
Event: 573.388 loading class java/util/WeakHashMap$KeyIterator done
Event: 573.388 loading class javax/swing/RepaintManager$DisplayChangedRunnable
Event: 573.388 loading class javax/swing/RepaintManager$DisplayChangedRunnable done


Dynamic libraries:
0x00007ff611b60000 - 0x00007ff611b70000 	C:\Program Files\Java\jdk-17.0.5\bin\java.exe
0x00007ff9b8500000 - 0x00007ff9b8709000 	C:\WINDOWS\SYSTEM32\ntdll.dll
0x00007ff9b6730000 - 0x00007ff9b67ed000 	C:\WINDOWS\System32\KERNEL32.DLL
0x00007ff9b59d0000 - 0x00007ff9b5d4b000 	C:\WINDOWS\System32\KERNELBASE.dll
0x00007ff9b01e0000 - 0x00007ff9b0272000 	C:\WINDOWS\SYSTEM32\apphelp.dll
0x00007ff9b6030000 - 0x00007ff9b6141000 	C:\WINDOWS\System32\ucrtbase.dll
0x00007ff9ae980000 - 0x00007ff9ae99a000 	C:\Program Files\Java\jdk-17.0.5\bin\VCRUNTIME140.dll
0x00007ff9a63c0000 - 0x00007ff9a63d8000 	C:\Program Files\Java\jdk-17.0.5\bin\jli.dll
0x00007ff9b7a00000 - 0x00007ff9b7aae000 	C:\WINDOWS\System32\ADVAPI32.dll
0x00007ff9b8050000 - 0x00007ff9b80f3000 	C:\WINDOWS\System32\msvcrt.dll
0x00007ff9b67f0000 - 0x00007ff9b688e000 	C:\WINDOWS\System32\sechost.dll
0x00007ff9b6a90000 - 0x00007ff9b6bb0000 	C:\WINDOWS\System32\RPCRT4.dll
0x00007ff9b63a0000 - 0x00007ff9b654d000 	C:\WINDOWS\System32\USER32.dll
0x00007ff9b5dd0000 - 0x00007ff9b5df6000 	C:\WINDOWS\System32\win32u.dll
0x00007ff99c280000 - 0x00007ff99c525000 	C:\WINDOWS\WinSxS\amd64_microsoft.windows.common-controls_6595b64144ccf1df_6.0.22000.120_none_9d947278b86cc467\COMCTL32.dll
0x00007ff9b8370000 - 0x00007ff9b8399000 	C:\WINDOWS\System32\GDI32.dll
0x00007ff9b61c0000 - 0x00007ff9b62d8000 	C:\WINDOWS\System32\gdi32full.dll
0x00007ff9b62e0000 - 0x00007ff9b637d000 	C:\WINDOWS\System32\msvcp_win.dll
0x00007ff9ad3c0000 - 0x00007ff9ad3ca000 	C:\WINDOWS\SYSTEM32\VERSION.dll
0x00007ff9b6980000 - 0x00007ff9b69b1000 	C:\WINDOWS\System32\IMM32.DLL
0x00007ff9ae970000 - 0x00007ff9ae97c000 	C:\Program Files\Java\jdk-17.0.5\bin\vcruntime140_1.dll
0x00007ff9a63e0000 - 0x00007ff9a646d000 	C:\Program Files\Java\jdk-17.0.5\bin\msvcp140.dll
0x00007ff965ac0000 - 0x00007ff966682000 	C:\Program Files\Java\jdk-17.0.5\bin\server\jvm.dll
0x00007ff9b8360000 - 0x00007ff9b8368000 	C:\WINDOWS\System32\PSAPI.DLL
0x00007ff9aec40000 - 0x00007ff9aec49000 	C:\WINDOWS\SYSTEM32\WSOCK32.dll
0x00007ff9ae630000 - 0x00007ff9ae663000 	C:\WINDOWS\SYSTEM32\WINMM.dll
0x00007ff9b7930000 - 0x00007ff9b799f000 	C:\WINDOWS\System32\WS2_32.dll
0x00007ff9b4b40000 - 0x00007ff9b4b58000 	C:\WINDOWS\SYSTEM32\kernel.appcore.dll
0x00007ff9ae830000 - 0x00007ff9ae83a000 	C:\Program Files\Java\jdk-17.0.5\bin\jimage.dll
0x00007ff9b34d0000 - 0x00007ff9b36f1000 	C:\WINDOWS\SYSTEM32\DBGHELP.DLL
0x00007ff9a5cb0000 - 0x00007ff9a5ce1000 	C:\WINDOWS\SYSTEM32\dbgcore.DLL
0x00007ff9b5d50000 - 0x00007ff9b5dcf000 	C:\WINDOWS\System32\bcryptPrimitives.dll
0x00007ff9ac280000 - 0x00007ff9ac2a5000 	C:\Program Files\Java\jdk-17.0.5\bin\java.dll
0x00007ff993780000 - 0x00007ff993856000 	C:\Program Files\Java\jdk-17.0.5\bin\jsvml.dll
0x00007ff9b7030000 - 0x00007ff9b77e8000 	C:\WINDOWS\System32\SHELL32.dll
0x00007ff9b3ad0000 - 0x00007ff9b4335000 	C:\WINDOWS\SYSTEM32\windows.storage.dll
0x00007ff9b7ab0000 - 0x00007ff9b7e27000 	C:\WINDOWS\System32\combase.dll
0x00007ff9b3960000 - 0x00007ff9b3ac6000 	C:\WINDOWS\SYSTEM32\wintypes.dll
0x00007ff9b6890000 - 0x00007ff9b697a000 	C:\WINDOWS\System32\SHCORE.dll
0x00007ff9b78d0000 - 0x00007ff9b792d000 	C:\WINDOWS\System32\shlwapi.dll
0x00007ff9b5900000 - 0x00007ff9b5921000 	C:\WINDOWS\SYSTEM32\profapi.dll
0x00007ff9ad980000 - 0x00007ff9ad999000 	C:\Program Files\Java\jdk-17.0.5\bin\net.dll
0x00007ff9aed80000 - 0x00007ff9aee8c000 	C:\WINDOWS\SYSTEM32\WINHTTP.dll
0x00007ff9b4fe0000 - 0x00007ff9b5047000 	C:\WINDOWS\system32\mswsock.dll
0x00007ff9ad580000 - 0x00007ff9ad596000 	C:\Program Files\Java\jdk-17.0.5\bin\nio.dll
0x00007ff9ad1b0000 - 0x00007ff9ad1c8000 	C:\Program Files\Java\jdk-17.0.5\bin\zip.dll
0x00007ff981ce0000 - 0x00007ff981e6f000 	C:\Program Files\Java\jdk-17.0.5\bin\awt.dll
0x00007ff9b77f0000 - 0x00007ff9b78c6000 	C:\WINDOWS\System32\OLEAUT32.dll
0x00007ff9b2d60000 - 0x00007ff9b2d8f000 	C:\WINDOWS\system32\DWMAPI.DLL
0x00007ff9b02d0000 - 0x00007ff9b037c000 	C:\WINDOWS\system32\uxtheme.dll
0x00007ff997e20000 - 0x00007ff997f21000 	C:\WINDOWS\system32\opengl32.dll
0x00007ff9a3310000 - 0x00007ff9a333d000 	C:\WINDOWS\SYSTEM32\GLU32.dll
0x00007ff9b2cf0000 - 0x00007ff9b2d28000 	C:\WINDOWS\SYSTEM32\dxcore.dll
0x00007ff9b83a0000 - 0x00007ff9b84bd000 	C:\WINDOWS\System32\MSCTF.dll
0x00007ff9b7eb0000 - 0x00007ff9b804a000 	C:\WINDOWS\System32\ole32.dll
0x00007ff9a50d0000 - 0x00007ff9a5156000 	C:\Program Files\Java\jdk-17.0.5\bin\freetype.dll
0x00007ff9936b0000 - 0x00007ff993775000 	C:\Program Files\Java\jdk-17.0.5\bin\fontmanager.dll
0x00007ff9b6560000 - 0x00007ff9b6615000 	C:\WINDOWS\System32\clbcatq.dll
0x00007ff992d00000 - 0x00007ff992eae000 	C:\WINDOWS\SYSTEM32\WindowsCodecs.dll
0x00007ff993860000 - 0x00007ff9938bd000 	C:\WINDOWS\system32\dataexchange.dll
0x00007ff9ae3c0000 - 0x00007ff9ae626000 	C:\WINDOWS\system32\twinapi.appcore.dll
0x00007ff996850000 - 0x00007ff99697d000 	C:\WINDOWS\SYSTEM32\textinputframework.dll
0x00007ff9afee0000 - 0x00007ff9b0011000 	C:\WINDOWS\SYSTEM32\CoreMessaging.dll
0x00007ff995520000 - 0x00007ff99588d000 	C:\WINDOWS\SYSTEM32\CoreUIComponents.dll
0x00007ff9b5240000 - 0x00007ff9b524c000 	C:\WINDOWS\SYSTEM32\CRYPTBASE.DLL
0x00007ff9b46a0000 - 0x00007ff9b4788000 	C:\WINDOWS\SYSTEM32\DNSAPI.dll
0x00007ff9b4670000 - 0x00007ff9b469d000 	C:\WINDOWS\SYSTEM32\IPHLPAPI.DLL
0x00007ff9b6bb0000 - 0x00007ff9b6bb9000 	C:\WINDOWS\System32\NSI.dll
0x00007ff9ad550000 - 0x00007ff9ad55a000 	C:\Windows\System32\rasadhlp.dll
0x00007ff9ad880000 - 0x00007ff9ad901000 	C:\WINDOWS\System32\fwpuclnt.dll
0x00007ff9a6c50000 - 0x00007ff9a6c5e000 	C:\Program Files\Java\jdk-17.0.5\bin\sunmscapi.dll
0x00007ff9b5e00000 - 0x00007ff9b5f62000 	C:\WINDOWS\System32\CRYPT32.dll
0x00007ff9b5380000 - 0x00007ff9b53a8000 	C:\WINDOWS\SYSTEM32\ncrypt.dll
0x00007ff9b5340000 - 0x00007ff9b5377000 	C:\WINDOWS\SYSTEM32\NTASN1.dll
0x00007ff9b5220000 - 0x00007ff9b5238000 	C:\WINDOWS\SYSTEM32\CRYPTSP.dll
0x00007ff9b4aa0000 - 0x00007ff9b4ad5000 	C:\WINDOWS\system32\rsaenh.dll
0x00007ff9b50d0000 - 0x00007ff9b50f9000 	C:\WINDOWS\SYSTEM32\USERENV.dll
0x00007ff9b53b0000 - 0x00007ff9b53d7000 	C:\WINDOWS\SYSTEM32\bcrypt.dll
0x00007ff9aed60000 - 0x00007ff9aed79000 	C:\WINDOWS\SYSTEM32\dhcpcsvc6.DLL
0x00007ff9aeef0000 - 0x00007ff9aef0e000 	C:\WINDOWS\SYSTEM32\dhcpcsvc.DLL
0x00007ff9a4ed0000 - 0x00007ff9a4f7e000 	C:\WINDOWS\SYSTEM32\TextShaping.dll

dbghelp: loaded successfully - version: 4.0.5 - missing functions: none
symbol engine: initialized successfully - sym options: 0x614 - pdb path: .;C:\Program Files\Java\jdk-17.0.5\bin;C:\WINDOWS\SYSTEM32;C:\WINDOWS\WinSxS\amd64_microsoft.windows.common-controls_6595b64144ccf1df_6.0.22000.120_none_9d947278b86cc467;C:\Program Files\Java\jdk-17.0.5\bin\server

VM Arguments:
jvm_args: -Dfile.encoding=UTF-8 --module-path=C:\Users\Darshan\OneDrive\Documents\NetBeansProjects\Travel Management System\build\classes 
java_command: travel.management.system.ForgetPassword
java_class_path (initial): C:\Users\Darshan\Downloads\mysql-connector-java-8.0.28.jar;C:\Users\Darshan\OneDrive\Documents\NetBeansProjects\Travel Management System\build\classes
Launcher Type: SUN_STANDARD

[Global flags]
     intx CICompilerCount                          = 4                                         {product} {ergonomic}
     uint ConcGCThreads                            = 2                                         {product} {ergonomic}
     uint G1ConcRefinementThreads                  = 8                                         {product} {ergonomic}
   size_t G1HeapRegionSize                         = 1048576                                   {product} {ergonomic}
    uintx GCDrainStackTargetSize                   = 64                                        {product} {ergonomic}
   size_t InitialHeapSize                          = 132120576                                 {product} {ergonomic}
   size_t MarkStackSize                            = 4194304                                   {product} {ergonomic}
   size_t MaxHeapSize                              = 2084569088                                {product} {ergonomic}
   size_t MaxNewSize                               = 1249902592                                {product} {ergonomic}
   size_t MinHeapDeltaBytes                        = 1048576                                   {product} {ergonomic}
   size_t MinHeapSize                              = 8388608                                   {product} {ergonomic}
    uintx NonNMethodCodeHeapSize                   = 5839372                                {pd product} {ergonomic}
    uintx NonProfiledCodeHeapSize                  = 122909434                              {pd product} {ergonomic}
    uintx ProfiledCodeHeapSize                     = 122909434                              {pd product} {ergonomic}
    uintx ReservedCodeCacheSize                    = 251658240                              {pd product} {ergonomic}
     bool SegmentedCodeCache                       = true                                      {product} {ergonomic}
   size_t SoftMaxHeapSize                          = 2084569088                             {manageable} {ergonomic}
     bool UseCompressedClassPointers               = true                           {product lp64_product} {ergonomic}
     bool UseCompressedOops                        = true                           {product lp64_product} {ergonomic}
     bool UseG1GC                                  = true                                      {product} {ergonomic}
     bool UseLargePagesIndividualAllocation        = false                                  {pd product} {ergonomic}

Logging:
Log output configuration:
 #0: stdout all=warning uptime,level,tags
 #1: stderr all=off uptime,level,tags

Environment Variables:
PATH=C:\Program Files\Common Files\Oracle\Java\javapath;C:\Program Files\Eclipse Adoptium\jdk-17.0.4.101-hotspot\bin;C:\windows\system32;C:\windows;C:\windows\System32\Wbem;C:\windows\System32\WindowsPowerShell\v1.0\;C:\windows\System32\OpenSSH\;C:\Program Files (x86)\NVIDIA Corporation\PhysX\Common;C:\WINDOWS\system32;C:\WINDOWS;C:\WINDOWS\System32\Wbem;C:\WINDOWS\System32\WindowsPowerShell\v1.0\;C:\WINDOWS\System32\OpenSSH\;C:\Program Files\Git\cmd;C:\ProgramData\chocolatey\bin;C:\Program Files\nodejs\;C:\Program Files\NVIDIA Corporation\NVIDIA NvDLISR;C:\Program Files\Java\jdk-17.0.5;C:\Users\Darshan\anaconda3;C:\Users\Darshan\anaconda3\Library\mingw-w64\bin;C:\Users\Darshan\anaconda3\Library\usr\bin;C:\Users\Darshan\anaconda3\Library\bin;C:\Users\Darshan\anaconda3\Scripts;C:\Users\Darshan\AppData\Local\Microsoft\WindowsApps;C:\Users\Darshan\AppData\Local\atom\bin;C:\Users\Darshan\AppData\Local\Programs\Microsoft VS Code\bin;C:\Users\Darshan\AppData\Local\Programs\Hyper\resources\bin;C:\Users\Darshan\AppData\Roaming\npm
USERNAME=Darshan
OS=Windows_NT
PROCESSOR_IDENTIFIER=Intel64 Family 6 Model 140 Stepping 1, GenuineIntel



---------------  S Y S T E M  ---------------

OS:
 Windows 11 , 64 bit Build 22000 (10.0.22000.708)
OS uptime: 41 days 23:40 hours

CPU: total 8 (initial active 8) (4 cores per cpu, 2 threads per core) family 6 model 140 stepping 1 microcode 0x86, cx8, cmov, fxsr, ht, mmx, 3dnowpref, sse, sse2, sse3, ssse3, sse4.1, sse4.2, popcnt, lzcnt, tsc, tscinvbit, avx, avx2, aes, erms, clmul, bmi1, bmi2, adx, avx512f, avx512dq, avx512cd, avx512bw, avx512vl, sha, fma, vzeroupper, avx512_vpopcntdq, avx512_vpclmulqdq, avx512_vaes, avx512_vnni, clflush, clflushopt, clwb, avx512_vbmi2, avx512_vbmi

Memory: 4k page, system-wide physical 7948M (387M free)
TotalPageFile size 32524M (AvailPageFile size 0M)
current process WorkingSet (physical memory assigned to process): 109M, peak: 134M
current process commit charge ("private bytes"): 242M, peak: 269M

vm_info: Java HotSpot(TM) 64-Bit Server VM (17.0.5+9-LTS-191) for windows-amd64 JRE (17.0.5+9-LTS-191), built on Sep 13 2022 17:31:43 by "mach5one" with MS VC++ 16.8 / 16.9 (VS2019)

END.
