#
# A fatal error has been detected by the Java Runtime Environment:
#
#  EXCEPTION_ACCESS_VIOLATION (0xc0000005) at pc=0x00007ff947efa45b, pid=35624, tid=22032
#
# JRE version: Java(TM) SE Runtime Environment (17.0.5+9) (build 17.0.5+9-LTS-191)
# Java VM: Java HotSpot(TM) 64-Bit Server VM (17.0.5+9-LTS-191, mixed mode, sharing, tiered, compressed oops, compressed class ptrs, g1 gc, windows-amd64)
# Problematic frame:
# C  [awt.dll+0xda45b]
#
# No core dump will be written. Minidumps are not enabled by default on client versions of Windows
#
# If you would like to submit a bug report, please visit:
#   https://bugreport.java.com/bugreport/crash.jsp
# The crash happened outside the Java Virtual Machine in native code.
# See problematic frame for where to report the bug.
#

---------------  S U M M A R Y ------------

Command Line: -Dfile.encoding=UTF-8 --module-path=C:\Users\Darshan\OneDrive\Documents\NetBeansProjects\Travel Management System\build\classes travel.management.system.Dashboard

Host: 11th Gen Intel(R) Core(TM) i5-1135G7 @ 2.40GHz, 8 cores, 7G,  Windows 11 , 64 bit Build 22000 (10.0.22000.708)
Time: Wed Dec  7 14:52:58 2022 India Standard Time elapsed time: 12052.910518 seconds (0d 3h 20m 52s)

---------------  T H R E A D  ---------------

Current thread (0x00000127c8b5c4a0):  JavaThread "AWT-EventQueue-0" [_thread_in_native, id=22032, stack(0x00000014bdc00000,0x00000014bdd00000)]

Stack: [0x00000014bdc00000,0x00000014bdd00000],  sp=0x00000014bdcfde80,  free space=1015k
Native frames: (J=compiled Java code, j=interpreted, Vv=VM code, C=native code)
C  [awt.dll+0xda45b]

Java frames: (J=compiled Java code, j=interpreted, Vv=VM code)
j  sun.awt.Win32GraphicsDevice.makeColorModel(IZ)Ljava/awt/image/ColorModel;+0 java.desktop@17.0.5
j  sun.awt.Win32GraphicsDevice.getDynamicColorModel()Ljava/awt/image/ColorModel;+14 java.desktop@17.0.5
j  sun.awt.Win32GraphicsConfig.getDeviceColorModel()Ljava/awt/image/ColorModel;+4 java.desktop@17.0.5
j  sun.awt.windows.WComponentPeer.getDeviceColorModel()Ljava/awt/image/ColorModel;+13 java.desktop@17.0.5
j  sun.java2d.windows.GDIWindowSurfaceData.createData(Lsun/awt/windows/WComponentPeer;)Lsun/java2d/windows/GDIWindowSurfaceData;+1 java.desktop@17.0.5
j  sun.awt.Win32GraphicsConfig.createSurfaceData(Lsun/awt/windows/WComponentPeer;I)Lsun/java2d/SurfaceData;+1 java.desktop@17.0.5
j  sun.java2d.ScreenUpdateManager.createScreenSurface(Lsun/awt/Win32GraphicsConfig;Lsun/awt/windows/WComponentPeer;IZ)Lsun/java2d/SurfaceData;+3 java.desktop@17.0.5
j  sun.java2d.d3d.D3DScreenUpdateManager.createScreenSurface(Lsun/awt/Win32GraphicsConfig;Lsun/awt/windows/WComponentPeer;IZ)Lsun/java2d/SurfaceData;+20 java.desktop@17.0.5
j  sun.awt.windows.WComponentPeer.createScreenSurface(Z)V+21 java.desktop@17.0.5
j  sun.awt.windows.WComponentPeer.replaceSurfaceData(ILjava/awt/BufferCapabilities;)V+63 java.desktop@17.0.5
j  sun.awt.windows.WComponentPeer.replaceSurfaceData()V+9 java.desktop@17.0.5
j  sun.awt.windows.WComponentPeer.updateGraphicsData(Ljava/awt/GraphicsConfiguration;)Z+36 java.desktop@17.0.5
j  sun.awt.windows.WFramePeer.updateGraphicsData(Ljava/awt/GraphicsConfiguration;)Z+2 java.desktop@17.0.5
j  java.awt.Component.updateSelfGraphicsData(Ljava/awt/GraphicsConfiguration;)Z+30 java.desktop@17.0.5
j  java.awt.Component.updateGraphicsData(Ljava/awt/GraphicsConfiguration;)Z+7 java.desktop@17.0.5
j  java.awt.Component.setGraphicsConfiguration(Ljava/awt/GraphicsConfiguration;)V+9 java.desktop@17.0.5
j  java.awt.Window.setGraphicsConfiguration(Ljava/awt/GraphicsConfiguration;)V+23 java.desktop@17.0.5
j  java.awt.Component$1.setGraphicsConfiguration(Ljava/awt/Component;Ljava/awt/GraphicsConfiguration;)V+2 java.desktop@17.0.5
j  sun.awt.windows.WWindowPeer.updateGC()V+141 java.desktop@17.0.5
j  sun.awt.windows.WWindowPeer$$Lambda$148+0x0000000800c8cad0.run()V+4 java.desktop@17.0.5
j  java.awt.event.InvocationEvent.dispatch()V+47 java.desktop@17.0.5
j  java.awt.EventQueue.dispatchEventImpl(Ljava/awt/AWTEvent;Ljava/lang/Object;)V+21 java.desktop@17.0.5
j  java.awt.EventQueue$4.run()Ljava/lang/Void;+32 java.desktop@17.0.5
j  java.awt.EventQueue$4.run()Ljava/lang/Object;+1 java.desktop@17.0.5
J 663 c1 java.security.AccessController.doPrivileged(Ljava/security/PrivilegedAction;Ljava/security/AccessControlContext;)Ljava/lang/Object; java.base@17.0.5 (17 bytes) @ 0x00000127b12275dc [0x00000127b1227400+0x00000000000001dc]
j  java.security.ProtectionDomain$JavaSecurityAccessImpl.doIntersectionPrivilege(Ljava/security/PrivilegedAction;Ljava/security/AccessControlContext;Ljava/security/AccessControlContext;)Ljava/lang/Object;+18 java.base@17.0.5
j  java.security.ProtectionDomain$JavaSecurityAccessImpl.doIntersectionPrivilege(Ljava/security/PrivilegedAction;Ljava/security/AccessControlContext;)Ljava/lang/Object;+6 java.base@17.0.5
j  java.awt.EventQueue$5.run()Ljava/lang/Void;+11 java.desktop@17.0.5
j  java.awt.EventQueue$5.run()Ljava/lang/Object;+1 java.desktop@17.0.5
J 663 c1 java.security.AccessController.doPrivileged(Ljava/security/PrivilegedAction;Ljava/security/AccessControlContext;)Ljava/lang/Object; java.base@17.0.5 (17 bytes) @ 0x00000127b12275dc [0x00000127b1227400+0x00000000000001dc]
j  java.security.ProtectionDomain$JavaSecurityAccessImpl.doIntersectionPrivilege(Ljava/security/PrivilegedAction;Ljava/security/AccessControlContext;Ljava/security/AccessControlContext;)Ljava/lang/Object;+18 java.base@17.0.5
j  java.awt.EventQueue.dispatchEvent(Ljava/awt/AWTEvent;)V+73 java.desktop@17.0.5
j  java.awt.EventDispatchThread.pumpOneEventForFilters(I)V+78 java.desktop@17.0.5
j  java.awt.EventDispatchThread.pumpEventsForFilter(ILjava/awt/Conditional;Ljava/awt/EventFilter;)V+35 java.desktop@17.0.5
j  java.awt.EventDispatchThread.pumpEventsForHierarchy(ILjava/awt/Conditional;Ljava/awt/Component;)V+11 java.desktop@17.0.5
j  java.awt.EventDispatchThread.pumpEvents(ILjava/awt/Conditional;)V+4 java.desktop@17.0.5
j  java.awt.EventDispatchThread.pumpEvents(Ljava/awt/Conditional;)V+3 java.desktop@17.0.5
j  java.awt.EventDispatchThread.run()V+9 java.desktop@17.0.5
v  ~StubRoutines::call_stub

siginfo: EXCEPTION_ACCESS_VIOLATION (0xc0000005), reading address 0x0000000000000000


Register to memory mapping:

RIP=0x00007ff947efa45b awt.dll
RAX=0x0000984e45eb593c is an unknown value
RBX=0x00000127c8019340 points into unknown readable memory: 0x00000127c8b62610 | 10 26 b6 c8 27 01 00 00
RCX=0x0 is NULL
RDX=0x00000127c8b5c748 points into unknown readable memory: 0x00007ff932216650 | 50 66 21 32 f9 7f 00 00
RSP=0x00000014bdcfde80 is pointing into the stack for thread: 0x00000127c8b5c4a0
RBP=0x0000000000000001 is an unknown value
RSI=0x00000127c8b5c748 points into unknown readable memory: 0x00007ff932216650 | 50 66 21 32 f9 7f 00 00
RDI=0x00000127c8b5c748 points into unknown readable memory: 0x00007ff932216650 | 50 66 21 32 f9 7f 00 00
R8 =0x0000000000000001 is an unknown value
R9 =0x0000000000000001 is an unknown value
R10=0x00000127b0b9d5f2 is at code_begin+946 in an Interpreter codelet
method entry point (kind = native)  [0x00000127b0b9d240, 0x00000127b0b9dbc0]  2432 bytes
R11=0x0000000000000102 is an unknown value
R12=0x0000000000000001 is an unknown value
R13={method} {0x00000127c7633010} 'makeColorModel' '(IZ)Ljava/awt/image/ColorModel;' in 'sun/awt/Win32GraphicsDevice'
R14=0x0 is NULL
R15=0x00000127c8b5c4a0 is a thread


Registers:
RAX=0x0000984e45eb593c, RBX=0x00000127c8019340, RCX=0x0000000000000000, RDX=0x00000127c8b5c748
RSP=0x00000014bdcfde80, RBP=0x0000000000000001, RSI=0x00000127c8b5c748, RDI=0x00000127c8b5c748
R8 =0x0000000000000001, R9 =0x0000000000000001, R10=0x00000127b0b9d5f2, R11=0x0000000000000102
R12=0x0000000000000001, R13=0x00000127c7633008, R14=0x0000000000000000, R15=0x00000127c8b5c4a0
RIP=0x00007ff947efa45b, EFLAGS=0x0000000000010206

Top of Stack: (sp=0x00000014bdcfde80)
0x00000014bdcfde80:   00000127c8b5c4a0 00000014bdcfdfa0
0x00000014bdcfde90:   0000000000000000 00007ff931ceae06
0x00000014bdcfdea0:   0000000000000000 00000127c8b5c4a0
0x00000014bdcfdeb0:   00000127c8b5c4a0 00000014bdcfe188
0x00000014bdcfdec0:   00000127c8b5c4a0 00000014bdcfe1f8
0x00000014bdcfded0:   00000127c7541a68 00000127c7541a68
0x00000014bdcfdee0:   00000127c8b5c4a0 00000127c8b5c748
0x00000014bdcfdef0:   0000000000000000 00007ff931eddec2
0x00000014bdcfdf00:   0000000000000000 00007ff931ceae06
0x00000014bdcfdf10:   00007ff947f5a838 0000984e45eb593c
0x00000014bdcfdf20:   00000127c8b5c4a0 00000014bdcfe038
0x00000014bdcfdf30:   00000127c7633008 0000000000000000
0x00000014bdcfdf40:   0000000000000000 00007ff947efc675
0x00000014bdcfdf50:   00007ff947f5a838 00000127c7633008
0x00000014bdcfdf60:   00000127c8019340 00000127c8b5c748
0x00000014bdcfdf70:   0000000000000024 00000127b0b9d621 

Instructions: (pc=0x00007ff947efa45b)
0x00007ff947efa35b:   89 74 24 20 57 48 83 ec 20 48 8b f2 8b e9 33 ff
0x00007ff947efa36b:   c7 02 48 03 00 00 4c 8b c2 33 d2 45 33 c9 33 c9
0x00007ff947efa37b:   ff 15 d7 99 06 00 85 c0 74 75 83 ff 14 73 70 f6
0x00007ff947efa38b:   86 44 01 00 00 01 74 4e e8 e8 e1 f4 ff 48 8b d8
0x00007ff947efa39b:   48 89 44 24 38 41 b8 01 00 00 00 8b d5 48 8b c8
0x00007ff947efa3ab:   e8 50 e1 f4 ff 48 8b 40 30 4c 8d 46 04 48 83 c0
0x00007ff947efa3bb:   28 4c 2b c0 90 0f b7 10 42 0f b7 0c 00 2b d1 75
0x00007ff947efa3cb:   08 48 83 c0 02 85 c9 75 ec 85 d2 74 12 48 8b cb
0x00007ff947efa3db:   e8 a0 e2 f4 ff 90 ff c7 4c 8b c6 8b d7 eb 8c 48
0x00007ff947efa3eb:   8b cb e8 8e e2 f4 ff 90 b8 01 00 00 00 eb 02 33
0x00007ff947efa3fb:   c0 48 8b 5c 24 30 48 8b 6c 24 40 48 8b 74 24 48
0x00007ff947efa40b:   48 83 c4 20 5f c3 cc cc cc cc cc cc cc cc cc cc
0x00007ff947efa41b:   cc cc cc cc cc 48 89 5c 24 18 48 89 74 24 20 57
0x00007ff947efa42b:   41 54 41 55 41 56 41 57 48 81 ec a0 00 00 00 48
0x00007ff947efa43b:   8b 05 27 84 06 00 48 33 c4 48 89 84 24 98 00 00
0x00007ff947efa44b:   00 45 0f b6 e0 48 8b fa 4c 8b f1 48 89 54 24 68
0x00007ff947efa45b:   48 8b 09 8b 41 04 83 f8 18 75 1b 4c 8d 05 2b 66
0x00007ff947efa46b:   02 00 48 8d 15 5c 54 03 00 48 8b cf e8 fc 08 01
0x00007ff947efa47b:   00 e9 8a 04 00 00 83 f8 08 7e 4d 49 8b 4e 18 33
0x00007ff947efa48b:   db 8b 51 30 44 8b 41 2c 44 8b 49 28 41 8b c1 41
0x00007ff947efa49b:   0b c0 0b c2 74 06 ff c3 d1 e8 75 fa 89 54 24 30
0x00007ff947efa4ab:   44 89 44 24 28 44 89 4c 24 20 44 8b cb 4c 8d 05
0x00007ff947efa4bb:   71 bb 02 00 48 8d 15 2a 54 03 00 48 8b cf e8 aa
0x00007ff947efa4cb:   08 01 00 e9 38 04 00 00 48 8b 02 83 39 02 48 8b
0x00007ff947efa4db:   cf 0f 85 1e 01 00 00 48 8d 15 27 54 03 00 ff 50
0x00007ff947efa4eb:   30 48 8b d8 48 85 c0 0f 84 11 04 00 00 4c 8b 17
0x00007ff947efa4fb:   4c 8d 0d 2e 54 03 00 4c 8d 05 47 d7 02 00 48 8b
0x00007ff947efa50b:   d0 48 8b cf 41 ff 92 88 03 00 00 48 85 c0 0f 84
0x00007ff947efa51b:   ea 03 00 00 41 b9 eb 03 00 00 4c 8b c0 48 8b d3
0x00007ff947efa52b:   48 8b cf e8 cd cf f5 ff 4c 8b f8 48 85 c0 0f 84
0x00007ff947efa53b:   ca 03 00 00 c7 44 24 50 08 00 00 00 4c 8b 07 ba
0x00007ff947efa54b:   01 00 00 00 48 8b cf 41 ff 90 98 05 00 00 48 8b 


Stack slot to memory mapping:
stack at sp + 0 slots: 0x00000127c8b5c4a0 is a thread
stack at sp + 1 slots: 0x00000014bdcfdfa0 is pointing into the stack for thread: 0x00000127c8b5c4a0
stack at sp + 2 slots: 0x0 is NULL
stack at sp + 3 slots: 0x00007ff931ceae06 jvm.dll
stack at sp + 4 slots: 0x0 is NULL
stack at sp + 5 slots: 0x00000127c8b5c4a0 is a thread
stack at sp + 6 slots: 0x00000127c8b5c4a0 is a thread
stack at sp + 7 slots: 0x00000014bdcfe188 is pointing into the stack for thread: 0x00000127c8b5c4a0


---------------  P R O C E S S  ---------------

Threads class SMR info:
_java_thread_list=0x00000127c7fe5600, length=16, elements={
0x00000127c72a2e60, 0x00000127c72a3a10, 0x00000127c72bbde0, 0x00000127c72bc6a0,
0x00000127c72bd050, 0x00000127c72bda00, 0x00000127c72c07a0, 0x00000127c72e33a0,
0x00000127c72f7840, 0x00000127c7d6f7f0, 0x00000127c7e30850, 0x00000127c7fe7eb0,
0x00000127c7fe8ba0, 0x00000127c8033870, 0x00000127c8b5c4a0, 0x00000127a930da20
}

Java Threads: ( => current thread )
  0x00000127c72a2e60 JavaThread "Reference Handler" daemon [_thread_blocked, id=35508, stack(0x00000014bc500000,0x00000014bc600000)]
  0x00000127c72a3a10 JavaThread "Finalizer" daemon [_thread_blocked, id=33524, stack(0x00000014bc600000,0x00000014bc700000)]
  0x00000127c72bbde0 JavaThread "Signal Dispatcher" daemon [_thread_blocked, id=8240, stack(0x00000014bc700000,0x00000014bc800000)]
  0x00000127c72bc6a0 JavaThread "Attach Listener" daemon [_thread_blocked, id=27208, stack(0x00000014bc800000,0x00000014bc900000)]
  0x00000127c72bd050 JavaThread "Service Thread" daemon [_thread_blocked, id=31272, stack(0x00000014bc900000,0x00000014bca00000)]
  0x00000127c72bda00 JavaThread "Monitor Deflation Thread" daemon [_thread_blocked, id=33592, stack(0x00000014bca00000,0x00000014bcb00000)]
  0x00000127c72c07a0 JavaThread "C2 CompilerThread0" daemon [_thread_blocked, id=1948, stack(0x00000014bcb00000,0x00000014bcc00000)]
  0x00000127c72e33a0 JavaThread "C1 CompilerThread0" daemon [_thread_blocked, id=13892, stack(0x00000014bcc00000,0x00000014bcd00000)]
  0x00000127c72f7840 JavaThread "Sweeper thread" daemon [_thread_blocked, id=27984, stack(0x00000014bcd00000,0x00000014bce00000)]
  0x00000127c7d6f7f0 JavaThread "Common-Cleaner" daemon [_thread_blocked, id=36488, stack(0x00000014bce00000,0x00000014bcf00000)]
  0x00000127c7e30850 JavaThread "Notification Thread" daemon [_thread_blocked, id=33392, stack(0x00000014bcf00000,0x00000014bd000000)]
  0x00000127c7fe7eb0 JavaThread "Java2D Disposer" daemon [_thread_blocked, id=32724, stack(0x00000014bd100000,0x00000014bd200000)]
  0x00000127c7fe8ba0 JavaThread "AWT-Shutdown" [_thread_blocked, id=30192, stack(0x00000014bd200000,0x00000014bd300000)]
  0x00000127c8033870 JavaThread "AWT-Windows" daemon [_thread_in_native, id=10004, stack(0x00000014bd300000,0x00000014bd400000)]
=>0x00000127c8b5c4a0 JavaThread "AWT-EventQueue-0" [_thread_in_native, id=22032, stack(0x00000014bdc00000,0x00000014bdd00000)]
  0x00000127a930da20 JavaThread "DestroyJavaVM" [_thread_blocked, id=7976, stack(0x00000014bbe00000,0x00000014bbf00000)]

Other Threads:
  0x00000127c729db90 VMThread "VM Thread" [stack: 0x00000014bc400000,0x00000014bc500000] [id=4352]
  0x00000127a93800d0 WatcherThread [stack: 0x00000014bd000000,0x00000014bd100000] [id=35184]
  0x00000127a9368810 GCTaskThread "GC Thread#0" [stack: 0x00000014bbf00000,0x00000014bc000000] [id=580]
  0x00000127c80e7d70 GCTaskThread "GC Thread#1" [stack: 0x00000014bd500000,0x00000014bd600000] [id=36256]
  0x00000127c80f2070 GCTaskThread "GC Thread#2" [stack: 0x00000014bd600000,0x00000014bd700000] [id=24928]
  0x00000127c80f2320 GCTaskThread "GC Thread#3" [stack: 0x00000014bd700000,0x00000014bd800000] [id=27836]
  0x00000127c8b6dca0 GCTaskThread "GC Thread#4" [stack: 0x00000014bd800000,0x00000014bd900000] [id=30632]
  0x00000127c8b6df50 GCTaskThread "GC Thread#5" [stack: 0x00000014bd900000,0x00000014bda00000] [id=35684]
  0x00000127c8b6e610 GCTaskThread "GC Thread#6" [stack: 0x00000014bda00000,0x00000014bdb00000] [id=13020]
  0x00000127c8b6e8c0 GCTaskThread "GC Thread#7" [stack: 0x00000014bdb00000,0x00000014bdc00000] [id=12060]
  0x00000127a9379130 ConcurrentGCThread "G1 Main Marker" [stack: 0x00000014bc000000,0x00000014bc100000] [id=21872]
  0x00000127a9379b40 ConcurrentGCThread "G1 Conc#0" [stack: 0x00000014bc100000,0x00000014bc200000] [id=31920]
  0x00000127a93e3a80 ConcurrentGCThread "G1 Refine#0" [stack: 0x00000014bc200000,0x00000014bc300000] [id=12580]
  0x00000127a93e44a0 ConcurrentGCThread "G1 Service" [stack: 0x00000014bc300000,0x00000014bc400000] [id=24692]

Threads with active compile tasks:

VM state: not at safepoint (normal execution)

VM Mutex/Monitor currently owned by a thread: None

Heap address: 0x0000000083c00000, size: 1988 MB, Compressed Oops mode: 32-bit

CDS archive(s) mapped at: [0x0000000800000000-0x0000000800bd0000-0x0000000800bd0000), size 12386304, SharedBaseAddress: 0x0000000800000000, ArchiveRelocationMode: 0.
Compressed class space mapped at: 0x0000000800c00000-0x0000000840c00000, reserved size: 1073741824
Narrow klass base: 0x0000000800000000, Narrow klass shift: 0, Narrow klass range: 0x100000000

GC Precious Log:
 CPUs: 8 total, 8 available
 Memory: 7948M
 Large Page Support: Disabled
 NUMA Support: Disabled
 Compressed Oops: Enabled (32-bit)
 Heap Region Size: 1M
 Heap Min Capacity: 8M
 Heap Initial Capacity: 126M
 Heap Max Capacity: 1988M
 Pre-touch: Disabled
 Parallel Workers: 8
 Concurrent Workers: 2
 Concurrent Refinement Workers: 8
 Periodic GC: Disabled

Heap:
 garbage-first heap   total 129024K, used 36288K [0x0000000083c00000, 0x0000000100000000)
  region size 1024K, 9 young (9216K), 3 survivors (3072K)
 Metaspace       used 6977K, committed 7168K, reserved 1056768K
  class space    used 766K, committed 896K, reserved 1048576K

Heap Regions: E=young(eden), S=young(survivor), O=old, HS=humongous(starts), HC=humongous(continues), CS=collection set, F=free, OA=open archive, CA=closed archive, TAMS=top-at-mark-start (previous, next)
|   0|0x0000000083c00000, 0x0000000083d00000, 0x0000000083d00000|100%|HS|  |TAMS 0x0000000083c00000, 0x0000000083c00000| Complete 
|   1|0x0000000083d00000, 0x0000000083e00000, 0x0000000083e00000|100%|HC|  |TAMS 0x0000000083d00000, 0x0000000083d00000| Complete 
|   2|0x0000000083e00000, 0x0000000083f00000, 0x0000000083f00000|100%|HC|  |TAMS 0x0000000083e00000, 0x0000000083e00000| Complete 
|   3|0x0000000083f00000, 0x0000000084000000, 0x0000000084000000|100%|HC|  |TAMS 0x0000000083f00000, 0x0000000083f00000| Complete 
|   4|0x0000000084000000, 0x0000000084100000, 0x0000000084100000|100%|HC|  |TAMS 0x0000000084000000, 0x0000000084000000| Complete 
|   5|0x0000000084100000, 0x0000000084200000, 0x0000000084200000|100%|HC|  |TAMS 0x0000000084100000, 0x0000000084100000| Complete 
|   6|0x0000000084200000, 0x0000000084300000, 0x0000000084300000|100%|HC|  |TAMS 0x0000000084200000, 0x0000000084200000| Complete 
|   7|0x0000000084300000, 0x0000000084400000, 0x0000000084400000|100%|HC|  |TAMS 0x0000000084300000, 0x0000000084300000| Complete 
|   8|0x0000000084400000, 0x0000000084500000, 0x0000000084500000|100%|HC|  |TAMS 0x0000000084400000, 0x0000000084400000| Complete 
|   9|0x0000000084500000, 0x0000000084600000, 0x0000000084600000|100%|HC|  |TAMS 0x0000000084500000, 0x0000000084500000| Complete 
|  10|0x0000000084600000, 0x0000000084700000, 0x0000000084700000|100%|HC|  |TAMS 0x0000000084600000, 0x0000000084600000| Complete 
|  11|0x0000000084700000, 0x0000000084800000, 0x0000000084800000|100%|HC|  |TAMS 0x0000000084700000, 0x0000000084700000| Complete 
|  12|0x0000000084800000, 0x0000000084900000, 0x0000000084900000|100%|HC|  |TAMS 0x0000000084800000, 0x0000000084800000| Complete 
|  13|0x0000000084900000, 0x0000000084a00000, 0x0000000084a00000|100%|HC|  |TAMS 0x0000000084900000, 0x0000000084900000| Complete 
|  14|0x0000000084a00000, 0x0000000084b00000, 0x0000000084b00000|100%|HC|  |TAMS 0x0000000084a00000, 0x0000000084a00000| Complete 
|  15|0x0000000084b00000, 0x0000000084c00000, 0x0000000084c00000|100%|HC|  |TAMS 0x0000000084b00000, 0x0000000084b00000| Complete 
|  16|0x0000000084c00000, 0x0000000084d00000, 0x0000000084d00000|100%|HC|  |TAMS 0x0000000084c00000, 0x0000000084c00000| Complete 
|  17|0x0000000084d00000, 0x0000000084e00000, 0x0000000084e00000|100%|HC|  |TAMS 0x0000000084d00000, 0x0000000084d00000| Complete 
|  18|0x0000000084e00000, 0x0000000084f00000, 0x0000000084f00000|100%|HC|  |TAMS 0x0000000084e00000, 0x0000000084e00000| Complete 
|  19|0x0000000084f00000, 0x0000000085000000, 0x0000000085000000|100%|HC|  |TAMS 0x0000000084f00000, 0x0000000084f00000| Complete 
|  20|0x0000000085000000, 0x0000000085100000, 0x0000000085100000|100%|HS|  |TAMS 0x0000000085000000, 0x0000000085000000| Complete 
|  21|0x0000000085100000, 0x0000000085200000, 0x0000000085200000|100%|HC|  |TAMS 0x0000000085100000, 0x0000000085100000| Complete 
|  22|0x0000000085200000, 0x0000000085300000, 0x0000000085300000|100%|HC|  |TAMS 0x0000000085200000, 0x0000000085200000| Complete 
|  23|0x0000000085300000, 0x0000000085400000, 0x0000000085400000|100%|HC|  |TAMS 0x0000000085300000, 0x0000000085300000| Complete 
|  24|0x0000000085400000, 0x0000000085500000, 0x0000000085500000|100%|HC|  |TAMS 0x0000000085400000, 0x0000000085400000| Complete 
|  25|0x0000000085500000, 0x0000000085600000, 0x0000000085600000|100%|HC|  |TAMS 0x0000000085500000, 0x0000000085500000| Complete 
|  26|0x0000000085600000, 0x0000000085700000, 0x0000000085700000|100%|HC|  |TAMS 0x0000000085600000, 0x0000000085600000| Complete 
|  27|0x0000000085700000, 0x0000000085800000, 0x0000000085800000|100%|HC|  |TAMS 0x0000000085700000, 0x0000000085700000| Complete 
|  28|0x0000000085800000, 0x0000000085800000, 0x0000000085900000|  0%| F|  |TAMS 0x0000000085800000, 0x0000000085800000| Untracked 
|  29|0x0000000085900000, 0x0000000085900000, 0x0000000085a00000|  0%| F|  |TAMS 0x0000000085900000, 0x0000000085900000| Untracked 
|  30|0x0000000085a00000, 0x0000000085a00000, 0x0000000085b00000|  0%| F|  |TAMS 0x0000000085a00000, 0x0000000085a00000| Untracked 
|  31|0x0000000085b00000, 0x0000000085b00000, 0x0000000085c00000|  0%| F|  |TAMS 0x0000000085b00000, 0x0000000085b00000| Untracked 
|  32|0x0000000085c00000, 0x0000000085c00000, 0x0000000085d00000|  0%| F|  |TAMS 0x0000000085c00000, 0x0000000085c00000| Untracked 
|  33|0x0000000085d00000, 0x0000000085d00000, 0x0000000085e00000|  0%| F|  |TAMS 0x0000000085d00000, 0x0000000085d00000| Untracked 
|  34|0x0000000085e00000, 0x0000000085e00000, 0x0000000085f00000|  0%| F|  |TAMS 0x0000000085e00000, 0x0000000085e00000| Untracked 
|  35|0x0000000085f00000, 0x0000000085f00000, 0x0000000086000000|  0%| F|  |TAMS 0x0000000085f00000, 0x0000000085f00000| Untracked 
|  36|0x0000000086000000, 0x0000000086000000, 0x0000000086100000|  0%| F|  |TAMS 0x0000000086000000, 0x0000000086000000| Untracked 
|  37|0x0000000086100000, 0x0000000086100000, 0x0000000086200000|  0%| F|  |TAMS 0x0000000086100000, 0x0000000086100000| Untracked 
|  38|0x0000000086200000, 0x0000000086200000, 0x0000000086300000|  0%| F|  |TAMS 0x0000000086200000, 0x0000000086200000| Untracked 
|  39|0x0000000086300000, 0x0000000086300000, 0x0000000086400000|  0%| F|  |TAMS 0x0000000086300000, 0x0000000086300000| Untracked 
|  40|0x0000000086400000, 0x0000000086400000, 0x0000000086500000|  0%| F|  |TAMS 0x0000000086400000, 0x0000000086400000| Untracked 
|  41|0x0000000086500000, 0x0000000086500000, 0x0000000086600000|  0%| F|  |TAMS 0x0000000086500000, 0x0000000086500000| Untracked 
|  42|0x0000000086600000, 0x0000000086600000, 0x0000000086700000|  0%| F|  |TAMS 0x0000000086600000, 0x0000000086600000| Untracked 
|  43|0x0000000086700000, 0x0000000086700000, 0x0000000086800000|  0%| F|  |TAMS 0x0000000086700000, 0x0000000086700000| Untracked 
|  44|0x0000000086800000, 0x0000000086800000, 0x0000000086900000|  0%| F|  |TAMS 0x0000000086800000, 0x0000000086800000| Untracked 
|  45|0x0000000086900000, 0x0000000086900000, 0x0000000086a00000|  0%| F|  |TAMS 0x0000000086900000, 0x0000000086900000| Untracked 
|  46|0x0000000086a00000, 0x0000000086a00000, 0x0000000086b00000|  0%| F|  |TAMS 0x0000000086a00000, 0x0000000086a00000| Untracked 
|  47|0x0000000086b00000, 0x0000000086b00000, 0x0000000086c00000|  0%| F|  |TAMS 0x0000000086b00000, 0x0000000086b00000| Untracked 
|  48|0x0000000086c00000, 0x0000000086c00000, 0x0000000086d00000|  0%| F|  |TAMS 0x0000000086c00000, 0x0000000086c00000| Untracked 
|  49|0x0000000086d00000, 0x0000000086d00000, 0x0000000086e00000|  0%| F|  |TAMS 0x0000000086d00000, 0x0000000086d00000| Untracked 
|  50|0x0000000086e00000, 0x0000000086e00000, 0x0000000086f00000|  0%| F|  |TAMS 0x0000000086e00000, 0x0000000086e00000| Untracked 
|  51|0x0000000086f00000, 0x0000000086f00000, 0x0000000087000000|  0%| F|  |TAMS 0x0000000086f00000, 0x0000000086f00000| Untracked 
|  52|0x0000000087000000, 0x0000000087000000, 0x0000000087100000|  0%| F|  |TAMS 0x0000000087000000, 0x0000000087000000| Untracked 
|  53|0x0000000087100000, 0x0000000087100000, 0x0000000087200000|  0%| F|  |TAMS 0x0000000087100000, 0x0000000087100000| Untracked 
|  54|0x0000000087200000, 0x0000000087200000, 0x0000000087300000|  0%| F|  |TAMS 0x0000000087200000, 0x0000000087200000| Untracked 
|  55|0x0000000087300000, 0x0000000087300000, 0x0000000087400000|  0%| F|  |TAMS 0x0000000087300000, 0x0000000087300000| Untracked 
|  56|0x0000000087400000, 0x0000000087400000, 0x0000000087500000|  0%| F|  |TAMS 0x0000000087400000, 0x0000000087400000| Untracked 
|  57|0x0000000087500000, 0x0000000087500000, 0x0000000087600000|  0%| F|  |TAMS 0x0000000087500000, 0x0000000087500000| Untracked 
|  58|0x0000000087600000, 0x0000000087600000, 0x0000000087700000|  0%| F|  |TAMS 0x0000000087600000, 0x0000000087600000| Untracked 
|  59|0x0000000087700000, 0x0000000087700000, 0x0000000087800000|  0%| F|  |TAMS 0x0000000087700000, 0x0000000087700000| Untracked 
|  60|0x0000000087800000, 0x0000000087800000, 0x0000000087900000|  0%| F|  |TAMS 0x0000000087800000, 0x0000000087800000| Untracked 
|  61|0x0000000087900000, 0x0000000087900000, 0x0000000087a00000|  0%| F|  |TAMS 0x0000000087900000, 0x0000000087900000| Untracked 
|  62|0x0000000087a00000, 0x0000000087a00000, 0x0000000087b00000|  0%| F|  |TAMS 0x0000000087a00000, 0x0000000087a00000| Untracked 
|  63|0x0000000087b00000, 0x0000000087b00000, 0x0000000087c00000|  0%| F|  |TAMS 0x0000000087b00000, 0x0000000087b00000| Untracked 
|  64|0x0000000087c00000, 0x0000000087c00000, 0x0000000087d00000|  0%| F|  |TAMS 0x0000000087c00000, 0x0000000087c00000| Untracked 
|  65|0x0000000087d00000, 0x0000000087d00000, 0x0000000087e00000|  0%| F|  |TAMS 0x0000000087d00000, 0x0000000087d00000| Untracked 
|  66|0x0000000087e00000, 0x0000000087e00000, 0x0000000087f00000|  0%| F|  |TAMS 0x0000000087e00000, 0x0000000087e00000| Untracked 
|  67|0x0000000087f00000, 0x0000000087f00000, 0x0000000088000000|  0%| F|  |TAMS 0x0000000087f00000, 0x0000000087f00000| Untracked 
|  68|0x0000000088000000, 0x0000000088000000, 0x0000000088100000|  0%| F|  |TAMS 0x0000000088000000, 0x0000000088000000| Untracked 
|  69|0x0000000088100000, 0x0000000088100000, 0x0000000088200000|  0%| F|  |TAMS 0x0000000088100000, 0x0000000088100000| Untracked 
|  70|0x0000000088200000, 0x0000000088200000, 0x0000000088300000|  0%| F|  |TAMS 0x0000000088200000, 0x0000000088200000| Untracked 
|  71|0x0000000088300000, 0x0000000088300000, 0x0000000088400000|  0%| F|  |TAMS 0x0000000088300000, 0x0000000088300000| Untracked 
|  72|0x0000000088400000, 0x0000000088400000, 0x0000000088500000|  0%| F|  |TAMS 0x0000000088400000, 0x0000000088400000| Untracked 
|  73|0x0000000088500000, 0x0000000088500000, 0x0000000088600000|  0%| F|  |TAMS 0x0000000088500000, 0x0000000088500000| Untracked 
|  74|0x0000000088600000, 0x0000000088600000, 0x0000000088700000|  0%| F|  |TAMS 0x0000000088600000, 0x0000000088600000| Untracked 
|  75|0x0000000088700000, 0x0000000088700000, 0x0000000088800000|  0%| F|  |TAMS 0x0000000088700000, 0x0000000088700000| Untracked 
|  76|0x0000000088800000, 0x0000000088800000, 0x0000000088900000|  0%| F|  |TAMS 0x0000000088800000, 0x0000000088800000| Untracked 
|  77|0x0000000088900000, 0x0000000088900000, 0x0000000088a00000|  0%| F|  |TAMS 0x0000000088900000, 0x0000000088900000| Untracked 
|  78|0x0000000088a00000, 0x0000000088a00000, 0x0000000088b00000|  0%| F|  |TAMS 0x0000000088a00000, 0x0000000088a00000| Untracked 
|  79|0x0000000088b00000, 0x0000000088b00000, 0x0000000088c00000|  0%| F|  |TAMS 0x0000000088b00000, 0x0000000088b00000| Untracked 
|  80|0x0000000088c00000, 0x0000000088c00000, 0x0000000088d00000|  0%| F|  |TAMS 0x0000000088c00000, 0x0000000088c00000| Untracked 
|  81|0x0000000088d00000, 0x0000000088d00000, 0x0000000088e00000|  0%| F|  |TAMS 0x0000000088d00000, 0x0000000088d00000| Untracked 
|  82|0x0000000088e00000, 0x0000000088e00000, 0x0000000088f00000|  0%| F|  |TAMS 0x0000000088e00000, 0x0000000088e00000| Untracked 
|  83|0x0000000088f00000, 0x0000000088f00000, 0x0000000089000000|  0%| F|  |TAMS 0x0000000088f00000, 0x0000000088f00000| Untracked 
|  84|0x0000000089000000, 0x0000000089000000, 0x0000000089100000|  0%| F|  |TAMS 0x0000000089000000, 0x0000000089000000| Untracked 
|  85|0x0000000089100000, 0x0000000089100000, 0x0000000089200000|  0%| F|  |TAMS 0x0000000089100000, 0x0000000089100000| Untracked 
|  86|0x0000000089200000, 0x0000000089200000, 0x0000000089300000|  0%| F|  |TAMS 0x0000000089200000, 0x0000000089200000| Untracked 
|  87|0x0000000089300000, 0x0000000089300000, 0x0000000089400000|  0%| F|  |TAMS 0x0000000089300000, 0x0000000089300000| Untracked 
|  88|0x0000000089400000, 0x0000000089400000, 0x0000000089500000|  0%| F|  |TAMS 0x0000000089400000, 0x0000000089400000| Untracked 
|  89|0x0000000089500000, 0x0000000089500000, 0x0000000089600000|  0%| F|  |TAMS 0x0000000089500000, 0x0000000089500000| Untracked 
|  90|0x0000000089600000, 0x0000000089600000, 0x0000000089700000|  0%| F|  |TAMS 0x0000000089600000, 0x0000000089600000| Untracked 
|  91|0x0000000089700000, 0x0000000089700000, 0x0000000089800000|  0%| F|  |TAMS 0x0000000089700000, 0x0000000089700000| Untracked 
|  92|0x0000000089800000, 0x0000000089800000, 0x0000000089900000|  0%| F|  |TAMS 0x0000000089800000, 0x0000000089800000| Untracked 
|  93|0x0000000089900000, 0x0000000089900000, 0x0000000089a00000|  0%| F|  |TAMS 0x0000000089900000, 0x0000000089900000| Untracked 
|  94|0x0000000089a00000, 0x0000000089a00000, 0x0000000089b00000|  0%| F|  |TAMS 0x0000000089a00000, 0x0000000089a00000| Untracked 
|  95|0x0000000089b00000, 0x0000000089b00000, 0x0000000089c00000|  0%| F|  |TAMS 0x0000000089b00000, 0x0000000089b00000| Untracked 
|  96|0x0000000089c00000, 0x0000000089c00000, 0x0000000089d00000|  0%| F|  |TAMS 0x0000000089c00000, 0x0000000089c00000| Untracked 
|  97|0x0000000089d00000, 0x0000000089d00000, 0x0000000089e00000|  0%| F|  |TAMS 0x0000000089d00000, 0x0000000089d00000| Untracked 
|  98|0x0000000089e00000, 0x0000000089e00000, 0x0000000089f00000|  0%| F|  |TAMS 0x0000000089e00000, 0x0000000089e00000| Untracked 
|  99|0x0000000089f00000, 0x0000000089f00000, 0x000000008a000000|  0%| F|  |TAMS 0x0000000089f00000, 0x0000000089f00000| Untracked 
| 100|0x000000008a000000, 0x000000008a070000, 0x000000008a100000| 43%| S|CS|TAMS 0x000000008a000000, 0x000000008a000000| Complete 
| 101|0x000000008a100000, 0x000000008a200000, 0x000000008a200000|100%| S|CS|TAMS 0x000000008a100000, 0x000000008a100000| Complete 
| 102|0x000000008a200000, 0x000000008a300000, 0x000000008a300000|100%| S|CS|TAMS 0x000000008a200000, 0x000000008a200000| Complete 
| 103|0x000000008a300000, 0x000000008a300000, 0x000000008a400000|  0%| F|  |TAMS 0x000000008a300000, 0x000000008a300000| Untracked 
| 104|0x000000008a400000, 0x000000008a400000, 0x000000008a500000|  0%| F|  |TAMS 0x000000008a400000, 0x000000008a400000| Untracked 
| 105|0x000000008a500000, 0x000000008a500000, 0x000000008a600000|  0%| F|  |TAMS 0x000000008a500000, 0x000000008a500000| Untracked 
| 106|0x000000008a600000, 0x000000008a600000, 0x000000008a700000|  0%| F|  |TAMS 0x000000008a600000, 0x000000008a600000| Untracked 
| 107|0x000000008a700000, 0x000000008a700000, 0x000000008a800000|  0%| F|  |TAMS 0x000000008a700000, 0x000000008a700000| Untracked 
| 108|0x000000008a800000, 0x000000008a800000, 0x000000008a900000|  0%| F|  |TAMS 0x000000008a800000, 0x000000008a800000| Untracked 
| 109|0x000000008a900000, 0x000000008a900000, 0x000000008aa00000|  0%| F|  |TAMS 0x000000008a900000, 0x000000008a900000| Untracked 
| 110|0x000000008aa00000, 0x000000008aa00000, 0x000000008ab00000|  0%| F|  |TAMS 0x000000008aa00000, 0x000000008aa00000| Untracked 
| 111|0x000000008ab00000, 0x000000008ab00000, 0x000000008ac00000|  0%| F|  |TAMS 0x000000008ab00000, 0x000000008ab00000| Untracked 
| 112|0x000000008ac00000, 0x000000008ac00000, 0x000000008ad00000|  0%| F|  |TAMS 0x000000008ac00000, 0x000000008ac00000| Untracked 
| 113|0x000000008ad00000, 0x000000008ad00000, 0x000000008ae00000|  0%| F|  |TAMS 0x000000008ad00000, 0x000000008ad00000| Untracked 
| 114|0x000000008ae00000, 0x000000008ae00000, 0x000000008af00000|  0%| F|  |TAMS 0x000000008ae00000, 0x000000008ae00000| Untracked 
| 115|0x000000008af00000, 0x000000008af00000, 0x000000008b000000|  0%| F|  |TAMS 0x000000008af00000, 0x000000008af00000| Untracked 
| 116|0x000000008b000000, 0x000000008b000000, 0x000000008b100000|  0%| F|  |TAMS 0x000000008b000000, 0x000000008b000000| Untracked 
| 117|0x000000008b100000, 0x000000008b100000, 0x000000008b200000|  0%| F|  |TAMS 0x000000008b100000, 0x000000008b100000| Untracked 
| 118|0x000000008b200000, 0x000000008b200000, 0x000000008b300000|  0%| F|  |TAMS 0x000000008b200000, 0x000000008b200000| Untracked 
| 119|0x000000008b300000, 0x000000008b300000, 0x000000008b400000|  0%| F|  |TAMS 0x000000008b300000, 0x000000008b300000| Untracked 
| 120|0x000000008b400000, 0x000000008b4d87d8, 0x000000008b500000| 84%| E|  |TAMS 0x000000008b400000, 0x000000008b400000| Complete 
| 121|0x000000008b500000, 0x000000008b600000, 0x000000008b600000|100%| E|CS|TAMS 0x000000008b500000, 0x000000008b500000| Complete 
| 122|0x000000008b600000, 0x000000008b700000, 0x000000008b700000|100%| E|CS|TAMS 0x000000008b600000, 0x000000008b600000| Complete 
| 123|0x000000008b700000, 0x000000008b800000, 0x000000008b800000|100%| E|CS|TAMS 0x000000008b700000, 0x000000008b700000| Complete 
| 124|0x000000008b800000, 0x000000008b900000, 0x000000008b900000|100%| E|CS|TAMS 0x000000008b800000, 0x000000008b800000| Complete 
| 125|0x000000008b900000, 0x000000008ba00000, 0x000000008ba00000|100%| E|CS|TAMS 0x000000008b900000, 0x000000008b900000| Complete 

Card table byte_map: [0x00000127c02b0000,0x00000127c06a0000] _byte_map_base: 0x00000127bfe92000

Marking Bits (Prev, Next): (CMBitMap*) 0x00000127a9368e20, (CMBitMap*) 0x00000127a9368e60
 Prev Bits: [0x00000127c0a90000, 0x00000127c29a0000)
 Next Bits: [0x00000127c29a0000, 0x00000127c48b0000)

Polling page: 0x00000127a8af0000

Metaspace:

Usage:
  Non-class:      6.07 MB used.
      Class:    766.73 KB used.
       Both:      6.81 MB used.

Virtual space:
  Non-class space:        8.00 MB reserved,       6.12 MB ( 77%) committed,  1 nodes.
      Class space:        1.00 GB reserved,     896.00 KB ( <1%) committed,  1 nodes.
             Both:        1.01 GB reserved,       7.00 MB ( <1%) committed. 

Chunk freelists:
   Non-Class:  1.00 MB
       Class:  3.11 MB
        Both:  4.11 MB

MaxMetaspaceSize: unlimited
CompressedClassSpaceSize: 1.00 GB
Initial GC threshold: 21.00 MB
Current GC threshold: 21.00 MB
CDS: on
MetaspaceReclaimPolicy: balanced
 - commit_granule_bytes: 65536.
 - commit_granule_words: 8192.
 - virtual_space_node_default_size: 1048576.
 - enlarge_chunks_in_place: 1.
 - new_chunks_are_fully_committed: 0.
 - uncommit_free_chunks: 1.
 - use_allocation_guard: 0.
 - handle_deallocations: 1.


Internal statistics:

num_allocs_failed_limit: 0.
num_arena_births: 118.
num_arena_deaths: 0.
num_vsnodes_births: 2.
num_vsnodes_deaths: 0.
num_space_committed: 112.
num_space_uncommitted: 0.
num_chunks_returned_to_freelist: 0.
num_chunks_taken_from_freelist: 170.
num_chunk_merges: 0.
num_chunk_splits: 89.
num_chunks_enlarged: 21.
num_purges: 0.
num_inconsistent_stats: 0.

CodeHeap 'non-profiled nmethods': size=120000Kb used=279Kb max_used=279Kb free=119720Kb
 bounds [0x00000127b8660000, 0x00000127b88d0000, 0x00000127bfb90000]
CodeHeap 'profiled nmethods': size=120000Kb used=1437Kb max_used=1437Kb free=118562Kb
 bounds [0x00000127b1130000, 0x00000127b13a0000, 0x00000127b8660000]
CodeHeap 'non-nmethods': size=5760Kb used=1267Kb max_used=1282Kb free=4492Kb
 bounds [0x00000127b0b90000, 0x00000127b0e00000, 0x00000127b1130000]
 total_blobs=1534 nmethods=956 adapters=491
 compilation: enabled
              stopped_count=0, restarted_count=0
 full_count=0

Compilation events (20 events):
Event: 3167.886 Thread 0x00000127c72e33a0  948       3       java.lang.StringConcatHelper::simpleConcat (94 bytes)
Event: 3167.901 Thread 0x00000127c72e33a0 nmethod 948 0x00000127b1292290 code [0x00000127b12925c0, 0x00000127b12939d8]
Event: 3168.383 Thread 0x00000127c72c07a0  949       4       java.lang.String::toString (2 bytes)
Event: 3168.386 Thread 0x00000127c72c07a0 nmethod 949 0x00000127b86a5890 code [0x00000127b86a5a00, 0x00000127b86a5a78]
Event: 3168.560 Thread 0x00000127c72e33a0  950       3       java.util.HashMap$EntryIterator::next (5 bytes)
Event: 3168.562 Thread 0x00000127c72e33a0 nmethod 950 0x00000127b1294110 code [0x00000127b12942c0, 0x00000127b1294448]
Event: 3168.562 Thread 0x00000127c72e33a0  951       3       java.util.HashMap$EntryIterator::next (5 bytes)
Event: 3168.563 Thread 0x00000127c72e33a0 nmethod 951 0x00000127b1294510 code [0x00000127b12946a0, 0x00000127b12947e8]
Event: 3169.257 Thread 0x00000127c72e33a0  952       3       java.beans.PropertyChangeSupport::firePropertyChange (35 bytes)
Event: 3169.260 Thread 0x00000127c72e33a0 nmethod 952 0x00000127b1294890 code [0x00000127b1294a80, 0x00000127b1295228]
Event: 4050.158 Thread 0x00000127c72c07a0  953       4       java.util.HashMap::hash (20 bytes)
Event: 4050.162 Thread 0x00000127c72c07a0 nmethod 953 0x00000127b86a5b90 code [0x00000127b86a5d00, 0x00000127b86a5dd8]
Event: 4050.194 Thread 0x00000127c72e33a0  954   !   3       java.awt.Toolkit::setDesktopProperty (81 bytes)
Event: 4050.198 Thread 0x00000127c72e33a0 nmethod 954 0x00000127b1295490 code [0x00000127b12956a0, 0x00000127b1295ee8]
Event: 7156.281 Thread 0x00000127c72e33a0  955   !   3       java.lang.ref.ReferenceQueue::remove (125 bytes)
Event: 7156.288 Thread 0x00000127c72e33a0 nmethod 955 0x00000127b1296190 code [0x00000127b12963a0, 0x00000127b1296b38]
Event: 7276.297 Thread 0x00000127c72e33a0  956   !   3       jdk.internal.ref.PhantomCleanable::isListEmpty (34 bytes)
Event: 7276.298 Thread 0x00000127c72e33a0 nmethod 956 0x00000127b1296e90 code [0x00000127b1297020, 0x00000127b1297278]
Event: 7276.298 Thread 0x00000127c72e33a0  957       3       jdk.internal.misc.InnocuousThread::eraseThreadLocals (23 bytes)
Event: 7276.299 Thread 0x00000127c72e33a0 nmethod 957 0x00000127b1297390 code [0x00000127b1297520, 0x00000127b1297718]

GC Heap History (2 events):
Event: 0.357 GC heap before
{Heap before GC invocations=0 (full 0):
 garbage-first heap   total 129024K, used 44032K [0x0000000083c00000, 0x0000000100000000)
  region size 1024K, 23 young (23552K), 0 survivors (0K)
 Metaspace       used 4827K, committed 5056K, reserved 1056768K
  class space    used 514K, committed 640K, reserved 1048576K
}
Event: 0.360 GC heap after
{Heap after GC invocations=1 (full 0):
 garbage-first heap   total 129024K, used 22976K [0x0000000083c00000, 0x0000000100000000)
  region size 1024K, 3 young (3072K), 3 survivors (3072K)
 Metaspace       used 4827K, committed 5056K, reserved 1056768K
  class space    used 514K, committed 640K, reserved 1048576K
}

Deoptimization events (20 events):
Event: 0.478 Thread 0x00000127a930da20 Uncommon trap: trap_request=0xffffffc6 fr.pc=0x00000127b868e268 relative=0x0000000000000a68
Event: 0.478 Thread 0x00000127a930da20 Uncommon trap: reason=bimorphic_or_optimized_type_check action=maybe_recompile pc=0x00000127b868e268 method=java.util.HashMap.putVal(ILjava/lang/Object;Ljava/lang/Object;ZZ)Ljava/lang/Object; @ 152 c2
Event: 0.478 Thread 0x00000127a930da20 DEOPT PACKING pc=0x00000127b868e268 sp=0x00000014bbefcb30
Event: 0.478 Thread 0x00000127a930da20 DEOPT UNPACKING pc=0x00000127b0be5ba3 sp=0x00000014bbefca58 mode 2
Event: 0.540 Thread 0x00000127c8b5c4a0 Uncommon trap: trap_request=0xffffffde fr.pc=0x00000127b8694048 relative=0x0000000000000388
Event: 0.540 Thread 0x00000127c8b5c4a0 Uncommon trap: reason=class_check action=maybe_recompile pc=0x00000127b8694048 method=java.util.HashMap.getNode(Ljava/lang/Object;)Ljava/util/HashMap$Node; @ 63 c2
Event: 0.540 Thread 0x00000127c8b5c4a0 DEOPT PACKING pc=0x00000127b8694048 sp=0x00000014bdcfd210
Event: 0.540 Thread 0x00000127c8b5c4a0 DEOPT UNPACKING pc=0x00000127b0be5ba3 sp=0x00000014bdcfd188 mode 2
Event: 0.545 Thread 0x00000127c8b5c4a0 Uncommon trap: trap_request=0xffffffde fr.pc=0x00000127b8694048 relative=0x0000000000000388
Event: 0.545 Thread 0x00000127c8b5c4a0 Uncommon trap: reason=class_check action=maybe_recompile pc=0x00000127b8694048 method=java.util.HashMap.getNode(Ljava/lang/Object;)Ljava/util/HashMap$Node; @ 63 c2
Event: 0.545 Thread 0x00000127c8b5c4a0 DEOPT PACKING pc=0x00000127b8694048 sp=0x00000014bdcfd100
Event: 0.545 Thread 0x00000127c8b5c4a0 DEOPT UNPACKING pc=0x00000127b0be5ba3 sp=0x00000014bdcfd078 mode 2
Event: 0.546 Thread 0x00000127c8b5c4a0 Uncommon trap: trap_request=0xffffffde fr.pc=0x00000127b8694048 relative=0x0000000000000388
Event: 0.546 Thread 0x00000127c8b5c4a0 Uncommon trap: reason=class_check action=maybe_recompile pc=0x00000127b8694048 method=java.util.HashMap.getNode(Ljava/lang/Object;)Ljava/util/HashMap$Node; @ 63 c2
Event: 0.546 Thread 0x00000127c8b5c4a0 DEOPT PACKING pc=0x00000127b8694048 sp=0x00000014bdcfd210
Event: 0.546 Thread 0x00000127c8b5c4a0 DEOPT UNPACKING pc=0x00000127b0be5ba3 sp=0x00000014bdcfd188 mode 2
Event: 0.549 Thread 0x00000127c8b5c4a0 Uncommon trap: trap_request=0xffffffde fr.pc=0x00000127b8694048 relative=0x0000000000000388
Event: 0.549 Thread 0x00000127c8b5c4a0 Uncommon trap: reason=class_check action=maybe_recompile pc=0x00000127b8694048 method=java.util.HashMap.getNode(Ljava/lang/Object;)Ljava/util/HashMap$Node; @ 63 c2
Event: 0.549 Thread 0x00000127c8b5c4a0 DEOPT PACKING pc=0x00000127b8694048 sp=0x00000014bdcfd100
Event: 0.549 Thread 0x00000127c8b5c4a0 DEOPT UNPACKING pc=0x00000127b0be5ba3 sp=0x00000014bdcfd078 mode 2

Classes unloaded (0 events):
No events

Classes redefined (0 events):
No events

Internal exceptions (17 events):
Event: 0.049 Thread 0x00000127a930da20 Exception <a 'sun/nio/fs/WindowsException'{0x000000008b8403a0}> (0x000000008b8403a0) 
thrown [s\open\src\hotspot\share\prims\jni.cpp, line 516]
Event: 0.049 Thread 0x00000127a930da20 Exception <a 'sun/nio/fs/WindowsException'{0x000000008b840960}> (0x000000008b840960) 
thrown [s\open\src\hotspot\share\prims\jni.cpp, line 516]
Event: 0.050 Thread 0x00000127a930da20 Exception <a 'sun/nio/fs/WindowsException'{0x000000008b842f98}> (0x000000008b842f98) 
thrown [s\open\src\hotspot\share\prims\jni.cpp, line 516]
Event: 0.050 Thread 0x00000127a930da20 Exception <a 'sun/nio/fs/WindowsException'{0x000000008b843b48}> (0x000000008b843b48) 
thrown [s\open\src\hotspot\share\prims\jni.cpp, line 516]
Event: 0.080 Thread 0x00000127a930da20 Exception <a 'java/lang/ClassNotFoundException'{0x000000008b7103b0}: sun/awt/resources/spi/awtProvider> (0x000000008b7103b0) 
thrown [s\open\src\hotspot\share\classfile\systemDictionary.cpp, line 256]
Event: 0.095 Thread 0x00000127a930da20 Exception <a 'java/io/FileNotFoundException'{0x000000008b763488}> (0x000000008b763488) 
thrown [s\open\src\hotspot\share\prims\jni.cpp, line 516]
Event: 0.100 Thread 0x00000127a930da20 Exception <a 'java/io/FileNotFoundException'{0x000000008b7905e0}> (0x000000008b7905e0) 
thrown [s\open\src\hotspot\share\prims\jni.cpp, line 516]
Event: 0.128 Thread 0x00000127a930da20 Exception <a 'java/lang/NoSuchMethodError'{0x000000008b7d4750}: 'java.lang.Object java.lang.invoke.DirectMethodHandle$Holder.invokeStaticInit(java.lang.Object)'> (0x000000008b7d4750) 
thrown [s\open\src\hotspot\share\interpreter\linkResolver.cpp, line 759]
Event: 0.154 Thread 0x00000127a930da20 Exception <a 'java/lang/NoSuchMethodError'{0x000000008b6326c8}: 'void java.lang.invoke.DirectMethodHandle$Holder.invokeSpecial(java.lang.Object, java.lang.Object, java.lang.Object)'> (0x000000008b6326c8) 
thrown [s\open\src\hotspot\share\interpreter\linkResolver.cpp, line 759]
Event: 0.162 Thread 0x00000127a930da20 Exception <a 'java/lang/NoSuchMethodError'{0x000000008b65c8a0}: 'java.lang.Object java.lang.invoke.DirectMethodHandle$Holder.newInvokeSpecial(java.lang.Object, java.lang.Object, java.lang.Object, java.lang.Object, java.lang.Object)'> (0x000000008b65c8a0) 
thrown [s\open\src\hotspot\share\interpreter\linkResolver.cpp, line 759]
Event: 0.163 Thread 0x00000127a930da20 Exception <a 'java/lang/NoSuchMethodError'{0x000000008b668268}: 'java.lang.Object java.lang.invoke.DirectMethodHandle$Holder.invokeStatic(java.lang.Object, int, java.lang.Object, java.lang.Object, java.lang.Object, java.lang.Object)'> (0x000000008b668268) 
thrown [s\open\src\hotspot\share\interpreter\linkResolver.cpp, line 759]
Event: 0.169 Thread 0x00000127a930da20 Exception <a 'java/lang/NoSuchMethodError'{0x000000008b68dca8}: 'java.lang.Object java.lang.invoke.DirectMethodHandle$Holder.invokeStatic(java.lang.Object, int, java.lang.Object)'> (0x000000008b68dca8) 
thrown [s\open\src\hotspot\share\interpreter\linkResolver.cpp, line 759]
Event: 0.187 Thread 0x00000127a930da20 Exception <a 'java/lang/ClassNotFoundException'{0x000000008b545fa0}: com/sun/swing/internal/plaf/metal/resources/spi/metalProvider> (0x000000008b545fa0) 
thrown [s\open\src\hotspot\share\classfile\systemDictionary.cpp, line 256]
Event: 0.188 Thread 0x00000127a930da20 Exception <a 'java/lang/ClassNotFoundException'{0x000000008b549e30}: com/sun/swing/internal/plaf/basic/resources/spi/basicProvider> (0x000000008b549e30) 
thrown [s\open\src\hotspot\share\classfile\systemDictionary.cpp, line 256]
Event: 0.257 Thread 0x00000127c80c0e70 Exception <a 'java/lang/NoSuchMethodError'{0x000000008b4ea1d8}: 'java.lang.Object java.lang.invoke.DirectMethodHandle$Holder.newInvokeSpecial(java.lang.Object, java.lang.Object, java.lang.Object, int, int, int, int, int)'> (0x000000008b4ea1d8) 
thrown [s\open\src\hotspot\share\interpreter\linkResolver.cpp, line 759]
Event: 0.449 Thread 0x00000127c8033870 Exception <a 'java/lang/NoSuchMethodError'{0x000000008b5083a0}: 'void java.lang.invoke.DirectMethodHandle$Holder.invokeVirtual(java.lang.Object, java.lang.Object)'> (0x000000008b5083a0) 
thrown [s\open\src\hotspot\share\interpreter\linkResolver.cpp, line 759]
Event: 0.463 Thread 0x00000127a930da20 Exception <a 'java/lang/NoSuchMethodError'{0x000000008b6a9a18}: 'void java.lang.invoke.DirectMethodHandle$Holder.invokeStaticInit(java.lang.Object)'> (0x000000008b6a9a18) 
thrown [s\open\src\hotspot\share\interpreter\linkResolver.cpp, line 759]

VM Operations (20 events):
Event: 0.196 Executing VM operation: HandshakeAllThreads
Event: 0.197 Executing VM operation: HandshakeAllThreads done
Event: 0.357 Executing VM operation: G1CollectForAllocation
Event: 0.360 Executing VM operation: G1CollectForAllocation done
Event: 0.372 Executing VM operation: HandshakeAllThreads
Event: 0.372 Executing VM operation: HandshakeAllThreads done
Event: 0.478 Executing VM operation: HandshakeAllThreads
Event: 0.478 Executing VM operation: HandshakeAllThreads done
Event: 0.515 Executing VM operation: HandshakeAllThreads
Event: 0.515 Executing VM operation: HandshakeAllThreads done
Event: 1.527 Executing VM operation: Cleanup
Event: 1.527 Executing VM operation: Cleanup done
Event: 2.537 Executing VM operation: Cleanup
Event: 2.537 Executing VM operation: Cleanup done
Event: 5.562 Executing VM operation: Cleanup
Event: 5.562 Executing VM operation: Cleanup done
Event: 4050.977 Executing VM operation: Cleanup
Event: 4050.981 Executing VM operation: Cleanup done
Event: 12052.010 Executing VM operation: Cleanup
Event: 12052.129 Executing VM operation: Cleanup done

Events (20 events):
Event: 0.586 loading class java/util/concurrent/ForkJoinPool$ManagedBlocker
Event: 0.586 loading class java/util/concurrent/ForkJoinPool$ManagedBlocker done
Event: 0.586 loading class java/util/concurrent/locks/AbstractQueuedSynchronizer$Node
Event: 0.586 loading class java/util/concurrent/locks/AbstractQueuedSynchronizer$Node done
Event: 0.586 loading class java/util/concurrent/locks/AbstractQueuedSynchronizer$ConditionNode done
Event: 1.573 loading class java/util/concurrent/locks/AbstractQueuedSynchronizer$ExclusiveNode
Event: 1.573 loading class java/util/concurrent/locks/AbstractQueuedSynchronizer$ExclusiveNode done
Event: 2.605 loading class java/awt/LightweightDispatcher$2
Event: 2.606 loading class java/awt/LightweightDispatcher$2 done
Event: 4.959 loading class java/awt/KeyboardFocusManager$2
Event: 4.959 loading class java/awt/KeyboardFocusManager$2 done
Event: 4.959 loading class sun/awt/SunToolkit$1
Event: 4.959 loading class sun/awt/SunToolkit$1 done
Event: 5.454 Thread 0x00000127c80c0e70 Thread exited: 0x00000127c80c0e70
Event: 12051.927 loading class java/util/WeakHashMap$KeyIterator
Event: 12052.048 loading class java/util/WeakHashMap$HashIterator
Event: 12052.071 loading class java/util/WeakHashMap$HashIterator done
Event: 12052.084 loading class java/util/WeakHashMap$KeyIterator done
Event: 12052.422 loading class javax/swing/RepaintManager$DisplayChangedRunnable
Event: 12052.457 loading class javax/swing/RepaintManager$DisplayChangedRunnable done


Dynamic libraries:
0x00007ff69c660000 - 0x00007ff69c670000 	C:\Program Files\Java\jdk-17.0.5\bin\java.exe
0x00007ff9b8500000 - 0x00007ff9b8709000 	C:\WINDOWS\SYSTEM32\ntdll.dll
0x00007ff9b6730000 - 0x00007ff9b67ed000 	C:\WINDOWS\System32\KERNEL32.DLL
0x00007ff9b59d0000 - 0x00007ff9b5d4b000 	C:\WINDOWS\System32\KERNELBASE.dll
0x00007ff9b6030000 - 0x00007ff9b6141000 	C:\WINDOWS\System32\ucrtbase.dll
0x00007ff9a5a40000 - 0x00007ff9a5a58000 	C:\Program Files\Java\jdk-17.0.5\bin\jli.dll
0x00007ff9ae110000 - 0x00007ff9ae12a000 	C:\Program Files\Java\jdk-17.0.5\bin\VCRUNTIME140.dll
0x00007ff9b7a00000 - 0x00007ff9b7aae000 	C:\WINDOWS\System32\ADVAPI32.dll
0x00007ff9b8050000 - 0x00007ff9b80f3000 	C:\WINDOWS\System32\msvcrt.dll
0x00007ff9b67f0000 - 0x00007ff9b688e000 	C:\WINDOWS\System32\sechost.dll
0x00007ff9b6a90000 - 0x00007ff9b6bb0000 	C:\WINDOWS\System32\RPCRT4.dll
0x00007ff9b63a0000 - 0x00007ff9b654d000 	C:\WINDOWS\System32\USER32.dll
0x00007ff9b5dd0000 - 0x00007ff9b5df6000 	C:\WINDOWS\System32\win32u.dll
0x00007ff9b8370000 - 0x00007ff9b8399000 	C:\WINDOWS\System32\GDI32.dll
0x00007ff99c280000 - 0x00007ff99c525000 	C:\WINDOWS\WinSxS\amd64_microsoft.windows.common-controls_6595b64144ccf1df_6.0.22000.120_none_9d947278b86cc467\COMCTL32.dll
0x00007ff9b61c0000 - 0x00007ff9b62d8000 	C:\WINDOWS\System32\gdi32full.dll
0x00007ff9b62e0000 - 0x00007ff9b637d000 	C:\WINDOWS\System32\msvcp_win.dll
0x00007ff9ad3c0000 - 0x00007ff9ad3ca000 	C:\WINDOWS\SYSTEM32\VERSION.dll
0x00007ff9b6980000 - 0x00007ff9b69b1000 	C:\WINDOWS\System32\IMM32.DLL
0x00007ff99f9e0000 - 0x00007ff99f9ec000 	C:\Program Files\Java\jdk-17.0.5\bin\vcruntime140_1.dll
0x00007ff96b340000 - 0x00007ff96b3cd000 	C:\Program Files\Java\jdk-17.0.5\bin\msvcp140.dll
0x00007ff931790000 - 0x00007ff932352000 	C:\Program Files\Java\jdk-17.0.5\bin\server\jvm.dll
0x00007ff9b8360000 - 0x00007ff9b8368000 	C:\WINDOWS\System32\PSAPI.DLL
0x00007ff9ae630000 - 0x00007ff9ae663000 	C:\WINDOWS\SYSTEM32\WINMM.dll
0x00007ff9aea60000 - 0x00007ff9aea69000 	C:\WINDOWS\SYSTEM32\WSOCK32.dll
0x00007ff9b7930000 - 0x00007ff9b799f000 	C:\WINDOWS\System32\WS2_32.dll
0x00007ff9b4b40000 - 0x00007ff9b4b58000 	C:\WINDOWS\SYSTEM32\kernel.appcore.dll
0x00007ff99cac0000 - 0x00007ff99caca000 	C:\Program Files\Java\jdk-17.0.5\bin\jimage.dll
0x00007ff9b34d0000 - 0x00007ff9b36f1000 	C:\WINDOWS\SYSTEM32\DBGHELP.DLL
0x00007ff9a5cb0000 - 0x00007ff9a5ce1000 	C:\WINDOWS\SYSTEM32\dbgcore.DLL
0x00007ff9b5d50000 - 0x00007ff9b5dcf000 	C:\WINDOWS\System32\bcryptPrimitives.dll
0x00007ff995d00000 - 0x00007ff995d25000 	C:\Program Files\Java\jdk-17.0.5\bin\java.dll
0x00007ff947fb0000 - 0x00007ff948086000 	C:\Program Files\Java\jdk-17.0.5\bin\jsvml.dll
0x00007ff9b7030000 - 0x00007ff9b77e8000 	C:\WINDOWS\System32\SHELL32.dll
0x00007ff9b3ad0000 - 0x00007ff9b4335000 	C:\WINDOWS\SYSTEM32\windows.storage.dll
0x00007ff9b7ab0000 - 0x00007ff9b7e27000 	C:\WINDOWS\System32\combase.dll
0x00007ff9b3960000 - 0x00007ff9b3ac6000 	C:\WINDOWS\SYSTEM32\wintypes.dll
0x00007ff9b6890000 - 0x00007ff9b697a000 	C:\WINDOWS\System32\SHCORE.dll
0x00007ff9b78d0000 - 0x00007ff9b792d000 	C:\WINDOWS\System32\shlwapi.dll
0x00007ff9b5900000 - 0x00007ff9b5921000 	C:\WINDOWS\SYSTEM32\profapi.dll
0x00007ff986c20000 - 0x00007ff986c39000 	C:\Program Files\Java\jdk-17.0.5\bin\net.dll
0x00007ff9aed80000 - 0x00007ff9aee8c000 	C:\WINDOWS\SYSTEM32\WINHTTP.dll
0x00007ff9b4fe0000 - 0x00007ff9b5047000 	C:\WINDOWS\system32\mswsock.dll
0x00007ff986830000 - 0x00007ff986846000 	C:\Program Files\Java\jdk-17.0.5\bin\nio.dll
0x00007ff986810000 - 0x00007ff986828000 	C:\Program Files\Java\jdk-17.0.5\bin\zip.dll
0x00007ff947e20000 - 0x00007ff947faf000 	C:\Program Files\Java\jdk-17.0.5\bin\awt.dll
0x00007ff9b77f0000 - 0x00007ff9b78c6000 	C:\WINDOWS\System32\OLEAUT32.dll
0x00007ff9b01e0000 - 0x00007ff9b0272000 	C:\WINDOWS\SYSTEM32\apphelp.dll
0x00007ff9b2d60000 - 0x00007ff9b2d8f000 	C:\WINDOWS\system32\DWMAPI.DLL
0x00007ff9b02d0000 - 0x00007ff9b037c000 	C:\WINDOWS\system32\uxtheme.dll
0x00007ff9833e0000 - 0x00007ff9834e1000 	C:\WINDOWS\system32\opengl32.dll
0x00007ff99c200000 - 0x00007ff99c22d000 	C:\WINDOWS\SYSTEM32\GLU32.dll
0x00007ff9b2cf0000 - 0x00007ff9b2d28000 	C:\WINDOWS\SYSTEM32\dxcore.dll
0x00007ff9b83a0000 - 0x00007ff9b84bd000 	C:\WINDOWS\System32\MSCTF.dll
0x00007ff9b7eb0000 - 0x00007ff9b804a000 	C:\WINDOWS\System32\ole32.dll
0x00007ff9a5280000 - 0x00007ff9a52ad000 	C:\Program Files\Java\jdk-17.0.5\bin\javajpeg.dll
0x00007ff947d90000 - 0x00007ff947e16000 	C:\Program Files\Java\jdk-17.0.5\bin\freetype.dll
0x00007ff941bf0000 - 0x00007ff941cb5000 	C:\Program Files\Java\jdk-17.0.5\bin\fontmanager.dll
0x00007ff996850000 - 0x00007ff99697d000 	C:\WINDOWS\SYSTEM32\textinputframework.dll
0x00007ff9afee0000 - 0x00007ff9b0011000 	C:\WINDOWS\SYSTEM32\CoreMessaging.dll
0x00007ff995520000 - 0x00007ff99588d000 	C:\WINDOWS\SYSTEM32\CoreUIComponents.dll
0x00007ff9b5240000 - 0x00007ff9b524c000 	C:\WINDOWS\SYSTEM32\CRYPTBASE.DLL
0x00007ff9a4ed0000 - 0x00007ff9a4f7e000 	C:\WINDOWS\SYSTEM32\TextShaping.dll

dbghelp: loaded successfully - version: 4.0.5 - missing functions: none
symbol engine: initialized successfully - sym options: 0x614 - pdb path: .;C:\Program Files\Java\jdk-17.0.5\bin;C:\WINDOWS\SYSTEM32;C:\WINDOWS\WinSxS\amd64_microsoft.windows.common-controls_6595b64144ccf1df_6.0.22000.120_none_9d947278b86cc467;C:\Program Files\Java\jdk-17.0.5\bin\server

VM Arguments:
jvm_args: -Dfile.encoding=UTF-8 --module-path=C:\Users\Darshan\OneDrive\Documents\NetBeansProjects\Travel Management System\build\classes 
java_command: travel.management.system.Dashboard
java_class_path (initial): C:\Users\Darshan\Downloads\mysql-connector-java-8.0.28.jar;C:\Users\Darshan\OneDrive\Documents\NetBeansProjects\Travel Management System\build\classes
Launcher Type: SUN_STANDARD

[Global flags]
     intx CICompilerCount                          = 4                                         {product} {ergonomic}
     uint ConcGCThreads                            = 2                                         {product} {ergonomic}
     uint G1ConcRefinementThreads                  = 8                                         {product} {ergonomic}
   size_t G1HeapRegionSize                         = 1048576                                   {product} {ergonomic}
    uintx GCDrainStackTargetSize                   = 64                                        {product} {ergonomic}
   size_t InitialHeapSize                          = 132120576                                 {product} {ergonomic}
   size_t MarkStackSize                            = 4194304                                   {product} {ergonomic}
   size_t MaxHeapSize                              = 2084569088                                {product} {ergonomic}
   size_t MaxNewSize                               = 1249902592                                {product} {ergonomic}
   size_t MinHeapDeltaBytes                        = 1048576                                   {product} {ergonomic}
   size_t MinHeapSize                              = 8388608                                   {product} {ergonomic}
    uintx NonNMethodCodeHeapSize                   = 5839372                                {pd product} {ergonomic}
    uintx NonProfiledCodeHeapSize                  = 122909434                              {pd product} {ergonomic}
    uintx ProfiledCodeHeapSize                     = 122909434                              {pd product} {ergonomic}
    uintx ReservedCodeCacheSize                    = 251658240                              {pd product} {ergonomic}
     bool SegmentedCodeCache                       = true                                      {product} {ergonomic}
   size_t SoftMaxHeapSize                          = 2084569088                             {manageable} {ergonomic}
     bool UseCompressedClassPointers               = true                           {product lp64_product} {ergonomic}
     bool UseCompressedOops                        = true                           {product lp64_product} {ergonomic}
     bool UseG1GC                                  = true                                      {product} {ergonomic}
     bool UseLargePagesIndividualAllocation        = false                                  {pd product} {ergonomic}

Logging:
Log output configuration:
 #0: stdout all=warning uptime,level,tags
 #1: stderr all=off uptime,level,tags

Environment Variables:
PATH=C:\Program Files\Common Files\Oracle\Java\javapath;C:\Program Files\Eclipse Adoptium\jdk-17.0.4.101-hotspot\bin;C:\windows\system32;C:\windows;C:\windows\System32\Wbem;C:\windows\System32\WindowsPowerShell\v1.0\;C:\windows\System32\OpenSSH\;C:\Program Files (x86)\NVIDIA Corporation\PhysX\Common;C:\WINDOWS\system32;C:\WINDOWS;C:\WINDOWS\System32\Wbem;C:\WINDOWS\System32\WindowsPowerShell\v1.0\;C:\WINDOWS\System32\OpenSSH\;C:\Program Files\Git\cmd;C:\ProgramData\chocolatey\bin;C:\Program Files\nodejs\;C:\Program Files\NVIDIA Corporation\NVIDIA NvDLISR;C:\Program Files\Java\jdk-17.0.5;C:\Program Files\MySQL\MySQL Shell 8.0\bin\;C:\Users\Darshan\anaconda3;C:\Users\Darshan\anaconda3\Library\mingw-w64\bin;C:\Users\Darshan\anaconda3\Library\usr\bin;C:\Users\Darshan\anaconda3\Library\bin;C:\Users\Darshan\anaconda3\Scripts;C:\Users\Darshan\AppData\Local\Microsoft\WindowsApps;C:\Users\Darshan\AppData\Local\atom\bin;C:\Users\Darshan\AppData\Local\Programs\Microsoft VS Code\bin;C:\Users\Darshan\AppData\Local\Programs\Hyper\resources\bin;C:\Users\Darshan\AppData\Roaming\npm
USERNAME=Darshan
OS=Windows_NT
PROCESSOR_IDENTIFIER=Intel64 Family 6 Model 140 Stepping 1, GenuineIntel



---------------  S Y S T E M  ---------------

OS:
 Windows 11 , 64 bit Build 22000 (10.0.22000.708)
OS uptime: 42 days 17:43 hours

CPU: total 8 (initial active 8) (4 cores per cpu, 2 threads per core) family 6 model 140 stepping 1 microcode 0x86, cx8, cmov, fxsr, ht, mmx, 3dnowpref, sse, sse2, sse3, ssse3, sse4.1, sse4.2, popcnt, lzcnt, tsc, tscinvbit, avx, avx2, aes, erms, clmul, bmi1, bmi2, adx, avx512f, avx512dq, avx512cd, avx512bw, avx512vl, sha, fma, vzeroupper, avx512_vpopcntdq, avx512_vpclmulqdq, avx512_vaes, avx512_vnni, clflush, clflushopt, clwb, avx512_vbmi2, avx512_vbmi

Memory: 4k page, system-wide physical 7948M (293M free)
TotalPageFile size 32524M (AvailPageFile size 954M)
current process WorkingSet (physical memory assigned to process): 25M, peak: 111M
current process commit charge ("private bytes"): 226M, peak: 227M

vm_info: Java HotSpot(TM) 64-Bit Server VM (17.0.5+9-LTS-191) for windows-amd64 JRE (17.0.5+9-LTS-191), built on Sep 13 2022 17:31:43 by "mach5one" with MS VC++ 16.8 / 16.9 (VS2019)

END.
