#
# There is insufficient memory for the Java Runtime Environment to continue.
# Native memory allocation (malloc) failed to allocate 51536 bytes for Chunk::new
# Possible reasons:
#   The system is out of physical RAM or swap space
#   The process is running with CompressedOops enabled, and the Java Heap may be blocking the growth of the native heap
# Possible solutions:
#   Reduce memory load on the system
#   Increase physical memory or swap space
#   Check if swap backing store is full
#   Decrease Java heap size (-Xmx/-Xms)
#   Decrease number of Java threads
#   Decrease Java thread stack sizes (-Xss)
#   Set larger code cache with -XX:ReservedCodeCacheSize=
#   JVM is running with Unscaled Compressed Oops mode in which the Java heap is
#     placed in the first 4GB address space. The Java Heap base address is the
#     maximum limit for the native heap growth. Please use -XX:HeapBaseMinAddress
#     to set the Java Heap base and to place the Java Heap above 4GB virtual address.
# This output file may be truncated or incomplete.
#
#  Out of Memory Error (arena.cpp:189), pid=440, tid=15892
#
# JRE version: Java(TM) SE Runtime Environment (17.0.5+9) (build 17.0.5+9-LTS-191)
# Java VM: Java HotSpot(TM) 64-Bit Server VM (17.0.5+9-LTS-191, mixed mode, tiered, compressed oops, compressed class ptrs, g1 gc, windows-amd64)
# No core dump will be written. Minidumps are not enabled by default on client versions of Windows
#

---------------  S U M M A R Y ------------

Command Line: -Dfile.encoding=UTF-8 --module-path=C:\Users\Darshan\OneDrive\Documents\NetBeansProjects\Travel Management System\build\classes travel.management.system.Dashboard

Host: 11th Gen Intel(R) Core(TM) i5-1135G7 @ 2.40GHz, 8 cores, 7G,  Windows 11 , 64 bit Build 22000 (10.0.22000.708)
Time: Tue Dec  6 22:30:50 2022 India Standard Time elapsed time: 0.077972 seconds (0d 0h 0m 0s)

---------------  T H R E A D  ---------------

Current thread (0x00000273d186d6f0):  JavaThread "main" [_thread_in_vm, id=15892, stack(0x000000e8f5a00000,0x000000e8f5b00000)]

Stack: [0x000000e8f5a00000,0x000000e8f5b00000]
Native frames: (J=compiled Java code, j=interpreted, Vv=VM code, C=native code)
V  [jvm.dll+0x672eea]
V  [jvm.dll+0x7d2a04]
V  [jvm.dll+0x7d41ae]
V  [jvm.dll+0x7d4813]
V  [jvm.dll+0x242c15]
V  [jvm.dll+0xaa57b]
V  [jvm.dll+0xaab0c]
V  [jvm.dll+0x1efcaa]
V  [jvm.dll+0x1eea22]
V  [jvm.dll+0x74c92b]
V  [jvm.dll+0x74dcd2]
V  [jvm.dll+0x74e008]
V  [jvm.dll+0x23b08e]
V  [jvm.dll+0x23b2df]
V  [jvm.dll+0x557278]
V  [jvm.dll+0x55a127]
V  [jvm.dll+0x37f727]
V  [jvm.dll+0x37ed7f]
C  0x00000273d910a582

Java frames: (J=compiled Java code, j=interpreted, Vv=VM code)
j  jdk.internal.module.DefaultRoots.compute(Ljava/lang/module/ModuleFinder;Ljava/lang/module/ModuleFinder;)Ljava/util/Set;+52 java.base@17.0.5
j  jdk.internal.module.ModuleBootstrap.boot2()Ljava/lang/ModuleLayer;+727 java.base@17.0.5
j  jdk.internal.module.ModuleBootstrap.boot()Ljava/lang/ModuleLayer;+64 java.base@17.0.5
j  java.lang.System.initPhase2(ZZ)I+0 java.base@17.0.5
v  ~StubRoutines::call_stub

---------------  P R O C E S S  ---------------

Threads class SMR info:
_java_thread_list=0x00000273809df480, length=11, elements={
0x00000273d186d6f0, 0x00000273ef8a6250, 0x00000273ef8a6e00, 0x00000273ef8789f0,
0x00000273ef8792b0, 0x00000273ef879c60, 0x00000273809228d0, 0x00000273809231c0,
0x0000027380925c70, 0x0000027380928670, 0x00000273ef810d70
}

Java Threads: ( => current thread )
=>0x00000273d186d6f0 JavaThread "main" [_thread_in_vm, id=15892, stack(0x000000e8f5a00000,0x000000e8f5b00000)]
  0x00000273ef8a6250 JavaThread "Reference Handler" daemon [_thread_blocked, id=24324, stack(0x000000e8f6100000,0x000000e8f6200000)]
  0x00000273ef8a6e00 JavaThread "Finalizer" daemon [_thread_blocked, id=9312, stack(0x000000e8f6200000,0x000000e8f6300000)]
  0x00000273ef8789f0 JavaThread "Signal Dispatcher" daemon [_thread_blocked, id=13016, stack(0x000000e8f6300000,0x000000e8f6400000)]
  0x00000273ef8792b0 JavaThread "Attach Listener" daemon [_thread_blocked, id=13112, stack(0x000000e8f6400000,0x000000e8f6500000)]
  0x00000273ef879c60 JavaThread "Service Thread" daemon [_thread_blocked, id=25384, stack(0x000000e8f6500000,0x000000e8f6600000)]
  0x00000273809228d0 JavaThread "Monitor Deflation Thread" daemon [_thread_blocked, id=32944, stack(0x000000e8f6600000,0x000000e8f6700000)]
  0x00000273809231c0 JavaThread "C2 CompilerThread0" daemon [_thread_blocked, id=14188, stack(0x000000e8f6700000,0x000000e8f6800000)]
  0x0000027380925c70 JavaThread "C1 CompilerThread0" daemon [_thread_blocked, id=5544, stack(0x000000e8f6800000,0x000000e8f6900000)]
  0x0000027380928670 JavaThread "Sweeper thread" daemon [_thread_blocked, id=23392, stack(0x000000e8f6900000,0x000000e8f6a00000)]
  0x00000273ef810d70 JavaThread "Common-Cleaner" daemon [_thread_blocked, id=14420, stack(0x000000e8f6a00000,0x000000e8f6b00000)]

Other Threads:
  0x00000273ef88fd00 VMThread "VM Thread" [stack: 0x000000e8f6000000,0x000000e8f6100000] [id=32248]
  0x00000273d18c8550 GCTaskThread "GC Thread#0" [stack: 0x000000e8f5b00000,0x000000e8f5c00000] [id=35204]
  0x00000273d18d8d10 ConcurrentGCThread "G1 Main Marker" [stack: 0x000000e8f5c00000,0x000000e8f5d00000] [id=24240]
  0x00000273d18d9720 ConcurrentGCThread "G1 Conc#0" [stack: 0x000000e8f5d00000,0x000000e8f5e00000] [id=28684]
  0x00000273ef6e00a0 ConcurrentGCThread "G1 Refine#0" [stack: 0x000000e8f5e00000,0x000000e8f5f00000] [id=9272]
  0x00000273ef6e0960 ConcurrentGCThread "G1 Service" [stack: 0x000000e8f5f00000,0x000000e8f6000000] [id=36252]

Threads with active compile tasks:

VM state: not at safepoint (normal execution)

VM Mutex/Monitor currently owned by a thread: None

Heap address: 0x0000000083c00000, size: 1988 MB, Compressed Oops mode: 32-bit

CDS archive(s) not mapped
Compressed class space mapped at: 0x0000000100000000-0x0000000140000000, reserved size: 1073741824
Narrow klass base: 0x0000000000000000, Narrow klass shift: 3, Narrow klass range: 0x140000000

GC Precious Log:
 CPUs: 8 total, 8 available
 Memory: 7948M
 Large Page Support: Disabled
 NUMA Support: Disabled
 Compressed Oops: Enabled (32-bit)
 Heap Region Size: 1M
 Heap Min Capacity: 8M
 Heap Initial Capacity: 126M
 Heap Max Capacity: 1988M
 Pre-touch: Disabled
 Parallel Workers: 8
 Concurrent Workers: 2
 Concurrent Refinement Workers: 8
 Periodic GC: Disabled

Heap:
 garbage-first heap   total 129024K, used 1024K [0x0000000083c00000, 0x0000000100000000)
  region size 1024K, 2 young (2048K), 0 survivors (0K)
 Metaspace       used 4877K, committed 5056K, reserved 1056768K
  class space    used 381K, committed 448K, reserved 1048576K

Heap Regions: E=young(eden), S=young(survivor), O=old, HS=humongous(starts), HC=humongous(continues), CS=collection set, F=free, OA=open archive, CA=closed archive, TAMS=top-at-mark-start (previous, next)
|   0|0x0000000083c00000, 0x0000000083c00000, 0x0000000083d00000|  0%| F|  |TAMS 0x0000000083c00000, 0x0000000083c00000| Untracked 
|   1|0x0000000083d00000, 0x0000000083d00000, 0x0000000083e00000|  0%| F|  |TAMS 0x0000000083d00000, 0x0000000083d00000| Untracked 
|   2|0x0000000083e00000, 0x0000000083e00000, 0x0000000083f00000|  0%| F|  |TAMS 0x0000000083e00000, 0x0000000083e00000| Untracked 
|   3|0x0000000083f00000, 0x0000000083f00000, 0x0000000084000000|  0%| F|  |TAMS 0x0000000083f00000, 0x0000000083f00000| Untracked 
|   4|0x0000000084000000, 0x0000000084000000, 0x0000000084100000|  0%| F|  |TAMS 0x0000000084000000, 0x0000000084000000| Untracked 
|   5|0x0000000084100000, 0x0000000084100000, 0x0000000084200000|  0%| F|  |TAMS 0x0000000084100000, 0x0000000084100000| Untracked 
|   6|0x0000000084200000, 0x0000000084200000, 0x0000000084300000|  0%| F|  |TAMS 0x0000000084200000, 0x0000000084200000| Untracked 
|   7|0x0000000084300000, 0x0000000084300000, 0x0000000084400000|  0%| F|  |TAMS 0x0000000084300000, 0x0000000084300000| Untracked 
|   8|0x0000000084400000, 0x0000000084400000, 0x0000000084500000|  0%| F|  |TAMS 0x0000000084400000, 0x0000000084400000| Untracked 
|   9|0x0000000084500000, 0x0000000084500000, 0x0000000084600000|  0%| F|  |TAMS 0x0000000084500000, 0x0000000084500000| Untracked 
|  10|0x0000000084600000, 0x0000000084600000, 0x0000000084700000|  0%| F|  |TAMS 0x0000000084600000, 0x0000000084600000| Untracked 
|  11|0x0000000084700000, 0x0000000084700000, 0x0000000084800000|  0%| F|  |TAMS 0x0000000084700000, 0x0000000084700000| Untracked 
|  12|0x0000000084800000, 0x0000000084800000, 0x0000000084900000|  0%| F|  |TAMS 0x0000000084800000, 0x0000000084800000| Untracked 
|  13|0x0000000084900000, 0x0000000084900000, 0x0000000084a00000|  0%| F|  |TAMS 0x0000000084900000, 0x0000000084900000| Untracked 
|  14|0x0000000084a00000, 0x0000000084a00000, 0x0000000084b00000|  0%| F|  |TAMS 0x0000000084a00000, 0x0000000084a00000| Untracked 
|  15|0x0000000084b00000, 0x0000000084b00000, 0x0000000084c00000|  0%| F|  |TAMS 0x0000000084b00000, 0x0000000084b00000| Untracked 
|  16|0x0000000084c00000, 0x0000000084c00000, 0x0000000084d00000|  0%| F|  |TAMS 0x0000000084c00000, 0x0000000084c00000| Untracked 
|  17|0x0000000084d00000, 0x0000000084d00000, 0x0000000084e00000|  0%| F|  |TAMS 0x0000000084d00000, 0x0000000084d00000| Untracked 
|  18|0x0000000084e00000, 0x0000000084e00000, 0x0000000084f00000|  0%| F|  |TAMS 0x0000000084e00000, 0x0000000084e00000| Untracked 
|  19|0x0000000084f00000, 0x0000000084f00000, 0x0000000085000000|  0%| F|  |TAMS 0x0000000084f00000, 0x0000000084f00000| Untracked 
|  20|0x0000000085000000, 0x0000000085000000, 0x0000000085100000|  0%| F|  |TAMS 0x0000000085000000, 0x0000000085000000| Untracked 
|  21|0x0000000085100000, 0x0000000085100000, 0x0000000085200000|  0%| F|  |TAMS 0x0000000085100000, 0x0000000085100000| Untracked 
|  22|0x0000000085200000, 0x0000000085200000, 0x0000000085300000|  0%| F|  |TAMS 0x0000000085200000, 0x0000000085200000| Untracked 
|  23|0x0000000085300000, 0x0000000085300000, 0x0000000085400000|  0%| F|  |TAMS 0x0000000085300000, 0x0000000085300000| Untracked 
|  24|0x0000000085400000, 0x0000000085400000, 0x0000000085500000|  0%| F|  |TAMS 0x0000000085400000, 0x0000000085400000| Untracked 
|  25|0x0000000085500000, 0x0000000085500000, 0x0000000085600000|  0%| F|  |TAMS 0x0000000085500000, 0x0000000085500000| Untracked 
|  26|0x0000000085600000, 0x0000000085600000, 0x0000000085700000|  0%| F|  |TAMS 0x0000000085600000, 0x0000000085600000| Untracked 
|  27|0x0000000085700000, 0x0000000085700000, 0x0000000085800000|  0%| F|  |TAMS 0x0000000085700000, 0x0000000085700000| Untracked 
|  28|0x0000000085800000, 0x0000000085800000, 0x0000000085900000|  0%| F|  |TAMS 0x0000000085800000, 0x0000000085800000| Untracked 
|  29|0x0000000085900000, 0x0000000085900000, 0x0000000085a00000|  0%| F|  |TAMS 0x0000000085900000, 0x0000000085900000| Untracked 
|  30|0x0000000085a00000, 0x0000000085a00000, 0x0000000085b00000|  0%| F|  |TAMS 0x0000000085a00000, 0x0000000085a00000| Untracked 
|  31|0x0000000085b00000, 0x0000000085b00000, 0x0000000085c00000|  0%| F|  |TAMS 0x0000000085b00000, 0x0000000085b00000| Untracked 
|  32|0x0000000085c00000, 0x0000000085c00000, 0x0000000085d00000|  0%| F|  |TAMS 0x0000000085c00000, 0x0000000085c00000| Untracked 
|  33|0x0000000085d00000, 0x0000000085d00000, 0x0000000085e00000|  0%| F|  |TAMS 0x0000000085d00000, 0x0000000085d00000| Untracked 
|  34|0x0000000085e00000, 0x0000000085e00000, 0x0000000085f00000|  0%| F|  |TAMS 0x0000000085e00000, 0x0000000085e00000| Untracked 
|  35|0x0000000085f00000, 0x0000000085f00000, 0x0000000086000000|  0%| F|  |TAMS 0x0000000085f00000, 0x0000000085f00000| Untracked 
|  36|0x0000000086000000, 0x0000000086000000, 0x0000000086100000|  0%| F|  |TAMS 0x0000000086000000, 0x0000000086000000| Untracked 
|  37|0x0000000086100000, 0x0000000086100000, 0x0000000086200000|  0%| F|  |TAMS 0x0000000086100000, 0x0000000086100000| Untracked 
|  38|0x0000000086200000, 0x0000000086200000, 0x0000000086300000|  0%| F|  |TAMS 0x0000000086200000, 0x0000000086200000| Untracked 
|  39|0x0000000086300000, 0x0000000086300000, 0x0000000086400000|  0%| F|  |TAMS 0x0000000086300000, 0x0000000086300000| Untracked 
|  40|0x0000000086400000, 0x0000000086400000, 0x0000000086500000|  0%| F|  |TAMS 0x0000000086400000, 0x0000000086400000| Untracked 
|  41|0x0000000086500000, 0x0000000086500000, 0x0000000086600000|  0%| F|  |TAMS 0x0000000086500000, 0x0000000086500000| Untracked 
|  42|0x0000000086600000, 0x0000000086600000, 0x0000000086700000|  0%| F|  |TAMS 0x0000000086600000, 0x0000000086600000| Untracked 
|  43|0x0000000086700000, 0x0000000086700000, 0x0000000086800000|  0%| F|  |TAMS 0x0000000086700000, 0x0000000086700000| Untracked 
|  44|0x0000000086800000, 0x0000000086800000, 0x0000000086900000|  0%| F|  |TAMS 0x0000000086800000, 0x0000000086800000| Untracked 
|  45|0x0000000086900000, 0x0000000086900000, 0x0000000086a00000|  0%| F|  |TAMS 0x0000000086900000, 0x0000000086900000| Untracked 
|  46|0x0000000086a00000, 0x0000000086a00000, 0x0000000086b00000|  0%| F|  |TAMS 0x0000000086a00000, 0x0000000086a00000| Untracked 
|  47|0x0000000086b00000, 0x0000000086b00000, 0x0000000086c00000|  0%| F|  |TAMS 0x0000000086b00000, 0x0000000086b00000| Untracked 
|  48|0x0000000086c00000, 0x0000000086c00000, 0x0000000086d00000|  0%| F|  |TAMS 0x0000000086c00000, 0x0000000086c00000| Untracked 
|  49|0x0000000086d00000, 0x0000000086d00000, 0x0000000086e00000|  0%| F|  |TAMS 0x0000000086d00000, 0x0000000086d00000| Untracked 
|  50|0x0000000086e00000, 0x0000000086e00000, 0x0000000086f00000|  0%| F|  |TAMS 0x0000000086e00000, 0x0000000086e00000| Untracked 
|  51|0x0000000086f00000, 0x0000000086f00000, 0x0000000087000000|  0%| F|  |TAMS 0x0000000086f00000, 0x0000000086f00000| Untracked 
|  52|0x0000000087000000, 0x0000000087000000, 0x0000000087100000|  0%| F|  |TAMS 0x0000000087000000, 0x0000000087000000| Untracked 
|  53|0x0000000087100000, 0x0000000087100000, 0x0000000087200000|  0%| F|  |TAMS 0x0000000087100000, 0x0000000087100000| Untracked 
|  54|0x0000000087200000, 0x0000000087200000, 0x0000000087300000|  0%| F|  |TAMS 0x0000000087200000, 0x0000000087200000| Untracked 
|  55|0x0000000087300000, 0x0000000087300000, 0x0000000087400000|  0%| F|  |TAMS 0x0000000087300000, 0x0000000087300000| Untracked 
|  56|0x0000000087400000, 0x0000000087400000, 0x0000000087500000|  0%| F|  |TAMS 0x0000000087400000, 0x0000000087400000| Untracked 
|  57|0x0000000087500000, 0x0000000087500000, 0x0000000087600000|  0%| F|  |TAMS 0x0000000087500000, 0x0000000087500000| Untracked 
|  58|0x0000000087600000, 0x0000000087600000, 0x0000000087700000|  0%| F|  |TAMS 0x0000000087600000, 0x0000000087600000| Untracked 
|  59|0x0000000087700000, 0x0000000087700000, 0x0000000087800000|  0%| F|  |TAMS 0x0000000087700000, 0x0000000087700000| Untracked 
|  60|0x0000000087800000, 0x0000000087800000, 0x0000000087900000|  0%| F|  |TAMS 0x0000000087800000, 0x0000000087800000| Untracked 
|  61|0x0000000087900000, 0x0000000087900000, 0x0000000087a00000|  0%| F|  |TAMS 0x0000000087900000, 0x0000000087900000| Untracked 
|  62|0x0000000087a00000, 0x0000000087a00000, 0x0000000087b00000|  0%| F|  |TAMS 0x0000000087a00000, 0x0000000087a00000| Untracked 
|  63|0x0000000087b00000, 0x0000000087b00000, 0x0000000087c00000|  0%| F|  |TAMS 0x0000000087b00000, 0x0000000087b00000| Untracked 
|  64|0x0000000087c00000, 0x0000000087c00000, 0x0000000087d00000|  0%| F|  |TAMS 0x0000000087c00000, 0x0000000087c00000| Untracked 
|  65|0x0000000087d00000, 0x0000000087d00000, 0x0000000087e00000|  0%| F|  |TAMS 0x0000000087d00000, 0x0000000087d00000| Untracked 
|  66|0x0000000087e00000, 0x0000000087e00000, 0x0000000087f00000|  0%| F|  |TAMS 0x0000000087e00000, 0x0000000087e00000| Untracked 
|  67|0x0000000087f00000, 0x0000000087f00000, 0x0000000088000000|  0%| F|  |TAMS 0x0000000087f00000, 0x0000000087f00000| Untracked 
|  68|0x0000000088000000, 0x0000000088000000, 0x0000000088100000|  0%| F|  |TAMS 0x0000000088000000, 0x0000000088000000| Untracked 
|  69|0x0000000088100000, 0x0000000088100000, 0x0000000088200000|  0%| F|  |TAMS 0x0000000088100000, 0x0000000088100000| Untracked 
|  70|0x0000000088200000, 0x0000000088200000, 0x0000000088300000|  0%| F|  |TAMS 0x0000000088200000, 0x0000000088200000| Untracked 
|  71|0x0000000088300000, 0x0000000088300000, 0x0000000088400000|  0%| F|  |TAMS 0x0000000088300000, 0x0000000088300000| Untracked 
|  72|0x0000000088400000, 0x0000000088400000, 0x0000000088500000|  0%| F|  |TAMS 0x0000000088400000, 0x0000000088400000| Untracked 
|  73|0x0000000088500000, 0x0000000088500000, 0x0000000088600000|  0%| F|  |TAMS 0x0000000088500000, 0x0000000088500000| Untracked 
|  74|0x0000000088600000, 0x0000000088600000, 0x0000000088700000|  0%| F|  |TAMS 0x0000000088600000, 0x0000000088600000| Untracked 
|  75|0x0000000088700000, 0x0000000088700000, 0x0000000088800000|  0%| F|  |TAMS 0x0000000088700000, 0x0000000088700000| Untracked 
|  76|0x0000000088800000, 0x0000000088800000, 0x0000000088900000|  0%| F|  |TAMS 0x0000000088800000, 0x0000000088800000| Untracked 
|  77|0x0000000088900000, 0x0000000088900000, 0x0000000088a00000|  0%| F|  |TAMS 0x0000000088900000, 0x0000000088900000| Untracked 
|  78|0x0000000088a00000, 0x0000000088a00000, 0x0000000088b00000|  0%| F|  |TAMS 0x0000000088a00000, 0x0000000088a00000| Untracked 
|  79|0x0000000088b00000, 0x0000000088b00000, 0x0000000088c00000|  0%| F|  |TAMS 0x0000000088b00000, 0x0000000088b00000| Untracked 
|  80|0x0000000088c00000, 0x0000000088c00000, 0x0000000088d00000|  0%| F|  |TAMS 0x0000000088c00000, 0x0000000088c00000| Untracked 
|  81|0x0000000088d00000, 0x0000000088d00000, 0x0000000088e00000|  0%| F|  |TAMS 0x0000000088d00000, 0x0000000088d00000| Untracked 
|  82|0x0000000088e00000, 0x0000000088e00000, 0x0000000088f00000|  0%| F|  |TAMS 0x0000000088e00000, 0x0000000088e00000| Untracked 
|  83|0x0000000088f00000, 0x0000000088f00000, 0x0000000089000000|  0%| F|  |TAMS 0x0000000088f00000, 0x0000000088f00000| Untracked 
|  84|0x0000000089000000, 0x0000000089000000, 0x0000000089100000|  0%| F|  |TAMS 0x0000000089000000, 0x0000000089000000| Untracked 
|  85|0x0000000089100000, 0x0000000089100000, 0x0000000089200000|  0%| F|  |TAMS 0x0000000089100000, 0x0000000089100000| Untracked 
|  86|0x0000000089200000, 0x0000000089200000, 0x0000000089300000|  0%| F|  |TAMS 0x0000000089200000, 0x0000000089200000| Untracked 
|  87|0x0000000089300000, 0x0000000089300000, 0x0000000089400000|  0%| F|  |TAMS 0x0000000089300000, 0x0000000089300000| Untracked 
|  88|0x0000000089400000, 0x0000000089400000, 0x0000000089500000|  0%| F|  |TAMS 0x0000000089400000, 0x0000000089400000| Untracked 
|  89|0x0000000089500000, 0x0000000089500000, 0x0000000089600000|  0%| F|  |TAMS 0x0000000089500000, 0x0000000089500000| Untracked 
|  90|0x0000000089600000, 0x0000000089600000, 0x0000000089700000|  0%| F|  |TAMS 0x0000000089600000, 0x0000000089600000| Untracked 
|  91|0x0000000089700000, 0x0000000089700000, 0x0000000089800000|  0%| F|  |TAMS 0x0000000089700000, 0x0000000089700000| Untracked 
|  92|0x0000000089800000, 0x0000000089800000, 0x0000000089900000|  0%| F|  |TAMS 0x0000000089800000, 0x0000000089800000| Untracked 
|  93|0x0000000089900000, 0x0000000089900000, 0x0000000089a00000|  0%| F|  |TAMS 0x0000000089900000, 0x0000000089900000| Untracked 
|  94|0x0000000089a00000, 0x0000000089a00000, 0x0000000089b00000|  0%| F|  |TAMS 0x0000000089a00000, 0x0000000089a00000| Untracked 
|  95|0x0000000089b00000, 0x0000000089b00000, 0x0000000089c00000|  0%| F|  |TAMS 0x0000000089b00000, 0x0000000089b00000| Untracked 
|  96|0x0000000089c00000, 0x0000000089c00000, 0x0000000089d00000|  0%| F|  |TAMS 0x0000000089c00000, 0x0000000089c00000| Untracked 
|  97|0x0000000089d00000, 0x0000000089d00000, 0x0000000089e00000|  0%| F|  |TAMS 0x0000000089d00000, 0x0000000089d00000| Untracked 
|  98|0x0000000089e00000, 0x0000000089e00000, 0x0000000089f00000|  0%| F|  |TAMS 0x0000000089e00000, 0x0000000089e00000| Untracked 
|  99|0x0000000089f00000, 0x0000000089f00000, 0x000000008a000000|  0%| F|  |TAMS 0x0000000089f00000, 0x0000000089f00000| Untracked 
| 100|0x000000008a000000, 0x000000008a000000, 0x000000008a100000|  0%| F|  |TAMS 0x000000008a000000, 0x000000008a000000| Untracked 
| 101|0x000000008a100000, 0x000000008a100000, 0x000000008a200000|  0%| F|  |TAMS 0x000000008a100000, 0x000000008a100000| Untracked 
| 102|0x000000008a200000, 0x000000008a200000, 0x000000008a300000|  0%| F|  |TAMS 0x000000008a200000, 0x000000008a200000| Untracked 
| 103|0x000000008a300000, 0x000000008a300000, 0x000000008a400000|  0%| F|  |TAMS 0x000000008a300000, 0x000000008a300000| Untracked 
| 104|0x000000008a400000, 0x000000008a400000, 0x000000008a500000|  0%| F|  |TAMS 0x000000008a400000, 0x000000008a400000| Untracked 
| 105|0x000000008a500000, 0x000000008a500000, 0x000000008a600000|  0%| F|  |TAMS 0x000000008a500000, 0x000000008a500000| Untracked 
| 106|0x000000008a600000, 0x000000008a600000, 0x000000008a700000|  0%| F|  |TAMS 0x000000008a600000, 0x000000008a600000| Untracked 
| 107|0x000000008a700000, 0x000000008a700000, 0x000000008a800000|  0%| F|  |TAMS 0x000000008a700000, 0x000000008a700000| Untracked 
| 108|0x000000008a800000, 0x000000008a800000, 0x000000008a900000|  0%| F|  |TAMS 0x000000008a800000, 0x000000008a800000| Untracked 
| 109|0x000000008a900000, 0x000000008a900000, 0x000000008aa00000|  0%| F|  |TAMS 0x000000008a900000, 0x000000008a900000| Untracked 
| 110|0x000000008aa00000, 0x000000008aa00000, 0x000000008ab00000|  0%| F|  |TAMS 0x000000008aa00000, 0x000000008aa00000| Untracked 
| 111|0x000000008ab00000, 0x000000008ab00000, 0x000000008ac00000|  0%| F|  |TAMS 0x000000008ab00000, 0x000000008ab00000| Untracked 
| 112|0x000000008ac00000, 0x000000008ac00000, 0x000000008ad00000|  0%| F|  |TAMS 0x000000008ac00000, 0x000000008ac00000| Untracked 
| 113|0x000000008ad00000, 0x000000008ad00000, 0x000000008ae00000|  0%| F|  |TAMS 0x000000008ad00000, 0x000000008ad00000| Untracked 
| 114|0x000000008ae00000, 0x000000008ae00000, 0x000000008af00000|  0%| F|  |TAMS 0x000000008ae00000, 0x000000008ae00000| Untracked 
| 115|0x000000008af00000, 0x000000008af00000, 0x000000008b000000|  0%| F|  |TAMS 0x000000008af00000, 0x000000008af00000| Untracked 
| 116|0x000000008b000000, 0x000000008b000000, 0x000000008b100000|  0%| F|  |TAMS 0x000000008b000000, 0x000000008b000000| Untracked 
| 117|0x000000008b100000, 0x000000008b100000, 0x000000008b200000|  0%| F|  |TAMS 0x000000008b100000, 0x000000008b100000| Untracked 
| 118|0x000000008b200000, 0x000000008b200000, 0x000000008b300000|  0%| F|  |TAMS 0x000000008b200000, 0x000000008b200000| Untracked 
| 119|0x000000008b300000, 0x000000008b300000, 0x000000008b400000|  0%| F|  |TAMS 0x000000008b300000, 0x000000008b300000| Untracked 
| 120|0x000000008b400000, 0x000000008b400000, 0x000000008b500000|  0%| F|  |TAMS 0x000000008b400000, 0x000000008b400000| Untracked 
| 121|0x000000008b500000, 0x000000008b500000, 0x000000008b600000|  0%| F|  |TAMS 0x000000008b500000, 0x000000008b500000| Untracked 
| 122|0x000000008b600000, 0x000000008b600000, 0x000000008b700000|  0%| F|  |TAMS 0x000000008b600000, 0x000000008b600000| Untracked 
| 123|0x000000008b700000, 0x000000008b700000, 0x000000008b800000|  0%| F|  |TAMS 0x000000008b700000, 0x000000008b700000| Untracked 
| 124|0x000000008b800000, 0x000000008b876498, 0x000000008b900000| 46%| E|  |TAMS 0x000000008b800000, 0x000000008b800000| Complete 
| 125|0x000000008b900000, 0x000000008ba00000, 0x000000008ba00000|100%| E|CS|TAMS 0x000000008b900000, 0x000000008b900000| Complete 

Card table byte_map: [0x00000273e8820000,0x00000273e8c10000] _byte_map_base: 0x00000273e8402000

Marking Bits (Prev, Next): (CMBitMap*) 0x00000273d18c8b60, (CMBitMap*) 0x00000273d18c8ba0
 Prev Bits: [0x00000273e9000000, 0x00000273eaf10000)
 Next Bits: [0x00000273eaf10000, 0x00000273ece20000)

Polling page: 0x00000273d1050000

Metaspace:

Usage:
  Non-class:      4.39 MB used.
      Class:    381.76 KB used.
       Both:      4.76 MB used.

Virtual space:
  Non-class space:        8.00 MB reserved,       4.50 MB ( 56%) committed,  1 nodes.
      Class space:        1.00 GB reserved,     448.00 KB ( <1%) committed,  1 nodes.
             Both:        1.01 GB reserved,       4.94 MB ( <1%) committed. 

Chunk freelists:
   Non-Class:  3.00 MB
       Class:  3.62 MB
        Both:  6.62 MB

MaxMetaspaceSize: unlimited
CompressedClassSpaceSize: 1.00 GB
Initial GC threshold: 21.00 MB
Current GC threshold: 21.00 MB
CDS: off
MetaspaceReclaimPolicy: balanced
 - commit_granule_bytes: 65536.
 - commit_granule_words: 8192.
 - virtual_space_node_default_size: 1048576.
 - enlarge_chunks_in_place: 1.
 - new_chunks_are_fully_committed: 0.
 - uncommit_free_chunks: 1.
 - use_allocation_guard: 0.
 - handle_deallocations: 1.


Internal statistics:

num_allocs_failed_limit: 0.
num_arena_births: 4.
num_arena_deaths: 0.
num_vsnodes_births: 2.
num_vsnodes_deaths: 0.
num_space_committed: 79.
num_space_uncommitted: 0.
num_chunks_returned_to_freelist: 0.
num_chunks_taken_from_freelist: 7.
num_chunk_merges: 0.
num_chunk_splits: 3.
num_chunks_enlarged: 1.
num_purges: 0.
num_inconsistent_stats: 0.

CodeHeap 'non-profiled nmethods': size=120000Kb used=19Kb max_used=19Kb free=119980Kb
 bounds [0x00000273e0bc0000, 0x00000273e0e30000, 0x00000273e80f0000]
CodeHeap 'profiled nmethods': size=120000Kb used=56Kb max_used=56Kb free=119943Kb
 bounds [0x00000273d9690000, 0x00000273d9900000, 0x00000273e0bc0000]
CodeHeap 'non-nmethods': size=5760Kb used=1089Kb max_used=1089Kb free=4670Kb
 bounds [0x00000273d90f0000, 0x00000273d9360000, 0x00000273d9690000]
 total_blobs=404 nmethods=60 adapters=257
 compilation: enabled
              stopped_count=0, restarted_count=0
 full_count=0

Compilation events (20 events):
Event: 0.059 Thread 0x0000027380925c70   34       3       java.util.HashMap::hash (20 bytes)
Event: 0.059 Thread 0x0000027380925c70 nmethod 34 0x00000273d9699b10 code [0x00000273d9699cc0, 0x00000273d9699ec8]
Event: 0.063 Thread 0x0000027380925c70   36       1       java.lang.Enum::ordinal (5 bytes)
Event: 0.063 Thread 0x0000027380925c70 nmethod 36 0x00000273e0bc1010 code [0x00000273e0bc11a0, 0x00000273e0bc1278]
Event: 0.065 Thread 0x0000027380925c70   42   !   3       java.util.concurrent.ConcurrentHashMap::putVal (432 bytes)
Event: 0.066 Thread 0x0000027380925c70 nmethod 42 0x00000273d9699f90 code [0x00000273d969a300, 0x00000273d969bde8]
Event: 0.066 Thread 0x0000027380925c70   43       3       java.util.concurrent.ConcurrentHashMap$Node::<init> (20 bytes)
Event: 0.066 Thread 0x0000027380925c70 nmethod 43 0x00000273d969c790 code [0x00000273d969c940, 0x00000273d969cb78]
Event: 0.071 Thread 0x0000027380925c70   46       1       java.lang.Class::getClassLoader0 (5 bytes)
Event: 0.072 Thread 0x0000027380925c70 nmethod 46 0x00000273e0bc2c90 code [0x00000273e0bc2e20, 0x00000273e0bc2ef8]
Event: 0.075 Thread 0x0000027380925c70   49       1       java.lang.invoke.MethodType::returnType (5 bytes)
Event: 0.075 Thread 0x0000027380925c70 nmethod 49 0x00000273e0bc3590 code [0x00000273e0bc3720, 0x00000273e0bc37f8]
Event: 0.076 Thread 0x0000027380925c70   52       3       java.util.concurrent.ConcurrentHashMap::spread (10 bytes)
Event: 0.076 Thread 0x0000027380925c70 nmethod 52 0x00000273d969cc10 code [0x00000273d969cda0, 0x00000273d969ce98]
Event: 0.076 Thread 0x0000027380925c70   54       3       java.lang.invoke.MethodTypeForm::canonicalize (74 bytes)
Event: 0.077 Thread 0x0000027380925c70 nmethod 54 0x00000273d969cf10 code [0x00000273d969d140, 0x00000273d969d838]
Event: 0.077 Thread 0x0000027380925c70   55       3       java.lang.invoke.MemberName::testFlags (16 bytes)
Event: 0.077 Thread 0x0000027380925c70 nmethod 55 0x00000273d969da90 code [0x00000273d969dc20, 0x00000273d969dd98]
Event: 0.077 Thread 0x0000027380925c70   60   !   3       java.lang.ref.ReferenceQueue::poll (28 bytes)
Event: 0.077 Thread 0x0000027380925c70 nmethod 60 0x00000273d969de10 code [0x00000273d969dfc0, 0x00000273d969e248]

GC Heap History (0 events):
No events

Deoptimization events (0 events):
No events

Classes unloaded (0 events):
No events

Classes redefined (0 events):
No events

Internal exceptions (0 events):
No events

VM Operations (0 events):
No events

Events (20 events):
Event: 0.075 loading class java/lang/ref/Cleaner$Cleanable
Event: 0.075 loading class java/lang/ref/Cleaner$Cleanable done
Event: 0.075 loading class jdk/internal/ref/PhantomCleanable done
Event: 0.075 loading class jdk/internal/ref/CleanerImpl$PhantomCleanableRef done
Event: 0.075 loading class jdk/internal/ref/CleanerImpl$CleanerCleanable
Event: 0.075 loading class jdk/internal/ref/CleanerImpl$CleanerCleanable done
Event: 0.075 loading class jdk/internal/misc/InnocuousThread
Event: 0.075 loading class jdk/internal/misc/InnocuousThread done
Event: 0.075 Thread 0x00000273ef810d70 Thread added: 0x00000273ef810d70
Event: 0.075 loading class java/util/stream/ReferencePipeline$2
Event: 0.075 loading class java/util/stream/ReferencePipeline$StatelessOp
Event: 0.075 loading class java/util/stream/ReferencePipeline$StatelessOp done
Event: 0.076 loading class java/util/stream/ReferencePipeline$2 done
Event: 0.076 loading class java/util/stream/StreamShape
Event: 0.076 loading class java/util/stream/StreamShape done
Event: 0.076 loading class java/util/stream/ReferencePipeline$3
Event: 0.076 loading class java/util/stream/ReferencePipeline$3 done
Event: 0.076 loading class java/lang/invoke/DirectMethodHandle$Constructor
Event: 0.076 loading class java/lang/invoke/DirectMethodHandle$Constructor done
Event: 0.077 loading class java/util/stream/Collectors


Dynamic libraries:
0x00007ff611b60000 - 0x00007ff611b70000 	C:\Program Files\Java\jdk-17.0.5\bin\java.exe
0x00007ff9b8500000 - 0x00007ff9b8709000 	C:\WINDOWS\SYSTEM32\ntdll.dll
0x00007ff9b6730000 - 0x00007ff9b67ed000 	C:\WINDOWS\System32\KERNEL32.DLL
0x00007ff9b59d0000 - 0x00007ff9b5d4b000 	C:\WINDOWS\System32\KERNELBASE.dll
0x00007ff9b6030000 - 0x00007ff9b6141000 	C:\WINDOWS\System32\ucrtbase.dll
0x00007ff9a63c0000 - 0x00007ff9a63d8000 	C:\Program Files\Java\jdk-17.0.5\bin\jli.dll
0x00007ff9b7a00000 - 0x00007ff9b7aae000 	C:\WINDOWS\System32\ADVAPI32.dll
0x00007ff9ae980000 - 0x00007ff9ae99a000 	C:\Program Files\Java\jdk-17.0.5\bin\VCRUNTIME140.dll
0x00007ff9b8050000 - 0x00007ff9b80f3000 	C:\WINDOWS\System32\msvcrt.dll
0x00007ff9b67f0000 - 0x00007ff9b688e000 	C:\WINDOWS\System32\sechost.dll
0x00007ff9b6a90000 - 0x00007ff9b6bb0000 	C:\WINDOWS\System32\RPCRT4.dll
0x00007ff9b63a0000 - 0x00007ff9b654d000 	C:\WINDOWS\System32\USER32.dll
0x00007ff9b5dd0000 - 0x00007ff9b5df6000 	C:\WINDOWS\System32\win32u.dll
0x00007ff99c280000 - 0x00007ff99c525000 	C:\WINDOWS\WinSxS\amd64_microsoft.windows.common-controls_6595b64144ccf1df_6.0.22000.120_none_9d947278b86cc467\COMCTL32.dll
0x00007ff9b8370000 - 0x00007ff9b8399000 	C:\WINDOWS\System32\GDI32.dll
0x00007ff9b61c0000 - 0x00007ff9b62d8000 	C:\WINDOWS\System32\gdi32full.dll
0x00007ff9b62e0000 - 0x00007ff9b637d000 	C:\WINDOWS\System32\msvcp_win.dll
0x00007ff9ad3c0000 - 0x00007ff9ad3ca000 	C:\WINDOWS\SYSTEM32\VERSION.dll
0x00007ff9b6980000 - 0x00007ff9b69b1000 	C:\WINDOWS\System32\IMM32.DLL
0x00007ff9ae970000 - 0x00007ff9ae97c000 	C:\Program Files\Java\jdk-17.0.5\bin\vcruntime140_1.dll
0x00007ff9a63e0000 - 0x00007ff9a646d000 	C:\Program Files\Java\jdk-17.0.5\bin\msvcp140.dll
0x00007ff965ac0000 - 0x00007ff966682000 	C:\Program Files\Java\jdk-17.0.5\bin\server\jvm.dll
0x00007ff9b8360000 - 0x00007ff9b8368000 	C:\WINDOWS\System32\PSAPI.DLL
0x00007ff9aec40000 - 0x00007ff9aec49000 	C:\WINDOWS\SYSTEM32\WSOCK32.dll
0x00007ff9ae630000 - 0x00007ff9ae663000 	C:\WINDOWS\SYSTEM32\WINMM.dll
0x00007ff9b7930000 - 0x00007ff9b799f000 	C:\WINDOWS\System32\WS2_32.dll
0x00007ff9b4b40000 - 0x00007ff9b4b58000 	C:\WINDOWS\SYSTEM32\kernel.appcore.dll
0x00007ff9ae830000 - 0x00007ff9ae83a000 	C:\Program Files\Java\jdk-17.0.5\bin\jimage.dll
0x00007ff9b34d0000 - 0x00007ff9b36f1000 	C:\WINDOWS\SYSTEM32\DBGHELP.DLL
0x00007ff9a5cb0000 - 0x00007ff9a5ce1000 	C:\WINDOWS\SYSTEM32\dbgcore.DLL
0x00007ff9b5d50000 - 0x00007ff9b5dcf000 	C:\WINDOWS\System32\bcryptPrimitives.dll
0x00007ff9ac280000 - 0x00007ff9ac2a5000 	C:\Program Files\Java\jdk-17.0.5\bin\java.dll
0x00007ff993780000 - 0x00007ff993856000 	C:\Program Files\Java\jdk-17.0.5\bin\jsvml.dll
0x00007ff9b7030000 - 0x00007ff9b77e8000 	C:\WINDOWS\System32\SHELL32.dll
0x00007ff9b3ad0000 - 0x00007ff9b4335000 	C:\WINDOWS\SYSTEM32\windows.storage.dll
0x00007ff9b7ab0000 - 0x00007ff9b7e27000 	C:\WINDOWS\System32\combase.dll
0x00007ff9b3960000 - 0x00007ff9b3ac6000 	C:\WINDOWS\SYSTEM32\wintypes.dll
0x00007ff9b6890000 - 0x00007ff9b697a000 	C:\WINDOWS\System32\SHCORE.dll
0x00007ff9b78d0000 - 0x00007ff9b792d000 	C:\WINDOWS\System32\shlwapi.dll
0x00007ff9b5900000 - 0x00007ff9b5921000 	C:\WINDOWS\SYSTEM32\profapi.dll

dbghelp: loaded successfully - version: 4.0.5 - missing functions: none
symbol engine: initialized successfully - sym options: 0x614 - pdb path: .;C:\Program Files\Java\jdk-17.0.5\bin;C:\WINDOWS\SYSTEM32;C:\WINDOWS\WinSxS\amd64_microsoft.windows.common-controls_6595b64144ccf1df_6.0.22000.120_none_9d947278b86cc467;C:\Program Files\Java\jdk-17.0.5\bin\server

VM Arguments:
jvm_args: -Dfile.encoding=UTF-8 --module-path=C:\Users\Darshan\OneDrive\Documents\NetBeansProjects\Travel Management System\build\classes 
java_command: travel.management.system.Dashboard
java_class_path (initial): C:\Users\Darshan\Downloads\mysql-connector-java-8.0.28.jar;C:\Users\Darshan\OneDrive\Documents\NetBeansProjects\Travel Management System\build\classes
Launcher Type: SUN_STANDARD

[Global flags]
     intx CICompilerCount                          = 4                                         {product} {ergonomic}
     uint ConcGCThreads                            = 2                                         {product} {ergonomic}
     uint G1ConcRefinementThreads                  = 8                                         {product} {ergonomic}
   size_t G1HeapRegionSize                         = 1048576                                   {product} {ergonomic}
    uintx GCDrainStackTargetSize                   = 64                                        {product} {ergonomic}
   size_t InitialHeapSize                          = 132120576                                 {product} {ergonomic}
   size_t MarkStackSize                            = 4194304                                   {product} {ergonomic}
   size_t MaxHeapSize                              = 2084569088                                {product} {ergonomic}
   size_t MaxNewSize                               = 1249902592                                {product} {ergonomic}
   size_t MinHeapDeltaBytes                        = 1048576                                   {product} {ergonomic}
   size_t MinHeapSize                              = 8388608                                   {product} {ergonomic}
    uintx NonNMethodCodeHeapSize                   = 5839372                                {pd product} {ergonomic}
    uintx NonProfiledCodeHeapSize                  = 122909434                              {pd product} {ergonomic}
    uintx ProfiledCodeHeapSize                     = 122909434                              {pd product} {ergonomic}
    uintx ReservedCodeCacheSize                    = 251658240                              {pd product} {ergonomic}
     bool SegmentedCodeCache                       = true                                      {product} {ergonomic}
   size_t SoftMaxHeapSize                          = 2084569088                             {manageable} {ergonomic}
     bool UseCompressedClassPointers               = true                           {product lp64_product} {ergonomic}
     bool UseCompressedOops                        = true                           {product lp64_product} {ergonomic}
     bool UseG1GC                                  = true                                      {product} {ergonomic}
     bool UseLargePagesIndividualAllocation        = false                                  {pd product} {ergonomic}

Logging:
Log output configuration:
 #0: stdout all=warning uptime,level,tags
 #1: stderr all=off uptime,level,tags

Environment Variables:
PATH=C:\Program Files\Common Files\Oracle\Java\javapath;C:\Program Files\Eclipse Adoptium\jdk-17.0.4.101-hotspot\bin;C:\windows\system32;C:\windows;C:\windows\System32\Wbem;C:\windows\System32\WindowsPowerShell\v1.0\;C:\windows\System32\OpenSSH\;C:\Program Files (x86)\NVIDIA Corporation\PhysX\Common;C:\WINDOWS\system32;C:\WINDOWS;C:\WINDOWS\System32\Wbem;C:\WINDOWS\System32\WindowsPowerShell\v1.0\;C:\WINDOWS\System32\OpenSSH\;C:\Program Files\Git\cmd;C:\ProgramData\chocolatey\bin;C:\Program Files\nodejs\;C:\Program Files\NVIDIA Corporation\NVIDIA NvDLISR;C:\Program Files\Java\jdk-17.0.5;C:\Program Files\MySQL\MySQL Shell 8.0\bin\;C:\Users\Darshan\anaconda3;C:\Users\Darshan\anaconda3\Library\mingw-w64\bin;C:\Users\Darshan\anaconda3\Library\usr\bin;C:\Users\Darshan\anaconda3\Library\bin;C:\Users\Darshan\anaconda3\Scripts;C:\Users\Darshan\AppData\Local\Microsoft\WindowsApps;C:\Users\Darshan\AppData\Local\atom\bin;C:\Users\Darshan\AppData\Local\Programs\Microsoft VS Code\bin;C:\Users\Darshan\AppData\Local\Programs\Hyper\resources\bin;C:\Users\Darshan\AppData\Roaming\npm
USERNAME=Darshan
OS=Windows_NT
PROCESSOR_IDENTIFIER=Intel64 Family 6 Model 140 Stepping 1, GenuineIntel



---------------  S Y S T E M  ---------------

OS:
 Windows 11 , 64 bit Build 22000 (10.0.22000.708)
OS uptime: 42 days 1:21 hours

CPU: total 8 (initial active 8) (4 cores per cpu, 2 threads per core) family 6 model 140 stepping 1 microcode 0x86, cx8, cmov, fxsr, ht, mmx, 3dnowpref, sse, sse2, sse3, ssse3, sse4.1, sse4.2, popcnt, lzcnt, tsc, tscinvbit, avx, avx2, aes, erms, clmul, bmi1, bmi2, adx, avx512f, avx512dq, avx512cd, avx512bw, avx512vl, sha, fma, vzeroupper, avx512_vpopcntdq, avx512_vpclmulqdq, avx512_vaes, avx512_vnni, clflush, clflushopt, clwb, avx512_vbmi2, avx512_vbmi

Memory: 4k page, system-wide physical 7948M (769M free)
TotalPageFile size 32524M (AvailPageFile size 4M)
current process WorkingSet (physical memory assigned to process): 27M, peak: 27M
current process commit charge ("private bytes"): 201M, peak: 203M

vm_info: Java HotSpot(TM) 64-Bit Server VM (17.0.5+9-LTS-191) for windows-amd64 JRE (17.0.5+9-LTS-191), built on Sep 13 2022 17:31:43 by "mach5one" with MS VC++ 16.8 / 16.9 (VS2019)

END.
