#
# There is insufficient memory for the Java Runtime Environment to continue.
# Native memory allocation (malloc) failed to allocate 673568 bytes for Chunk::new
# Possible reasons:
#   The system is out of physical RAM or swap space
#   The process is running with CompressedOops enabled, and the Java Heap may be blocking the growth of the native heap
# Possible solutions:
#   Reduce memory load on the system
#   Increase physical memory or swap space
#   Check if swap backing store is full
#   Decrease Java heap size (-Xmx/-Xms)
#   Decrease number of Java threads
#   Decrease Java thread stack sizes (-Xss)
#   Set larger code cache with -XX:ReservedCodeCacheSize=
#   JVM is running with Unscaled Compressed Oops mode in which the Java heap is
#     placed in the first 4GB address space. The Java Heap base address is the
#     maximum limit for the native heap growth. Please use -XX:HeapBaseMinAddress
#     to set the Java Heap base and to place the Java Heap above 4GB virtual address.
# This output file may be truncated or incomplete.
#
#  Out of Memory Error (arena.cpp:189), pid=15516, tid=31036
#
# JRE version: Java(TM) SE Runtime Environment (17.0.5+9) (build 17.0.5+9-LTS-191)
# Java VM: Java HotSpot(TM) 64-Bit Server VM (17.0.5+9-LTS-191, mixed mode, sharing, tiered, compressed oops, compressed class ptrs, g1 gc, windows-amd64)
# No core dump will be written. Minidumps are not enabled by default on client versions of Windows
#

---------------  S U M M A R Y ------------

Command Line: -Dfile.encoding=UTF-8 --module-path=C:\Users\Darshan\OneDrive\Documents\NetBeansProjects\Travel Management System\build\classes travel.management.system.Login

Host: 11th Gen Intel(R) Core(TM) i5-1135G7 @ 2.40GHz, 8 cores, 7G,  Windows 11 , 64 bit Build 22000 (10.0.22000.708)
Time: Tue Dec  6 21:32:19 2022 India Standard Time elapsed time: 0.625456 seconds (0d 0h 0m 0s)

---------------  T H R E A D  ---------------

Current thread (0x000001a9dca9e170):  JavaThread "C2 CompilerThread0" daemon [_thread_in_native, id=31036, stack(0x0000003de8b00000,0x0000003de8c00000)]


Current CompileTask:
C2:    625 1151   !   4       sun.font.TrueTypeFont::getTableBuffer (215 bytes)

Stack: [0x0000003de8b00000,0x0000003de8c00000]
Native frames: (J=compiled Java code, j=interpreted, Vv=VM code, C=native code)
V  [jvm.dll+0x672eea]
V  [jvm.dll+0x7d2a04]
V  [jvm.dll+0x7d41ae]
V  [jvm.dll+0x7d4813]
V  [jvm.dll+0x242c15]
V  [jvm.dll+0xaa57b]
V  [jvm.dll+0xaab0c]
V  [jvm.dll+0x35ff97]
V  [jvm.dll+0x1b9902]
V  [jvm.dll+0x215e19]
V  [jvm.dll+0x2150e1]
V  [jvm.dll+0x1a18ed]
V  [jvm.dll+0x22493a]
V  [jvm.dll+0x222aa5]
V  [jvm.dll+0x7885db]
V  [jvm.dll+0x782b4a]
V  [jvm.dll+0x671d75]
C  [ucrtbase.dll+0x26c0c]
C  [KERNEL32.DLL+0x154e0]
C  [ntdll.dll+0x485b]


---------------  P R O C E S S  ---------------

Threads class SMR info:
_java_thread_list=0x000001a9de61e7a0, length=19, elements={
0x000001a9dca895a0, 0x000001a9dca8a150, 0x000001a9dca9b780, 0x000001a9dca9c130,
0x000001a9dca9cae0, 0x000001a9dca9d490, 0x000001a9dca9e170, 0x000001a9dcaa1b40,
0x000001a9dcaa3450, 0x000001a9dd56aae0, 0x000001a9dd61cb90, 0x000001a9dd731380,
0x000001a9dd731ba0, 0x000001a9dd801060, 0x000001a9dd8793d0, 0x000001a9dd89e4a0,
0x000001a9dd8aef40, 0x000001a9beaef7f0, 0x000001a9de607730
}

Java Threads: ( => current thread )
  0x000001a9dca895a0 JavaThread "Reference Handler" daemon [_thread_blocked, id=13308, stack(0x0000003de8500000,0x0000003de8600000)]
  0x000001a9dca8a150 JavaThread "Finalizer" daemon [_thread_blocked, id=13560, stack(0x0000003de8600000,0x0000003de8700000)]
  0x000001a9dca9b780 JavaThread "Signal Dispatcher" daemon [_thread_blocked, id=1196, stack(0x0000003de8700000,0x0000003de8800000)]
  0x000001a9dca9c130 JavaThread "Attach Listener" daemon [_thread_blocked, id=31372, stack(0x0000003de8800000,0x0000003de8900000)]
  0x000001a9dca9cae0 JavaThread "Service Thread" daemon [_thread_blocked, id=28584, stack(0x0000003de8900000,0x0000003de8a00000)]
  0x000001a9dca9d490 JavaThread "Monitor Deflation Thread" daemon [_thread_blocked, id=26060, stack(0x0000003de8a00000,0x0000003de8b00000)]
=>0x000001a9dca9e170 JavaThread "C2 CompilerThread0" daemon [_thread_in_native, id=31036, stack(0x0000003de8b00000,0x0000003de8c00000)]
  0x000001a9dcaa1b40 JavaThread "C1 CompilerThread0" daemon [_thread_blocked, id=36268, stack(0x0000003de8c00000,0x0000003de8d00000)]
  0x000001a9dcaa3450 JavaThread "Sweeper thread" daemon [_thread_blocked, id=22764, stack(0x0000003de8d00000,0x0000003de8e00000)]
  0x000001a9dd56aae0 JavaThread "Common-Cleaner" daemon [_thread_blocked, id=33820, stack(0x0000003de8e00000,0x0000003de8f00000)]
  0x000001a9dd61cb90 JavaThread "Notification Thread" daemon [_thread_blocked, id=12896, stack(0x0000003de9000000,0x0000003de9100000)]
  0x000001a9dd731380 JavaThread "Java2D Disposer" daemon [_thread_blocked, id=33040, stack(0x0000003de9200000,0x0000003de9300000)]
  0x000001a9dd731ba0 JavaThread "AWT-Shutdown" [_thread_blocked, id=9444, stack(0x0000003de9300000,0x0000003de9400000)]
  0x000001a9dd801060 JavaThread "AWT-Windows" daemon [_thread_in_native, id=36156, stack(0x0000003de9400000,0x0000003de9500000)]
  0x000001a9dd8793d0 JavaThread "Image Fetcher 0" daemon [_thread_blocked, id=19784, stack(0x0000003de8f00000,0x0000003de9000000)]
  0x000001a9dd89e4a0 JavaThread "C2 CompilerThread1" daemon [_thread_blocked, id=8684, stack(0x0000003de9500000,0x0000003de9600000)]
  0x000001a9dd8aef40 JavaThread "AWT-EventQueue-0" [_thread_blocked, id=30396, stack(0x0000003de9600000,0x0000003de9700000)]
  0x000001a9beaef7f0 JavaThread "DestroyJavaVM" [_thread_blocked, id=11024, stack(0x0000003de7e00000,0x0000003de7f00000)]
  0x000001a9de607730 JavaThread "TimerQueue" daemon [_thread_blocked, id=34688, stack(0x0000003de9a00000,0x0000003de9b00000)]

Other Threads:
  0x000001a9dca84b00 VMThread "VM Thread" [stack: 0x0000003de8400000,0x0000003de8500000] [id=17792]
  0x000001a9beb6e410 WatcherThread [stack: 0x0000003de9100000,0x0000003de9200000] [id=29992]
  0x000001a9beb4a520 GCTaskThread "GC Thread#0" [stack: 0x0000003de7f00000,0x0000003de8000000] [id=25940]
  0x000001a9beb5ace0 ConcurrentGCThread "G1 Main Marker" [stack: 0x0000003de8000000,0x0000003de8100000] [id=6976]
  0x000001a9beb5b6f0 ConcurrentGCThread "G1 Conc#0" [stack: 0x0000003de8100000,0x0000003de8200000] [id=18644]
  0x000001a9bebb48f0 ConcurrentGCThread "G1 Refine#0" [stack: 0x0000003de8200000,0x0000003de8300000] [id=584]
  0x000001a9dc9422b0 ConcurrentGCThread "G1 Service" [stack: 0x0000003de8300000,0x0000003de8400000] [id=36004]

Threads with active compile tasks:
C2 CompilerThread0      643 1151   !   4       sun.font.TrueTypeFont::getTableBuffer (215 bytes)

VM state: not at safepoint (normal execution)

VM Mutex/Monitor currently owned by a thread: None

Heap address: 0x0000000083c00000, size: 1988 MB, Compressed Oops mode: 32-bit

CDS archive(s) mapped at: [0x0000000800000000-0x0000000800bd0000-0x0000000800bd0000), size 12386304, SharedBaseAddress: 0x0000000800000000, ArchiveRelocationMode: 0.
Compressed class space mapped at: 0x0000000800c00000-0x0000000840c00000, reserved size: 1073741824
Narrow klass base: 0x0000000800000000, Narrow klass shift: 0, Narrow klass range: 0x100000000

GC Precious Log:
 CPUs: 8 total, 8 available
 Memory: 7948M
 Large Page Support: Disabled
 NUMA Support: Disabled
 Compressed Oops: Enabled (32-bit)
 Heap Region Size: 1M
 Heap Min Capacity: 8M
 Heap Initial Capacity: 126M
 Heap Max Capacity: 1988M
 Pre-touch: Disabled
 Parallel Workers: 8
 Concurrent Workers: 2
 Concurrent Refinement Workers: 8
 Periodic GC: Disabled

Heap:
 garbage-first heap   total 129024K, used 20480K [0x0000000083c00000, 0x0000000100000000)
  region size 1024K, 18 young (18432K), 0 survivors (0K)
 Metaspace       used 8217K, committed 8448K, reserved 1056768K
  class space    used 914K, committed 1024K, reserved 1048576K

Heap Regions: E=young(eden), S=young(survivor), O=old, HS=humongous(starts), HC=humongous(continues), CS=collection set, F=free, OA=open archive, CA=closed archive, TAMS=top-at-mark-start (previous, next)
|   0|0x0000000083c00000, 0x0000000083d00000, 0x0000000083d00000|100%|HS|  |TAMS 0x0000000083c00000, 0x0000000083c00000| Complete 
|   1|0x0000000083d00000, 0x0000000083e00000, 0x0000000083e00000|100%|HC|  |TAMS 0x0000000083d00000, 0x0000000083d00000| Complete 
|   2|0x0000000083e00000, 0x0000000083f00000, 0x0000000083f00000|100%|HC|  |TAMS 0x0000000083e00000, 0x0000000083e00000| Complete 
|   3|0x0000000083f00000, 0x0000000083f00000, 0x0000000084000000|  0%| F|  |TAMS 0x0000000083f00000, 0x0000000083f00000| Untracked 
|   4|0x0000000084000000, 0x0000000084000000, 0x0000000084100000|  0%| F|  |TAMS 0x0000000084000000, 0x0000000084000000| Untracked 
|   5|0x0000000084100000, 0x0000000084100000, 0x0000000084200000|  0%| F|  |TAMS 0x0000000084100000, 0x0000000084100000| Untracked 
|   6|0x0000000084200000, 0x0000000084200000, 0x0000000084300000|  0%| F|  |TAMS 0x0000000084200000, 0x0000000084200000| Untracked 
|   7|0x0000000084300000, 0x0000000084300000, 0x0000000084400000|  0%| F|  |TAMS 0x0000000084300000, 0x0000000084300000| Untracked 
|   8|0x0000000084400000, 0x0000000084400000, 0x0000000084500000|  0%| F|  |TAMS 0x0000000084400000, 0x0000000084400000| Untracked 
|   9|0x0000000084500000, 0x0000000084500000, 0x0000000084600000|  0%| F|  |TAMS 0x0000000084500000, 0x0000000084500000| Untracked 
|  10|0x0000000084600000, 0x0000000084600000, 0x0000000084700000|  0%| F|  |TAMS 0x0000000084600000, 0x0000000084600000| Untracked 
|  11|0x0000000084700000, 0x0000000084700000, 0x0000000084800000|  0%| F|  |TAMS 0x0000000084700000, 0x0000000084700000| Untracked 
|  12|0x0000000084800000, 0x0000000084800000, 0x0000000084900000|  0%| F|  |TAMS 0x0000000084800000, 0x0000000084800000| Untracked 
|  13|0x0000000084900000, 0x0000000084900000, 0x0000000084a00000|  0%| F|  |TAMS 0x0000000084900000, 0x0000000084900000| Untracked 
|  14|0x0000000084a00000, 0x0000000084a00000, 0x0000000084b00000|  0%| F|  |TAMS 0x0000000084a00000, 0x0000000084a00000| Untracked 
|  15|0x0000000084b00000, 0x0000000084b00000, 0x0000000084c00000|  0%| F|  |TAMS 0x0000000084b00000, 0x0000000084b00000| Untracked 
|  16|0x0000000084c00000, 0x0000000084c00000, 0x0000000084d00000|  0%| F|  |TAMS 0x0000000084c00000, 0x0000000084c00000| Untracked 
|  17|0x0000000084d00000, 0x0000000084d00000, 0x0000000084e00000|  0%| F|  |TAMS 0x0000000084d00000, 0x0000000084d00000| Untracked 
|  18|0x0000000084e00000, 0x0000000084e00000, 0x0000000084f00000|  0%| F|  |TAMS 0x0000000084e00000, 0x0000000084e00000| Untracked 
|  19|0x0000000084f00000, 0x0000000084f00000, 0x0000000085000000|  0%| F|  |TAMS 0x0000000084f00000, 0x0000000084f00000| Untracked 
|  20|0x0000000085000000, 0x0000000085000000, 0x0000000085100000|  0%| F|  |TAMS 0x0000000085000000, 0x0000000085000000| Untracked 
|  21|0x0000000085100000, 0x0000000085100000, 0x0000000085200000|  0%| F|  |TAMS 0x0000000085100000, 0x0000000085100000| Untracked 
|  22|0x0000000085200000, 0x0000000085200000, 0x0000000085300000|  0%| F|  |TAMS 0x0000000085200000, 0x0000000085200000| Untracked 
|  23|0x0000000085300000, 0x0000000085300000, 0x0000000085400000|  0%| F|  |TAMS 0x0000000085300000, 0x0000000085300000| Untracked 
|  24|0x0000000085400000, 0x0000000085400000, 0x0000000085500000|  0%| F|  |TAMS 0x0000000085400000, 0x0000000085400000| Untracked 
|  25|0x0000000085500000, 0x0000000085500000, 0x0000000085600000|  0%| F|  |TAMS 0x0000000085500000, 0x0000000085500000| Untracked 
|  26|0x0000000085600000, 0x0000000085600000, 0x0000000085700000|  0%| F|  |TAMS 0x0000000085600000, 0x0000000085600000| Untracked 
|  27|0x0000000085700000, 0x0000000085700000, 0x0000000085800000|  0%| F|  |TAMS 0x0000000085700000, 0x0000000085700000| Untracked 
|  28|0x0000000085800000, 0x0000000085800000, 0x0000000085900000|  0%| F|  |TAMS 0x0000000085800000, 0x0000000085800000| Untracked 
|  29|0x0000000085900000, 0x0000000085900000, 0x0000000085a00000|  0%| F|  |TAMS 0x0000000085900000, 0x0000000085900000| Untracked 
|  30|0x0000000085a00000, 0x0000000085a00000, 0x0000000085b00000|  0%| F|  |TAMS 0x0000000085a00000, 0x0000000085a00000| Untracked 
|  31|0x0000000085b00000, 0x0000000085b00000, 0x0000000085c00000|  0%| F|  |TAMS 0x0000000085b00000, 0x0000000085b00000| Untracked 
|  32|0x0000000085c00000, 0x0000000085c00000, 0x0000000085d00000|  0%| F|  |TAMS 0x0000000085c00000, 0x0000000085c00000| Untracked 
|  33|0x0000000085d00000, 0x0000000085d00000, 0x0000000085e00000|  0%| F|  |TAMS 0x0000000085d00000, 0x0000000085d00000| Untracked 
|  34|0x0000000085e00000, 0x0000000085e00000, 0x0000000085f00000|  0%| F|  |TAMS 0x0000000085e00000, 0x0000000085e00000| Untracked 
|  35|0x0000000085f00000, 0x0000000085f00000, 0x0000000086000000|  0%| F|  |TAMS 0x0000000085f00000, 0x0000000085f00000| Untracked 
|  36|0x0000000086000000, 0x0000000086000000, 0x0000000086100000|  0%| F|  |TAMS 0x0000000086000000, 0x0000000086000000| Untracked 
|  37|0x0000000086100000, 0x0000000086100000, 0x0000000086200000|  0%| F|  |TAMS 0x0000000086100000, 0x0000000086100000| Untracked 
|  38|0x0000000086200000, 0x0000000086200000, 0x0000000086300000|  0%| F|  |TAMS 0x0000000086200000, 0x0000000086200000| Untracked 
|  39|0x0000000086300000, 0x0000000086300000, 0x0000000086400000|  0%| F|  |TAMS 0x0000000086300000, 0x0000000086300000| Untracked 
|  40|0x0000000086400000, 0x0000000086400000, 0x0000000086500000|  0%| F|  |TAMS 0x0000000086400000, 0x0000000086400000| Untracked 
|  41|0x0000000086500000, 0x0000000086500000, 0x0000000086600000|  0%| F|  |TAMS 0x0000000086500000, 0x0000000086500000| Untracked 
|  42|0x0000000086600000, 0x0000000086600000, 0x0000000086700000|  0%| F|  |TAMS 0x0000000086600000, 0x0000000086600000| Untracked 
|  43|0x0000000086700000, 0x0000000086700000, 0x0000000086800000|  0%| F|  |TAMS 0x0000000086700000, 0x0000000086700000| Untracked 
|  44|0x0000000086800000, 0x0000000086800000, 0x0000000086900000|  0%| F|  |TAMS 0x0000000086800000, 0x0000000086800000| Untracked 
|  45|0x0000000086900000, 0x0000000086900000, 0x0000000086a00000|  0%| F|  |TAMS 0x0000000086900000, 0x0000000086900000| Untracked 
|  46|0x0000000086a00000, 0x0000000086a00000, 0x0000000086b00000|  0%| F|  |TAMS 0x0000000086a00000, 0x0000000086a00000| Untracked 
|  47|0x0000000086b00000, 0x0000000086b00000, 0x0000000086c00000|  0%| F|  |TAMS 0x0000000086b00000, 0x0000000086b00000| Untracked 
|  48|0x0000000086c00000, 0x0000000086c00000, 0x0000000086d00000|  0%| F|  |TAMS 0x0000000086c00000, 0x0000000086c00000| Untracked 
|  49|0x0000000086d00000, 0x0000000086d00000, 0x0000000086e00000|  0%| F|  |TAMS 0x0000000086d00000, 0x0000000086d00000| Untracked 
|  50|0x0000000086e00000, 0x0000000086e00000, 0x0000000086f00000|  0%| F|  |TAMS 0x0000000086e00000, 0x0000000086e00000| Untracked 
|  51|0x0000000086f00000, 0x0000000086f00000, 0x0000000087000000|  0%| F|  |TAMS 0x0000000086f00000, 0x0000000086f00000| Untracked 
|  52|0x0000000087000000, 0x0000000087000000, 0x0000000087100000|  0%| F|  |TAMS 0x0000000087000000, 0x0000000087000000| Untracked 
|  53|0x0000000087100000, 0x0000000087100000, 0x0000000087200000|  0%| F|  |TAMS 0x0000000087100000, 0x0000000087100000| Untracked 
|  54|0x0000000087200000, 0x0000000087200000, 0x0000000087300000|  0%| F|  |TAMS 0x0000000087200000, 0x0000000087200000| Untracked 
|  55|0x0000000087300000, 0x0000000087300000, 0x0000000087400000|  0%| F|  |TAMS 0x0000000087300000, 0x0000000087300000| Untracked 
|  56|0x0000000087400000, 0x0000000087400000, 0x0000000087500000|  0%| F|  |TAMS 0x0000000087400000, 0x0000000087400000| Untracked 
|  57|0x0000000087500000, 0x0000000087500000, 0x0000000087600000|  0%| F|  |TAMS 0x0000000087500000, 0x0000000087500000| Untracked 
|  58|0x0000000087600000, 0x0000000087600000, 0x0000000087700000|  0%| F|  |TAMS 0x0000000087600000, 0x0000000087600000| Untracked 
|  59|0x0000000087700000, 0x0000000087700000, 0x0000000087800000|  0%| F|  |TAMS 0x0000000087700000, 0x0000000087700000| Untracked 
|  60|0x0000000087800000, 0x0000000087800000, 0x0000000087900000|  0%| F|  |TAMS 0x0000000087800000, 0x0000000087800000| Untracked 
|  61|0x0000000087900000, 0x0000000087900000, 0x0000000087a00000|  0%| F|  |TAMS 0x0000000087900000, 0x0000000087900000| Untracked 
|  62|0x0000000087a00000, 0x0000000087a00000, 0x0000000087b00000|  0%| F|  |TAMS 0x0000000087a00000, 0x0000000087a00000| Untracked 
|  63|0x0000000087b00000, 0x0000000087b00000, 0x0000000087c00000|  0%| F|  |TAMS 0x0000000087b00000, 0x0000000087b00000| Untracked 
|  64|0x0000000087c00000, 0x0000000087c00000, 0x0000000087d00000|  0%| F|  |TAMS 0x0000000087c00000, 0x0000000087c00000| Untracked 
|  65|0x0000000087d00000, 0x0000000087d00000, 0x0000000087e00000|  0%| F|  |TAMS 0x0000000087d00000, 0x0000000087d00000| Untracked 
|  66|0x0000000087e00000, 0x0000000087e00000, 0x0000000087f00000|  0%| F|  |TAMS 0x0000000087e00000, 0x0000000087e00000| Untracked 
|  67|0x0000000087f00000, 0x0000000087f00000, 0x0000000088000000|  0%| F|  |TAMS 0x0000000087f00000, 0x0000000087f00000| Untracked 
|  68|0x0000000088000000, 0x0000000088000000, 0x0000000088100000|  0%| F|  |TAMS 0x0000000088000000, 0x0000000088000000| Untracked 
|  69|0x0000000088100000, 0x0000000088100000, 0x0000000088200000|  0%| F|  |TAMS 0x0000000088100000, 0x0000000088100000| Untracked 
|  70|0x0000000088200000, 0x0000000088200000, 0x0000000088300000|  0%| F|  |TAMS 0x0000000088200000, 0x0000000088200000| Untracked 
|  71|0x0000000088300000, 0x0000000088300000, 0x0000000088400000|  0%| F|  |TAMS 0x0000000088300000, 0x0000000088300000| Untracked 
|  72|0x0000000088400000, 0x0000000088400000, 0x0000000088500000|  0%| F|  |TAMS 0x0000000088400000, 0x0000000088400000| Untracked 
|  73|0x0000000088500000, 0x0000000088500000, 0x0000000088600000|  0%| F|  |TAMS 0x0000000088500000, 0x0000000088500000| Untracked 
|  74|0x0000000088600000, 0x0000000088600000, 0x0000000088700000|  0%| F|  |TAMS 0x0000000088600000, 0x0000000088600000| Untracked 
|  75|0x0000000088700000, 0x0000000088700000, 0x0000000088800000|  0%| F|  |TAMS 0x0000000088700000, 0x0000000088700000| Untracked 
|  76|0x0000000088800000, 0x0000000088800000, 0x0000000088900000|  0%| F|  |TAMS 0x0000000088800000, 0x0000000088800000| Untracked 
|  77|0x0000000088900000, 0x0000000088900000, 0x0000000088a00000|  0%| F|  |TAMS 0x0000000088900000, 0x0000000088900000| Untracked 
|  78|0x0000000088a00000, 0x0000000088a00000, 0x0000000088b00000|  0%| F|  |TAMS 0x0000000088a00000, 0x0000000088a00000| Untracked 
|  79|0x0000000088b00000, 0x0000000088b00000, 0x0000000088c00000|  0%| F|  |TAMS 0x0000000088b00000, 0x0000000088b00000| Untracked 
|  80|0x0000000088c00000, 0x0000000088c00000, 0x0000000088d00000|  0%| F|  |TAMS 0x0000000088c00000, 0x0000000088c00000| Untracked 
|  81|0x0000000088d00000, 0x0000000088d00000, 0x0000000088e00000|  0%| F|  |TAMS 0x0000000088d00000, 0x0000000088d00000| Untracked 
|  82|0x0000000088e00000, 0x0000000088e00000, 0x0000000088f00000|  0%| F|  |TAMS 0x0000000088e00000, 0x0000000088e00000| Untracked 
|  83|0x0000000088f00000, 0x0000000088f00000, 0x0000000089000000|  0%| F|  |TAMS 0x0000000088f00000, 0x0000000088f00000| Untracked 
|  84|0x0000000089000000, 0x0000000089000000, 0x0000000089100000|  0%| F|  |TAMS 0x0000000089000000, 0x0000000089000000| Untracked 
|  85|0x0000000089100000, 0x0000000089100000, 0x0000000089200000|  0%| F|  |TAMS 0x0000000089100000, 0x0000000089100000| Untracked 
|  86|0x0000000089200000, 0x0000000089200000, 0x0000000089300000|  0%| F|  |TAMS 0x0000000089200000, 0x0000000089200000| Untracked 
|  87|0x0000000089300000, 0x0000000089300000, 0x0000000089400000|  0%| F|  |TAMS 0x0000000089300000, 0x0000000089300000| Untracked 
|  88|0x0000000089400000, 0x0000000089400000, 0x0000000089500000|  0%| F|  |TAMS 0x0000000089400000, 0x0000000089400000| Untracked 
|  89|0x0000000089500000, 0x0000000089500000, 0x0000000089600000|  0%| F|  |TAMS 0x0000000089500000, 0x0000000089500000| Untracked 
|  90|0x0000000089600000, 0x0000000089600000, 0x0000000089700000|  0%| F|  |TAMS 0x0000000089600000, 0x0000000089600000| Untracked 
|  91|0x0000000089700000, 0x0000000089700000, 0x0000000089800000|  0%| F|  |TAMS 0x0000000089700000, 0x0000000089700000| Untracked 
|  92|0x0000000089800000, 0x0000000089800000, 0x0000000089900000|  0%| F|  |TAMS 0x0000000089800000, 0x0000000089800000| Untracked 
|  93|0x0000000089900000, 0x0000000089900000, 0x0000000089a00000|  0%| F|  |TAMS 0x0000000089900000, 0x0000000089900000| Untracked 
|  94|0x0000000089a00000, 0x0000000089a00000, 0x0000000089b00000|  0%| F|  |TAMS 0x0000000089a00000, 0x0000000089a00000| Untracked 
|  95|0x0000000089b00000, 0x0000000089b00000, 0x0000000089c00000|  0%| F|  |TAMS 0x0000000089b00000, 0x0000000089b00000| Untracked 
|  96|0x0000000089c00000, 0x0000000089c00000, 0x0000000089d00000|  0%| F|  |TAMS 0x0000000089c00000, 0x0000000089c00000| Untracked 
|  97|0x0000000089d00000, 0x0000000089d00000, 0x0000000089e00000|  0%| F|  |TAMS 0x0000000089d00000, 0x0000000089d00000| Untracked 
|  98|0x0000000089e00000, 0x0000000089e00000, 0x0000000089f00000|  0%| F|  |TAMS 0x0000000089e00000, 0x0000000089e00000| Untracked 
|  99|0x0000000089f00000, 0x0000000089f00000, 0x000000008a000000|  0%| F|  |TAMS 0x0000000089f00000, 0x0000000089f00000| Untracked 
| 100|0x000000008a000000, 0x000000008a000000, 0x000000008a100000|  0%| F|  |TAMS 0x000000008a000000, 0x000000008a000000| Untracked 
| 101|0x000000008a100000, 0x000000008a100000, 0x000000008a200000|  0%| F|  |TAMS 0x000000008a100000, 0x000000008a100000| Untracked 
| 102|0x000000008a200000, 0x000000008a200000, 0x000000008a300000|  0%| F|  |TAMS 0x000000008a200000, 0x000000008a200000| Untracked 
| 103|0x000000008a300000, 0x000000008a300000, 0x000000008a400000|  0%| F|  |TAMS 0x000000008a300000, 0x000000008a300000| Untracked 
| 104|0x000000008a400000, 0x000000008a400000, 0x000000008a500000|  0%| F|  |TAMS 0x000000008a400000, 0x000000008a400000| Untracked 
| 105|0x000000008a500000, 0x000000008a500000, 0x000000008a600000|  0%| F|  |TAMS 0x000000008a500000, 0x000000008a500000| Untracked 
| 106|0x000000008a600000, 0x000000008a600000, 0x000000008a700000|  0%| F|  |TAMS 0x000000008a600000, 0x000000008a600000| Untracked 
| 107|0x000000008a700000, 0x000000008a700000, 0x000000008a800000|  0%| F|  |TAMS 0x000000008a700000, 0x000000008a700000| Untracked 
| 108|0x000000008a800000, 0x000000008a8ed330, 0x000000008a900000| 92%| E|  |TAMS 0x000000008a800000, 0x000000008a800000| Complete 
| 109|0x000000008a900000, 0x000000008aa00000, 0x000000008aa00000|100%| E|CS|TAMS 0x000000008a900000, 0x000000008a900000| Complete 
| 110|0x000000008aa00000, 0x000000008ab00000, 0x000000008ab00000|100%| E|CS|TAMS 0x000000008aa00000, 0x000000008aa00000| Complete 
| 111|0x000000008ab00000, 0x000000008ac00000, 0x000000008ac00000|100%| E|CS|TAMS 0x000000008ab00000, 0x000000008ab00000| Complete 
| 112|0x000000008ac00000, 0x000000008ad00000, 0x000000008ad00000|100%| E|CS|TAMS 0x000000008ac00000, 0x000000008ac00000| Complete 
| 113|0x000000008ad00000, 0x000000008ae00000, 0x000000008ae00000|100%| E|CS|TAMS 0x000000008ad00000, 0x000000008ad00000| Complete 
| 114|0x000000008ae00000, 0x000000008af00000, 0x000000008af00000|100%| E|CS|TAMS 0x000000008ae00000, 0x000000008ae00000| Complete 
| 115|0x000000008af00000, 0x000000008b000000, 0x000000008b000000|100%| E|CS|TAMS 0x000000008af00000, 0x000000008af00000| Complete 
| 116|0x000000008b000000, 0x000000008b100000, 0x000000008b100000|100%| E|CS|TAMS 0x000000008b000000, 0x000000008b000000| Complete 
| 117|0x000000008b100000, 0x000000008b200000, 0x000000008b200000|100%| E|CS|TAMS 0x000000008b100000, 0x000000008b100000| Complete 
| 118|0x000000008b200000, 0x000000008b300000, 0x000000008b300000|100%| E|CS|TAMS 0x000000008b200000, 0x000000008b200000| Complete 
| 119|0x000000008b300000, 0x000000008b400000, 0x000000008b400000|100%| E|CS|TAMS 0x000000008b300000, 0x000000008b300000| Complete 
| 120|0x000000008b400000, 0x000000008b500000, 0x000000008b500000|100%| E|CS|TAMS 0x000000008b400000, 0x000000008b400000| Complete 
| 121|0x000000008b500000, 0x000000008b600000, 0x000000008b600000|100%| E|CS|TAMS 0x000000008b500000, 0x000000008b500000| Complete 
| 122|0x000000008b600000, 0x000000008b700000, 0x000000008b700000|100%| E|CS|TAMS 0x000000008b600000, 0x000000008b600000| Complete 
| 123|0x000000008b700000, 0x000000008b800000, 0x000000008b800000|100%| E|CS|TAMS 0x000000008b700000, 0x000000008b700000| Complete 
| 124|0x000000008b800000, 0x000000008b900000, 0x000000008b900000|100%| E|CS|TAMS 0x000000008b800000, 0x000000008b800000| Complete 
| 125|0x000000008b900000, 0x000000008ba00000, 0x000000008ba00000|100%| E|CS|TAMS 0x000000008b900000, 0x000000008b900000| Complete 

Card table byte_map: [0x000001a9d5a80000,0x000001a9d5e70000] _byte_map_base: 0x000001a9d5662000

Marking Bits (Prev, Next): (CMBitMap*) 0x000001a9beb4ab30, (CMBitMap*) 0x000001a9beb4ab70
 Prev Bits: [0x000001a9d6260000, 0x000001a9d8170000)
 Next Bits: [0x000001a9d8170000, 0x000001a9da080000)

Polling page: 0x000001a9bca20000

Metaspace:

Usage:
  Non-class:      7.13 MB used.
      Class:    914.69 KB used.
       Both:      8.02 MB used.

Virtual space:
  Non-class space:        8.00 MB reserved,       7.25 MB ( 91%) committed,  1 nodes.
      Class space:        1.00 GB reserved,       1.00 MB ( <1%) committed,  1 nodes.
             Both:        1.01 GB reserved,       8.25 MB ( <1%) committed. 

Chunk freelists:
   Non-Class:  497.00 KB
       Class:  3.05 MB
        Both:  3.53 MB

MaxMetaspaceSize: unlimited
CompressedClassSpaceSize: 1.00 GB
Initial GC threshold: 21.00 MB
Current GC threshold: 21.00 MB
CDS: on
MetaspaceReclaimPolicy: balanced
 - commit_granule_bytes: 65536.
 - commit_granule_words: 8192.
 - virtual_space_node_default_size: 1048576.
 - enlarge_chunks_in_place: 1.
 - new_chunks_are_fully_committed: 0.
 - uncommit_free_chunks: 1.
 - use_allocation_guard: 0.
 - handle_deallocations: 1.


Internal statistics:

num_allocs_failed_limit: 0.
num_arena_births: 118.
num_arena_deaths: 0.
num_vsnodes_births: 2.
num_vsnodes_deaths: 0.
num_space_committed: 132.
num_space_uncommitted: 0.
num_chunks_returned_to_freelist: 0.
num_chunks_taken_from_freelist: 162.
num_chunk_merges: 0.
num_chunk_splits: 90.
num_chunks_enlarged: 34.
num_purges: 0.
num_inconsistent_stats: 0.

CodeHeap 'non-profiled nmethods': size=120000Kb used=337Kb max_used=337Kb free=119662Kb
 bounds [0x000001a9cde30000, 0x000001a9ce0a0000, 0x000001a9d5360000]
CodeHeap 'profiled nmethods': size=120000Kb used=2037Kb max_used=2037Kb free=117962Kb
 bounds [0x000001a9c6900000, 0x000001a9c6b70000, 0x000001a9cde30000]
CodeHeap 'non-nmethods': size=5760Kb used=1288Kb max_used=1314Kb free=4471Kb
 bounds [0x000001a9c6360000, 0x000001a9c65d0000, 0x000001a9c6900000]
 total_blobs=1791 nmethods=1187 adapters=517
 compilation: enabled
              stopped_count=0, restarted_count=0
 full_count=0

Compilation events (20 events):
Event: 0.616 Thread 0x000001a9dcaa1b40 1180       3       sun.util.locale.InternalLocaleBuilder::setExtensions (206 bytes)
Event: 0.617 Thread 0x000001a9dcaa1b40 nmethod 1180 0x000001a9c6af4d90 code [0x000001a9c6af5280, 0x000001a9c6af7bf8]
Event: 0.617 Thread 0x000001a9dcaa1b40 1181       3       sun.util.locale.LocaleUtils::isEmpty (19 bytes)
Event: 0.618 Thread 0x000001a9dcaa1b40 nmethod 1181 0x000001a9c6af8990 code [0x000001a9c6af8b40, 0x000001a9c6af8d88]
Event: 0.618 Thread 0x000001a9dcaa1b40 1182       3       sun.util.locale.InternalLocaleBuilder::getBaseLocale (187 bytes)
Event: 0.619 Thread 0x000001a9dcaa1b40 nmethod 1182 0x000001a9c6af8e90 code [0x000001a9c6af91a0, 0x000001a9c6afa0b8]
Event: 0.619 Thread 0x000001a9dcaa1b40 1183       3       sun.util.locale.InternalLocaleBuilder::getLocaleExtensions (65 bytes)
Event: 0.619 Thread 0x000001a9dcaa1b40 nmethod 1183 0x000001a9c6afa690 code [0x000001a9c6afa8c0, 0x000001a9c6afb128]
Event: 0.619 Thread 0x000001a9dcaa1b40 1184       3       sun.util.locale.LocaleUtils::isEmpty (19 bytes)
Event: 0.619 Thread 0x000001a9dcaa1b40 nmethod 1184 0x000001a9c6afb310 code [0x000001a9c6afb4c0, 0x000001a9c6afb708]
Event: 0.621 Thread 0x000001a9dcaa1b40 1185       3       sun.awt.SunToolkit::targetToAppContext (30 bytes)
Event: 0.621 Thread 0x000001a9dcaa1b40 nmethod 1185 0x000001a9c6afb810 code [0x000001a9c6afb9e0, 0x000001a9c6afbed8]
Event: 0.621 Thread 0x000001a9dcaa1b40 1186       3       sun.awt.SunToolkit::getAppContext (42 bytes)
Event: 0.622 Thread 0x000001a9dcaa1b40 nmethod 1186 0x000001a9c6afc090 code [0x000001a9c6afc320, 0x000001a9c6afd028]
Event: 0.622 Thread 0x000001a9dcaa1b40 1187       1       java.awt.Component::getWidth (5 bytes)
Event: 0.622 Thread 0x000001a9dcaa1b40 nmethod 1187 0x000001a9cde83d90 code [0x000001a9cde83f20, 0x000001a9cde83ff8]
Event: 0.622 Thread 0x000001a9dcaa1b40 1188       1       java.awt.Component::getHeight (5 bytes)
Event: 0.622 Thread 0x000001a9dcaa1b40 nmethod 1188 0x000001a9cde84090 code [0x000001a9cde84220, 0x000001a9cde842f8]
Event: 0.622 Thread 0x000001a9dcaa1b40 1189       1       javax.swing.text.GapVector::getArray (5 bytes)
Event: 0.622 Thread 0x000001a9dcaa1b40 nmethod 1189 0x000001a9cde84390 code [0x000001a9cde84520, 0x000001a9cde845f8]

GC Heap History (0 events):
No events

Deoptimization events (20 events):
Event: 0.330 Thread 0x000001a9beaef7f0 Uncommon trap: trap_request=0xffffffc6 fr.pc=0x000001a9cde5f364 relative=0x0000000000000a64
Event: 0.330 Thread 0x000001a9beaef7f0 Uncommon trap: reason=bimorphic_or_optimized_type_check action=maybe_recompile pc=0x000001a9cde5f364 method=java.util.HashMap.putVal(ILjava/lang/Object;Ljava/lang/Object;ZZ)Ljava/lang/Object; @ 152 c2
Event: 0.330 Thread 0x000001a9beaef7f0 DEOPT PACKING pc=0x000001a9cde5f364 sp=0x0000003de7efc4b0
Event: 0.330 Thread 0x000001a9beaef7f0 DEOPT UNPACKING pc=0x000001a9c63b5ba3 sp=0x0000003de7efc3d8 mode 2
Event: 0.330 Thread 0x000001a9beaef7f0 Uncommon trap: trap_request=0xffffffc6 fr.pc=0x000001a9cde5f364 relative=0x0000000000000a64
Event: 0.330 Thread 0x000001a9beaef7f0 Uncommon trap: reason=bimorphic_or_optimized_type_check action=maybe_recompile pc=0x000001a9cde5f364 method=java.util.HashMap.putVal(ILjava/lang/Object;Ljava/lang/Object;ZZ)Ljava/lang/Object; @ 152 c2
Event: 0.330 Thread 0x000001a9beaef7f0 DEOPT PACKING pc=0x000001a9cde5f364 sp=0x0000003de7efc4b0
Event: 0.331 Thread 0x000001a9beaef7f0 DEOPT UNPACKING pc=0x000001a9c63b5ba3 sp=0x0000003de7efc3d8 mode 2
Event: 0.421 Thread 0x000001a9dd8aef40 Uncommon trap: trap_request=0xffffff45 fr.pc=0x000001a9cde6ff10 relative=0x00000000000004d0
Event: 0.421 Thread 0x000001a9dd8aef40 Uncommon trap: reason=unstable_if action=reinterpret pc=0x000001a9cde6ff10 method=java.lang.StringLatin1.toLowerCase(Ljava/lang/String;[BLjava/util/Locale;)Ljava/lang/String; @ 43 c2
Event: 0.421 Thread 0x000001a9dd8aef40 DEOPT PACKING pc=0x000001a9cde6ff10 sp=0x0000003de96fd0f0
Event: 0.421 Thread 0x000001a9dd8aef40 DEOPT UNPACKING pc=0x000001a9c63b5ba3 sp=0x0000003de96fd060 mode 2
Event: 0.578 Thread 0x000001a9dd8aef40 Uncommon trap: trap_request=0xffffff45 fr.pc=0x000001a9cde3aeac relative=0x00000000000001ac
Event: 0.578 Thread 0x000001a9dd8aef40 Uncommon trap: reason=unstable_if action=reinterpret pc=0x000001a9cde3aeac method=java.lang.String.isLatin1()Z @ 10 c2
Event: 0.578 Thread 0x000001a9dd8aef40 DEOPT PACKING pc=0x000001a9cde3aeac sp=0x0000003de96fcf00
Event: 0.578 Thread 0x000001a9dd8aef40 DEOPT UNPACKING pc=0x000001a9c63b5ba3 sp=0x0000003de96fce30 mode 2
Event: 0.585 Thread 0x000001a9dd8aef40 Uncommon trap: trap_request=0xffffff45 fr.pc=0x000001a9cde7de30 relative=0x00000000000003f0
Event: 0.585 Thread 0x000001a9dd8aef40 Uncommon trap: reason=unstable_if action=reinterpret pc=0x000001a9cde7de30 method=java.lang.Character.isSurrogate(C)Z @ 3 c2
Event: 0.585 Thread 0x000001a9dd8aef40 DEOPT PACKING pc=0x000001a9cde7de30 sp=0x0000003de96fcbf0
Event: 0.585 Thread 0x000001a9dd8aef40 DEOPT UNPACKING pc=0x000001a9c63b5ba3 sp=0x0000003de96fcb08 mode 2

Classes unloaded (0 events):
No events

Classes redefined (0 events):
No events

Internal exceptions (17 events):
Event: 0.041 Thread 0x000001a9beaef7f0 Exception <a 'sun/nio/fs/WindowsException'{0x000000008b840318}> (0x000000008b840318) 
thrown [s\open\src\hotspot\share\prims\jni.cpp, line 516]
Event: 0.041 Thread 0x000001a9beaef7f0 Exception <a 'sun/nio/fs/WindowsException'{0x000000008b8408d8}> (0x000000008b8408d8) 
thrown [s\open\src\hotspot\share\prims\jni.cpp, line 516]
Event: 0.042 Thread 0x000001a9beaef7f0 Exception <a 'sun/nio/fs/WindowsException'{0x000000008b842f10}> (0x000000008b842f10) 
thrown [s\open\src\hotspot\share\prims\jni.cpp, line 516]
Event: 0.042 Thread 0x000001a9beaef7f0 Exception <a 'sun/nio/fs/WindowsException'{0x000000008b843ac0}> (0x000000008b843ac0) 
thrown [s\open\src\hotspot\share\prims\jni.cpp, line 516]
Event: 0.067 Thread 0x000001a9beaef7f0 Exception <a 'java/lang/ClassNotFoundException'{0x000000008b711478}: sun/awt/resources/spi/awtProvider> (0x000000008b711478) 
thrown [s\open\src\hotspot\share\classfile\systemDictionary.cpp, line 256]
Event: 0.078 Thread 0x000001a9beaef7f0 Exception <a 'java/io/FileNotFoundException'{0x000000008b764550}> (0x000000008b764550) 
thrown [s\open\src\hotspot\share\prims\jni.cpp, line 516]
Event: 0.083 Thread 0x000001a9beaef7f0 Exception <a 'java/io/FileNotFoundException'{0x000000008b7918c8}> (0x000000008b7918c8) 
thrown [s\open\src\hotspot\share\prims\jni.cpp, line 516]
Event: 0.120 Thread 0x000001a9beaef7f0 Exception <a 'java/lang/NoSuchMethodError'{0x000000008b7d5880}: 'java.lang.Object java.lang.invoke.DirectMethodHandle$Holder.invokeStaticInit(java.lang.Object)'> (0x000000008b7d5880) 
thrown [s\open\src\hotspot\share\interpreter\linkResolver.cpp, line 759]
Event: 0.149 Thread 0x000001a9beaef7f0 Exception <a 'java/lang/NoSuchMethodError'{0x000000008b633250}: 'void java.lang.invoke.DirectMethodHandle$Holder.invokeSpecial(java.lang.Object, java.lang.Object, java.lang.Object)'> (0x000000008b633250) 
thrown [s\open\src\hotspot\share\interpreter\linkResolver.cpp, line 759]
Event: 0.157 Thread 0x000001a9beaef7f0 Exception <a 'java/lang/NoSuchMethodError'{0x000000008b65d370}: 'java.lang.Object java.lang.invoke.DirectMethodHandle$Holder.newInvokeSpecial(java.lang.Object, java.lang.Object, java.lang.Object, java.lang.Object, java.lang.Object)'> (0x000000008b65d370) 
thrown [s\open\src\hotspot\share\interpreter\linkResolver.cpp, line 759]
Event: 0.158 Thread 0x000001a9beaef7f0 Exception <a 'java/lang/NoSuchMethodError'{0x000000008b668d38}: 'java.lang.Object java.lang.invoke.DirectMethodHandle$Holder.invokeStatic(java.lang.Object, int, java.lang.Object, java.lang.Object, java.lang.Object, java.lang.Object)'> (0x000000008b668d38) 
thrown [s\open\src\hotspot\share\interpreter\linkResolver.cpp, line 759]
Event: 0.162 Thread 0x000001a9beaef7f0 Exception <a 'java/lang/NoSuchMethodError'{0x000000008b68e7d8}: 'java.lang.Object java.lang.invoke.DirectMethodHandle$Holder.invokeStatic(java.lang.Object, int, java.lang.Object)'> (0x000000008b68e7d8) 
thrown [s\open\src\hotspot\share\interpreter\linkResolver.cpp, line 759]
Event: 0.181 Thread 0x000001a9beaef7f0 Exception <a 'java/lang/ClassNotFoundException'{0x000000008b546a18}: com/sun/swing/internal/plaf/metal/resources/spi/metalProvider> (0x000000008b546a18) 
thrown [s\open\src\hotspot\share\classfile\systemDictionary.cpp, line 256]
Event: 0.183 Thread 0x000001a9beaef7f0 Exception <a 'java/lang/ClassNotFoundException'{0x000000008b54a820}: com/sun/swing/internal/plaf/basic/resources/spi/basicProvider> (0x000000008b54a820) 
thrown [s\open\src\hotspot\share\classfile\systemDictionary.cpp, line 256]
Event: 0.231 Thread 0x000001a9dd8793d0 Exception <a 'java/lang/NoSuchMethodError'{0x000000008b4ef4f8}: 'java.lang.Object java.lang.invoke.DirectMethodHandle$Holder.newInvokeSpecial(java.lang.Object, java.lang.Object, java.lang.Object, int, int, int, int, int)'> (0x000000008b4ef4f8) 
thrown [s\open\src\hotspot\share\interpreter\linkResolver.cpp, line 759]
Event: 0.301 Thread 0x000001a9dd801060 Exception <a 'java/lang/NoSuchMethodError'{0x000000008b7fc2e0}: 'void java.lang.invoke.DirectMethodHandle$Holder.invokeVirtual(java.lang.Object, java.lang.Object)'> (0x000000008b7fc2e0) 
thrown [s\open\src\hotspot\share\interpreter\linkResolver.cpp, line 759]
Event: 0.314 Thread 0x000001a9beaef7f0 Exception <a 'java/lang/NoSuchMethodError'{0x000000008b23cdc0}: 'void java.lang.invoke.DirectMethodHandle$Holder.invokeStaticInit(java.lang.Object)'> (0x000000008b23cdc0) 
thrown [s\open\src\hotspot\share\interpreter\linkResolver.cpp, line 759]

VM Operations (10 events):
Event: 0.043 Executing VM operation: HandshakeAllThreads
Event: 0.043 Executing VM operation: HandshakeAllThreads done
Event: 0.282 Executing VM operation: HandshakeAllThreads
Event: 0.282 Executing VM operation: HandshakeAllThreads done
Event: 0.330 Executing VM operation: HandshakeAllThreads
Event: 0.330 Executing VM operation: HandshakeAllThreads done
Event: 0.372 Executing VM operation: HandshakeAllThreads
Event: 0.372 Executing VM operation: HandshakeAllThreads done
Event: 0.584 Executing VM operation: ICBufferFull
Event: 0.584 Executing VM operation: ICBufferFull done

Events (20 events):
Event: 0.618 loading class java/util/concurrent/BlockingQueue
Event: 0.619 loading class java/util/concurrent/BlockingQueue done
Event: 0.619 loading class java/util/concurrent/DelayQueue done
Event: 0.619 loading class java/util/PriorityQueue
Event: 0.619 loading class java/util/PriorityQueue done
Event: 0.620 Thread 0x000001a9de607730 Thread added: 0x000001a9de607730
Event: 0.620 loading class javax/swing/TimerQueue$DelayedTimer
Event: 0.620 loading class java/util/concurrent/Delayed
Event: 0.620 loading class java/util/concurrent/Delayed done
Event: 0.620 loading class javax/swing/TimerQueue$DelayedTimer done
Event: 0.620 loading class java/util/concurrent/TimeUnit$1
Event: 0.620 loading class java/awt/TextComponent
Event: 0.621 loading class java/util/concurrent/TimeUnit$1 done
Event: 0.621 loading class java/awt/TextComponent done
Event: 0.623 loading class java/awt/Container$MouseEventTargetFilter
Event: 0.624 loading class java/awt/Container$EventTargetFilter
Event: 0.624 loading class java/awt/Container$EventTargetFilter done
Event: 0.624 loading class java/awt/Container$MouseEventTargetFilter done
Event: 0.624 loading class java/awt/LightweightDispatcher$1
Event: 0.624 loading class java/awt/LightweightDispatcher$1 done


Dynamic libraries:
0x00007ff611b60000 - 0x00007ff611b70000 	C:\Program Files\Java\jdk-17.0.5\bin\java.exe
0x00007ff9b8500000 - 0x00007ff9b8709000 	C:\WINDOWS\SYSTEM32\ntdll.dll
0x00007ff9b6730000 - 0x00007ff9b67ed000 	C:\WINDOWS\System32\KERNEL32.DLL
0x00007ff9b59d0000 - 0x00007ff9b5d4b000 	C:\WINDOWS\System32\KERNELBASE.dll
0x00007ff9b01e0000 - 0x00007ff9b0272000 	C:\WINDOWS\SYSTEM32\apphelp.dll
0x00007ff9b6030000 - 0x00007ff9b6141000 	C:\WINDOWS\System32\ucrtbase.dll
0x00007ff9a63c0000 - 0x00007ff9a63d8000 	C:\Program Files\Java\jdk-17.0.5\bin\jli.dll
0x00007ff9ae980000 - 0x00007ff9ae99a000 	C:\Program Files\Java\jdk-17.0.5\bin\VCRUNTIME140.dll
0x00007ff9b7a00000 - 0x00007ff9b7aae000 	C:\WINDOWS\System32\ADVAPI32.dll
0x00007ff9b8050000 - 0x00007ff9b80f3000 	C:\WINDOWS\System32\msvcrt.dll
0x00007ff9b67f0000 - 0x00007ff9b688e000 	C:\WINDOWS\System32\sechost.dll
0x00007ff9b6a90000 - 0x00007ff9b6bb0000 	C:\WINDOWS\System32\RPCRT4.dll
0x00007ff9b63a0000 - 0x00007ff9b654d000 	C:\WINDOWS\System32\USER32.dll
0x00007ff9b5dd0000 - 0x00007ff9b5df6000 	C:\WINDOWS\System32\win32u.dll
0x00007ff9b8370000 - 0x00007ff9b8399000 	C:\WINDOWS\System32\GDI32.dll
0x00007ff9b61c0000 - 0x00007ff9b62d8000 	C:\WINDOWS\System32\gdi32full.dll
0x00007ff9b62e0000 - 0x00007ff9b637d000 	C:\WINDOWS\System32\msvcp_win.dll
0x00007ff99c280000 - 0x00007ff99c525000 	C:\WINDOWS\WinSxS\amd64_microsoft.windows.common-controls_6595b64144ccf1df_6.0.22000.120_none_9d947278b86cc467\COMCTL32.dll
0x00007ff9ad3c0000 - 0x00007ff9ad3ca000 	C:\WINDOWS\SYSTEM32\VERSION.dll
0x00007ff9b6980000 - 0x00007ff9b69b1000 	C:\WINDOWS\System32\IMM32.DLL
0x00007ff9ae970000 - 0x00007ff9ae97c000 	C:\Program Files\Java\jdk-17.0.5\bin\vcruntime140_1.dll
0x00007ff9a63e0000 - 0x00007ff9a646d000 	C:\Program Files\Java\jdk-17.0.5\bin\msvcp140.dll
0x00007ff965ac0000 - 0x00007ff966682000 	C:\Program Files\Java\jdk-17.0.5\bin\server\jvm.dll
0x00007ff9b8360000 - 0x00007ff9b8368000 	C:\WINDOWS\System32\PSAPI.DLL
0x00007ff9ae630000 - 0x00007ff9ae663000 	C:\WINDOWS\SYSTEM32\WINMM.dll
0x00007ff9aec40000 - 0x00007ff9aec49000 	C:\WINDOWS\SYSTEM32\WSOCK32.dll
0x00007ff9b7930000 - 0x00007ff9b799f000 	C:\WINDOWS\System32\WS2_32.dll
0x00007ff9b4b40000 - 0x00007ff9b4b58000 	C:\WINDOWS\SYSTEM32\kernel.appcore.dll
0x00007ff9ae830000 - 0x00007ff9ae83a000 	C:\Program Files\Java\jdk-17.0.5\bin\jimage.dll
0x00007ff9b34d0000 - 0x00007ff9b36f1000 	C:\WINDOWS\SYSTEM32\DBGHELP.DLL
0x00007ff9a5cb0000 - 0x00007ff9a5ce1000 	C:\WINDOWS\SYSTEM32\dbgcore.DLL
0x00007ff9b5d50000 - 0x00007ff9b5dcf000 	C:\WINDOWS\System32\bcryptPrimitives.dll
0x00007ff9ac280000 - 0x00007ff9ac2a5000 	C:\Program Files\Java\jdk-17.0.5\bin\java.dll
0x00007ff993780000 - 0x00007ff993856000 	C:\Program Files\Java\jdk-17.0.5\bin\jsvml.dll
0x00007ff9b7030000 - 0x00007ff9b77e8000 	C:\WINDOWS\System32\SHELL32.dll
0x00007ff9b3ad0000 - 0x00007ff9b4335000 	C:\WINDOWS\SYSTEM32\windows.storage.dll
0x00007ff9b7ab0000 - 0x00007ff9b7e27000 	C:\WINDOWS\System32\combase.dll
0x00007ff9b3960000 - 0x00007ff9b3ac6000 	C:\WINDOWS\SYSTEM32\wintypes.dll
0x00007ff9b6890000 - 0x00007ff9b697a000 	C:\WINDOWS\System32\SHCORE.dll
0x00007ff9b78d0000 - 0x00007ff9b792d000 	C:\WINDOWS\System32\shlwapi.dll
0x00007ff9b5900000 - 0x00007ff9b5921000 	C:\WINDOWS\SYSTEM32\profapi.dll
0x00007ff9ad980000 - 0x00007ff9ad999000 	C:\Program Files\Java\jdk-17.0.5\bin\net.dll
0x00007ff9aed80000 - 0x00007ff9aee8c000 	C:\WINDOWS\SYSTEM32\WINHTTP.dll
0x00007ff9b4fe0000 - 0x00007ff9b5047000 	C:\WINDOWS\system32\mswsock.dll
0x00007ff9ad580000 - 0x00007ff9ad596000 	C:\Program Files\Java\jdk-17.0.5\bin\nio.dll
0x00007ff9ad1b0000 - 0x00007ff9ad1c8000 	C:\Program Files\Java\jdk-17.0.5\bin\zip.dll
0x00007ff981ce0000 - 0x00007ff981e6f000 	C:\Program Files\Java\jdk-17.0.5\bin\awt.dll
0x00007ff9b77f0000 - 0x00007ff9b78c6000 	C:\WINDOWS\System32\OLEAUT32.dll
0x00007ff9b2d60000 - 0x00007ff9b2d8f000 	C:\WINDOWS\system32\DWMAPI.DLL
0x00007ff9b02d0000 - 0x00007ff9b037c000 	C:\WINDOWS\system32\uxtheme.dll
0x00007ff997e20000 - 0x00007ff997f21000 	C:\WINDOWS\system32\opengl32.dll
0x00007ff9a3310000 - 0x00007ff9a333d000 	C:\WINDOWS\SYSTEM32\GLU32.dll
0x00007ff9b2cf0000 - 0x00007ff9b2d28000 	C:\WINDOWS\SYSTEM32\dxcore.dll
0x00007ff9b83a0000 - 0x00007ff9b84bd000 	C:\WINDOWS\System32\MSCTF.dll
0x00007ff9b7eb0000 - 0x00007ff9b804a000 	C:\WINDOWS\System32\ole32.dll
0x00007ff9a50d0000 - 0x00007ff9a5156000 	C:\Program Files\Java\jdk-17.0.5\bin\freetype.dll
0x00007ff9936b0000 - 0x00007ff993775000 	C:\Program Files\Java\jdk-17.0.5\bin\fontmanager.dll
0x00007ff9b6560000 - 0x00007ff9b6615000 	C:\WINDOWS\System32\clbcatq.dll
0x00007ff992d00000 - 0x00007ff992eae000 	C:\WINDOWS\SYSTEM32\WindowsCodecs.dll
0x00007ff993860000 - 0x00007ff9938bd000 	C:\WINDOWS\system32\dataexchange.dll
0x00007ff9ae3c0000 - 0x00007ff9ae626000 	C:\WINDOWS\system32\twinapi.appcore.dll
0x00007ff996850000 - 0x00007ff99697d000 	C:\WINDOWS\SYSTEM32\textinputframework.dll
0x00007ff9afee0000 - 0x00007ff9b0011000 	C:\WINDOWS\SYSTEM32\CoreMessaging.dll
0x00007ff995520000 - 0x00007ff99588d000 	C:\WINDOWS\SYSTEM32\CoreUIComponents.dll
0x00007ff9b5240000 - 0x00007ff9b524c000 	C:\WINDOWS\SYSTEM32\CRYPTBASE.DLL

dbghelp: loaded successfully - version: 4.0.5 - missing functions: none
symbol engine: initialized successfully - sym options: 0x614 - pdb path: .;C:\Program Files\Java\jdk-17.0.5\bin;C:\WINDOWS\SYSTEM32;C:\WINDOWS\WinSxS\amd64_microsoft.windows.common-controls_6595b64144ccf1df_6.0.22000.120_none_9d947278b86cc467;C:\Program Files\Java\jdk-17.0.5\bin\server

VM Arguments:
jvm_args: -Dfile.encoding=UTF-8 --module-path=C:\Users\Darshan\OneDrive\Documents\NetBeansProjects\Travel Management System\build\classes 
java_command: travel.management.system.Login
java_class_path (initial): C:\Users\Darshan\Downloads\mysql-connector-java-8.0.28.jar;C:\Users\Darshan\OneDrive\Documents\NetBeansProjects\Travel Management System\build\classes
Launcher Type: SUN_STANDARD

[Global flags]
     intx CICompilerCount                          = 4                                         {product} {ergonomic}
     uint ConcGCThreads                            = 2                                         {product} {ergonomic}
     uint G1ConcRefinementThreads                  = 8                                         {product} {ergonomic}
   size_t G1HeapRegionSize                         = 1048576                                   {product} {ergonomic}
    uintx GCDrainStackTargetSize                   = 64                                        {product} {ergonomic}
   size_t InitialHeapSize                          = 132120576                                 {product} {ergonomic}
   size_t MarkStackSize                            = 4194304                                   {product} {ergonomic}
   size_t MaxHeapSize                              = 2084569088                                {product} {ergonomic}
   size_t MaxNewSize                               = 1249902592                                {product} {ergonomic}
   size_t MinHeapDeltaBytes                        = 1048576                                   {product} {ergonomic}
   size_t MinHeapSize                              = 8388608                                   {product} {ergonomic}
    uintx NonNMethodCodeHeapSize                   = 5839372                                {pd product} {ergonomic}
    uintx NonProfiledCodeHeapSize                  = 122909434                              {pd product} {ergonomic}
    uintx ProfiledCodeHeapSize                     = 122909434                              {pd product} {ergonomic}
    uintx ReservedCodeCacheSize                    = 251658240                              {pd product} {ergonomic}
     bool SegmentedCodeCache                       = true                                      {product} {ergonomic}
   size_t SoftMaxHeapSize                          = 2084569088                             {manageable} {ergonomic}
     bool UseCompressedClassPointers               = true                           {product lp64_product} {ergonomic}
     bool UseCompressedOops                        = true                           {product lp64_product} {ergonomic}
     bool UseG1GC                                  = true                                      {product} {ergonomic}
     bool UseLargePagesIndividualAllocation        = false                                  {pd product} {ergonomic}

Logging:
Log output configuration:
 #0: stdout all=warning uptime,level,tags
 #1: stderr all=off uptime,level,tags

Environment Variables:
PATH=C:\Program Files\Common Files\Oracle\Java\javapath;C:\Program Files\Eclipse Adoptium\jdk-17.0.4.101-hotspot\bin;C:\windows\system32;C:\windows;C:\windows\System32\Wbem;C:\windows\System32\WindowsPowerShell\v1.0\;C:\windows\System32\OpenSSH\;C:\Program Files (x86)\NVIDIA Corporation\PhysX\Common;C:\WINDOWS\system32;C:\WINDOWS;C:\WINDOWS\System32\Wbem;C:\WINDOWS\System32\WindowsPowerShell\v1.0\;C:\WINDOWS\System32\OpenSSH\;C:\Program Files\Git\cmd;C:\ProgramData\chocolatey\bin;C:\Program Files\nodejs\;C:\Program Files\NVIDIA Corporation\NVIDIA NvDLISR;C:\Program Files\Java\jdk-17.0.5;C:\Users\Darshan\anaconda3;C:\Users\Darshan\anaconda3\Library\mingw-w64\bin;C:\Users\Darshan\anaconda3\Library\usr\bin;C:\Users\Darshan\anaconda3\Library\bin;C:\Users\Darshan\anaconda3\Scripts;C:\Users\Darshan\AppData\Local\Microsoft\WindowsApps;C:\Users\Darshan\AppData\Local\atom\bin;C:\Users\Darshan\AppData\Local\Programs\Microsoft VS Code\bin;C:\Users\Darshan\AppData\Local\Programs\Hyper\resources\bin;C:\Users\Darshan\AppData\Roaming\npm
USERNAME=Darshan
OS=Windows_NT
PROCESSOR_IDENTIFIER=Intel64 Family 6 Model 140 Stepping 1, GenuineIntel



---------------  S Y S T E M  ---------------

OS:
 Windows 11 , 64 bit Build 22000 (10.0.22000.708)
OS uptime: 42 days 0:22 hours

CPU: total 8 (initial active 8) (4 cores per cpu, 2 threads per core) family 6 model 140 stepping 1 microcode 0x86, cx8, cmov, fxsr, ht, mmx, 3dnowpref, sse, sse2, sse3, ssse3, sse4.1, sse4.2, popcnt, lzcnt, tsc, tscinvbit, avx, avx2, aes, erms, clmul, bmi1, bmi2, adx, avx512f, avx512dq, avx512cd, avx512bw, avx512vl, sha, fma, vzeroupper, avx512_vpopcntdq, avx512_vpclmulqdq, avx512_vaes, avx512_vnni, clflush, clflushopt, clwb, avx512_vbmi2, avx512_vbmi

Memory: 4k page, system-wide physical 7948M (466M free)
TotalPageFile size 32524M (AvailPageFile size 5M)
current process WorkingSet (physical memory assigned to process): 79M, peak: 80M
current process commit charge ("private bytes"): 228M, peak: 229M

vm_info: Java HotSpot(TM) 64-Bit Server VM (17.0.5+9-LTS-191) for windows-amd64 JRE (17.0.5+9-LTS-191), built on Sep 13 2022 17:31:43 by "mach5one" with MS VC++ 16.8 / 16.9 (VS2019)

END.
